# JRE version: OpenJDK Runtime Environment (8.0_232-b09) (build 1.8.0_232-b09)
# Java VM: OpenJDK 64-Bit Server VM (25.232-b09 mixed mode linux-amd64 compressed oops)
Heap:
 PSYoungGen      total 33280K, used 1706K [0x00000000d8780000, 0x00000000db280000, 0x0000000100000000)
  eden space 29696K, 5% used [0x00000000d8780000,0x00000000d892aa40,0x00000000da480000)
  from space 3584K, 0% used [0x00000000da480000,0x00000000da480000,0x00000000da800000)
  to   space 7168K, 0% used [0x00000000dab80000,0x00000000dab80000,0x00000000db280000)
 ParOldGen       total 81920K, used 16951K [0x0000000089600000, 0x000000008e600000, 0x00000000d8780000)
  object space 81920K, 20% used [0x0000000089600000,0x000000008a68dd98,0x000000008e600000)
 Metaspace       used 26173K, capacity 26508K, committed 26880K, reserved 1073152K
  class space    used 2932K, capacity 3032K, committed 3072K, reserved 1048576K
GC Heap History (40 events):
Event: 1.821 GC heap before
{Heap before GC invocations=1 (full 0):
 PSYoungGen      total 35840K, used 25937K [0x00000000d8780000, 0x00000000daf80000, 0x0000000100000000)
  eden space 30720K, 84% used [0x00000000d8780000,0x00000000da0d4518,0x00000000da580000)
  from space 5120K, 0% used [0x00000000daa80000,0x00000000daa80000,0x00000000daf80000)
  to   space 5120K, 0% used [0x00000000da580000,0x00000000da580000,0x00000000daa80000)
 ParOldGen       total 81920K, used 0K [0x0000000089600000, 0x000000008e600000, 0x00000000d8780000)
  object space 81920K, 0% used [0x0000000089600000,0x0000000089600000,0x000000008e600000)
 Metaspace       used 19647K, capacity 19960K, committed 20352K, reserved 1067008K
  class space    used 2285K, capacity 2416K, committed 2432K, reserved 1048576K
Event: 1.829 GC heap after
Heap after GC invocations=1 (full 0):
 PSYoungGen      total 35840K, used 5109K [0x00000000d8780000, 0x00000000daf80000, 0x0000000100000000)
  eden space 30720K, 0% used [0x00000000d8780000,0x00000000d8780000,0x00000000da580000)
  from space 5120K, 99% used [0x00000000da580000,0x00000000daa7d5b8,0x00000000daa80000)
  to   space 5120K, 0% used [0x00000000daa80000,0x00000000daa80000,0x00000000daf80000)
 ParOldGen       total 81920K, used 883K [0x0000000089600000, 0x000000008e600000, 0x00000000d8780000)
  object space 81920K, 1% used [0x0000000089600000,0x00000000896dcf58,0x000000008e600000)
 Metaspace       used 19647K, capacity 19960K, committed 20352K, reserved 1067008K
  class space    used 2285K, capacity 2416K, committed 2432K, reserved 1048576K
}
Event: 1.830 GC heap before
{Heap before GC invocations=2 (full 1):
 PSYoungGen      total 35840K, used 5109K [0x00000000d8780000, 0x00000000daf80000, 0x0000000100000000)
  eden space 30720K, 0% used [0x00000000d8780000,0x00000000d8780000,0x00000000da580000)
  from space 5120K, 99% used [0x00000000da580000,0x00000000daa7d5b8,0x00000000daa80000)
  to   space 5120K, 0% used [0x00000000daa80000,0x00000000daa80000,0x00000000daf80000)
 ParOldGen       total 81920K, used 883K [0x0000000089600000, 0x000000008e600000, 0x00000000d8780000)
  object space 81920K, 1% used [0x0000000089600000,0x00000000896dcf58,0x000000008e600000)
 Metaspace       used 19647K, capacity 19960K, committed 20352K, reserved 1067008K
  class space    used 2285K, capacity 2416K, committed 2432K, reserved 1048576K
Event: 1.868 GC heap after
Heap after GC invocations=2 (full 1):
 PSYoungGen      total 35840K, used 0K [0x00000000d8780000, 0x00000000daf80000, 0x0000000100000000)
  eden space 30720K, 0% used [0x00000000d8780000,0x00000000d8780000,0x00000000da580000)
  from space 5120K, 0% used [0x00000000da580000,0x00000000da580000,0x00000000daa80000)
  to   space 5120K, 0% used [0x00000000daa80000,0x00000000daa80000,0x00000000daf80000)
 ParOldGen       total 81920K, used 5823K [0x0000000089600000, 0x000000008e600000, 0x00000000d8780000)
  object space 81920K, 7% used [0x0000000089600000,0x0000000089bafd18,0x000000008e600000)
 Metaspace       used 19645K, capacity 19954K, committed 20352K, reserved 1067008K
  class space    used 2284K, capacity 2415K, committed 2432K, reserved 1048576K
}
Event: 1.914 GC heap before
{Heap before GC invocations=3 (full 1):
 PSYoungGen      total 35840K, used 4593K [0x00000000d8780000, 0x00000000daf80000, 0x0000000100000000)
  eden space 30720K, 14% used [0x00000000d8780000,0x00000000d8bfc4b8,0x00000000da580000)
  from space 5120K, 0% used [0x00000000da580000,0x00000000da580000,0x00000000daa80000)
  to   space 5120K, 0% used [0x00000000daa80000,0x00000000daa80000,0x00000000daf80000)
 ParOldGen       total 81920K, used 5823K [0x0000000089600000, 0x000000008e600000, 0x00000000d8780000)
  object space 81920K, 7% used [0x0000000089600000,0x0000000089bafd18,0x000000008e600000)
 Metaspace       used 19928K, capacity 20242K, committed 20736K, reserved 1067008K
  class space    used 2323K, capacity 2447K, committed 2560K, reserved 1048576K
Event: 1.915 GC heap after
Heap after GC invocations=3 (full 1):
 PSYoungGen      total 35840K, used 505K [0x00000000d8780000, 0x00000000daf80000, 0x0000000100000000)
  eden space 30720K, 0% used [0x00000000d8780000,0x00000000d8780000,0x00000000da580000)
  from space 5120K, 9% used [0x00000000daa80000,0x00000000daafe5b8,0x00000000daf80000)
  to   space 5120K, 0% used [0x00000000da580000,0x00000000da580000,0x00000000daa80000)
 ParOldGen       total 81920K, used 5831K [0x0000000089600000, 0x000000008e600000, 0x00000000d8780000)
  object space 81920K, 7% used [0x0000000089600000,0x0000000089bb1d18,0x000000008e600000)
 Metaspace       used 19928K, capacity 20242K, committed 20736K, reserved 1067008K
  class space    used 2323K, capacity 2447K, committed 2560K, reserved 1048576K
}
Event: 1.915 GC heap before
{Heap before GC invocations=4 (full 2):
 PSYoungGen      total 35840K, used 505K [0x00000000d8780000, 0x00000000daf80000, 0x0000000100000000)
  eden space 30720K, 0% used [0x00000000d8780000,0x00000000d8780000,0x00000000da580000)
  from space 5120K, 9% used [0x00000000daa80000,0x00000000daafe5b8,0x00000000daf80000)
  to   space 5120K, 0% used [0x00000000da580000,0x00000000da580000,0x00000000daa80000)
 ParOldGen       total 81920K, used 5831K [0x0000000089600000, 0x000000008e600000, 0x00000000d8780000)
  object space 81920K, 7% used [0x0000000089600000,0x0000000089bb1d18,0x000000008e600000)
 Metaspace       used 19928K, capacity 20242K, committed 20736K, reserved 1067008K
  class space    used 2323K, capacity 2447K, committed 2560K, reserved 1048576K
Event: 1.950 GC heap after
Heap after GC invocations=4 (full 2):
 PSYoungGen      total 35840K, used 0K [0x00000000d8780000, 0x00000000daf80000, 0x0000000100000000)
  eden space 30720K, 0% used [0x00000000d8780000,0x00000000d8780000,0x00000000da580000)
  from space 5120K, 0% used [0x00000000daa80000,0x00000000daa80000,0x00000000daf80000)
  to   space 5120K, 0% used [0x00000000da580000,0x00000000da580000,0x00000000daa80000)
 ParOldGen       total 81920K, used 4807K [0x0000000089600000, 0x000000008e600000, 0x00000000d8780000)
  object space 81920K, 5% used [0x0000000089600000,0x0000000089ab1db0,0x000000008e600000)
 Metaspace       used 19928K, capacity 20242K, committed 20736K, reserved 1067008K
  class space    used 2323K, capacity 2447K, committed 2560K, reserved 1048576K
}
Event: 10.041 GC heap before
{Heap before GC invocations=5 (full 2):
 PSYoungGen      total 35840K, used 30720K [0x00000000d8780000, 0x00000000daf80000, 0x0000000100000000)
  eden space 30720K, 100% used [0x00000000d8780000,0x00000000da580000,0x00000000da580000)
  from space 5120K, 0% used [0x00000000daa80000,0x00000000daa80000,0x00000000daf80000)
  to   space 5120K, 0% used [0x00000000da580000,0x00000000da580000,0x00000000daa80000)
 ParOldGen       total 81920K, used 4807K [0x0000000089600000, 0x000000008e600000, 0x00000000d8780000)
  object space 81920K, 5% used [0x0000000089600000,0x0000000089ab1db0,0x000000008e600000)
 Metaspace       used 22714K, capacity 22966K, committed 23296K, reserved 1069056K
  class space    used 2627K, capacity 2735K, committed 2816K, reserved 1048576K
Event: 10.048 GC heap after
Heap after GC invocations=5 (full 2):
 PSYoungGen      total 35840K, used 3536K [0x00000000d8780000, 0x00000000daf80000, 0x0000000100000000)
  eden space 30720K, 0% used [0x00000000d8780000,0x00000000d8780000,0x00000000da580000)
  from space 5120K, 69% used [0x00000000da580000,0x00000000da8f4010,0x00000000daa80000)
  to   space 5120K, 0% used [0x00000000daa80000,0x00000000daa80000,0x00000000daf80000)
 ParOldGen       total 81920K, used 4815K [0x0000000089600000, 0x000000008e600000, 0x00000000d8780000)
  object space 81920K, 5% used [0x0000000089600000,0x0000000089ab3db0,0x000000008e600000)
 Metaspace       used 22714K, capacity 22966K, committed 23296K, reserved 1069056K
  class space    used 2627K, capacity 2735K, committed 2816K, reserved 1048576K
}
Event: 10.158 GC heap before
{Heap before GC invocations=6 (full 2):
 PSYoungGen      total 35840K, used 9691K [0x00000000d8780000, 0x00000000daf80000, 0x0000000100000000)
  eden space 30720K, 20% used [0x00000000d8780000,0x00000000d8d82d10,0x00000000da580000)
  from space 5120K, 69% used [0x00000000da580000,0x00000000da8f4010,0x00000000daa80000)
  to   space 5120K, 0% used [0x00000000daa80000,0x00000000daa80000,0x00000000daf80000)
 ParOldGen       total 81920K, used 4815K [0x0000000089600000, 0x000000008e600000, 0x00000000d8780000)
  object space 81920K, 5% used [0x0000000089600000,0x0000000089ab3db0,0x000000008e600000)
 Metaspace       used 22902K, capacity 23318K, committed 23552K, reserved 1071104K
  class space    used 2642K, capacity 2767K, committed 2816K, reserved 1048576K
Event: 10.164 GC heap after
Heap after GC invocations=6 (full 2):
 PSYoungGen      total 35840K, used 3639K [0x00000000d8780000, 0x00000000daf80000, 0x0000000100000000)
  eden space 30720K, 0% used [0x00000000d8780000,0x00000000d8780000,0x00000000da580000)
  from space 5120K, 71% used [0x00000000daa80000,0x00000000dae0dd98,0x00000000daf80000)
  to   space 5120K, 0% used [0x00000000da580000,0x00000000da580000,0x00000000daa80000)
 ParOldGen       total 81920K, used 4823K [0x0000000089600000, 0x000000008e600000, 0x00000000d8780000)
  object space 81920K, 5% used [0x0000000089600000,0x0000000089ab5db0,0x000000008e600000)
 Metaspace       used 22902K, capacity 23318K, committed 23552K, reserved 1071104K
  class space    used 2642K, capacity 2767K, committed 2816K, reserved 1048576K
}
Event: 10.164 GC heap before
{Heap before GC invocations=7 (full 3):
 PSYoungGen      total 35840K, used 3639K [0x00000000d8780000, 0x00000000daf80000, 0x0000000100000000)
  eden space 30720K, 0% used [0x00000000d8780000,0x00000000d8780000,0x00000000da580000)
  from space 5120K, 71% used [0x00000000daa80000,0x00000000dae0dd98,0x00000000daf80000)
  to   space 5120K, 0% used [0x00000000da580000,0x00000000da580000,0x00000000daa80000)
 ParOldGen       total 81920K, used 4823K [0x0000000089600000, 0x000000008e600000, 0x00000000d8780000)
  object space 81920K, 5% used [0x0000000089600000,0x0000000089ab5db0,0x000000008e600000)
 Metaspace       used 22902K, capacity 23318K, committed 23552K, reserved 1071104K
  class space    used 2642K, capacity 2767K, committed 2816K, reserved 1048576K
Event: 10.267 GC heap after
Heap after GC invocations=7 (full 3):
 PSYoungGen      total 35840K, used 0K [0x00000000d8780000, 0x00000000daf80000, 0x0000000100000000)
  eden space 30720K, 0% used [0x00000000d8780000,0x00000000d8780000,0x00000000da580000)
  from space 5120K, 0% used [0x00000000daa80000,0x00000000daa80000,0x00000000daf80000)
  to   space 5120K, 0% used [0x00000000da580000,0x00000000da580000,0x00000000daa80000)
 ParOldGen       total 81920K, used 8092K [0x0000000089600000, 0x000000008e600000, 0x00000000d8780000)
  object space 81920K, 9% used [0x0000000089600000,0x0000000089de7118,0x000000008e600000)
 Metaspace       used 22902K, capacity 23318K, committed 23552K, reserved 1071104K
  class space    used 2642K, capacity 2767K, committed 2816K, reserved 1048576K
}
Event: 48.807 GC heap before
{Heap before GC invocations=8 (full 3):
 PSYoungGen      total 35840K, used 11150K [0x00000000d8780000, 0x00000000daf80000, 0x0000000100000000)
  eden space 30720K, 36% used [0x00000000d8780000,0x00000000d92639e0,0x00000000da580000)
  from space 5120K, 0% used [0x00000000daa80000,0x00000000daa80000,0x00000000daf80000)
  to   space 5120K, 0% used [0x00000000da580000,0x00000000da580000,0x00000000daa80000)
 ParOldGen       total 81920K, used 8092K [0x0000000089600000, 0x000000008e600000, 0x00000000d8780000)
  object space 81920K, 9% used [0x0000000089600000,0x0000000089de7118,0x000000008e600000)
 Metaspace       used 24554K, capacity 24854K, committed 25344K, reserved 1071104K
  class space    used 2832K, capacity 2959K, committed 3072K, reserved 1048576K
Event: 48.809 GC heap after
Heap after GC invocations=8 (full 3):
 PSYoungGen      total 35840K, used 1091K [0x00000000d8780000, 0x00000000daf80000, 0x0000000100000000)
  eden space 30720K, 0% used [0x00000000d8780000,0x00000000d8780000,0x00000000da580000)
  from space 5120K, 21% used [0x00000000da580000,0x00000000da690e40,0x00000000daa80000)
  to   space 5120K, 0% used [0x00000000daa80000,0x00000000daa80000,0x00000000daf80000)
 ParOldGen       total 81920K, used 8100K [0x0000000089600000, 0x000000008e600000, 0x00000000d8780000)
  object space 81920K, 9% used [0x0000000089600000,0x0000000089de9118,0x000000008e600000)
 Metaspace       used 24554K, capacity 24854K, committed 25344K, reserved 1071104K
  class space    used 2832K, capacity 2959K, committed 3072K, reserved 1048576K
}
Event: 48.809 GC heap before
{Heap before GC invocations=9 (full 4):
 PSYoungGen      total 35840K, used 1091K [0x00000000d8780000, 0x00000000daf80000, 0x0000000100000000)
  eden space 30720K, 0% used [0x00000000d8780000,0x00000000d8780000,0x00000000da580000)
  from space 5120K, 21% used [0x00000000da580000,0x00000000da690e40,0x00000000daa80000)
  to   space 5120K, 0% used [0x00000000daa80000,0x00000000daa80000,0x00000000daf80000)
 ParOldGen       total 81920K, used 8100K [0x0000000089600000, 0x000000008e600000, 0x00000000d8780000)
  object space 81920K, 9% used [0x0000000089600000,0x0000000089de9118,0x000000008e600000)
 Metaspace       used 24554K, capacity 24854K, committed 25344K, reserved 1071104K
  class space    used 2832K, capacity 2959K, committed 3072K, reserved 1048576K
Event: 48.893 GC heap after
Heap after GC invocations=9 (full 4):
 PSYoungGen      total 35840K, used 0K [0x00000000d8780000, 0x00000000daf80000, 0x0000000100000000)
  eden space 30720K, 0% used [0x00000000d8780000,0x00000000d8780000,0x00000000da580000)
  from space 5120K, 0% used [0x00000000da580000,0x00000000da580000,0x00000000daa80000)
  to   space 5120K, 0% used [0x00000000daa80000,0x00000000daa80000,0x00000000daf80000)
 ParOldGen       total 81920K, used 8860K [0x0000000089600000, 0x000000008e600000, 0x00000000d8780000)
  object space 81920K, 10% used [0x0000000089600000,0x0000000089ea7160,0x000000008e600000)
 Metaspace       used 24554K, capacity 24854K, committed 25344K, reserved 1071104K
  class space    used 2832K, capacity 2959K, committed 3072K, reserved 1048576K
}
Event: 54.386 GC heap before
{Heap before GC invocations=10 (full 4):
 PSYoungGen      total 35840K, used 4373K [0x00000000d8780000, 0x00000000daf80000, 0x0000000100000000)
  eden space 30720K, 14% used [0x00000000d8780000,0x00000000d8bc5658,0x00000000da580000)
  from space 5120K, 0% used [0x00000000da580000,0x00000000da580000,0x00000000daa80000)
  to   space 5120K, 0% used [0x00000000daa80000,0x00000000daa80000,0x00000000daf80000)
 ParOldGen       total 81920K, used 8860K [0x0000000089600000, 0x000000008e600000, 0x00000000d8780000)
  object space 81920K, 10% used [0x0000000089600000,0x0000000089ea7160,0x000000008e600000)
 Metaspace       used 24636K, capacity 25052K, committed 25344K, reserved 1071104K
  class space    used 2833K, capacity 2960K, committed 3072K, reserved 1048576K
Event: 54.389 GC heap after
Heap after GC invocations=10 (full 4):
 PSYoungGen      total 35840K, used 864K [0x00000000d8780000, 0x00000000daf80000, 0x0000000100000000)
  eden space 30720K, 0% used [0x00000000d8780000,0x00000000d8780000,0x00000000da580000)
  from space 5120K, 16% used [0x00000000daa80000,0x00000000dab58000,0x00000000daf80000)
  to   space 5120K, 0% used [0x00000000da580000,0x00000000da580000,0x00000000daa80000)
 ParOldGen       total 81920K, used 8868K [0x0000000089600000, 0x000000008e600000, 0x00000000d8780000)
  object space 81920K, 10% used [0x0000000089600000,0x0000000089ea9160,0x000000008e600000)
 Metaspace       used 24636K, capacity 25052K, committed 25344K, reserved 1071104K
  class space    used 2833K, capacity 2960K, committed 3072K, reserved 1048576K
}
Event: 54.389 GC heap before
{Heap before GC invocations=11 (full 5):
 PSYoungGen      total 35840K, used 864K [0x00000000d8780000, 0x00000000daf80000, 0x0000000100000000)
  eden space 30720K, 0% used [0x00000000d8780000,0x00000000d8780000,0x00000000da580000)
  from space 5120K, 16% used [0x00000000daa80000,0x00000000dab58000,0x00000000daf80000)
  to   space 5120K, 0% used [0x00000000da580000,0x00000000da580000,0x00000000daa80000)
 ParOldGen       total 81920K, used 8868K [0x0000000089600000, 0x000000008e600000, 0x00000000d8780000)
  object space 81920K, 10% used [0x0000000089600000,0x0000000089ea9160,0x000000008e600000)
 Metaspace       used 24636K, capacity 25052K, committed 25344K, reserved 1071104K
  class space    used 2833K, capacity 2960K, committed 3072K, reserved 1048576K
Event: 54.484 GC heap after
Heap after GC invocations=11 (full 5):
 PSYoungGen      total 35840K, used 0K [0x00000000d8780000, 0x00000000daf80000, 0x0000000100000000)
  eden space 30720K, 0% used [0x00000000d8780000,0x00000000d8780000,0x00000000da580000)
  from space 5120K, 0% used [0x00000000daa80000,0x00000000daa80000,0x00000000daf80000)
  to   space 5120K, 0% used [0x00000000da580000,0x00000000da580000,0x00000000daa80000)
 ParOldGen       total 81920K, used 9313K [0x0000000089600000, 0x000000008e600000, 0x00000000d8780000)
  object space 81920K, 11% used [0x0000000089600000,0x0000000089f18568,0x000000008e600000)
 Metaspace       used 24636K, capacity 25052K, committed 25344K, reserved 1071104K
  class space    used 2833K, capacity 2960K, committed 3072K, reserved 1048576K
}
Event: 68.418 GC heap before
{Heap before GC invocations=12 (full 5):
 PSYoungGen      total 35840K, used 5326K [0x00000000d8780000, 0x00000000daf80000, 0x0000000100000000)
  eden space 30720K, 17% used [0x00000000d8780000,0x00000000d8cb3a68,0x00000000da580000)
  from space 5120K, 0% used [0x00000000daa80000,0x00000000daa80000,0x00000000daf80000)
  to   space 5120K, 0% used [0x00000000da580000,0x00000000da580000,0x00000000daa80000)
 ParOldGen       total 81920K, used 9313K [0x0000000089600000, 0x000000008e600000, 0x00000000d8780000)
  object space 81920K, 11% used [0x0000000089600000,0x0000000089f18568,0x000000008e600000)
 Metaspace       used 24771K, capacity 25122K, committed 25600K, reserved 1071104K
  class space    used 2834K, capacity 2961K, committed 3072K, reserved 1048576K
Event: 68.422 GC heap after
Heap after GC invocations=12 (full 5):
 PSYoungGen      total 35840K, used 426K [0x00000000d8780000, 0x00000000daf80000, 0x0000000100000000)
  eden space 30720K, 0% used [0x00000000d8780000,0x00000000d8780000,0x00000000da580000)
  from space 5120K, 8% used [0x00000000da580000,0x00000000da5ea860,0x00000000daa80000)
  to   space 5120K, 0% used [0x00000000daa80000,0x00000000daa80000,0x00000000daf80000)
 ParOldGen       total 81920K, used 9321K [0x0000000089600000, 0x000000008e600000, 0x00000000d8780000)
  object space 81920K, 11% used [0x0000000089600000,0x0000000089f1a568,0x000000008e600000)
 Metaspace       used 24771K, capacity 25122K, committed 25600K, reserved 1071104K
  class space    used 2834K, capacity 2961K, committed 3072K, reserved 1048576K
}
Event: 68.422 GC heap before
{Heap before GC invocations=13 (full 6):
 PSYoungGen      total 35840K, used 426K [0x00000000d8780000, 0x00000000daf80000, 0x0000000100000000)
  eden space 30720K, 0% used [0x00000000d8780000,0x00000000d8780000,0x00000000da580000)
  from space 5120K, 8% used [0x00000000da580000,0x00000000da5ea860,0x00000000daa80000)
  to   space 5120K, 0% used [0x00000000daa80000,0x00000000daa80000,0x00000000daf80000)
 ParOldGen       total 81920K, used 9321K [0x0000000089600000, 0x000000008e600000, 0x00000000d8780000)
  object space 81920K, 11% used [0x0000000089600000,0x0000000089f1a568,0x000000008e600000)
 Metaspace       used 24771K, capacity 25122K, committed 25600K, reserved 1071104K
  class space    used 2834K, capacity 2961K, committed 3072K, reserved 1048576K
Event: 68.513 GC heap after
Heap after GC invocations=13 (full 6):
 PSYoungGen      total 35840K, used 0K [0x00000000d8780000, 0x00000000daf80000, 0x0000000100000000)
  eden space 30720K, 0% used [0x00000000d8780000,0x00000000d8780000,0x00000000da580000)
  from space 5120K, 0% used [0x00000000da580000,0x00000000da580000,0x00000000daa80000)
  to   space 5120K, 0% used [0x00000000daa80000,0x00000000daa80000,0x00000000daf80000)
 ParOldGen       total 81920K, used 9539K [0x0000000089600000, 0x000000008e600000, 0x00000000d8780000)
  object space 81920K, 11% used [0x0000000089600000,0x0000000089f50f68,0x000000008e600000)
 Metaspace       used 24771K, capacity 25122K, committed 25600K, reserved 1071104K
  class space    used 2834K, capacity 2961K, committed 3072K, reserved 1048576K
}
Event: 72.864 GC heap before
{Heap before GC invocations=14 (full 6):
 PSYoungGen      total 35840K, used 30720K [0x00000000d8780000, 0x00000000daf80000, 0x0000000100000000)
  eden space 30720K, 100% used [0x00000000d8780000,0x00000000da580000,0x00000000da580000)
  from space 5120K, 0% used [0x00000000da580000,0x00000000da580000,0x00000000daa80000)
  to   space 5120K, 0% used [0x00000000daa80000,0x00000000daa80000,0x00000000daf80000)
 ParOldGen       total 81920K, used 9539K [0x0000000089600000, 0x000000008e600000, 0x00000000d8780000)
  object space 81920K, 11% used [0x0000000089600000,0x0000000089f50f68,0x000000008e600000)
 Metaspace       used 25724K, capacity 26054K, committed 26368K, reserved 1073152K
  class space    used 2916K, capacity 3031K, committed 3072K, reserved 1048576K
Event: 72.871 GC heap after
Heap after GC invocations=14 (full 6):
 PSYoungGen      total 35840K, used 4640K [0x00000000d8780000, 0x00000000daf80000, 0x0000000100000000)
  eden space 30720K, 0% used [0x00000000d8780000,0x00000000d8780000,0x00000000da580000)
  from space 5120K, 90% used [0x00000000daa80000,0x00000000daf08000,0x00000000daf80000)
  to   space 5120K, 0% used [0x00000000da580000,0x00000000da580000,0x00000000daa80000)
 ParOldGen       total 81920K, used 9547K [0x0000000089600000, 0x000000008e600000, 0x00000000d8780000)
  object space 81920K, 11% used [0x0000000089600000,0x0000000089f52f68,0x000000008e600000)
 Metaspace       used 25724K, capacity 26054K, committed 26368K, reserved 1073152K
  class space    used 2916K, capacity 3031K, committed 3072K, reserved 1048576K
}
Event: 73.748 GC heap before
{Heap before GC invocations=15 (full 6):
 PSYoungGen      total 35840K, used 35360K [0x00000000d8780000, 0x00000000daf80000, 0x0000000100000000)
  eden space 30720K, 100% used [0x00000000d8780000,0x00000000da580000,0x00000000da580000)
  from space 5120K, 90% used [0x00000000daa80000,0x00000000daf08000,0x00000000daf80000)
  to   space 5120K, 0% used [0x00000000da580000,0x00000000da580000,0x00000000daa80000)
 ParOldGen       total 81920K, used 9547K [0x0000000089600000, 0x000000008e600000, 0x00000000d8780000)
  object space 81920K, 11% used [0x0000000089600000,0x0000000089f52f68,0x000000008e600000)
 Metaspace       used 25764K, capacity 26118K, committed 26624K, reserved 1073152K
  class space    used 2916K, capacity 3031K, committed 3072K, reserved 1048576K
Event: 73.755 GC heap after
Heap after GC invocations=15 (full 6):
 PSYoungGen      total 35840K, used 4384K [0x00000000d8780000, 0x00000000daf80000, 0x0000000100000000)
  eden space 30720K, 0% used [0x00000000d8780000,0x00000000d8780000,0x00000000da580000)
  from space 5120K, 85% used [0x00000000da580000,0x00000000da9c8000,0x00000000daa80000)
  to   space 5120K, 0% used [0x00000000daa80000,0x00000000daa80000,0x00000000daf80000)
 ParOldGen       total 81920K, used 9555K [0x0000000089600000, 0x000000008e600000, 0x00000000d8780000)
  object space 81920K, 11% used [0x0000000089600000,0x0000000089f54f68,0x000000008e600000)
 Metaspace       used 25764K, capacity 26118K, committed 26624K, reserved 1073152K
  class space    used 2916K, capacity 3031K, committed 3072K, reserved 1048576K
}
Event: 74.373 GC heap before
{Heap before GC invocations=16 (full 6):
 PSYoungGen      total 35840K, used 35104K [0x00000000d8780000, 0x00000000daf80000, 0x0000000100000000)
  eden space 30720K, 100% used [0x00000000d8780000,0x00000000da580000,0x00000000da580000)
  from space 5120K, 85% used [0x00000000da580000,0x00000000da9c8000,0x00000000daa80000)
  to   space 5120K, 0% used [0x00000000daa80000,0x00000000daa80000,0x00000000daf80000)
 ParOldGen       total 81920K, used 9555K [0x0000000089600000, 0x000000008e600000, 0x00000000d8780000)
  object space 81920K, 11% used [0x0000000089600000,0x0000000089f54f68,0x000000008e600000)
 Metaspace       used 25778K, capacity 26118K, committed 26624K, reserved 1073152K
  class space    used 2916K, capacity 3031K, committed 3072K, reserved 1048576K
Event: 74.380 GC heap after
Heap after GC invocations=16 (full 6):
 PSYoungGen      total 35840K, used 4416K [0x00000000d8780000, 0x00000000daf80000, 0x0000000100000000)
  eden space 30720K, 0% used [0x00000000d8780000,0x00000000d8780000,0x00000000da580000)
  from space 5120K, 86% used [0x00000000daa80000,0x00000000daed0000,0x00000000daf80000)
  to   space 5120K, 0% used [0x00000000da580000,0x00000000da580000,0x00000000daa80000)
 ParOldGen       total 81920K, used 9563K [0x0000000089600000, 0x000000008e600000, 0x00000000d8780000)
  object space 81920K, 11% used [0x0000000089600000,0x0000000089f56f68,0x000000008e600000)
 Metaspace       used 25778K, capacity 26118K, committed 26624K, reserved 1073152K
  class space    used 2916K, capacity 3031K, committed 3072K, reserved 1048576K
}
Event: 75.179 GC heap before
{Heap before GC invocations=17 (full 6):
 PSYoungGen      total 35840K, used 35136K [0x00000000d8780000, 0x00000000daf80000, 0x0000000100000000)
  eden space 30720K, 100% used [0x00000000d8780000,0x00000000da580000,0x00000000da580000)
  from space 5120K, 86% used [0x00000000daa80000,0x00000000daed0000,0x00000000daf80000)
  to   space 5120K, 0% used [0x00000000da580000,0x00000000da580000,0x00000000daa80000)
 ParOldGen       total 81920K, used 9563K [0x0000000089600000, 0x000000008e600000, 0x00000000d8780000)
  object space 81920K, 11% used [0x0000000089600000,0x0000000089f56f68,0x000000008e600000)
 Metaspace       used 25785K, capacity 26118K, committed 26624K, reserved 1073152K
  class space    used 2916K, capacity 3031K, committed 3072K, reserved 1048576K
Event: 75.185 GC heap after
Heap after GC invocations=17 (full 6):
 PSYoungGen      total 35328K, used 4384K [0x00000000d8780000, 0x00000000db400000, 0x0000000100000000)
  eden space 30208K, 0% used [0x00000000d8780000,0x00000000d8780000,0x00000000da500000)
  from space 5120K, 85% used [0x00000000da580000,0x00000000da9c8000,0x00000000daa80000)
  to   space 7680K, 0% used [0x00000000dac80000,0x00000000dac80000,0x00000000db400000)
 ParOldGen       total 81920K, used 9571K [0x0000000089600000, 0x000000008e600000, 0x00000000d8780000)
  object space 81920K, 11% used [0x0000000089600000,0x0000000089f58f68,0x000000008e600000)
 Metaspace       used 25785K, capacity 26118K, committed 26624K, reserved 1073152K
  class space    used 2916K, capacity 3031K, committed 3072K, reserved 1048576K
}
Event: 75.994 GC heap before
{Heap before GC invocations=18 (full 6):
 PSYoungGen      total 35328K, used 34592K [0x00000000d8780000, 0x00000000db400000, 0x0000000100000000)
  eden space 30208K, 100% used [0x00000000d8780000,0x00000000da500000,0x00000000da500000)
  from space 5120K, 85% used [0x00000000da580000,0x00000000da9c8000,0x00000000daa80000)
  to   space 7680K, 0% used [0x00000000dac80000,0x00000000dac80000,0x00000000db400000)
 ParOldGen       total 81920K, used 9571K [0x0000000089600000, 0x000000008e600000, 0x00000000d8780000)
  object space 81920K, 11% used [0x0000000089600000,0x0000000089f58f68,0x000000008e600000)
 Metaspace       used 25802K, capacity 26118K, committed 26624K, reserved 1073152K
  class space    used 2916K, capacity 3031K, committed 3072K, reserved 1048576K
Event: 76.004 GC heap after
Heap after GC invocations=18 (full 6):
 PSYoungGen      total 36864K, used 4384K [0x00000000d8780000, 0x00000000db380000, 0x0000000100000000)
  eden space 29696K, 0% used [0x00000000d8780000,0x00000000d8780000,0x00000000da480000)
  from space 7168K, 61% used [0x00000000dac80000,0x00000000db0c8000,0x00000000db380000)
  to   space 7680K, 0% used [0x00000000da480000,0x00000000da480000,0x00000000dac00000)
 ParOldGen       total 81920K, used 9571K [0x0000000089600000, 0x000000008e600000, 0x00000000d8780000)
  object space 81920K, 11% used [0x0000000089600000,0x0000000089f58f68,0x000000008e600000)
 Metaspace       used 25802K, capacity 26118K, committed 26624K, reserved 1073152K
  class space    used 2916K, capacity 3031K, committed 3072K, reserved 1048576K
}
Event: 95.944 GC heap before
{Heap before GC invocations=19 (full 6):
 PSYoungGen      total 36864K, used 21135K [0x00000000d8780000, 0x00000000db380000, 0x0000000100000000)
  eden space 29696K, 56% used [0x00000000d8780000,0x00000000d97dbd50,0x00000000da480000)
  from space 7168K, 61% used [0x00000000dac80000,0x00000000db0c8000,0x00000000db380000)
  to   space 7680K, 0% used [0x00000000da480000,0x00000000da480000,0x00000000dac00000)
 ParOldGen       total 81920K, used 9571K [0x0000000089600000, 0x000000008e600000, 0x00000000d8780000)
  object space 81920K, 11% used [0x0000000089600000,0x0000000089f58f68,0x000000008e600000)
 Metaspace       used 26122K, capacity 26444K, committed 26880K, reserved 1073152K
  class space    used 2926K, capacity 3032K, committed 3072K, reserved 1048576K
Event: 95.960 GC heap after
Heap after GC invocations=19 (full 6):
 PSYoungGen      total 33280K, used 3536K [0x00000000d8780000, 0x00000000db280000, 0x0000000100000000)
  eden space 29696K, 0% used [0x00000000d8780000,0x00000000d8780000,0x00000000da480000)
  from space 3584K, 98% used [0x00000000da480000,0x00000000da7f4010,0x00000000da800000)
  to   space 7168K, 0% used [0x00000000dab80000,0x00000000dab80000,0x00000000db280000)
 ParOldGen       total 81920K, used 13690K [0x0000000089600000, 0x000000008e600000, 0x00000000d8780000)
  object space 81920K, 16% used [0x0000000089600000,0x000000008a35ebe0,0x000000008e600000)
 Metaspace       used 26122K, capacity 26444K, committed 26880K, reserved 1073152K
  class space    used 2926K, capacity 3032K, committed 3072K, reserved 1048576K
}
Event: 95.960 GC heap before
{Heap before GC invocations=20 (full 7):
 PSYoungGen      total 33280K, used 3536K [0x00000000d8780000, 0x00000000db280000, 0x0000000100000000)
  eden space 29696K, 0% used [0x00000000d8780000,0x00000000d8780000,0x00000000da480000)
  from space 3584K, 98% used [0x00000000da480000,0x00000000da7f4010,0x00000000da800000)
  to   space 7168K, 0% used [0x00000000dab80000,0x00000000dab80000,0x00000000db280000)
 ParOldGen       total 81920K, used 13690K [0x0000000089600000, 0x000000008e600000, 0x00000000d8780000)
  object space 81920K, 16% used [0x0000000089600000,0x000000008a35ebe0,0x000000008e600000)
 Metaspace       used 26122K, capacity 26444K, committed 26880K, reserved 1073152K
  class space    used 2926K, capacity 3032K, committed 3072K, reserved 1048576K
Event: 96.143 GC heap after
Heap after GC invocations=20 (full 7):
 PSYoungGen      total 33280K, used 0K [0x00000000d8780000, 0x00000000db280000, 0x0000000100000000)
  eden space 29696K, 0% used [0x00000000d8780000,0x00000000d8780000,0x00000000da480000)
  from space 3584K, 0% used [0x00000000da480000,0x00000000da480000,0x00000000da800000)
  to   space 7168K, 0% used [0x00000000dab80000,0x00000000dab80000,0x00000000db280000)
 ParOldGen       total 81920K, used 16951K [0x0000000089600000, 0x000000008e600000, 0x00000000d8780000)
  object space 81920K, 20% used [0x0000000089600000,0x000000008a68dd98,0x000000008e600000)
 Metaspace       used 26122K, capacity 26444K, committed 26880K, reserved 1073152K
  class space    used 2926K, capacity 3032K, committed 3072K, reserved 1048576K
}

