# JRE version: OpenJDK Runtime Environment (8.0_232-b09) (build 1.8.0_232-b09)
# Java VM: OpenJDK 64-Bit Server VM (25.232-b09 mixed mode linux-amd64 compressed oops)
Heap:
 PSYoungGen      total 35840K, used 15725K [0x00000000d8780000, 0x00000000dcd80000, 0x0000000100000000)
  eden space 30720K, 51% used [0x00000000d8780000,0x00000000d96db700,0x00000000da580000)
  from space 5120K, 0% used [0x00000000da580000,0x00000000da580000,0x00000000daa80000)
  to   space 5120K, 0% used [0x00000000dc880000,0x00000000dc880000,0x00000000dcd80000)
 ParOldGen       total 81920K, used 7989K [0x0000000089600000, 0x000000008e600000, 0x00000000d8780000)
  object space 81920K, 9% used [0x0000000089600000,0x0000000089dcd660,0x000000008e600000)
 Metaspace       used 23663K, capacity 24032K, committed 24448K, reserved 1071104K
  class space    used 2733K, capacity 2870K, committed 2944K, reserved 1048576K
GC Heap History (10 events):
Event: 0.978 GC heap before
{Heap before GC invocations=1 (full 0):
 PSYoungGen      total 35840K, used 26475K [0x00000000d8780000, 0x00000000daf80000, 0x0000000100000000)
  eden space 30720K, 86% used [0x00000000d8780000,0x00000000da15aca8,0x00000000da580000)
  from space 5120K, 0% used [0x00000000daa80000,0x00000000daa80000,0x00000000daf80000)
  to   space 5120K, 0% used [0x00000000da580000,0x00000000da580000,0x00000000daa80000)
 ParOldGen       total 81920K, used 0K [0x0000000089600000, 0x000000008e600000, 0x00000000d8780000)
  object space 81920K, 0% used [0x0000000089600000,0x0000000089600000,0x000000008e600000)
 Metaspace       used 19615K, capacity 19960K, committed 20352K, reserved 1067008K
  class space    used 2282K, capacity 2416K, committed 2432K, reserved 1048576K
Event: 0.990 GC heap after
Heap after GC invocations=1 (full 0):
 PSYoungGen      total 35840K, used 5105K [0x00000000d8780000, 0x00000000daf80000, 0x0000000100000000)
  eden space 30720K, 0% used [0x00000000d8780000,0x00000000d8780000,0x00000000da580000)
  from space 5120K, 99% used [0x00000000da580000,0x00000000daa7c608,0x00000000daa80000)
  to   space 5120K, 0% used [0x00000000daa80000,0x00000000daa80000,0x00000000daf80000)
 ParOldGen       total 81920K, used 1058K [0x0000000089600000, 0x000000008e600000, 0x00000000d8780000)
  object space 81920K, 1% used [0x0000000089600000,0x0000000089708a40,0x000000008e600000)
 Metaspace       used 19615K, capacity 19960K, committed 20352K, reserved 1067008K
  class space    used 2282K, capacity 2416K, committed 2432K, reserved 1048576K
}
Event: 0.990 GC heap before
{Heap before GC invocations=2 (full 1):
 PSYoungGen      total 35840K, used 5105K [0x00000000d8780000, 0x00000000daf80000, 0x0000000100000000)
  eden space 30720K, 0% used [0x00000000d8780000,0x00000000d8780000,0x00000000da580000)
  from space 5120K, 99% used [0x00000000da580000,0x00000000daa7c608,0x00000000daa80000)
  to   space 5120K, 0% used [0x00000000daa80000,0x00000000daa80000,0x00000000daf80000)
 ParOldGen       total 81920K, used 1058K [0x0000000089600000, 0x000000008e600000, 0x00000000d8780000)
  object space 81920K, 1% used [0x0000000089600000,0x0000000089708a40,0x000000008e600000)
 Metaspace       used 19615K, capacity 19960K, committed 20352K, reserved 1067008K
  class space    used 2282K, capacity 2416K, committed 2432K, reserved 1048576K
Event: 1.024 GC heap after
Heap after GC invocations=2 (full 1):
 PSYoungGen      total 35840K, used 0K [0x00000000d8780000, 0x00000000daf80000, 0x0000000100000000)
  eden space 30720K, 0% used [0x00000000d8780000,0x00000000d8780000,0x00000000da580000)
  from space 5120K, 0% used [0x00000000da580000,0x00000000da580000,0x00000000daa80000)
  to   space 5120K, 0% used [0x00000000daa80000,0x00000000daa80000,0x00000000daf80000)
 ParOldGen       total 81920K, used 5987K [0x0000000089600000, 0x000000008e600000, 0x00000000d8780000)
  object space 81920K, 7% used [0x0000000089600000,0x0000000089bd8f68,0x000000008e600000)
 Metaspace       used 19613K, capacity 19954K, committed 20352K, reserved 1067008K
  class space    used 2281K, capacity 2415K, committed 2432K, reserved 1048576K
}
Event: 1.294 GC heap before
{Heap before GC invocations=3 (full 1):
 PSYoungGen      total 35840K, used 30720K [0x00000000d8780000, 0x00000000daf80000, 0x0000000100000000)
  eden space 30720K, 100% used [0x00000000d8780000,0x00000000da580000,0x00000000da580000)
  from space 5120K, 0% used [0x00000000da580000,0x00000000da580000,0x00000000daa80000)
  to   space 5120K, 0% used [0x00000000daa80000,0x00000000daa80000,0x00000000daf80000)
 ParOldGen       total 81920K, used 5987K [0x0000000089600000, 0x000000008e600000, 0x00000000d8780000)
  object space 81920K, 7% used [0x0000000089600000,0x0000000089bd8f68,0x000000008e600000)
 Metaspace       used 21767K, capacity 22034K, committed 22400K, reserved 1069056K
  class space    used 2531K, capacity 2639K, committed 2688K, reserved 1048576K
Event: 1.301 GC heap after
Heap after GC invocations=3 (full 1):
 PSYoungGen      total 35840K, used 3593K [0x00000000d8780000, 0x00000000dcd80000, 0x0000000100000000)
  eden space 30720K, 0% used [0x00000000d8780000,0x00000000d8780000,0x00000000da580000)
  from space 5120K, 70% used [0x00000000daa80000,0x00000000dae025a8,0x00000000daf80000)
  to   space 5120K, 0% used [0x00000000da580000,0x00000000da580000,0x00000000daa80000)
 ParOldGen       total 81920K, used 5995K [0x0000000089600000, 0x000000008e600000, 0x00000000d8780000)
  object space 81920K, 7% used [0x0000000089600000,0x0000000089bdaf68,0x000000008e600000)
 Metaspace       used 21767K, capacity 22034K, committed 22400K, reserved 1069056K
  class space    used 2531K, capacity 2639K, committed 2688K, reserved 1048576K
}
Event: 1.395 GC heap before
{Heap before GC invocations=4 (full 1):
 PSYoungGen      total 35840K, used 10640K [0x00000000d8780000, 0x00000000dcd80000, 0x0000000100000000)
  eden space 30720K, 22% used [0x00000000d8780000,0x00000000d8e61d98,0x00000000da580000)
  from space 5120K, 70% used [0x00000000daa80000,0x00000000dae025a8,0x00000000daf80000)
  to   space 5120K, 0% used [0x00000000da580000,0x00000000da580000,0x00000000daa80000)
 ParOldGen       total 81920K, used 5995K [0x0000000089600000, 0x000000008e600000, 0x00000000d8780000)
  object space 81920K, 7% used [0x0000000089600000,0x0000000089bdaf68,0x000000008e600000)
 Metaspace       used 21982K, capacity 22258K, committed 22656K, reserved 1069056K
  class space    used 2548K, capacity 2671K, committed 2688K, reserved 1048576K
Event: 1.402 GC heap after
Heap after GC invocations=4 (full 1):
 PSYoungGen      total 35840K, used 3527K [0x00000000d8780000, 0x00000000dcd80000, 0x0000000100000000)
  eden space 30720K, 0% used [0x00000000d8780000,0x00000000d8780000,0x00000000da580000)
  from space 5120K, 68% used [0x00000000da580000,0x00000000da8f1d88,0x00000000daa80000)
  to   space 5120K, 0% used [0x00000000dc880000,0x00000000dc880000,0x00000000dcd80000)
 ParOldGen       total 81920K, used 6003K [0x0000000089600000, 0x000000008e600000, 0x00000000d8780000)
  object space 81920K, 7% used [0x0000000089600000,0x0000000089bdcf68,0x000000008e600000)
 Metaspace       used 21982K, capacity 22258K, committed 22656K, reserved 1069056K
  class space    used 2548K, capacity 2671K, committed 2688K, reserved 1048576K
}
Event: 1.402 GC heap before
{Heap before GC invocations=5 (full 2):
 PSYoungGen      total 35840K, used 3527K [0x00000000d8780000, 0x00000000dcd80000, 0x0000000100000000)
  eden space 30720K, 0% used [0x00000000d8780000,0x00000000d8780000,0x00000000da580000)
  from space 5120K, 68% used [0x00000000da580000,0x00000000da8f1d88,0x00000000daa80000)
  to   space 5120K, 0% used [0x00000000dc880000,0x00000000dc880000,0x00000000dcd80000)
 ParOldGen       total 81920K, used 6003K [0x0000000089600000, 0x000000008e600000, 0x00000000d8780000)
  object space 81920K, 7% used [0x0000000089600000,0x0000000089bdcf68,0x000000008e600000)
 Metaspace       used 21982K, capacity 22258K, committed 22656K, reserved 1069056K
  class space    used 2548K, capacity 2671K, committed 2688K, reserved 1048576K
Event: 1.462 GC heap after
Heap after GC invocations=5 (full 2):
 PSYoungGen      total 35840K, used 0K [0x00000000d8780000, 0x00000000dcd80000, 0x0000000100000000)
  eden space 30720K, 0% used [0x00000000d8780000,0x00000000d8780000,0x00000000da580000)
  from space 5120K, 0% used [0x00000000da580000,0x00000000da580000,0x00000000daa80000)
  to   space 5120K, 0% used [0x00000000dc880000,0x00000000dc880000,0x00000000dcd80000)
 ParOldGen       total 81920K, used 7989K [0x0000000089600000, 0x000000008e600000, 0x00000000d8780000)
  object space 81920K, 9% used [0x0000000089600000,0x0000000089dcd660,0x000000008e600000)
 Metaspace       used 21982K, capacity 22258K, committed 22656K, reserved 1069056K
  class space    used 2548K, capacity 2671K, committed 2688K, reserved 1048576K
}

