# JRE version: OpenJDK Runtime Environment (8.0_232-b09) (build 1.8.0_232-b09)
# Java VM: OpenJDK 64-Bit Server VM (25.232-b09 mixed mode linux-amd64 compressed oops)
Heap:
 PSYoungGen      total 128000K, used 38588K [0x00000000d8780000, 0x00000000e0980000, 0x0000000100000000)
  eden space 122880K, 31% used [0x00000000d8780000,0x00000000dad2f028,0x00000000dff80000)
  from space 5120K, 0% used [0x00000000dff80000,0x00000000dff80000,0x00000000e0480000)
  to   space 5120K, 0% used [0x00000000e0480000,0x00000000e0480000,0x00000000e0980000)
 ParOldGen       total 81920K, used 16532K [0x0000000089600000, 0x000000008e600000, 0x00000000d8780000)
  object space 81920K, 20% used [0x0000000089600000,0x000000008a6250e8,0x000000008e600000)
 Metaspace       used 26338K, capacity 26726K, committed 27136K, reserved 1073152K
  class space    used 2943K, capacity 3063K, committed 3072K, reserved 1048576K
GC Heap History (32 events):
Event: 1.799 GC heap before
{Heap before GC invocations=1 (full 0):
 PSYoungGen      total 35840K, used 25818K [0x00000000d8780000, 0x00000000daf80000, 0x0000000100000000)
  eden space 30720K, 84% used [0x00000000d8780000,0x00000000da0b6a10,0x00000000da580000)
  from space 5120K, 0% used [0x00000000daa80000,0x00000000daa80000,0x00000000daf80000)
  to   space 5120K, 0% used [0x00000000da580000,0x00000000da580000,0x00000000daa80000)
 ParOldGen       total 81920K, used 0K [0x0000000089600000, 0x000000008e600000, 0x00000000d8780000)
  object space 81920K, 0% used [0x0000000089600000,0x0000000089600000,0x000000008e600000)
 Metaspace       used 19685K, capacity 20024K, committed 20352K, reserved 1067008K
  class space    used 2285K, capacity 2416K, committed 2432K, reserved 1048576K
Event: 1.812 GC heap after
Heap after GC invocations=1 (full 0):
 PSYoungGen      total 35840K, used 5111K [0x00000000d8780000, 0x00000000daf80000, 0x0000000100000000)
  eden space 30720K, 0% used [0x00000000d8780000,0x00000000d8780000,0x00000000da580000)
  from space 5120K, 99% used [0x00000000da580000,0x00000000daa7dde8,0x00000000daa80000)
  to   space 5120K, 0% used [0x00000000daa80000,0x00000000daa80000,0x00000000daf80000)
 ParOldGen       total 81920K, used 907K [0x0000000089600000, 0x000000008e600000, 0x00000000d8780000)
  object space 81920K, 1% used [0x0000000089600000,0x00000000896e2fe8,0x000000008e600000)
 Metaspace       used 19685K, capacity 20024K, committed 20352K, reserved 1067008K
  class space    used 2285K, capacity 2416K, committed 2432K, reserved 1048576K
}
Event: 1.812 GC heap before
{Heap before GC invocations=2 (full 1):
 PSYoungGen      total 35840K, used 5111K [0x00000000d8780000, 0x00000000daf80000, 0x0000000100000000)
  eden space 30720K, 0% used [0x00000000d8780000,0x00000000d8780000,0x00000000da580000)
  from space 5120K, 99% used [0x00000000da580000,0x00000000daa7dde8,0x00000000daa80000)
  to   space 5120K, 0% used [0x00000000daa80000,0x00000000daa80000,0x00000000daf80000)
 ParOldGen       total 81920K, used 907K [0x0000000089600000, 0x000000008e600000, 0x00000000d8780000)
  object space 81920K, 1% used [0x0000000089600000,0x00000000896e2fe8,0x000000008e600000)
 Metaspace       used 19685K, capacity 20024K, committed 20352K, reserved 1067008K
  class space    used 2285K, capacity 2416K, committed 2432K, reserved 1048576K
Event: 1.847 GC heap after
Heap after GC invocations=2 (full 1):
 PSYoungGen      total 35840K, used 0K [0x00000000d8780000, 0x00000000daf80000, 0x0000000100000000)
  eden space 30720K, 0% used [0x00000000d8780000,0x00000000d8780000,0x00000000da580000)
  from space 5120K, 0% used [0x00000000da580000,0x00000000da580000,0x00000000daa80000)
  to   space 5120K, 0% used [0x00000000daa80000,0x00000000daa80000,0x00000000daf80000)
 ParOldGen       total 81920K, used 5821K [0x0000000089600000, 0x000000008e600000, 0x00000000d8780000)
  object space 81920K, 7% used [0x0000000089600000,0x0000000089baf4f8,0x000000008e600000)
 Metaspace       used 19683K, capacity 20018K, committed 20352K, reserved 1067008K
  class space    used 2284K, capacity 2415K, committed 2432K, reserved 1048576K
}
Event: 1.926 GC heap before
{Heap before GC invocations=3 (full 1):
 PSYoungGen      total 35840K, used 5303K [0x00000000d8780000, 0x00000000daf80000, 0x0000000100000000)
  eden space 30720K, 17% used [0x00000000d8780000,0x00000000d8cade18,0x00000000da580000)
  from space 5120K, 0% used [0x00000000da580000,0x00000000da580000,0x00000000daa80000)
  to   space 5120K, 0% used [0x00000000daa80000,0x00000000daa80000,0x00000000daf80000)
 ParOldGen       total 81920K, used 5821K [0x0000000089600000, 0x000000008e600000, 0x00000000d8780000)
  object space 81920K, 7% used [0x0000000089600000,0x0000000089baf4f8,0x000000008e600000)
 Metaspace       used 20157K, capacity 20466K, committed 20736K, reserved 1067008K
  class space    used 2353K, capacity 2479K, committed 2560K, reserved 1048576K
Event: 1.930 GC heap after
Heap after GC invocations=3 (full 1):
 PSYoungGen      total 35840K, used 697K [0x00000000d8780000, 0x00000000daf80000, 0x0000000100000000)
  eden space 30720K, 0% used [0x00000000d8780000,0x00000000d8780000,0x00000000da580000)
  from space 5120K, 13% used [0x00000000daa80000,0x00000000dab2e480,0x00000000daf80000)
  to   space 5120K, 0% used [0x00000000da580000,0x00000000da580000,0x00000000daa80000)
 ParOldGen       total 81920K, used 5821K [0x0000000089600000, 0x000000008e600000, 0x00000000d8780000)
  object space 81920K, 7% used [0x0000000089600000,0x0000000089baf4f8,0x000000008e600000)
 Metaspace       used 20157K, capacity 20466K, committed 20736K, reserved 1067008K
  class space    used 2353K, capacity 2479K, committed 2560K, reserved 1048576K
}
Event: 1.930 GC heap before
{Heap before GC invocations=4 (full 2):
 PSYoungGen      total 35840K, used 697K [0x00000000d8780000, 0x00000000daf80000, 0x0000000100000000)
  eden space 30720K, 0% used [0x00000000d8780000,0x00000000d8780000,0x00000000da580000)
  from space 5120K, 13% used [0x00000000daa80000,0x00000000dab2e480,0x00000000daf80000)
  to   space 5120K, 0% used [0x00000000da580000,0x00000000da580000,0x00000000daa80000)
 ParOldGen       total 81920K, used 5821K [0x0000000089600000, 0x000000008e600000, 0x00000000d8780000)
  object space 81920K, 7% used [0x0000000089600000,0x0000000089baf4f8,0x000000008e600000)
 Metaspace       used 20157K, capacity 20466K, committed 20736K, reserved 1067008K
  class space    used 2353K, capacity 2479K, committed 2560K, reserved 1048576K
Event: 1.972 GC heap after
Heap after GC invocations=4 (full 2):
 PSYoungGen      total 35840K, used 0K [0x00000000d8780000, 0x00000000daf80000, 0x0000000100000000)
  eden space 30720K, 0% used [0x00000000d8780000,0x00000000d8780000,0x00000000da580000)
  from space 5120K, 0% used [0x00000000daa80000,0x00000000daa80000,0x00000000daf80000)
  to   space 5120K, 0% used [0x00000000da580000,0x00000000da580000,0x00000000daa80000)
 ParOldGen       total 81920K, used 5000K [0x0000000089600000, 0x000000008e600000, 0x00000000d8780000)
  object space 81920K, 6% used [0x0000000089600000,0x0000000089ae2270,0x000000008e600000)
 Metaspace       used 20157K, capacity 20466K, committed 20736K, reserved 1067008K
  class space    used 2353K, capacity 2479K, committed 2560K, reserved 1048576K
}
Event: 2.317 GC heap before
{Heap before GC invocations=5 (full 2):
 PSYoungGen      total 35840K, used 30720K [0x00000000d8780000, 0x00000000daf80000, 0x0000000100000000)
  eden space 30720K, 100% used [0x00000000d8780000,0x00000000da580000,0x00000000da580000)
  from space 5120K, 0% used [0x00000000daa80000,0x00000000daa80000,0x00000000daf80000)
  to   space 5120K, 0% used [0x00000000da580000,0x00000000da580000,0x00000000daa80000)
 ParOldGen       total 81920K, used 5000K [0x0000000089600000, 0x000000008e600000, 0x00000000d8780000)
  object space 81920K, 6% used [0x0000000089600000,0x0000000089ae2270,0x000000008e600000)
 Metaspace       used 21860K, capacity 22162K, committed 22400K, reserved 1069056K
  class space    used 2533K, capacity 2639K, committed 2688K, reserved 1048576K
Event: 2.323 GC heap after
Heap after GC invocations=5 (full 2):
 PSYoungGen      total 35840K, used 3408K [0x00000000d8780000, 0x00000000dcd80000, 0x0000000100000000)
  eden space 30720K, 0% used [0x00000000d8780000,0x00000000d8780000,0x00000000da580000)
  from space 5120K, 66% used [0x00000000da580000,0x00000000da8d4010,0x00000000daa80000)
  to   space 5120K, 0% used [0x00000000dc880000,0x00000000dc880000,0x00000000dcd80000)
 ParOldGen       total 81920K, used 5008K [0x0000000089600000, 0x000000008e600000, 0x00000000d8780000)
  object space 81920K, 6% used [0x0000000089600000,0x0000000089ae4270,0x000000008e600000)
 Metaspace       used 21860K, capacity 22162K, committed 22400K, reserved 1069056K
  class space    used 2533K, capacity 2639K, committed 2688K, reserved 1048576K
}
Event: 2.420 GC heap before
{Heap before GC invocations=6 (full 2):
 PSYoungGen      total 35840K, used 8464K [0x00000000d8780000, 0x00000000dcd80000, 0x0000000100000000)
  eden space 30720K, 16% used [0x00000000d8780000,0x00000000d8c703d8,0x00000000da580000)
  from space 5120K, 66% used [0x00000000da580000,0x00000000da8d4010,0x00000000daa80000)
  to   space 5120K, 0% used [0x00000000dc880000,0x00000000dc880000,0x00000000dcd80000)
 ParOldGen       total 81920K, used 5008K [0x0000000089600000, 0x000000008e600000, 0x00000000d8780000)
  object space 81920K, 6% used [0x0000000089600000,0x0000000089ae4270,0x000000008e600000)
 Metaspace       used 22067K, capacity 22450K, committed 22656K, reserved 1069056K
  class space    used 2548K, capacity 2671K, committed 2688K, reserved 1048576K
Event: 2.429 GC heap after
Heap after GC invocations=6 (full 2):
 PSYoungGen      total 66560K, used 3607K [0x00000000d8780000, 0x00000000dcd80000, 0x0000000100000000)
  eden space 61440K, 0% used [0x00000000d8780000,0x00000000d8780000,0x00000000dc380000)
  from space 5120K, 70% used [0x00000000dc880000,0x00000000dcc05d98,0x00000000dcd80000)
  to   space 5120K, 0% used [0x00000000dc380000,0x00000000dc380000,0x00000000dc880000)
 ParOldGen       total 81920K, used 5016K [0x0000000089600000, 0x000000008e600000, 0x00000000d8780000)
  object space 81920K, 6% used [0x0000000089600000,0x0000000089ae6270,0x000000008e600000)
 Metaspace       used 22067K, capacity 22450K, committed 22656K, reserved 1069056K
  class space    used 2548K, capacity 2671K, committed 2688K, reserved 1048576K
}
Event: 2.429 GC heap before
{Heap before GC invocations=7 (full 3):
 PSYoungGen      total 66560K, used 3607K [0x00000000d8780000, 0x00000000dcd80000, 0x0000000100000000)
  eden space 61440K, 0% used [0x00000000d8780000,0x00000000d8780000,0x00000000dc380000)
  from space 5120K, 70% used [0x00000000dc880000,0x00000000dcc05d98,0x00000000dcd80000)
  to   space 5120K, 0% used [0x00000000dc380000,0x00000000dc380000,0x00000000dc880000)
 ParOldGen       total 81920K, used 5016K [0x0000000089600000, 0x000000008e600000, 0x00000000d8780000)
  object space 81920K, 6% used [0x0000000089600000,0x0000000089ae6270,0x000000008e600000)
 Metaspace       used 22067K, capacity 22450K, committed 22656K, reserved 1069056K
  class space    used 2548K, capacity 2671K, committed 2688K, reserved 1048576K
Event: 2.516 GC heap after
Heap after GC invocations=7 (full 3):
 PSYoungGen      total 66560K, used 0K [0x00000000d8780000, 0x00000000dcd80000, 0x0000000100000000)
  eden space 61440K, 0% used [0x00000000d8780000,0x00000000d8780000,0x00000000dc380000)
  from space 5120K, 0% used [0x00000000dc880000,0x00000000dc880000,0x00000000dcd80000)
  to   space 5120K, 0% used [0x00000000dc380000,0x00000000dc380000,0x00000000dc880000)
 ParOldGen       total 81920K, used 8109K [0x0000000089600000, 0x000000008e600000, 0x00000000d8780000)
  object space 81920K, 9% used [0x0000000089600000,0x0000000089deb4e0,0x000000008e600000)
 Metaspace       used 22067K, capacity 22450K, committed 22656K, reserved 1069056K
  class space    used 2548K, capacity 2671K, committed 2688K, reserved 1048576K
}
Event: 3.743 GC heap before
{Heap before GC invocations=8 (full 3):
 PSYoungGen      total 66560K, used 61440K [0x00000000d8780000, 0x00000000dcd80000, 0x0000000100000000)
  eden space 61440K, 100% used [0x00000000d8780000,0x00000000dc380000,0x00000000dc380000)
  from space 5120K, 0% used [0x00000000dc880000,0x00000000dc880000,0x00000000dcd80000)
  to   space 5120K, 0% used [0x00000000dc380000,0x00000000dc380000,0x00000000dc880000)
 ParOldGen       total 81920K, used 8109K [0x0000000089600000, 0x000000008e600000, 0x00000000d8780000)
  object space 81920K, 9% used [0x0000000089600000,0x0000000089deb4e0,0x000000008e600000)
 Metaspace       used 24137K, capacity 24512K, committed 24960K, reserved 1071104K
  class space    used 2731K, capacity 2838K, committed 2944K, reserved 1048576K
Event: 3.765 GC heap after
Heap after GC invocations=8 (full 3):
 PSYoungGen      total 66560K, used 5120K [0x00000000d8780000, 0x00000000e0980000, 0x0000000100000000)
  eden space 61440K, 0% used [0x00000000d8780000,0x00000000d8780000,0x00000000dc380000)
  from space 5120K, 100% used [0x00000000dc380000,0x00000000dc880000,0x00000000dc880000)
  to   space 5120K, 0% used [0x00000000e0480000,0x00000000e0480000,0x00000000e0980000)
 ParOldGen       total 81920K, used 10760K [0x0000000089600000, 0x000000008e600000, 0x00000000d8780000)
  object space 81920K, 13% used [0x0000000089600000,0x000000008a0823f8,0x000000008e600000)
 Metaspace       used 24137K, capacity 24512K, committed 24960K, reserved 1071104K
  class space    used 2731K, capacity 2838K, committed 2944K, reserved 1048576K
}
Event: 62.897 GC heap before
{Heap before GC invocations=9 (full 3):
 PSYoungGen      total 66560K, used 39795K [0x00000000d8780000, 0x00000000e0980000, 0x0000000100000000)
  eden space 61440K, 56% used [0x00000000d8780000,0x00000000da95cc18,0x00000000dc380000)
  from space 5120K, 100% used [0x00000000dc380000,0x00000000dc880000,0x00000000dc880000)
  to   space 5120K, 0% used [0x00000000e0480000,0x00000000e0480000,0x00000000e0980000)
 ParOldGen       total 81920K, used 10760K [0x0000000089600000, 0x000000008e600000, 0x00000000d8780000)
  object space 81920K, 13% used [0x0000000089600000,0x000000008a0823f8,0x000000008e600000)
 Metaspace       used 25559K, capacity 25920K, committed 26368K, reserved 1073152K
  class space    used 2901K, capacity 3030K, committed 3072K, reserved 1048576K
Event: 62.911 GC heap after
Heap after GC invocations=9 (full 3):
 PSYoungGen      total 128000K, used 5118K [0x00000000d8780000, 0x00000000e0980000, 0x0000000100000000)
  eden space 122880K, 0% used [0x00000000d8780000,0x00000000d8780000,0x00000000dff80000)
  from space 5120K, 99% used [0x00000000e0480000,0x00000000e097f9b0,0x00000000e0980000)
  to   space 5120K, 0% used [0x00000000dff80000,0x00000000dff80000,0x00000000e0480000)
 ParOldGen       total 81920K, used 11805K [0x0000000089600000, 0x000000008e600000, 0x00000000d8780000)
  object space 81920K, 14% used [0x0000000089600000,0x000000008a1876a8,0x000000008e600000)
 Metaspace       used 25559K, capacity 25920K, committed 26368K, reserved 1073152K
  class space    used 2901K, capacity 3030K, committed 3072K, reserved 1048576K
}
Event: 62.911 GC heap before
{Heap before GC invocations=10 (full 4):
 PSYoungGen      total 128000K, used 5118K [0x00000000d8780000, 0x00000000e0980000, 0x0000000100000000)
  eden space 122880K, 0% used [0x00000000d8780000,0x00000000d8780000,0x00000000dff80000)
  from space 5120K, 99% used [0x00000000e0480000,0x00000000e097f9b0,0x00000000e0980000)
  to   space 5120K, 0% used [0x00000000dff80000,0x00000000dff80000,0x00000000e0480000)
 ParOldGen       total 81920K, used 11805K [0x0000000089600000, 0x000000008e600000, 0x00000000d8780000)
  object space 81920K, 14% used [0x0000000089600000,0x000000008a1876a8,0x000000008e600000)
 Metaspace       used 25559K, capacity 25920K, committed 26368K, reserved 1073152K
  class space    used 2901K, capacity 3030K, committed 3072K, reserved 1048576K
Event: 63.059 GC heap after
Heap after GC invocations=10 (full 4):
 PSYoungGen      total 128000K, used 0K [0x00000000d8780000, 0x00000000e0980000, 0x0000000100000000)
  eden space 122880K, 0% used [0x00000000d8780000,0x00000000d8780000,0x00000000dff80000)
  from space 5120K, 0% used [0x00000000e0480000,0x00000000e0480000,0x00000000e0980000)
  to   space 5120K, 0% used [0x00000000dff80000,0x00000000dff80000,0x00000000e0480000)
 ParOldGen       total 81920K, used 16539K [0x0000000089600000, 0x000000008e600000, 0x00000000d8780000)
  object space 81920K, 20% used [0x0000000089600000,0x000000008a626d88,0x000000008e600000)
 Metaspace       used 25559K, capacity 25920K, committed 26368K, reserved 1073152K
  class space    used 2901K, capacity 3030K, committed 3072K, reserved 1048576K
}
Event: 63.074 GC heap before
{Heap before GC invocations=11 (full 4):
 PSYoungGen      total 128000K, used 3149K [0x00000000d8780000, 0x00000000e0980000, 0x0000000100000000)
  eden space 122880K, 2% used [0x00000000d8780000,0x00000000d8a93430,0x00000000dff80000)
  from space 5120K, 0% used [0x00000000e0480000,0x00000000e0480000,0x00000000e0980000)
  to   space 5120K, 0% used [0x00000000dff80000,0x00000000dff80000,0x00000000e0480000)
 ParOldGen       total 81920K, used 16539K [0x0000000089600000, 0x000000008e600000, 0x00000000d8780000)
  object space 81920K, 20% used [0x0000000089600000,0x000000008a626d88,0x000000008e600000)
 Metaspace       used 25560K, capacity 25920K, committed 26368K, reserved 1073152K
  class space    used 2901K, capacity 3030K, committed 3072K, reserved 1048576K
Event: 63.076 GC heap after
Heap after GC invocations=11 (full 4):
 PSYoungGen      total 128000K, used 224K [0x00000000d8780000, 0x00000000e0980000, 0x0000000100000000)
  eden space 122880K, 0% used [0x00000000d8780000,0x00000000d8780000,0x00000000dff80000)
  from space 5120K, 4% used [0x00000000dff80000,0x00000000dffb8000,0x00000000e0480000)
  to   space 5120K, 0% used [0x00000000e0480000,0x00000000e0480000,0x00000000e0980000)
 ParOldGen       total 81920K, used 16539K [0x0000000089600000, 0x000000008e600000, 0x00000000d8780000)
  object space 81920K, 20% used [0x0000000089600000,0x000000008a626d88,0x000000008e600000)
 Metaspace       used 25560K, capacity 25920K, committed 26368K, reserved 1073152K
  class space    used 2901K, capacity 3030K, committed 3072K, reserved 1048576K
}
Event: 63.076 GC heap before
{Heap before GC invocations=12 (full 5):
 PSYoungGen      total 128000K, used 224K [0x00000000d8780000, 0x00000000e0980000, 0x0000000100000000)
  eden space 122880K, 0% used [0x00000000d8780000,0x00000000d8780000,0x00000000dff80000)
  from space 5120K, 4% used [0x00000000dff80000,0x00000000dffb8000,0x00000000e0480000)
  to   space 5120K, 0% used [0x00000000e0480000,0x00000000e0480000,0x00000000e0980000)
 ParOldGen       total 81920K, used 16539K [0x0000000089600000, 0x000000008e600000, 0x00000000d8780000)
  object space 81920K, 20% used [0x0000000089600000,0x000000008a626d88,0x000000008e600000)
 Metaspace       used 25560K, capacity 25920K, committed 26368K, reserved 1073152K
  class space    used 2901K, capacity 3030K, committed 3072K, reserved 1048576K
Event: 63.191 GC heap after
Heap after GC invocations=12 (full 5):
 PSYoungGen      total 128000K, used 0K [0x00000000d8780000, 0x00000000e0980000, 0x0000000100000000)
  eden space 122880K, 0% used [0x00000000d8780000,0x00000000d8780000,0x00000000dff80000)
  from space 5120K, 0% used [0x00000000dff80000,0x00000000dff80000,0x00000000e0480000)
  to   space 5120K, 0% used [0x00000000e0480000,0x00000000e0480000,0x00000000e0980000)
 ParOldGen       total 81920K, used 16203K [0x0000000089600000, 0x000000008e600000, 0x00000000d8780000)
  object space 81920K, 19% used [0x0000000089600000,0x000000008a5d2fb8,0x000000008e600000)
 Metaspace       used 25560K, capacity 25920K, committed 26368K, reserved 1073152K
  class space    used 2901K, capacity 3030K, committed 3072K, reserved 1048576K
}
Event: 73.400 GC heap before
{Heap before GC invocations=13 (full 5):
 PSYoungGen      total 128000K, used 10402K [0x00000000d8780000, 0x00000000e0980000, 0x0000000100000000)
  eden space 122880K, 8% used [0x00000000d8780000,0x00000000d91a8b40,0x00000000dff80000)
  from space 5120K, 0% used [0x00000000dff80000,0x00000000dff80000,0x00000000e0480000)
  to   space 5120K, 0% used [0x00000000e0480000,0x00000000e0480000,0x00000000e0980000)
 ParOldGen       total 81920K, used 16203K [0x0000000089600000, 0x000000008e600000, 0x00000000d8780000)
  object space 81920K, 19% used [0x0000000089600000,0x000000008a5d2fb8,0x000000008e600000)
 Metaspace       used 25769K, capacity 26118K, committed 26368K, reserved 1073152K
  class space    used 2912K, capacity 3031K, committed 3072K, reserved 1048576K
Event: 73.403 GC heap after
Heap after GC invocations=13 (full 5):
 PSYoungGen      total 128000K, used 320K [0x00000000d8780000, 0x00000000e0980000, 0x0000000100000000)
  eden space 122880K, 0% used [0x00000000d8780000,0x00000000d8780000,0x00000000dff80000)
  from space 5120K, 6% used [0x00000000e0480000,0x00000000e04d0000,0x00000000e0980000)
  to   space 5120K, 0% used [0x00000000dff80000,0x00000000dff80000,0x00000000e0480000)
 ParOldGen       total 81920K, used 16211K [0x0000000089600000, 0x000000008e600000, 0x00000000d8780000)
  object space 81920K, 19% used [0x0000000089600000,0x000000008a5d4fb8,0x000000008e600000)
 Metaspace       used 25769K, capacity 26118K, committed 26368K, reserved 1073152K
  class space    used 2912K, capacity 3031K, committed 3072K, reserved 1048576K
}
Event: 73.403 GC heap before
{Heap before GC invocations=14 (full 6):
 PSYoungGen      total 128000K, used 320K [0x00000000d8780000, 0x00000000e0980000, 0x0000000100000000)
  eden space 122880K, 0% used [0x00000000d8780000,0x00000000d8780000,0x00000000dff80000)
  from space 5120K, 6% used [0x00000000e0480000,0x00000000e04d0000,0x00000000e0980000)
  to   space 5120K, 0% used [0x00000000dff80000,0x00000000dff80000,0x00000000e0480000)
 ParOldGen       total 81920K, used 16211K [0x0000000089600000, 0x000000008e600000, 0x00000000d8780000)
  object space 81920K, 19% used [0x0000000089600000,0x000000008a5d4fb8,0x000000008e600000)
 Metaspace       used 25769K, capacity 26118K, committed 26368K, reserved 1073152K
  class space    used 2912K, capacity 3031K, committed 3072K, reserved 1048576K
Event: 73.546 GC heap after
Heap after GC invocations=14 (full 6):
 PSYoungGen      total 128000K, used 0K [0x00000000d8780000, 0x00000000e0980000, 0x0000000100000000)
  eden space 122880K, 0% used [0x00000000d8780000,0x00000000d8780000,0x00000000dff80000)
  from space 5120K, 0% used [0x00000000e0480000,0x00000000e0480000,0x00000000e0980000)
  to   space 5120K, 0% used [0x00000000dff80000,0x00000000dff80000,0x00000000e0480000)
 ParOldGen       total 81920K, used 16403K [0x0000000089600000, 0x000000008e600000, 0x00000000d8780000)
  object space 81920K, 20% used [0x0000000089600000,0x000000008a604c78,0x000000008e600000)
 Metaspace       used 25769K, capacity 26118K, committed 26368K, reserved 1073152K
  class space    used 2912K, capacity 3031K, committed 3072K, reserved 1048576K
}
Event: 295.850 GC heap before
{Heap before GC invocations=15 (full 6):
 PSYoungGen      total 128000K, used 14394K [0x00000000d8780000, 0x00000000e0980000, 0x0000000100000000)
  eden space 122880K, 11% used [0x00000000d8780000,0x00000000d958e8a8,0x00000000dff80000)
  from space 5120K, 0% used [0x00000000e0480000,0x00000000e0480000,0x00000000e0980000)
  to   space 5120K, 0% used [0x00000000dff80000,0x00000000dff80000,0x00000000e0480000)
 ParOldGen       total 81920K, used 16403K [0x0000000089600000, 0x000000008e600000, 0x00000000d8780000)
  object space 81920K, 20% used [0x0000000089600000,0x000000008a604c78,0x000000008e600000)
 Metaspace       used 25932K, capacity 26310K, committed 26624K, reserved 1073152K
  class space    used 2913K, capacity 3031K, committed 3072K, reserved 1048576K
Event: 295.853 GC heap after
Heap after GC invocations=15 (full 6):
 PSYoungGen      total 128000K, used 320K [0x00000000d8780000, 0x00000000e0980000, 0x0000000100000000)
  eden space 122880K, 0% used [0x00000000d8780000,0x00000000d8780000,0x00000000dff80000)
  from space 5120K, 6% used [0x00000000dff80000,0x00000000dffd0000,0x00000000e0480000)
  to   space 5120K, 0% used [0x00000000e0480000,0x00000000e0480000,0x00000000e0980000)
 ParOldGen       total 81920K, used 16411K [0x0000000089600000, 0x000000008e600000, 0x00000000d8780000)
  object space 81920K, 20% used [0x0000000089600000,0x000000008a606c78,0x000000008e600000)
 Metaspace       used 25932K, capacity 26310K, committed 26624K, reserved 1073152K
  class space    used 2913K, capacity 3031K, committed 3072K, reserved 1048576K
}
Event: 295.853 GC heap before
{Heap before GC invocations=16 (full 7):
 PSYoungGen      total 128000K, used 320K [0x00000000d8780000, 0x00000000e0980000, 0x0000000100000000)
  eden space 122880K, 0% used [0x00000000d8780000,0x00000000d8780000,0x00000000dff80000)
  from space 5120K, 6% used [0x00000000dff80000,0x00000000dffd0000,0x00000000e0480000)
  to   space 5120K, 0% used [0x00000000e0480000,0x00000000e0480000,0x00000000e0980000)
 ParOldGen       total 81920K, used 16411K [0x0000000089600000, 0x000000008e600000, 0x00000000d8780000)
  object space 81920K, 20% used [0x0000000089600000,0x000000008a606c78,0x000000008e600000)
 Metaspace       used 25932K, capacity 26310K, committed 26624K, reserved 1073152K
  class space    used 2913K, capacity 3031K, committed 3072K, reserved 1048576K
Event: 296.031 GC heap after
Heap after GC invocations=16 (full 7):
 PSYoungGen      total 128000K, used 0K [0x00000000d8780000, 0x00000000e0980000, 0x0000000100000000)
  eden space 122880K, 0% used [0x00000000d8780000,0x00000000d8780000,0x00000000dff80000)
  from space 5120K, 0% used [0x00000000dff80000,0x00000000dff80000,0x00000000e0480000)
  to   space 5120K, 0% used [0x00000000e0480000,0x00000000e0480000,0x00000000e0980000)
 ParOldGen       total 81920K, used 16532K [0x0000000089600000, 0x000000008e600000, 0x00000000d8780000)
  object space 81920K, 20% used [0x0000000089600000,0x000000008a6250e8,0x000000008e600000)
 Metaspace       used 25932K, capacity 26310K, committed 26624K, reserved 1073152K
  class space    used 2913K, capacity 3031K, committed 3072K, reserved 1048576K
}

