# JRE version: OpenJDK Runtime Environment (8.0_232-b09) (build 1.8.0_232-b09)
# Java VM: OpenJDK 64-Bit Server VM (25.232-b09 mixed mode linux-amd64 compressed oops)
Heap:
 PSYoungGen      total 66560K, used 16643K [0x00000000d8780000, 0x00000000dcd80000, 0x0000000100000000)
  eden space 61440K, 27% used [0x00000000d8780000,0x00000000d97c0c50,0x00000000dc380000)
  from space 5120K, 0% used [0x00000000dc380000,0x00000000dc380000,0x00000000dc880000)
  to   space 5120K, 0% used [0x00000000dc880000,0x00000000dc880000,0x00000000dcd80000)
 ParOldGen       total 81920K, used 14861K [0x0000000089600000, 0x000000008e600000, 0x00000000d8780000)
  object space 81920K, 18% used [0x0000000089600000,0x000000008a483568,0x000000008e600000)
 Metaspace       used 26450K, capacity 26816K, committed 27264K, reserved 1073152K
  class space    used 2972K, capacity 3094K, committed 3200K, reserved 1048576K
GC Heap History (20 events):
Event: 1.004 GC heap before
{Heap before GC invocations=1 (full 0):
 PSYoungGen      total 35840K, used 25854K [0x00000000d8780000, 0x00000000daf80000, 0x0000000100000000)
  eden space 30720K, 84% used [0x00000000d8780000,0x00000000da0bfb78,0x00000000da580000)
  from space 5120K, 0% used [0x00000000daa80000,0x00000000daa80000,0x00000000daf80000)
  to   space 5120K, 0% used [0x00000000da580000,0x00000000da580000,0x00000000daa80000)
 ParOldGen       total 81920K, used 0K [0x0000000089600000, 0x000000008e600000, 0x00000000d8780000)
  object space 81920K, 0% used [0x0000000089600000,0x0000000089600000,0x000000008e600000)
 Metaspace       used 19583K, capacity 19896K, committed 20096K, reserved 1067008K
  class space    used 2285K, capacity 2416K, committed 2432K, reserved 1048576K
Event: 1.020 GC heap after
Heap after GC invocations=1 (full 0):
 PSYoungGen      total 35840K, used 5095K [0x00000000d8780000, 0x00000000daf80000, 0x0000000100000000)
  eden space 30720K, 0% used [0x00000000d8780000,0x00000000d8780000,0x00000000da580000)
  from space 5120K, 99% used [0x00000000da580000,0x00000000daa79f00,0x00000000daa80000)
  to   space 5120K, 0% used [0x00000000daa80000,0x00000000daa80000,0x00000000daf80000)
 ParOldGen       total 81920K, used 1127K [0x0000000089600000, 0x000000008e600000, 0x00000000d8780000)
  object space 81920K, 1% used [0x0000000089600000,0x0000000089719dc0,0x000000008e600000)
 Metaspace       used 19583K, capacity 19896K, committed 20096K, reserved 1067008K
  class space    used 2285K, capacity 2416K, committed 2432K, reserved 1048576K
}
Event: 1.020 GC heap before
{Heap before GC invocations=2 (full 1):
 PSYoungGen      total 35840K, used 5095K [0x00000000d8780000, 0x00000000daf80000, 0x0000000100000000)
  eden space 30720K, 0% used [0x00000000d8780000,0x00000000d8780000,0x00000000da580000)
  from space 5120K, 99% used [0x00000000da580000,0x00000000daa79f00,0x00000000daa80000)
  to   space 5120K, 0% used [0x00000000daa80000,0x00000000daa80000,0x00000000daf80000)
 ParOldGen       total 81920K, used 1127K [0x0000000089600000, 0x000000008e600000, 0x00000000d8780000)
  object space 81920K, 1% used [0x0000000089600000,0x0000000089719dc0,0x000000008e600000)
 Metaspace       used 19583K, capacity 19896K, committed 20096K, reserved 1067008K
  class space    used 2285K, capacity 2416K, committed 2432K, reserved 1048576K
Event: 1.053 GC heap after
Heap after GC invocations=2 (full 1):
 PSYoungGen      total 35840K, used 0K [0x00000000d8780000, 0x00000000daf80000, 0x0000000100000000)
  eden space 30720K, 0% used [0x00000000d8780000,0x00000000d8780000,0x00000000da580000)
  from space 5120K, 0% used [0x00000000da580000,0x00000000da580000,0x00000000daa80000)
  to   space 5120K, 0% used [0x00000000daa80000,0x00000000daa80000,0x00000000daf80000)
 ParOldGen       total 81920K, used 5988K [0x0000000089600000, 0x000000008e600000, 0x00000000d8780000)
  object space 81920K, 7% used [0x0000000089600000,0x0000000089bd9350,0x000000008e600000)
 Metaspace       used 19582K, capacity 19890K, committed 20096K, reserved 1067008K
  class space    used 2284K, capacity 2415K, committed 2432K, reserved 1048576K
}
Event: 1.361 GC heap before
{Heap before GC invocations=3 (full 1):
 PSYoungGen      total 35840K, used 30720K [0x00000000d8780000, 0x00000000daf80000, 0x0000000100000000)
  eden space 30720K, 100% used [0x00000000d8780000,0x00000000da580000,0x00000000da580000)
  from space 5120K, 0% used [0x00000000da580000,0x00000000da580000,0x00000000daa80000)
  to   space 5120K, 0% used [0x00000000daa80000,0x00000000daa80000,0x00000000daf80000)
 ParOldGen       total 81920K, used 5988K [0x0000000089600000, 0x000000008e600000, 0x00000000d8780000)
  object space 81920K, 7% used [0x0000000089600000,0x0000000089bd9350,0x000000008e600000)
 Metaspace       used 21789K, capacity 22098K, committed 22400K, reserved 1069056K
  class space    used 2533K, capacity 2639K, committed 2688K, reserved 1048576K
Event: 1.368 GC heap after
Heap after GC invocations=3 (full 1):
 PSYoungGen      total 35840K, used 3577K [0x00000000d8780000, 0x00000000dcd80000, 0x0000000100000000)
  eden space 30720K, 0% used [0x00000000d8780000,0x00000000d8780000,0x00000000da580000)
  from space 5120K, 69% used [0x00000000daa80000,0x00000000dadfe5b8,0x00000000daf80000)
  to   space 5120K, 0% used [0x00000000da580000,0x00000000da580000,0x00000000daa80000)
 ParOldGen       total 81920K, used 5996K [0x0000000089600000, 0x000000008e600000, 0x00000000d8780000)
  object space 81920K, 7% used [0x0000000089600000,0x0000000089bdb350,0x000000008e600000)
 Metaspace       used 21789K, capacity 22098K, committed 22400K, reserved 1069056K
  class space    used 2533K, capacity 2639K, committed 2688K, reserved 1048576K
}
Event: 1.473 GC heap before
{Heap before GC invocations=4 (full 1):
 PSYoungGen      total 35840K, used 10333K [0x00000000d8780000, 0x00000000dcd80000, 0x0000000100000000)
  eden space 30720K, 21% used [0x00000000d8780000,0x00000000d8e190a8,0x00000000da580000)
  from space 5120K, 69% used [0x00000000daa80000,0x00000000dadfe5b8,0x00000000daf80000)
  to   space 5120K, 0% used [0x00000000da580000,0x00000000da580000,0x00000000daa80000)
 ParOldGen       total 81920K, used 5996K [0x0000000089600000, 0x000000008e600000, 0x00000000d8780000)
  object space 81920K, 7% used [0x0000000089600000,0x0000000089bdb350,0x000000008e600000)
 Metaspace       used 22003K, capacity 22322K, committed 22656K, reserved 1069056K
  class space    used 2550K, capacity 2671K, committed 2688K, reserved 1048576K
Event: 1.479 GC heap after
Heap after GC invocations=4 (full 1):
 PSYoungGen      total 35840K, used 3591K [0x00000000d8780000, 0x00000000dcd80000, 0x0000000100000000)
  eden space 30720K, 0% used [0x00000000d8780000,0x00000000d8780000,0x00000000da580000)
  from space 5120K, 70% used [0x00000000da580000,0x00000000da901d88,0x00000000daa80000)
  to   space 5120K, 0% used [0x00000000dc880000,0x00000000dc880000,0x00000000dcd80000)
 ParOldGen       total 81920K, used 6004K [0x0000000089600000, 0x000000008e600000, 0x00000000d8780000)
  object space 81920K, 7% used [0x0000000089600000,0x0000000089bdd350,0x000000008e600000)
 Metaspace       used 22003K, capacity 22322K, committed 22656K, reserved 1069056K
  class space    used 2550K, capacity 2671K, committed 2688K, reserved 1048576K
}
Event: 1.479 GC heap before
{Heap before GC invocations=5 (full 2):
 PSYoungGen      total 35840K, used 3591K [0x00000000d8780000, 0x00000000dcd80000, 0x0000000100000000)
  eden space 30720K, 0% used [0x00000000d8780000,0x00000000d8780000,0x00000000da580000)
  from space 5120K, 70% used [0x00000000da580000,0x00000000da901d88,0x00000000daa80000)
  to   space 5120K, 0% used [0x00000000dc880000,0x00000000dc880000,0x00000000dcd80000)
 ParOldGen       total 81920K, used 6004K [0x0000000089600000, 0x000000008e600000, 0x00000000d8780000)
  object space 81920K, 7% used [0x0000000089600000,0x0000000089bdd350,0x000000008e600000)
 Metaspace       used 22003K, capacity 22322K, committed 22656K, reserved 1069056K
  class space    used 2550K, capacity 2671K, committed 2688K, reserved 1048576K
Event: 1.544 GC heap after
Heap after GC invocations=5 (full 2):
 PSYoungGen      total 35840K, used 0K [0x00000000d8780000, 0x00000000dcd80000, 0x0000000100000000)
  eden space 30720K, 0% used [0x00000000d8780000,0x00000000d8780000,0x00000000da580000)
  from space 5120K, 0% used [0x00000000da580000,0x00000000da580000,0x00000000daa80000)
  to   space 5120K, 0% used [0x00000000dc880000,0x00000000dc880000,0x00000000dcd80000)
 ParOldGen       total 81920K, used 8023K [0x0000000089600000, 0x000000008e600000, 0x00000000d8780000)
  object space 81920K, 9% used [0x0000000089600000,0x0000000089dd5f18,0x000000008e600000)
 Metaspace       used 22003K, capacity 22322K, committed 22656K, reserved 1069056K
  class space    used 2550K, capacity 2671K, committed 2688K, reserved 1048576K
}
Event: 2.477 GC heap before
{Heap before GC invocations=6 (full 2):
 PSYoungGen      total 35840K, used 30720K [0x00000000d8780000, 0x00000000dcd80000, 0x0000000100000000)
  eden space 30720K, 100% used [0x00000000d8780000,0x00000000da580000,0x00000000da580000)
  from space 5120K, 0% used [0x00000000da580000,0x00000000da580000,0x00000000daa80000)
  to   space 5120K, 0% used [0x00000000dc880000,0x00000000dc880000,0x00000000dcd80000)
 ParOldGen       total 81920K, used 8023K [0x0000000089600000, 0x000000008e600000, 0x00000000d8780000)
  object space 81920K, 9% used [0x0000000089600000,0x0000000089dd5f18,0x000000008e600000)
 Metaspace       used 24072K, capacity 24480K, committed 24960K, reserved 1071104K
  class space    used 2765K, capacity 2870K, committed 2944K, reserved 1048576K
Event: 2.485 GC heap after
Heap after GC invocations=6 (full 2):
 PSYoungGen      total 66560K, used 5120K [0x00000000d8780000, 0x00000000dcd80000, 0x0000000100000000)
  eden space 61440K, 0% used [0x00000000d8780000,0x00000000d8780000,0x00000000dc380000)
  from space 5120K, 100% used [0x00000000dc880000,0x00000000dcd80000,0x00000000dcd80000)
  to   space 5120K, 0% used [0x00000000dc380000,0x00000000dc380000,0x00000000dc880000)
 ParOldGen       total 81920K, used 9204K [0x0000000089600000, 0x000000008e600000, 0x00000000d8780000)
  object space 81920K, 11% used [0x0000000089600000,0x0000000089efd1b0,0x000000008e600000)
 Metaspace       used 24072K, capacity 24480K, committed 24960K, reserved 1071104K
  class space    used 2765K, capacity 2870K, committed 2944K, reserved 1048576K
}
Event: 32.432 GC heap before
{Heap before GC invocations=7 (full 2):
 PSYoungGen      total 66560K, used 66560K [0x00000000d8780000, 0x00000000dcd80000, 0x0000000100000000)
  eden space 61440K, 100% used [0x00000000d8780000,0x00000000dc380000,0x00000000dc380000)
  from space 5120K, 100% used [0x00000000dc880000,0x00000000dcd80000,0x00000000dcd80000)
  to   space 5120K, 0% used [0x00000000dc380000,0x00000000dc380000,0x00000000dc880000)
 ParOldGen       total 81920K, used 9204K [0x0000000089600000, 0x000000008e600000, 0x00000000d8780000)
  object space 81920K, 11% used [0x0000000089600000,0x0000000089efd1b0,0x000000008e600000)
 Metaspace       used 25806K, capacity 26144K, committed 26368K, reserved 1073152K
  class space    used 2942K, capacity 3062K, committed 3072K, reserved 1048576K
Event: 32.445 GC heap after
Heap after GC invocations=7 (full 2):
 PSYoungGen      total 66560K, used 5120K [0x00000000d8780000, 0x00000000dcd80000, 0x0000000100000000)
  eden space 61440K, 0% used [0x00000000d8780000,0x00000000d8780000,0x00000000dc380000)
  from space 5120K, 100% used [0x00000000dc380000,0x00000000dc880000,0x00000000dc880000)
  to   space 5120K, 0% used [0x00000000dc880000,0x00000000dc880000,0x00000000dcd80000)
 ParOldGen       total 81920K, used 10083K [0x0000000089600000, 0x000000008e600000, 0x00000000d8780000)
  object space 81920K, 12% used [0x0000000089600000,0x0000000089fd8c80,0x000000008e600000)
 Metaspace       used 25806K, capacity 26144K, committed 26368K, reserved 1073152K
  class space    used 2942K, capacity 3062K, committed 3072K, reserved 1048576K
}
Event: 34.003 GC heap before
{Heap before GC invocations=8 (full 2):
 PSYoungGen      total 66560K, used 66560K [0x00000000d8780000, 0x00000000dcd80000, 0x0000000100000000)
  eden space 61440K, 100% used [0x00000000d8780000,0x00000000dc380000,0x00000000dc380000)
  from space 5120K, 100% used [0x00000000dc380000,0x00000000dc880000,0x00000000dc880000)
  to   space 5120K, 0% used [0x00000000dc880000,0x00000000dc880000,0x00000000dcd80000)
 ParOldGen       total 81920K, used 10083K [0x0000000089600000, 0x000000008e600000, 0x00000000d8780000)
  object space 81920K, 12% used [0x0000000089600000,0x0000000089fd8c80,0x000000008e600000)
 Metaspace       used 25898K, capacity 26272K, committed 26624K, reserved 1073152K
  class space    used 2942K, capacity 3062K, committed 3072K, reserved 1048576K
Event: 34.009 GC heap after
Heap after GC invocations=8 (full 2):
 PSYoungGen      total 66560K, used 5120K [0x00000000d8780000, 0x00000000dcd80000, 0x0000000100000000)
  eden space 61440K, 0% used [0x00000000d8780000,0x00000000d8780000,0x00000000dc380000)
  from space 5120K, 100% used [0x00000000dc880000,0x00000000dcd80000,0x00000000dcd80000)
  to   space 5120K, 0% used [0x00000000dc380000,0x00000000dc380000,0x00000000dc880000)
 ParOldGen       total 81920K, used 10107K [0x0000000089600000, 0x000000008e600000, 0x00000000d8780000)
  object space 81920K, 12% used [0x0000000089600000,0x0000000089fdec80,0x000000008e600000)
 Metaspace       used 25898K, capacity 26272K, committed 26624K, reserved 1073152K
  class space    used 2942K, capacity 3062K, committed 3072K, reserved 1048576K
}
Event: 51.518 GC heap before
{Heap before GC invocations=9 (full 2):
 PSYoungGen      total 66560K, used 46560K [0x00000000d8780000, 0x00000000dcd80000, 0x0000000100000000)
  eden space 61440K, 67% used [0x00000000d8780000,0x00000000daff8278,0x00000000dc380000)
  from space 5120K, 100% used [0x00000000dc880000,0x00000000dcd80000,0x00000000dcd80000)
  to   space 5120K, 0% used [0x00000000dc380000,0x00000000dc380000,0x00000000dc880000)
 ParOldGen       total 81920K, used 10107K [0x0000000089600000, 0x000000008e600000, 0x00000000d8780000)
  object space 81920K, 12% used [0x0000000089600000,0x0000000089fdec80,0x000000008e600000)
 Metaspace       used 26026K, capacity 26400K, committed 26624K, reserved 1073152K
  class space    used 2942K, capacity 3062K, committed 3072K, reserved 1048576K
Event: 51.530 GC heap after
Heap after GC invocations=9 (full 2):
 PSYoungGen      total 66560K, used 5120K [0x00000000d8780000, 0x00000000dcd80000, 0x0000000100000000)
  eden space 61440K, 0% used [0x00000000d8780000,0x00000000d8780000,0x00000000dc380000)
  from space 5120K, 100% used [0x00000000dc380000,0x00000000dc880000,0x00000000dc880000)
  to   space 5120K, 0% used [0x00000000dc880000,0x00000000dc880000,0x00000000dcd80000)
 ParOldGen       total 81920K, used 10559K [0x0000000089600000, 0x000000008e600000, 0x00000000d8780000)
  object space 81920K, 12% used [0x0000000089600000,0x000000008a04fd30,0x000000008e600000)
 Metaspace       used 26026K, capacity 26400K, committed 26624K, reserved 1073152K
  class space    used 2942K, capacity 3062K, committed 3072K, reserved 1048576K
}
Event: 51.530 GC heap before
{Heap before GC invocations=10 (full 3):
 PSYoungGen      total 66560K, used 5120K [0x00000000d8780000, 0x00000000dcd80000, 0x0000000100000000)
  eden space 61440K, 0% used [0x00000000d8780000,0x00000000d8780000,0x00000000dc380000)
  from space 5120K, 100% used [0x00000000dc380000,0x00000000dc880000,0x00000000dc880000)
  to   space 5120K, 0% used [0x00000000dc880000,0x00000000dc880000,0x00000000dcd80000)
 ParOldGen       total 81920K, used 10559K [0x0000000089600000, 0x000000008e600000, 0x00000000d8780000)
  object space 81920K, 12% used [0x0000000089600000,0x000000008a04fd30,0x000000008e600000)
 Metaspace       used 26026K, capacity 26400K, committed 26624K, reserved 1073152K
  class space    used 2942K, capacity 3062K, committed 3072K, reserved 1048576K
Event: 51.733 GC heap after
Heap after GC invocations=10 (full 3):
 PSYoungGen      total 66560K, used 0K [0x00000000d8780000, 0x00000000dcd80000, 0x0000000100000000)
  eden space 61440K, 0% used [0x00000000d8780000,0x00000000d8780000,0x00000000dc380000)
  from space 5120K, 0% used [0x00000000dc380000,0x00000000dc380000,0x00000000dc880000)
  to   space 5120K, 0% used [0x00000000dc880000,0x00000000dc880000,0x00000000dcd80000)
 ParOldGen       total 81920K, used 14861K [0x0000000089600000, 0x000000008e600000, 0x00000000d8780000)
  object space 81920K, 18% used [0x0000000089600000,0x000000008a483568,0x000000008e600000)
 Metaspace       used 26026K, capacity 26400K, committed 26624K, reserved 1073152K
  class space    used 2942K, capacity 3062K, committed 3072K, reserved 1048576K
}

