# JRE version: OpenJDK Runtime Environment (8.0_232-b09) (build 1.8.0_232-b09)
# Java VM: OpenJDK 64-Bit Server VM (25.232-b09 mixed mode linux-amd64 compressed oops)
Heap:
 PSYoungGen      total 52224K, used 7840K [0x00000000d8780000, 0x00000000dc280000, 0x0000000100000000)
  eden space 47104K, 6% used [0x00000000d8780000,0x00000000d8aa00c0,0x00000000db580000)
  from space 5120K, 90% used [0x00000000db680000,0x00000000dbb08000,0x00000000dbb80000)
  to   space 6656K, 0% used [0x00000000dbc00000,0x00000000dbc00000,0x00000000dc280000)
 ParOldGen       total 81920K, used 13179K [0x0000000089600000, 0x000000008e600000, 0x00000000d8780000)
  object space 81920K, 16% used [0x0000000089600000,0x000000008a2dec00,0x000000008e600000)
 Metaspace       used 27378K, capacity 27758K, committed 28288K, reserved 1075200K
  class space    used 3001K, capacity 3129K, committed 3200K, reserved 1048576K
GC Heap History (40 events):
Event: 1.819 GC heap before
{Heap before GC invocations=1 (full 0):
 PSYoungGen      total 35840K, used 25831K [0x00000000d8780000, 0x00000000daf80000, 0x0000000100000000)
  eden space 30720K, 84% used [0x00000000d8780000,0x00000000da0b9fd0,0x00000000da580000)
  from space 5120K, 0% used [0x00000000daa80000,0x00000000daa80000,0x00000000daf80000)
  to   space 5120K, 0% used [0x00000000da580000,0x00000000da580000,0x00000000daa80000)
 ParOldGen       total 81920K, used 0K [0x0000000089600000, 0x000000008e600000, 0x00000000d8780000)
  object space 81920K, 0% used [0x0000000089600000,0x0000000089600000,0x000000008e600000)
 Metaspace       used 19658K, capacity 19960K, committed 20352K, reserved 1067008K
  class space    used 2282K, capacity 2416K, committed 2432K, reserved 1048576K
Event: 1.830 GC heap after
Heap after GC invocations=1 (full 0):
 PSYoungGen      total 35840K, used 5114K [0x00000000d8780000, 0x00000000daf80000, 0x0000000100000000)
  eden space 30720K, 0% used [0x00000000d8780000,0x00000000d8780000,0x00000000da580000)
  from space 5120K, 99% used [0x00000000da580000,0x00000000daa7ea00,0x00000000daa80000)
  to   space 5120K, 0% used [0x00000000daa80000,0x00000000daa80000,0x00000000daf80000)
 ParOldGen       total 81920K, used 871K [0x0000000089600000, 0x000000008e600000, 0x00000000d8780000)
  object space 81920K, 1% used [0x0000000089600000,0x00000000896d9ee0,0x000000008e600000)
 Metaspace       used 19658K, capacity 19960K, committed 20352K, reserved 1067008K
  class space    used 2282K, capacity 2416K, committed 2432K, reserved 1048576K
}
Event: 1.830 GC heap before
{Heap before GC invocations=2 (full 1):
 PSYoungGen      total 35840K, used 5114K [0x00000000d8780000, 0x00000000daf80000, 0x0000000100000000)
  eden space 30720K, 0% used [0x00000000d8780000,0x00000000d8780000,0x00000000da580000)
  from space 5120K, 99% used [0x00000000da580000,0x00000000daa7ea00,0x00000000daa80000)
  to   space 5120K, 0% used [0x00000000daa80000,0x00000000daa80000,0x00000000daf80000)
 ParOldGen       total 81920K, used 871K [0x0000000089600000, 0x000000008e600000, 0x00000000d8780000)
  object space 81920K, 1% used [0x0000000089600000,0x00000000896d9ee0,0x000000008e600000)
 Metaspace       used 19658K, capacity 19960K, committed 20352K, reserved 1067008K
  class space    used 2282K, capacity 2416K, committed 2432K, reserved 1048576K
Event: 1.865 GC heap after
Heap after GC invocations=2 (full 1):
 PSYoungGen      total 35840K, used 0K [0x00000000d8780000, 0x00000000daf80000, 0x0000000100000000)
  eden space 30720K, 0% used [0x00000000d8780000,0x00000000d8780000,0x00000000da580000)
  from space 5120K, 0% used [0x00000000da580000,0x00000000da580000,0x00000000daa80000)
  to   space 5120K, 0% used [0x00000000daa80000,0x00000000daa80000,0x00000000daf80000)
 ParOldGen       total 81920K, used 5819K [0x0000000089600000, 0x000000008e600000, 0x00000000d8780000)
  object space 81920K, 7% used [0x0000000089600000,0x0000000089baefc0,0x000000008e600000)
 Metaspace       used 19656K, capacity 19954K, committed 20352K, reserved 1067008K
  class space    used 2281K, capacity 2415K, committed 2432K, reserved 1048576K
}
Event: 1.944 GC heap before
{Heap before GC invocations=3 (full 1):
 PSYoungGen      total 35840K, used 5420K [0x00000000d8780000, 0x00000000daf80000, 0x0000000100000000)
  eden space 30720K, 17% used [0x00000000d8780000,0x00000000d8ccb1b0,0x00000000da580000)
  from space 5120K, 0% used [0x00000000da580000,0x00000000da580000,0x00000000daa80000)
  to   space 5120K, 0% used [0x00000000daa80000,0x00000000daa80000,0x00000000daf80000)
 ParOldGen       total 81920K, used 5819K [0x0000000089600000, 0x000000008e600000, 0x00000000d8780000)
  object space 81920K, 7% used [0x0000000089600000,0x0000000089baefc0,0x000000008e600000)
 Metaspace       used 20045K, capacity 20306K, committed 20736K, reserved 1067008K
  class space    used 2335K, capacity 2447K, committed 2560K, reserved 1048576K
Event: 1.947 GC heap after
Heap after GC invocations=3 (full 1):
 PSYoungGen      total 35840K, used 611K [0x00000000d8780000, 0x00000000daf80000, 0x0000000100000000)
  eden space 30720K, 0% used [0x00000000d8780000,0x00000000d8780000,0x00000000da580000)
  from space 5120K, 11% used [0x00000000daa80000,0x00000000dab18c18,0x00000000daf80000)
  to   space 5120K, 0% used [0x00000000da580000,0x00000000da580000,0x00000000daa80000)
 ParOldGen       total 81920K, used 5827K [0x0000000089600000, 0x000000008e600000, 0x00000000d8780000)
  object space 81920K, 7% used [0x0000000089600000,0x0000000089bb0fc0,0x000000008e600000)
 Metaspace       used 20045K, capacity 20306K, committed 20736K, reserved 1067008K
  class space    used 2335K, capacity 2447K, committed 2560K, reserved 1048576K
}
Event: 1.947 GC heap before
{Heap before GC invocations=4 (full 2):
 PSYoungGen      total 35840K, used 611K [0x00000000d8780000, 0x00000000daf80000, 0x0000000100000000)
  eden space 30720K, 0% used [0x00000000d8780000,0x00000000d8780000,0x00000000da580000)
  from space 5120K, 11% used [0x00000000daa80000,0x00000000dab18c18,0x00000000daf80000)
  to   space 5120K, 0% used [0x00000000da580000,0x00000000da580000,0x00000000daa80000)
 ParOldGen       total 81920K, used 5827K [0x0000000089600000, 0x000000008e600000, 0x00000000d8780000)
  object space 81920K, 7% used [0x0000000089600000,0x0000000089bb0fc0,0x000000008e600000)
 Metaspace       used 20045K, capacity 20306K, committed 20736K, reserved 1067008K
  class space    used 2335K, capacity 2447K, committed 2560K, reserved 1048576K
Event: 1.981 GC heap after
Heap after GC invocations=4 (full 2):
 PSYoungGen      total 35840K, used 0K [0x00000000d8780000, 0x00000000daf80000, 0x0000000100000000)
  eden space 30720K, 0% used [0x00000000d8780000,0x00000000d8780000,0x00000000da580000)
  from space 5120K, 0% used [0x00000000daa80000,0x00000000daa80000,0x00000000daf80000)
  to   space 5120K, 0% used [0x00000000da580000,0x00000000da580000,0x00000000daa80000)
 ParOldGen       total 81920K, used 4897K [0x0000000089600000, 0x000000008e600000, 0x00000000d8780000)
  object space 81920K, 5% used [0x0000000089600000,0x0000000089ac87f8,0x000000008e600000)
 Metaspace       used 20045K, capacity 20306K, committed 20736K, reserved 1067008K
  class space    used 2335K, capacity 2447K, committed 2560K, reserved 1048576K
}
Event: 2.319 GC heap before
{Heap before GC invocations=5 (full 2):
 PSYoungGen      total 35840K, used 30720K [0x00000000d8780000, 0x00000000daf80000, 0x0000000100000000)
  eden space 30720K, 100% used [0x00000000d8780000,0x00000000da580000,0x00000000da580000)
  from space 5120K, 0% used [0x00000000daa80000,0x00000000daa80000,0x00000000daf80000)
  to   space 5120K, 0% used [0x00000000da580000,0x00000000da580000,0x00000000daa80000)
 ParOldGen       total 81920K, used 4897K [0x0000000089600000, 0x000000008e600000, 0x00000000d8780000)
  object space 81920K, 5% used [0x0000000089600000,0x0000000089ac87f8,0x000000008e600000)
 Metaspace       used 21863K, capacity 22162K, committed 22400K, reserved 1069056K
  class space    used 2532K, capacity 2639K, committed 2688K, reserved 1048576K
Event: 2.325 GC heap after
Heap after GC invocations=5 (full 2):
 PSYoungGen      total 35840K, used 3440K [0x00000000d8780000, 0x00000000dcd80000, 0x0000000100000000)
  eden space 30720K, 0% used [0x00000000d8780000,0x00000000d8780000,0x00000000da580000)
  from space 5120K, 67% used [0x00000000da580000,0x00000000da8dc010,0x00000000daa80000)
  to   space 5120K, 0% used [0x00000000dc880000,0x00000000dc880000,0x00000000dcd80000)
 ParOldGen       total 81920K, used 4905K [0x0000000089600000, 0x000000008e600000, 0x00000000d8780000)
  object space 81920K, 5% used [0x0000000089600000,0x0000000089aca7f8,0x000000008e600000)
 Metaspace       used 21863K, capacity 22162K, committed 22400K, reserved 1069056K
  class space    used 2532K, capacity 2639K, committed 2688K, reserved 1048576K
}
Event: 36.652 GC heap before
{Heap before GC invocations=6 (full 2):
 PSYoungGen      total 35840K, used 20831K [0x00000000d8780000, 0x00000000dcd80000, 0x0000000100000000)
  eden space 30720K, 56% used [0x00000000d8780000,0x00000000d987bbf0,0x00000000da580000)
  from space 5120K, 67% used [0x00000000da580000,0x00000000da8dc010,0x00000000daa80000)
  to   space 5120K, 0% used [0x00000000dc880000,0x00000000dc880000,0x00000000dcd80000)
 ParOldGen       total 81920K, used 4905K [0x0000000089600000, 0x000000008e600000, 0x00000000d8780000)
  object space 81920K, 5% used [0x0000000089600000,0x0000000089aca7f8,0x000000008e600000)
 Metaspace       used 24442K, capacity 24822K, committed 25216K, reserved 1071104K
  class space    used 2816K, capacity 2927K, committed 2944K, reserved 1048576K
Event: 36.660 GC heap after
Heap after GC invocations=6 (full 2):
 PSYoungGen      total 66560K, used 4490K [0x00000000d8780000, 0x00000000dcd80000, 0x0000000100000000)
  eden space 61440K, 0% used [0x00000000d8780000,0x00000000d8780000,0x00000000dc380000)
  from space 5120K, 87% used [0x00000000dc880000,0x00000000dcce2bc8,0x00000000dcd80000)
  to   space 5120K, 0% used [0x00000000dc380000,0x00000000dc380000,0x00000000dc880000)
 ParOldGen       total 81920K, used 4913K [0x0000000089600000, 0x000000008e600000, 0x00000000d8780000)
  object space 81920K, 5% used [0x0000000089600000,0x0000000089acc7f8,0x000000008e600000)
 Metaspace       used 24442K, capacity 24822K, committed 25216K, reserved 1071104K
  class space    used 2816K, capacity 2927K, committed 2944K, reserved 1048576K
}
Event: 36.660 GC heap before
{Heap before GC invocations=7 (full 3):
 PSYoungGen      total 66560K, used 4490K [0x00000000d8780000, 0x00000000dcd80000, 0x0000000100000000)
  eden space 61440K, 0% used [0x00000000d8780000,0x00000000d8780000,0x00000000dc380000)
  from space 5120K, 87% used [0x00000000dc880000,0x00000000dcce2bc8,0x00000000dcd80000)
  to   space 5120K, 0% used [0x00000000dc380000,0x00000000dc380000,0x00000000dc880000)
 ParOldGen       total 81920K, used 4913K [0x0000000089600000, 0x000000008e600000, 0x00000000d8780000)
  object space 81920K, 5% used [0x0000000089600000,0x0000000089acc7f8,0x000000008e600000)
 Metaspace       used 24442K, capacity 24822K, committed 25216K, reserved 1071104K
  class space    used 2816K, capacity 2927K, committed 2944K, reserved 1048576K
Event: 36.761 GC heap after
Heap after GC invocations=7 (full 3):
 PSYoungGen      total 66560K, used 0K [0x00000000d8780000, 0x00000000dcd80000, 0x0000000100000000)
  eden space 61440K, 0% used [0x00000000d8780000,0x00000000d8780000,0x00000000dc380000)
  from space 5120K, 0% used [0x00000000dc880000,0x00000000dc880000,0x00000000dcd80000)
  to   space 5120K, 0% used [0x00000000dc380000,0x00000000dc380000,0x00000000dc880000)
 ParOldGen       total 81920K, used 8857K [0x0000000089600000, 0x000000008e600000, 0x00000000d8780000)
  object space 81920K, 10% used [0x0000000089600000,0x0000000089ea65c0,0x000000008e600000)
 Metaspace       used 24442K, capacity 24822K, committed 25216K, reserved 1071104K
  class space    used 2816K, capacity 2927K, committed 2944K, reserved 1048576K
}
Event: 150.191 GC heap before
{Heap before GC invocations=8 (full 3):
 PSYoungGen      total 66560K, used 61440K [0x00000000d8780000, 0x00000000dcd80000, 0x0000000100000000)
  eden space 61440K, 100% used [0x00000000d8780000,0x00000000dc380000,0x00000000dc380000)
  from space 5120K, 0% used [0x00000000dc880000,0x00000000dc880000,0x00000000dcd80000)
  to   space 5120K, 0% used [0x00000000dc380000,0x00000000dc380000,0x00000000dc880000)
 ParOldGen       total 81920K, used 8857K [0x0000000089600000, 0x000000008e600000, 0x00000000d8780000)
  object space 81920K, 10% used [0x0000000089600000,0x0000000089ea65c0,0x000000008e600000)
 Metaspace       used 26283K, capacity 26632K, committed 27008K, reserved 1073152K
  class space    used 2969K, capacity 3096K, committed 3200K, reserved 1048576K
Event: 150.197 GC heap after
Heap after GC invocations=8 (full 3):
 PSYoungGen      total 66560K, used 3280K [0x00000000d8780000, 0x00000000dcd80000, 0x0000000100000000)
  eden space 61440K, 0% used [0x00000000d8780000,0x00000000d8780000,0x00000000dc380000)
  from space 5120K, 64% used [0x00000000dc380000,0x00000000dc6b4010,0x00000000dc880000)
  to   space 5120K, 0% used [0x00000000dc880000,0x00000000dc880000,0x00000000dcd80000)
 ParOldGen       total 81920K, used 8865K [0x0000000089600000, 0x000000008e600000, 0x00000000d8780000)
  object space 81920K, 10% used [0x0000000089600000,0x0000000089ea85c0,0x000000008e600000)
 Metaspace       used 26283K, capacity 26632K, committed 27008K, reserved 1073152K
  class space    used 2969K, capacity 3096K, committed 3200K, reserved 1048576K
}
Event: 152.536 GC heap before
{Heap before GC invocations=9 (full 3):
 PSYoungGen      total 66560K, used 64720K [0x00000000d8780000, 0x00000000dcd80000, 0x0000000100000000)
  eden space 61440K, 100% used [0x00000000d8780000,0x00000000dc380000,0x00000000dc380000)
  from space 5120K, 64% used [0x00000000dc380000,0x00000000dc6b4010,0x00000000dc880000)
  to   space 5120K, 0% used [0x00000000dc880000,0x00000000dc880000,0x00000000dcd80000)
 ParOldGen       total 81920K, used 8865K [0x0000000089600000, 0x000000008e600000, 0x00000000d8780000)
  object space 81920K, 10% used [0x0000000089600000,0x0000000089ea85c0,0x000000008e600000)
 Metaspace       used 26357K, capacity 26696K, committed 27264K, reserved 1073152K
  class space    used 2970K, capacity 3096K, committed 3200K, reserved 1048576K
Event: 152.542 GC heap after
Heap after GC invocations=9 (full 3):
 PSYoungGen      total 66560K, used 2928K [0x00000000d8780000, 0x00000000dcd80000, 0x0000000100000000)
  eden space 61440K, 0% used [0x00000000d8780000,0x00000000d8780000,0x00000000dc380000)
  from space 5120K, 57% used [0x00000000dc880000,0x00000000dcb5c010,0x00000000dcd80000)
  to   space 5120K, 0% used [0x00000000dc380000,0x00000000dc380000,0x00000000dc880000)
 ParOldGen       total 81920K, used 8873K [0x0000000089600000, 0x000000008e600000, 0x00000000d8780000)
  object space 81920K, 10% used [0x0000000089600000,0x0000000089eaa5c0,0x000000008e600000)
 Metaspace       used 26357K, capacity 26696K, committed 27264K, reserved 1073152K
  class space    used 2970K, capacity 3096K, committed 3200K, reserved 1048576K
}
Event: 159.250 GC heap before
{Heap before GC invocations=10 (full 3):
 PSYoungGen      total 66560K, used 64368K [0x00000000d8780000, 0x00000000dcd80000, 0x0000000100000000)
  eden space 61440K, 100% used [0x00000000d8780000,0x00000000dc380000,0x00000000dc380000)
  from space 5120K, 57% used [0x00000000dc880000,0x00000000dcb5c010,0x00000000dcd80000)
  to   space 5120K, 0% used [0x00000000dc380000,0x00000000dc380000,0x00000000dc880000)
 ParOldGen       total 81920K, used 8873K [0x0000000089600000, 0x000000008e600000, 0x00000000d8780000)
  object space 81920K, 10% used [0x0000000089600000,0x0000000089eaa5c0,0x000000008e600000)
 Metaspace       used 26423K, capacity 26824K, committed 27264K, reserved 1073152K
  class space    used 2975K, capacity 3096K, committed 3200K, reserved 1048576K
Event: 159.257 GC heap after
Heap after GC invocations=10 (full 3):
 PSYoungGen      total 66560K, used 3072K [0x00000000d8780000, 0x00000000dcd80000, 0x0000000100000000)
  eden space 61440K, 0% used [0x00000000d8780000,0x00000000d8780000,0x00000000dc380000)
  from space 5120K, 60% used [0x00000000dc380000,0x00000000dc680000,0x00000000dc880000)
  to   space 5120K, 0% used [0x00000000dc880000,0x00000000dc880000,0x00000000dcd80000)
 ParOldGen       total 81920K, used 8881K [0x0000000089600000, 0x000000008e600000, 0x00000000d8780000)
  object space 81920K, 10% used [0x0000000089600000,0x0000000089eac5c0,0x000000008e600000)
 Metaspace       used 26423K, capacity 26824K, committed 27264K, reserved 1073152K
  class space    used 2975K, capacity 3096K, committed 3200K, reserved 1048576K
}
Event: 168.017 GC heap before
{Heap before GC invocations=11 (full 3):
 PSYoungGen      total 66560K, used 64512K [0x00000000d8780000, 0x00000000dcd80000, 0x0000000100000000)
  eden space 61440K, 100% used [0x00000000d8780000,0x00000000dc380000,0x00000000dc380000)
  from space 5120K, 60% used [0x00000000dc380000,0x00000000dc680000,0x00000000dc880000)
  to   space 5120K, 0% used [0x00000000dc880000,0x00000000dc880000,0x00000000dcd80000)
 ParOldGen       total 81920K, used 8881K [0x0000000089600000, 0x000000008e600000, 0x00000000d8780000)
  object space 81920K, 10% used [0x0000000089600000,0x0000000089eac5c0,0x000000008e600000)
 Metaspace       used 26511K, capacity 26824K, committed 27264K, reserved 1073152K
  class space    used 2975K, capacity 3096K, committed 3200K, reserved 1048576K
Event: 168.023 GC heap after
Heap after GC invocations=11 (full 3):
 PSYoungGen      total 64512K, used 3104K [0x00000000d8780000, 0x00000000dcd00000, 0x0000000100000000)
  eden space 59904K, 0% used [0x00000000d8780000,0x00000000d8780000,0x00000000dc200000)
  from space 4608K, 67% used [0x00000000dc880000,0x00000000dcb88000,0x00000000dcd00000)
  to   space 5632K, 0% used [0x00000000dc200000,0x00000000dc200000,0x00000000dc780000)
 ParOldGen       total 81920K, used 8881K [0x0000000089600000, 0x000000008e600000, 0x00000000d8780000)
  object space 81920K, 10% used [0x0000000089600000,0x0000000089eac5c0,0x000000008e600000)
 Metaspace       used 26511K, capacity 26824K, committed 27264K, reserved 1073152K
  class space    used 2975K, capacity 3096K, committed 3200K, reserved 1048576K
}
Event: 175.053 GC heap before
{Heap before GC invocations=12 (full 3):
 PSYoungGen      total 64512K, used 63008K [0x00000000d8780000, 0x00000000dcd00000, 0x0000000100000000)
  eden space 59904K, 100% used [0x00000000d8780000,0x00000000dc200000,0x00000000dc200000)
  from space 4608K, 67% used [0x00000000dc880000,0x00000000dcb88000,0x00000000dcd00000)
  to   space 5632K, 0% used [0x00000000dc200000,0x00000000dc200000,0x00000000dc780000)
 ParOldGen       total 81920K, used 8881K [0x0000000089600000, 0x000000008e600000, 0x00000000d8780000)
  object space 81920K, 10% used [0x0000000089600000,0x0000000089eac5c0,0x000000008e600000)
 Metaspace       used 26542K, capacity 26952K, committed 27520K, reserved 1073152K
  class space    used 2975K, capacity 3096K, committed 3200K, reserved 1048576K
Event: 175.059 GC heap after
Heap after GC invocations=12 (full 3):
 PSYoungGen      total 61952K, used 3200K [0x00000000d8780000, 0x00000000dca80000, 0x0000000100000000)
  eden space 58368K, 0% used [0x00000000d8780000,0x00000000d8780000,0x00000000dc080000)
  from space 3584K, 89% used [0x00000000dc200000,0x00000000dc520000,0x00000000dc580000)
  to   space 5120K, 0% used [0x00000000dc580000,0x00000000dc580000,0x00000000dca80000)
 ParOldGen       total 81920K, used 8889K [0x0000000089600000, 0x000000008e600000, 0x00000000d8780000)
  object space 81920K, 10% used [0x0000000089600000,0x0000000089eae5c0,0x000000008e600000)
 Metaspace       used 26542K, capacity 26952K, committed 27520K, reserved 1073152K
  class space    used 2975K, capacity 3096K, committed 3200K, reserved 1048576K
}
Event: 185.093 GC heap before
{Heap before GC invocations=13 (full 3):
 PSYoungGen      total 61952K, used 61568K [0x00000000d8780000, 0x00000000dca80000, 0x0000000100000000)
  eden space 58368K, 100% used [0x00000000d8780000,0x00000000dc080000,0x00000000dc080000)
  from space 3584K, 89% used [0x00000000dc200000,0x00000000dc520000,0x00000000dc580000)
  to   space 5120K, 0% used [0x00000000dc580000,0x00000000dc580000,0x00000000dca80000)
 ParOldGen       total 81920K, used 8889K [0x0000000089600000, 0x000000008e600000, 0x00000000d8780000)
  object space 81920K, 10% used [0x0000000089600000,0x0000000089eae5c0,0x000000008e600000)
 Metaspace       used 26582K, capacity 26952K, committed 27520K, reserved 1073152K
  class space    used 2983K, capacity 3096K, committed 3200K, reserved 1048576K
Event: 185.099 GC heap after
Heap after GC invocations=13 (full 3):
 PSYoungGen      total 61440K, used 480K [0x00000000d8780000, 0x00000000dca00000, 0x0000000100000000)
  eden space 56832K, 0% used [0x00000000d8780000,0x00000000d8780000,0x00000000dbf00000)
  from space 4608K, 10% used [0x00000000dc580000,0x00000000dc5f8000,0x00000000dca00000)
  to   space 5632K, 0% used [0x00000000dbf00000,0x00000000dbf00000,0x00000000dc480000)
 ParOldGen       total 81920K, used 11685K [0x0000000089600000, 0x000000008e600000, 0x00000000d8780000)
  object space 81920K, 14% used [0x0000000089600000,0x000000008a1695c8,0x000000008e600000)
 Metaspace       used 26582K, capacity 26952K, committed 27520K, reserved 1073152K
  class space    used 2983K, capacity 3096K, committed 3200K, reserved 1048576K
}
Event: 274.010 GC heap before
{Heap before GC invocations=14 (full 3):
 PSYoungGen      total 61440K, used 57312K [0x00000000d8780000, 0x00000000dca00000, 0x0000000100000000)
  eden space 56832K, 100% used [0x00000000d8780000,0x00000000dbf00000,0x00000000dbf00000)
  from space 4608K, 10% used [0x00000000dc580000,0x00000000dc5f8000,0x00000000dca00000)
  to   space 5632K, 0% used [0x00000000dbf00000,0x00000000dbf00000,0x00000000dc480000)
 ParOldGen       total 81920K, used 11685K [0x0000000089600000, 0x000000008e600000, 0x00000000d8780000)
  object space 81920K, 14% used [0x0000000089600000,0x000000008a1695c8,0x000000008e600000)
 Metaspace       used 26788K, capacity 27182K, committed 27520K, reserved 1073152K
  class space    used 2995K, capacity 3129K, committed 3200K, reserved 1048576K
Event: 274.014 GC heap after
Heap after GC invocations=14 (full 3):
 PSYoungGen      total 56320K, used 592K [0x00000000d8780000, 0x00000000dc880000, 0x0000000100000000)
  eden space 55296K, 0% used [0x00000000d8780000,0x00000000d8780000,0x00000000dbd80000)
  from space 1024K, 57% used [0x00000000dbf00000,0x00000000dbf94010,0x00000000dc000000)
  to   space 5632K, 0% used [0x00000000dc300000,0x00000000dc300000,0x00000000dc880000)
 ParOldGen       total 81920K, used 11845K [0x0000000089600000, 0x000000008e600000, 0x00000000d8780000)
  object space 81920K, 14% used [0x0000000089600000,0x000000008a1915c8,0x000000008e600000)
 Metaspace       used 26788K, capacity 27182K, committed 27520K, reserved 1073152K
  class space    used 2995K, capacity 3129K, committed 3200K, reserved 1048576K
}
Event: 384.653 GC heap before
{Heap before GC invocations=15 (full 3):
 PSYoungGen      total 56320K, used 55888K [0x00000000d8780000, 0x00000000dc880000, 0x0000000100000000)
  eden space 55296K, 100% used [0x00000000d8780000,0x00000000dbd80000,0x00000000dbd80000)
  from space 1024K, 57% used [0x00000000dbf00000,0x00000000dbf94010,0x00000000dc000000)
  to   space 5632K, 0% used [0x00000000dc300000,0x00000000dc300000,0x00000000dc880000)
 ParOldGen       total 81920K, used 11845K [0x0000000089600000, 0x000000008e600000, 0x00000000d8780000)
  object space 81920K, 14% used [0x0000000089600000,0x000000008a1915c8,0x000000008e600000)
 Metaspace       used 26963K, capacity 27310K, committed 27776K, reserved 1073152K
  class space    used 2996K, capacity 3129K, committed 3200K, reserved 1048576K
Event: 384.658 GC heap after
Heap after GC invocations=15 (full 3):
 PSYoungGen      total 58880K, used 720K [0x00000000d8780000, 0x00000000dc800000, 0x0000000100000000)
  eden space 53760K, 0% used [0x00000000d8780000,0x00000000d8780000,0x00000000dbc00000)
  from space 5120K, 14% used [0x00000000dc300000,0x00000000dc3b4010,0x00000000dc800000)
  to   space 6144K, 0% used [0x00000000dbc00000,0x00000000dbc00000,0x00000000dc200000)
 ParOldGen       total 81920K, used 12053K [0x0000000089600000, 0x000000008e600000, 0x00000000d8780000)
  object space 81920K, 14% used [0x0000000089600000,0x000000008a1c55c8,0x000000008e600000)
 Metaspace       used 26963K, capacity 27310K, committed 27776K, reserved 1073152K
  class space    used 2996K, capacity 3129K, committed 3200K, reserved 1048576K
}
Event: 424.069 GC heap before
{Heap before GC invocations=16 (full 3):
 PSYoungGen      total 58880K, used 54480K [0x00000000d8780000, 0x00000000dc800000, 0x0000000100000000)
  eden space 53760K, 100% used [0x00000000d8780000,0x00000000dbc00000,0x00000000dbc00000)
  from space 5120K, 14% used [0x00000000dc300000,0x00000000dc3b4010,0x00000000dc800000)
  to   space 6144K, 0% used [0x00000000dbc00000,0x00000000dbc00000,0x00000000dc200000)
 ParOldGen       total 81920K, used 12053K [0x0000000089600000, 0x000000008e600000, 0x00000000d8780000)
  object space 81920K, 14% used [0x0000000089600000,0x000000008a1c55c8,0x000000008e600000)
 Metaspace       used 27003K, capacity 27374K, committed 27776K, reserved 1073152K
  class space    used 2996K, capacity 3129K, committed 3200K, reserved 1048576K
Event: 424.073 GC heap after
Heap after GC invocations=16 (full 3):
 PSYoungGen      total 53248K, used 576K [0x00000000d8780000, 0x00000000dc680000, 0x0000000100000000)
  eden space 52224K, 0% used [0x00000000d8780000,0x00000000d8780000,0x00000000dba80000)
  from space 1024K, 56% used [0x00000000dbc00000,0x00000000dbc90000,0x00000000dbd00000)
  to   space 6144K, 0% used [0x00000000dc080000,0x00000000dc080000,0x00000000dc680000)
 ParOldGen       total 81920K, used 12274K [0x0000000089600000, 0x000000008e600000, 0x00000000d8780000)
  object space 81920K, 14% used [0x0000000089600000,0x000000008a1fcbe0,0x000000008e600000)
 Metaspace       used 27003K, capacity 27374K, committed 27776K, reserved 1073152K
  class space    used 2996K, capacity 3129K, committed 3200K, reserved 1048576K
}
Event: 428.249 GC heap before
{Heap before GC invocations=17 (full 3):
 PSYoungGen      total 53248K, used 52800K [0x00000000d8780000, 0x00000000dc680000, 0x0000000100000000)
  eden space 52224K, 100% used [0x00000000d8780000,0x00000000dba80000,0x00000000dba80000)
  from space 1024K, 56% used [0x00000000dbc00000,0x00000000dbc90000,0x00000000dbd00000)
  to   space 6144K, 0% used [0x00000000dc080000,0x00000000dc080000,0x00000000dc680000)
 ParOldGen       total 81920K, used 12274K [0x0000000089600000, 0x000000008e600000, 0x00000000d8780000)
  object space 81920K, 14% used [0x0000000089600000,0x000000008a1fcbe0,0x000000008e600000)
 Metaspace       used 27010K, capacity 27374K, committed 27776K, reserved 1073152K
  class space    used 2996K, capacity 3129K, committed 3200K, reserved 1048576K
Event: 428.254 GC heap after
Heap after GC invocations=17 (full 3):
 PSYoungGen      total 55296K, used 128K [0x00000000d8780000, 0x00000000dc500000, 0x0000000100000000)
  eden space 50688K, 0% used [0x00000000d8780000,0x00000000d8780000,0x00000000db900000)
  from space 4608K, 2% used [0x00000000dc080000,0x00000000dc0a0000,0x00000000dc500000)
  to   space 6144K, 0% used [0x00000000db900000,0x00000000db900000,0x00000000dbf00000)
 ParOldGen       total 81920K, used 12770K [0x0000000089600000, 0x000000008e600000, 0x00000000d8780000)
  object space 81920K, 15% used [0x0000000089600000,0x000000008a278be0,0x000000008e600000)
 Metaspace       used 27010K, capacity 27374K, committed 27776K, reserved 1073152K
  class space    used 2996K, capacity 3129K, committed 3200K, reserved 1048576K
}
Event: 438.702 GC heap before
{Heap before GC invocations=18 (full 3):
 PSYoungGen      total 55296K, used 50816K [0x00000000d8780000, 0x00000000dc500000, 0x0000000100000000)
  eden space 50688K, 100% used [0x00000000d8780000,0x00000000db900000,0x00000000db900000)
  from space 4608K, 2% used [0x00000000dc080000,0x00000000dc0a0000,0x00000000dc500000)
  to   space 6144K, 0% used [0x00000000db900000,0x00000000db900000,0x00000000dbf00000)
 ParOldGen       total 81920K, used 12770K [0x0000000089600000, 0x000000008e600000, 0x00000000d8780000)
  object space 81920K, 15% used [0x0000000089600000,0x000000008a278be0,0x000000008e600000)
 Metaspace       used 27039K, capacity 27438K, committed 27776K, reserved 1073152K
  class space    used 2996K, capacity 3129K, committed 3200K, reserved 1048576K
Event: 438.706 GC heap after
Heap after GC invocations=18 (full 3):
 PSYoungGen      total 49664K, used 224K [0x00000000d8780000, 0x00000000dc380000, 0x0000000100000000)
  eden space 49152K, 0% used [0x00000000d8780000,0x00000000d8780000,0x00000000db780000)
  from space 512K, 43% used [0x00000000db900000,0x00000000db938000,0x00000000db980000)
  to   space 6144K, 0% used [0x00000000dbd80000,0x00000000dbd80000,0x00000000dc380000)
 ParOldGen       total 81920K, used 12810K [0x0000000089600000, 0x000000008e600000, 0x00000000d8780000)
  object space 81920K, 15% used [0x0000000089600000,0x000000008a282be0,0x000000008e600000)
 Metaspace       used 27039K, capacity 27438K, committed 27776K, reserved 1073152K
  class space    used 2996K, capacity 3129K, committed 3200K, reserved 1048576K
}
Event: 532.321 GC heap before
{Heap before GC invocations=19 (full 3):
 PSYoungGen      total 49664K, used 49376K [0x00000000d8780000, 0x00000000dc380000, 0x0000000100000000)
  eden space 49152K, 100% used [0x00000000d8780000,0x00000000db780000,0x00000000db780000)
  from space 512K, 43% used [0x00000000db900000,0x00000000db938000,0x00000000db980000)
  to   space 6144K, 0% used [0x00000000dbd80000,0x00000000dbd80000,0x00000000dc380000)
 ParOldGen       total 81920K, used 12810K [0x0000000089600000, 0x000000008e600000, 0x00000000d8780000)
  object space 81920K, 15% used [0x0000000089600000,0x000000008a282be0,0x000000008e600000)
 Metaspace       used 27088K, capacity 27502K, committed 28032K, reserved 1075200K
  class space    used 2996K, capacity 3129K, committed 3200K, reserved 1048576K
Event: 532.325 GC heap after
Heap after GC invocations=19 (full 3):
 PSYoungGen      total 53248K, used 369K [0x00000000d8780000, 0x00000000dc280000, 0x0000000100000000)
  eden space 48128K, 0% used [0x00000000d8780000,0x00000000d8780000,0x00000000db680000)
  from space 5120K, 7% used [0x00000000dbd80000,0x00000000dbddc6f0,0x00000000dc280000)
  to   space 6144K, 0% used [0x00000000db680000,0x00000000db680000,0x00000000dbc80000)
 ParOldGen       total 81920K, used 12970K [0x0000000089600000, 0x000000008e600000, 0x00000000d8780000)
  object space 81920K, 15% used [0x0000000089600000,0x000000008a2aabe0,0x000000008e600000)
 Metaspace       used 27088K, capacity 27502K, committed 28032K, reserved 1075200K
  class space    used 2996K, capacity 3129K, committed 3200K, reserved 1048576K
}
Event: 655.026 GC heap before
{Heap before GC invocations=20 (full 3):
 PSYoungGen      total 53248K, used 48497K [0x00000000d8780000, 0x00000000dc280000, 0x0000000100000000)
  eden space 48128K, 100% used [0x00000000d8780000,0x00000000db680000,0x00000000db680000)
  from space 5120K, 7% used [0x00000000dbd80000,0x00000000dbddc6f0,0x00000000dc280000)
  to   space 6144K, 0% used [0x00000000db680000,0x00000000db680000,0x00000000dbc80000)
 ParOldGen       total 81920K, used 12970K [0x0000000089600000, 0x000000008e600000, 0x00000000d8780000)
  object space 81920K, 15% used [0x0000000089600000,0x000000008a2aabe0,0x000000008e600000)
 Metaspace       used 27375K, capacity 27758K, committed 28288K, reserved 1075200K
  class space    used 3001K, capacity 3129K, committed 3200K, reserved 1048576K
Event: 655.038 GC heap after
Heap after GC invocations=20 (full 3):
 PSYoungGen      total 52224K, used 4640K [0x00000000d8780000, 0x00000000dc280000, 0x0000000100000000)
  eden space 47104K, 0% used [0x00000000d8780000,0x00000000d8780000,0x00000000db580000)
  from space 5120K, 90% used [0x00000000db680000,0x00000000dbb08000,0x00000000dbb80000)
  to   space 6656K, 0% used [0x00000000dbc00000,0x00000000dbc00000,0x00000000dc280000)
 ParOldGen       total 81920K, used 13179K [0x0000000089600000, 0x000000008e600000, 0x00000000d8780000)
  object space 81920K, 16% used [0x0000000089600000,0x000000008a2dec00,0x000000008e600000)
 Metaspace       used 27375K, capacity 27758K, committed 28288K, reserved 1075200K
  class space    used 3001K, capacity 3129K, committed 3200K, reserved 1048576K
}

