# JRE version: OpenJDK Runtime Environment (8.0_232-b09) (build 1.8.0_232-b09)
# Java VM: OpenJDK 64-Bit Server VM (25.232-b09 mixed mode linux-amd64 compressed oops)
Heap:
 PSYoungGen      total 128000K, used 43907K [0x00000000d8780000, 0x00000000e0980000, 0x0000000100000000)
  eden space 122880K, 35% used [0x00000000d8780000,0x00000000db260df0,0x00000000dff80000)
  from space 5120K, 0% used [0x00000000e0480000,0x00000000e0480000,0x00000000e0980000)
  to   space 5120K, 0% used [0x00000000dff80000,0x00000000dff80000,0x00000000e0480000)
 ParOldGen       total 81920K, used 16599K [0x0000000089600000, 0x000000008e600000, 0x00000000d8780000)
  object space 81920K, 20% used [0x0000000089600000,0x000000008a635ed8,0x000000008e600000)
 Metaspace       used 25744K, capacity 26112K, committed 26624K, reserved 1073152K
  class space    used 2906K, capacity 3030K, committed 3072K, reserved 1048576K
GC Heap History (20 events):
Event: 0.990 GC heap before
{Heap before GC invocations=1 (full 0):
 PSYoungGen      total 35840K, used 25922K [0x00000000d8780000, 0x00000000daf80000, 0x0000000100000000)
  eden space 30720K, 84% used [0x00000000d8780000,0x00000000da0d08e8,0x00000000da580000)
  from space 5120K, 0% used [0x00000000daa80000,0x00000000daa80000,0x00000000daf80000)
  to   space 5120K, 0% used [0x00000000da580000,0x00000000da580000,0x00000000daa80000)
 ParOldGen       total 81920K, used 0K [0x0000000089600000, 0x000000008e600000, 0x00000000d8780000)
  object space 81920K, 0% used [0x0000000089600000,0x0000000089600000,0x000000008e600000)
 Metaspace       used 19620K, capacity 19954K, committed 20352K, reserved 1067008K
  class space    used 2284K, capacity 2415K, committed 2432K, reserved 1048576K
Event: 1.002 GC heap after
Heap after GC invocations=1 (full 0):
 PSYoungGen      total 35840K, used 5097K [0x00000000d8780000, 0x00000000daf80000, 0x0000000100000000)
  eden space 30720K, 0% used [0x00000000d8780000,0x00000000d8780000,0x00000000da580000)
  from space 5120K, 99% used [0x00000000da580000,0x00000000daa7a5d0,0x00000000daa80000)
  to   space 5120K, 0% used [0x00000000daa80000,0x00000000daa80000,0x00000000daf80000)
 ParOldGen       total 81920K, used 947K [0x0000000089600000, 0x000000008e600000, 0x00000000d8780000)
  object space 81920K, 1% used [0x0000000089600000,0x00000000896ecc98,0x000000008e600000)
 Metaspace       used 19620K, capacity 19954K, committed 20352K, reserved 1067008K
  class space    used 2284K, capacity 2415K, committed 2432K, reserved 1048576K
}
Event: 1.002 GC heap before
{Heap before GC invocations=2 (full 1):
 PSYoungGen      total 35840K, used 5097K [0x00000000d8780000, 0x00000000daf80000, 0x0000000100000000)
  eden space 30720K, 0% used [0x00000000d8780000,0x00000000d8780000,0x00000000da580000)
  from space 5120K, 99% used [0x00000000da580000,0x00000000daa7a5d0,0x00000000daa80000)
  to   space 5120K, 0% used [0x00000000daa80000,0x00000000daa80000,0x00000000daf80000)
 ParOldGen       total 81920K, used 947K [0x0000000089600000, 0x000000008e600000, 0x00000000d8780000)
  object space 81920K, 1% used [0x0000000089600000,0x00000000896ecc98,0x000000008e600000)
 Metaspace       used 19620K, capacity 19954K, committed 20352K, reserved 1067008K
  class space    used 2284K, capacity 2415K, committed 2432K, reserved 1048576K
Event: 1.041 GC heap after
Heap after GC invocations=2 (full 1):
 PSYoungGen      total 35840K, used 0K [0x00000000d8780000, 0x00000000daf80000, 0x0000000100000000)
  eden space 30720K, 0% used [0x00000000d8780000,0x00000000d8780000,0x00000000da580000)
  from space 5120K, 0% used [0x00000000da580000,0x00000000da580000,0x00000000daa80000)
  to   space 5120K, 0% used [0x00000000daa80000,0x00000000daa80000,0x00000000daf80000)
 ParOldGen       total 81920K, used 5819K [0x0000000089600000, 0x000000008e600000, 0x00000000d8780000)
  object space 81920K, 7% used [0x0000000089600000,0x0000000089baef30,0x000000008e600000)
 Metaspace       used 19620K, capacity 19954K, committed 20352K, reserved 1067008K
  class space    used 2284K, capacity 2415K, committed 2432K, reserved 1048576K
}
Event: 1.082 GC heap before
{Heap before GC invocations=3 (full 1):
 PSYoungGen      total 35840K, used 5157K [0x00000000d8780000, 0x00000000daf80000, 0x0000000100000000)
  eden space 30720K, 16% used [0x00000000d8780000,0x00000000d8c89600,0x00000000da580000)
  from space 5120K, 0% used [0x00000000da580000,0x00000000da580000,0x00000000daa80000)
  to   space 5120K, 0% used [0x00000000daa80000,0x00000000daa80000,0x00000000daf80000)
 ParOldGen       total 81920K, used 5819K [0x0000000089600000, 0x000000008e600000, 0x00000000d8780000)
  object space 81920K, 7% used [0x0000000089600000,0x0000000089baef30,0x000000008e600000)
 Metaspace       used 19922K, capacity 20178K, committed 20736K, reserved 1067008K
  class space    used 2326K, capacity 2447K, committed 2560K, reserved 1048576K
Event: 1.084 GC heap after
Heap after GC invocations=3 (full 1):
 PSYoungGen      total 35840K, used 489K [0x00000000d8780000, 0x00000000daf80000, 0x0000000100000000)
  eden space 30720K, 0% used [0x00000000d8780000,0x00000000d8780000,0x00000000da580000)
  from space 5120K, 9% used [0x00000000daa80000,0x00000000daafa5a8,0x00000000daf80000)
  to   space 5120K, 0% used [0x00000000da580000,0x00000000da580000,0x00000000daa80000)
 ParOldGen       total 81920K, used 5827K [0x0000000089600000, 0x000000008e600000, 0x00000000d8780000)
  object space 81920K, 7% used [0x0000000089600000,0x0000000089bb0f30,0x000000008e600000)
 Metaspace       used 19922K, capacity 20178K, committed 20736K, reserved 1067008K
  class space    used 2326K, capacity 2447K, committed 2560K, reserved 1048576K
}
Event: 1.084 GC heap before
{Heap before GC invocations=4 (full 2):
 PSYoungGen      total 35840K, used 489K [0x00000000d8780000, 0x00000000daf80000, 0x0000000100000000)
  eden space 30720K, 0% used [0x00000000d8780000,0x00000000d8780000,0x00000000da580000)
  from space 5120K, 9% used [0x00000000daa80000,0x00000000daafa5a8,0x00000000daf80000)
  to   space 5120K, 0% used [0x00000000da580000,0x00000000da580000,0x00000000daa80000)
 ParOldGen       total 81920K, used 5827K [0x0000000089600000, 0x000000008e600000, 0x00000000d8780000)
  object space 81920K, 7% used [0x0000000089600000,0x0000000089bb0f30,0x000000008e600000)
 Metaspace       used 19922K, capacity 20178K, committed 20736K, reserved 1067008K
  class space    used 2326K, capacity 2447K, committed 2560K, reserved 1048576K
Event: 1.119 GC heap after
Heap after GC invocations=4 (full 2):
 PSYoungGen      total 35840K, used 0K [0x00000000d8780000, 0x00000000daf80000, 0x0000000100000000)
  eden space 30720K, 0% used [0x00000000d8780000,0x00000000d8780000,0x00000000da580000)
  from space 5120K, 0% used [0x00000000daa80000,0x00000000daa80000,0x00000000daf80000)
  to   space 5120K, 0% used [0x00000000da580000,0x00000000da580000,0x00000000daa80000)
 ParOldGen       total 81920K, used 4793K [0x0000000089600000, 0x000000008e600000, 0x00000000d8780000)
  object space 81920K, 5% used [0x0000000089600000,0x0000000089aae520,0x000000008e600000)
 Metaspace       used 19922K, capacity 20178K, committed 20736K, reserved 1067008K
  class space    used 2326K, capacity 2447K, committed 2560K, reserved 1048576K
}
Event: 1.465 GC heap before
{Heap before GC invocations=5 (full 2):
 PSYoungGen      total 35840K, used 30720K [0x00000000d8780000, 0x00000000daf80000, 0x0000000100000000)
  eden space 30720K, 100% used [0x00000000d8780000,0x00000000da580000,0x00000000da580000)
  from space 5120K, 0% used [0x00000000daa80000,0x00000000daa80000,0x00000000daf80000)
  to   space 5120K, 0% used [0x00000000da580000,0x00000000da580000,0x00000000daa80000)
 ParOldGen       total 81920K, used 4793K [0x0000000089600000, 0x000000008e600000, 0x00000000d8780000)
  object space 81920K, 5% used [0x0000000089600000,0x0000000089aae520,0x000000008e600000)
 Metaspace       used 21805K, capacity 22098K, committed 22400K, reserved 1069056K
  class space    used 2533K, capacity 2639K, committed 2688K, reserved 1048576K
Event: 1.471 GC heap after
Heap after GC invocations=5 (full 2):
 PSYoungGen      total 35840K, used 3554K [0x00000000d8780000, 0x00000000dcd80000, 0x0000000100000000)
  eden space 30720K, 0% used [0x00000000d8780000,0x00000000d8780000,0x00000000da580000)
  from space 5120K, 69% used [0x00000000da580000,0x00000000da8f8b00,0x00000000daa80000)
  to   space 5120K, 0% used [0x00000000dc880000,0x00000000dc880000,0x00000000dcd80000)
 ParOldGen       total 81920K, used 4801K [0x0000000089600000, 0x000000008e600000, 0x00000000d8780000)
  object space 81920K, 5% used [0x0000000089600000,0x0000000089ab0520,0x000000008e600000)
 Metaspace       used 21805K, capacity 22098K, committed 22400K, reserved 1069056K
  class space    used 2533K, capacity 2639K, committed 2688K, reserved 1048576K
}
Event: 1.532 GC heap before
{Heap before GC invocations=6 (full 2):
 PSYoungGen      total 35840K, used 8284K [0x00000000d8780000, 0x00000000dcd80000, 0x0000000100000000)
  eden space 30720K, 15% used [0x00000000d8780000,0x00000000d8c1e6c8,0x00000000da580000)
  from space 5120K, 69% used [0x00000000da580000,0x00000000da8f8b00,0x00000000daa80000)
  to   space 5120K, 0% used [0x00000000dc880000,0x00000000dc880000,0x00000000dcd80000)
 ParOldGen       total 81920K, used 4801K [0x0000000089600000, 0x000000008e600000, 0x00000000d8780000)
  object space 81920K, 5% used [0x0000000089600000,0x0000000089ab0520,0x000000008e600000)
 Metaspace       used 21974K, capacity 22258K, committed 22656K, reserved 1069056K
  class space    used 2549K, capacity 2671K, committed 2688K, reserved 1048576K
Event: 1.542 GC heap after
Heap after GC invocations=6 (full 2):
 PSYoungGen      total 66560K, used 3575K [0x00000000d8780000, 0x00000000dcd80000, 0x0000000100000000)
  eden space 61440K, 0% used [0x00000000d8780000,0x00000000d8780000,0x00000000dc380000)
  from space 5120K, 69% used [0x00000000dc880000,0x00000000dcbfdd98,0x00000000dcd80000)
  to   space 5120K, 0% used [0x00000000dc380000,0x00000000dc380000,0x00000000dc880000)
 ParOldGen       total 81920K, used 4809K [0x0000000089600000, 0x000000008e600000, 0x00000000d8780000)
  object space 81920K, 5% used [0x0000000089600000,0x0000000089ab2520,0x000000008e600000)
 Metaspace       used 21974K, capacity 22258K, committed 22656K, reserved 1069056K
  class space    used 2549K, capacity 2671K, committed 2688K, reserved 1048576K
}
Event: 1.542 GC heap before
{Heap before GC invocations=7 (full 3):
 PSYoungGen      total 66560K, used 3575K [0x00000000d8780000, 0x00000000dcd80000, 0x0000000100000000)
  eden space 61440K, 0% used [0x00000000d8780000,0x00000000d8780000,0x00000000dc380000)
  from space 5120K, 69% used [0x00000000dc880000,0x00000000dcbfdd98,0x00000000dcd80000)
  to   space 5120K, 0% used [0x00000000dc380000,0x00000000dc380000,0x00000000dc880000)
 ParOldGen       total 81920K, used 4809K [0x0000000089600000, 0x000000008e600000, 0x00000000d8780000)
  object space 81920K, 5% used [0x0000000089600000,0x0000000089ab2520,0x000000008e600000)
 Metaspace       used 21974K, capacity 22258K, committed 22656K, reserved 1069056K
  class space    used 2549K, capacity 2671K, committed 2688K, reserved 1048576K
Event: 1.647 GC heap after
Heap after GC invocations=7 (full 3):
 PSYoungGen      total 66560K, used 0K [0x00000000d8780000, 0x00000000dcd80000, 0x0000000100000000)
  eden space 61440K, 0% used [0x00000000d8780000,0x00000000d8780000,0x00000000dc380000)
  from space 5120K, 0% used [0x00000000dc880000,0x00000000dc880000,0x00000000dcd80000)
  to   space 5120K, 0% used [0x00000000dc380000,0x00000000dc380000,0x00000000dc880000)
 ParOldGen       total 81920K, used 8007K [0x0000000089600000, 0x000000008e600000, 0x00000000d8780000)
  object space 81920K, 9% used [0x0000000089600000,0x0000000089dd1ef8,0x000000008e600000)
 Metaspace       used 21974K, capacity 22258K, committed 22656K, reserved 1069056K
  class space    used 2549K, capacity 2671K, committed 2688K, reserved 1048576K
}
Event: 2.924 GC heap before
{Heap before GC invocations=8 (full 3):
 PSYoungGen      total 66560K, used 61440K [0x00000000d8780000, 0x00000000dcd80000, 0x0000000100000000)
  eden space 61440K, 100% used [0x00000000d8780000,0x00000000dc380000,0x00000000dc380000)
  from space 5120K, 0% used [0x00000000dc880000,0x00000000dc880000,0x00000000dcd80000)
  to   space 5120K, 0% used [0x00000000dc380000,0x00000000dc380000,0x00000000dc880000)
 ParOldGen       total 81920K, used 8007K [0x0000000089600000, 0x000000008e600000, 0x00000000d8780000)
  object space 81920K, 9% used [0x0000000089600000,0x0000000089dd1ef8,0x000000008e600000)
 Metaspace       used 24011K, capacity 24384K, committed 24960K, reserved 1071104K
  class space    used 2727K, capacity 2838K, committed 2944K, reserved 1048576K
Event: 2.943 GC heap after
Heap after GC invocations=8 (full 3):
 PSYoungGen      total 66560K, used 5120K [0x00000000d8780000, 0x00000000e0980000, 0x0000000100000000)
  eden space 61440K, 0% used [0x00000000d8780000,0x00000000d8780000,0x00000000dc380000)
  from space 5120K, 100% used [0x00000000dc380000,0x00000000dc880000,0x00000000dc880000)
  to   space 5120K, 0% used [0x00000000e0480000,0x00000000e0480000,0x00000000e0980000)
 ParOldGen       total 81920K, used 11754K [0x0000000089600000, 0x000000008e600000, 0x00000000d8780000)
  object space 81920K, 14% used [0x0000000089600000,0x000000008a17a898,0x000000008e600000)
 Metaspace       used 24011K, capacity 24384K, committed 24960K, reserved 1071104K
  class space    used 2727K, capacity 2838K, committed 2944K, reserved 1048576K
}
Event: 21.634 GC heap before
{Heap before GC invocations=9 (full 3):
 PSYoungGen      total 66560K, used 53750K [0x00000000d8780000, 0x00000000e0980000, 0x0000000100000000)
  eden space 61440K, 79% used [0x00000000d8780000,0x00000000db6fd938,0x00000000dc380000)
  from space 5120K, 100% used [0x00000000dc380000,0x00000000dc880000,0x00000000dc880000)
  to   space 5120K, 0% used [0x00000000e0480000,0x00000000e0480000,0x00000000e0980000)
 ParOldGen       total 81920K, used 11754K [0x0000000089600000, 0x000000008e600000, 0x00000000d8780000)
  object space 81920K, 14% used [0x0000000089600000,0x000000008a17a898,0x000000008e600000)
 Metaspace       used 25210K, capacity 25600K, committed 26112K, reserved 1073152K
  class space    used 2857K, capacity 2966K, committed 3072K, reserved 1048576K
Event: 21.645 GC heap after
Heap after GC invocations=9 (full 3):
 PSYoungGen      total 128000K, used 5104K [0x00000000d8780000, 0x00000000e0980000, 0x0000000100000000)
  eden space 122880K, 0% used [0x00000000d8780000,0x00000000d8780000,0x00000000dff80000)
  from space 5120K, 99% used [0x00000000e0480000,0x00000000e097c010,0x00000000e0980000)
  to   space 5120K, 0% used [0x00000000dff80000,0x00000000dff80000,0x00000000e0480000)
 ParOldGen       total 81920K, used 12218K [0x0000000089600000, 0x000000008e600000, 0x00000000d8780000)
  object space 81920K, 14% used [0x0000000089600000,0x000000008a1eeb90,0x000000008e600000)
 Metaspace       used 25210K, capacity 25600K, committed 26112K, reserved 1073152K
  class space    used 2857K, capacity 2966K, committed 3072K, reserved 1048576K
}
Event: 21.645 GC heap before
{Heap before GC invocations=10 (full 4):
 PSYoungGen      total 128000K, used 5104K [0x00000000d8780000, 0x00000000e0980000, 0x0000000100000000)
  eden space 122880K, 0% used [0x00000000d8780000,0x00000000d8780000,0x00000000dff80000)
  from space 5120K, 99% used [0x00000000e0480000,0x00000000e097c010,0x00000000e0980000)
  to   space 5120K, 0% used [0x00000000dff80000,0x00000000dff80000,0x00000000e0480000)
 ParOldGen       total 81920K, used 12218K [0x0000000089600000, 0x000000008e600000, 0x00000000d8780000)
  object space 81920K, 14% used [0x0000000089600000,0x000000008a1eeb90,0x000000008e600000)
 Metaspace       used 25210K, capacity 25600K, committed 26112K, reserved 1073152K
  class space    used 2857K, capacity 2966K, committed 3072K, reserved 1048576K
Event: 21.815 GC heap after
Heap after GC invocations=10 (full 4):
 PSYoungGen      total 128000K, used 0K [0x00000000d8780000, 0x00000000e0980000, 0x0000000100000000)
  eden space 122880K, 0% used [0x00000000d8780000,0x00000000d8780000,0x00000000dff80000)
  from space 5120K, 0% used [0x00000000e0480000,0x00000000e0480000,0x00000000e0980000)
  to   space 5120K, 0% used [0x00000000dff80000,0x00000000dff80000,0x00000000e0480000)
 ParOldGen       total 81920K, used 16599K [0x0000000089600000, 0x000000008e600000, 0x00000000d8780000)
  object space 81920K, 20% used [0x0000000089600000,0x000000008a635ed8,0x000000008e600000)
 Metaspace       used 25210K, capacity 25600K, committed 26112K, reserved 1073152K
  class space    used 2857K, capacity 2966K, committed 3072K, reserved 1048576K
}

