# JRE version: OpenJDK Runtime Environment (8.0_232-b09) (build 1.8.0_232-b09)
# Java VM: OpenJDK 64-Bit Server VM (25.232-b09 mixed mode linux-amd64 compressed oops)
Heap:
 PSYoungGen      total 128000K, used 27308K [0x00000000d8780000, 0x00000000e0980000, 0x0000000100000000)
  eden space 122880K, 22% used [0x00000000d8780000,0x00000000da22b140,0x00000000dff80000)
  from space 5120K, 0% used [0x00000000e0480000,0x00000000e0480000,0x00000000e0980000)
  to   space 5120K, 0% used [0x00000000dff80000,0x00000000dff80000,0x00000000e0480000)
 ParOldGen       total 81920K, used 16642K [0x0000000089600000, 0x000000008e600000, 0x00000000d8780000)
  object space 81920K, 20% used [0x0000000089600000,0x000000008a640ad8,0x000000008e600000)
 Metaspace       used 25801K, capacity 26176K, committed 26624K, reserved 1073152K
  class space    used 2896K, capacity 3030K, committed 3072K, reserved 1048576K
GC Heap History (20 events):
Event: 0.992 GC heap before
{Heap before GC invocations=1 (full 0):
 PSYoungGen      total 35840K, used 25221K [0x00000000d8780000, 0x00000000daf80000, 0x0000000100000000)
  eden space 30720K, 82% used [0x00000000d8780000,0x00000000da021458,0x00000000da580000)
  from space 5120K, 0% used [0x00000000daa80000,0x00000000daa80000,0x00000000daf80000)
  to   space 5120K, 0% used [0x00000000da580000,0x00000000da580000,0x00000000daa80000)
 ParOldGen       total 81920K, used 0K [0x0000000089600000, 0x000000008e600000, 0x00000000d8780000)
  object space 81920K, 0% used [0x0000000089600000,0x0000000089600000,0x000000008e600000)
 Metaspace       used 19616K, capacity 19960K, committed 20352K, reserved 1067008K
  class space    used 2285K, capacity 2416K, committed 2432K, reserved 1048576K
Event: 1.002 GC heap after
Heap after GC invocations=1 (full 0):
 PSYoungGen      total 35840K, used 5115K [0x00000000d8780000, 0x00000000daf80000, 0x0000000100000000)
  eden space 30720K, 0% used [0x00000000d8780000,0x00000000d8780000,0x00000000da580000)
  from space 5120K, 99% used [0x00000000da580000,0x00000000daa7edf0,0x00000000daa80000)
  to   space 5120K, 0% used [0x00000000daa80000,0x00000000daa80000,0x00000000daf80000)
 ParOldGen       total 81920K, used 886K [0x0000000089600000, 0x000000008e600000, 0x00000000d8780000)
  object space 81920K, 1% used [0x0000000089600000,0x00000000896dda28,0x000000008e600000)
 Metaspace       used 19616K, capacity 19960K, committed 20352K, reserved 1067008K
  class space    used 2285K, capacity 2416K, committed 2432K, reserved 1048576K
}
Event: 1.002 GC heap before
{Heap before GC invocations=2 (full 1):
 PSYoungGen      total 35840K, used 5115K [0x00000000d8780000, 0x00000000daf80000, 0x0000000100000000)
  eden space 30720K, 0% used [0x00000000d8780000,0x00000000d8780000,0x00000000da580000)
  from space 5120K, 99% used [0x00000000da580000,0x00000000daa7edf0,0x00000000daa80000)
  to   space 5120K, 0% used [0x00000000daa80000,0x00000000daa80000,0x00000000daf80000)
 ParOldGen       total 81920K, used 886K [0x0000000089600000, 0x000000008e600000, 0x00000000d8780000)
  object space 81920K, 1% used [0x0000000089600000,0x00000000896dda28,0x000000008e600000)
 Metaspace       used 19616K, capacity 19960K, committed 20352K, reserved 1067008K
  class space    used 2285K, capacity 2416K, committed 2432K, reserved 1048576K
Event: 1.033 GC heap after
Heap after GC invocations=2 (full 1):
 PSYoungGen      total 35840K, used 0K [0x00000000d8780000, 0x00000000daf80000, 0x0000000100000000)
  eden space 30720K, 0% used [0x00000000d8780000,0x00000000d8780000,0x00000000da580000)
  from space 5120K, 0% used [0x00000000da580000,0x00000000da580000,0x00000000daa80000)
  to   space 5120K, 0% used [0x00000000daa80000,0x00000000daa80000,0x00000000daf80000)
 ParOldGen       total 81920K, used 5803K [0x0000000089600000, 0x000000008e600000, 0x00000000d8780000)
  object space 81920K, 7% used [0x0000000089600000,0x0000000089baac80,0x000000008e600000)
 Metaspace       used 19614K, capacity 19954K, committed 20352K, reserved 1067008K
  class space    used 2284K, capacity 2415K, committed 2432K, reserved 1048576K
}
Event: 1.068 GC heap before
{Heap before GC invocations=3 (full 1):
 PSYoungGen      total 35840K, used 5182K [0x00000000d8780000, 0x00000000daf80000, 0x0000000100000000)
  eden space 30720K, 16% used [0x00000000d8780000,0x00000000d8c8fb30,0x00000000da580000)
  from space 5120K, 0% used [0x00000000da580000,0x00000000da580000,0x00000000daa80000)
  to   space 5120K, 0% used [0x00000000daa80000,0x00000000daa80000,0x00000000daf80000)
 ParOldGen       total 81920K, used 5803K [0x0000000089600000, 0x000000008e600000, 0x00000000d8780000)
  object space 81920K, 7% used [0x0000000089600000,0x0000000089baac80,0x000000008e600000)
 Metaspace       used 19819K, capacity 20082K, committed 20352K, reserved 1067008K
  class space    used 2311K, capacity 2415K, committed 2432K, reserved 1048576K
Event: 1.070 GC heap after
Heap after GC invocations=3 (full 1):
 PSYoungGen      total 35840K, used 457K [0x00000000d8780000, 0x00000000daf80000, 0x0000000100000000)
  eden space 30720K, 0% used [0x00000000d8780000,0x00000000d8780000,0x00000000da580000)
  from space 5120K, 8% used [0x00000000daa80000,0x00000000daaf25a8,0x00000000daf80000)
  to   space 5120K, 0% used [0x00000000da580000,0x00000000da580000,0x00000000daa80000)
 ParOldGen       total 81920K, used 5811K [0x0000000089600000, 0x000000008e600000, 0x00000000d8780000)
  object space 81920K, 7% used [0x0000000089600000,0x0000000089bacc80,0x000000008e600000)
 Metaspace       used 19819K, capacity 20082K, committed 20352K, reserved 1067008K
  class space    used 2311K, capacity 2415K, committed 2432K, reserved 1048576K
}
Event: 1.070 GC heap before
{Heap before GC invocations=4 (full 2):
 PSYoungGen      total 35840K, used 457K [0x00000000d8780000, 0x00000000daf80000, 0x0000000100000000)
  eden space 30720K, 0% used [0x00000000d8780000,0x00000000d8780000,0x00000000da580000)
  from space 5120K, 8% used [0x00000000daa80000,0x00000000daaf25a8,0x00000000daf80000)
  to   space 5120K, 0% used [0x00000000da580000,0x00000000da580000,0x00000000daa80000)
 ParOldGen       total 81920K, used 5811K [0x0000000089600000, 0x000000008e600000, 0x00000000d8780000)
  object space 81920K, 7% used [0x0000000089600000,0x0000000089bacc80,0x000000008e600000)
 Metaspace       used 19819K, capacity 20082K, committed 20352K, reserved 1067008K
  class space    used 2311K, capacity 2415K, committed 2432K, reserved 1048576K
Event: 1.110 GC heap after
Heap after GC invocations=4 (full 2):
 PSYoungGen      total 35840K, used 0K [0x00000000d8780000, 0x00000000daf80000, 0x0000000100000000)
  eden space 30720K, 0% used [0x00000000d8780000,0x00000000d8780000,0x00000000da580000)
  from space 5120K, 0% used [0x00000000daa80000,0x00000000daa80000,0x00000000daf80000)
  to   space 5120K, 0% used [0x00000000da580000,0x00000000da580000,0x00000000daa80000)
 ParOldGen       total 81920K, used 4732K [0x0000000089600000, 0x000000008e600000, 0x00000000d8780000)
  object space 81920K, 5% used [0x0000000089600000,0x0000000089a9f058,0x000000008e600000)
 Metaspace       used 19819K, capacity 20082K, committed 20352K, reserved 1067008K
  class space    used 2311K, capacity 2415K, committed 2432K, reserved 1048576K
}
Event: 1.438 GC heap before
{Heap before GC invocations=5 (full 2):
 PSYoungGen      total 35840K, used 30720K [0x00000000d8780000, 0x00000000daf80000, 0x0000000100000000)
  eden space 30720K, 100% used [0x00000000d8780000,0x00000000da580000,0x00000000da580000)
  from space 5120K, 0% used [0x00000000daa80000,0x00000000daa80000,0x00000000daf80000)
  to   space 5120K, 0% used [0x00000000da580000,0x00000000da580000,0x00000000daa80000)
 ParOldGen       total 81920K, used 4732K [0x0000000089600000, 0x000000008e600000, 0x00000000d8780000)
  object space 81920K, 5% used [0x0000000089600000,0x0000000089a9f058,0x000000008e600000)
 Metaspace       used 21791K, capacity 22098K, committed 22400K, reserved 1069056K
  class space    used 2533K, capacity 2639K, committed 2688K, reserved 1048576K
Event: 1.443 GC heap after
Heap after GC invocations=5 (full 2):
 PSYoungGen      total 35840K, used 3616K [0x00000000d8780000, 0x00000000dcd80000, 0x0000000100000000)
  eden space 30720K, 0% used [0x00000000d8780000,0x00000000d8780000,0x00000000da580000)
  from space 5120K, 70% used [0x00000000da580000,0x00000000da908000,0x00000000daa80000)
  to   space 5120K, 0% used [0x00000000dc880000,0x00000000dc880000,0x00000000dcd80000)
 ParOldGen       total 81920K, used 4740K [0x0000000089600000, 0x000000008e600000, 0x00000000d8780000)
  object space 81920K, 5% used [0x0000000089600000,0x0000000089aa1058,0x000000008e600000)
 Metaspace       used 21791K, capacity 22098K, committed 22400K, reserved 1069056K
  class space    used 2533K, capacity 2639K, committed 2688K, reserved 1048576K
}
Event: 1.488 GC heap before
{Heap before GC invocations=6 (full 2):
 PSYoungGen      total 35840K, used 8734K [0x00000000d8780000, 0x00000000dcd80000, 0x0000000100000000)
  eden space 30720K, 16% used [0x00000000d8780000,0x00000000d8c7f968,0x00000000da580000)
  from space 5120K, 70% used [0x00000000da580000,0x00000000da908000,0x00000000daa80000)
  to   space 5120K, 0% used [0x00000000dc880000,0x00000000dc880000,0x00000000dcd80000)
 ParOldGen       total 81920K, used 4740K [0x0000000089600000, 0x000000008e600000, 0x00000000d8780000)
  object space 81920K, 5% used [0x0000000089600000,0x0000000089aa1058,0x000000008e600000)
 Metaspace       used 21979K, capacity 22322K, committed 22656K, reserved 1069056K
  class space    used 2549K, capacity 2671K, committed 2688K, reserved 1048576K
Event: 1.494 GC heap after
Heap after GC invocations=6 (full 2):
 PSYoungGen      total 66560K, used 3607K [0x00000000d8780000, 0x00000000dcd80000, 0x0000000100000000)
  eden space 61440K, 0% used [0x00000000d8780000,0x00000000d8780000,0x00000000dc380000)
  from space 5120K, 70% used [0x00000000dc880000,0x00000000dcc05d98,0x00000000dcd80000)
  to   space 5120K, 0% used [0x00000000dc380000,0x00000000dc380000,0x00000000dc880000)
 ParOldGen       total 81920K, used 4748K [0x0000000089600000, 0x000000008e600000, 0x00000000d8780000)
  object space 81920K, 5% used [0x0000000089600000,0x0000000089aa3058,0x000000008e600000)
 Metaspace       used 21979K, capacity 22322K, committed 22656K, reserved 1069056K
  class space    used 2549K, capacity 2671K, committed 2688K, reserved 1048576K
}
Event: 1.494 GC heap before
{Heap before GC invocations=7 (full 3):
 PSYoungGen      total 66560K, used 3607K [0x00000000d8780000, 0x00000000dcd80000, 0x0000000100000000)
  eden space 61440K, 0% used [0x00000000d8780000,0x00000000d8780000,0x00000000dc380000)
  from space 5120K, 70% used [0x00000000dc880000,0x00000000dcc05d98,0x00000000dcd80000)
  to   space 5120K, 0% used [0x00000000dc380000,0x00000000dc380000,0x00000000dc880000)
 ParOldGen       total 81920K, used 4748K [0x0000000089600000, 0x000000008e600000, 0x00000000d8780000)
  object space 81920K, 5% used [0x0000000089600000,0x0000000089aa3058,0x000000008e600000)
 Metaspace       used 21979K, capacity 22322K, committed 22656K, reserved 1069056K
  class space    used 2549K, capacity 2671K, committed 2688K, reserved 1048576K
Event: 1.568 GC heap after
Heap after GC invocations=7 (full 3):
 PSYoungGen      total 66560K, used 0K [0x00000000d8780000, 0x00000000dcd80000, 0x0000000100000000)
  eden space 61440K, 0% used [0x00000000d8780000,0x00000000d8780000,0x00000000dc380000)
  from space 5120K, 0% used [0x00000000dc880000,0x00000000dc880000,0x00000000dcd80000)
  to   space 5120K, 0% used [0x00000000dc380000,0x00000000dc380000,0x00000000dc880000)
 ParOldGen       total 81920K, used 8054K [0x0000000089600000, 0x000000008e600000, 0x00000000d8780000)
  object space 81920K, 9% used [0x0000000089600000,0x0000000089ddd9c0,0x000000008e600000)
 Metaspace       used 21979K, capacity 22322K, committed 22656K, reserved 1069056K
  class space    used 2549K, capacity 2671K, committed 2688K, reserved 1048576K
}
Event: 2.740 GC heap before
{Heap before GC invocations=8 (full 3):
 PSYoungGen      total 66560K, used 61440K [0x00000000d8780000, 0x00000000dcd80000, 0x0000000100000000)
  eden space 61440K, 100% used [0x00000000d8780000,0x00000000dc380000,0x00000000dc380000)
  from space 5120K, 0% used [0x00000000dc880000,0x00000000dc880000,0x00000000dcd80000)
  to   space 5120K, 0% used [0x00000000dc380000,0x00000000dc380000,0x00000000dc880000)
 ParOldGen       total 81920K, used 8054K [0x0000000089600000, 0x000000008e600000, 0x00000000d8780000)
  object space 81920K, 9% used [0x0000000089600000,0x0000000089ddd9c0,0x000000008e600000)
 Metaspace       used 23975K, capacity 24320K, committed 24704K, reserved 1071104K
  class space    used 2714K, capacity 2838K, committed 2944K, reserved 1048576K
Event: 2.763 GC heap after
Heap after GC invocations=8 (full 3):
 PSYoungGen      total 66560K, used 5120K [0x00000000d8780000, 0x00000000e0980000, 0x0000000100000000)
  eden space 61440K, 0% used [0x00000000d8780000,0x00000000d8780000,0x00000000dc380000)
  from space 5120K, 100% used [0x00000000dc380000,0x00000000dc880000,0x00000000dc880000)
  to   space 5120K, 0% used [0x00000000e0480000,0x00000000e0480000,0x00000000e0980000)
 ParOldGen       total 81920K, used 11724K [0x0000000089600000, 0x000000008e600000, 0x00000000d8780000)
  object space 81920K, 14% used [0x0000000089600000,0x000000008a1730c0,0x000000008e600000)
 Metaspace       used 23975K, capacity 24320K, committed 24704K, reserved 1071104K
  class space    used 2714K, capacity 2838K, committed 2944K, reserved 1048576K
}
Event: 36.269 GC heap before
{Heap before GC invocations=9 (full 3):
 PSYoungGen      total 66560K, used 57547K [0x00000000d8780000, 0x00000000e0980000, 0x0000000100000000)
  eden space 61440K, 85% used [0x00000000d8780000,0x00000000dbab2d98,0x00000000dc380000)
  from space 5120K, 100% used [0x00000000dc380000,0x00000000dc880000,0x00000000dc880000)
  to   space 5120K, 0% used [0x00000000e0480000,0x00000000e0480000,0x00000000e0980000)
 ParOldGen       total 81920K, used 11724K [0x0000000089600000, 0x000000008e600000, 0x00000000d8780000)
  object space 81920K, 14% used [0x0000000089600000,0x000000008a1730c0,0x000000008e600000)
 Metaspace       used 25291K, capacity 25664K, committed 26112K, reserved 1073152K
  class space    used 2857K, capacity 2966K, committed 3072K, reserved 1048576K
Event: 36.279 GC heap after
Heap after GC invocations=9 (full 3):
 PSYoungGen      total 128000K, used 5105K [0x00000000d8780000, 0x00000000e0980000, 0x0000000100000000)
  eden space 122880K, 0% used [0x00000000d8780000,0x00000000d8780000,0x00000000dff80000)
  from space 5120K, 99% used [0x00000000e0480000,0x00000000e097c718,0x00000000e0980000)
  to   space 5120K, 0% used [0x00000000dff80000,0x00000000dff80000,0x00000000e0480000)
 ParOldGen       total 81920K, used 12308K [0x0000000089600000, 0x000000008e600000, 0x00000000d8780000)
  object space 81920K, 15% used [0x0000000089600000,0x000000008a2053b8,0x000000008e600000)
 Metaspace       used 25291K, capacity 25664K, committed 26112K, reserved 1073152K
  class space    used 2857K, capacity 2966K, committed 3072K, reserved 1048576K
}
Event: 36.279 GC heap before
{Heap before GC invocations=10 (full 4):
 PSYoungGen      total 128000K, used 5105K [0x00000000d8780000, 0x00000000e0980000, 0x0000000100000000)
  eden space 122880K, 0% used [0x00000000d8780000,0x00000000d8780000,0x00000000dff80000)
  from space 5120K, 99% used [0x00000000e0480000,0x00000000e097c718,0x00000000e0980000)
  to   space 5120K, 0% used [0x00000000dff80000,0x00000000dff80000,0x00000000e0480000)
 ParOldGen       total 81920K, used 12308K [0x0000000089600000, 0x000000008e600000, 0x00000000d8780000)
  object space 81920K, 15% used [0x0000000089600000,0x000000008a2053b8,0x000000008e600000)
 Metaspace       used 25291K, capacity 25664K, committed 26112K, reserved 1073152K
  class space    used 2857K, capacity 2966K, committed 3072K, reserved 1048576K
Event: 36.459 GC heap after
Heap after GC invocations=10 (full 4):
 PSYoungGen      total 128000K, used 0K [0x00000000d8780000, 0x00000000e0980000, 0x0000000100000000)
  eden space 122880K, 0% used [0x00000000d8780000,0x00000000d8780000,0x00000000dff80000)
  from space 5120K, 0% used [0x00000000e0480000,0x00000000e0480000,0x00000000e0980000)
  to   space 5120K, 0% used [0x00000000dff80000,0x00000000dff80000,0x00000000e0480000)
 ParOldGen       total 81920K, used 16642K [0x0000000089600000, 0x000000008e600000, 0x00000000d8780000)
  object space 81920K, 20% used [0x0000000089600000,0x000000008a640ad8,0x000000008e600000)
 Metaspace       used 25291K, capacity 25664K, committed 26112K, reserved 1073152K
  class space    used 2857K, capacity 2966K, committed 3072K, reserved 1048576K
}

