# JRE version: OpenJDK Runtime Environment (8.0_232-b09) (build 1.8.0_232-b09)
# Java VM: OpenJDK 64-Bit Server VM (25.232-b09 mixed mode linux-amd64 compressed oops)
Heap:
 PSYoungGen      total 128000K, used 111899K [0x00000000d8780000, 0x00000000e0980000, 0x0000000100000000)
  eden space 122880K, 91% used [0x00000000d8780000,0x00000000df4c6cf0,0x00000000dff80000)
  from space 5120K, 0% used [0x00000000dff80000,0x00000000dff80000,0x00000000e0480000)
  to   space 5120K, 0% used [0x00000000e0480000,0x00000000e0480000,0x00000000e0980000)
 ParOldGen       total 81920K, used 17000K [0x0000000089600000, 0x000000008e600000, 0x00000000d8780000)
  object space 81920K, 20% used [0x0000000089600000,0x000000008a69a3d8,0x000000008e600000)
 Metaspace       used 25730K, capacity 26080K, committed 26368K, reserved 1073152K
  class space    used 2889K, capacity 2998K, committed 3072K, reserved 1048576K
GC Heap History (22 events):
Event: 1.296 GC heap before
{Heap before GC invocations=1 (full 0):
 PSYoungGen      total 35840K, used 25857K [0x00000000d8780000, 0x00000000daf80000, 0x0000000100000000)
  eden space 30720K, 84% used [0x00000000d8780000,0x00000000da0c0550,0x00000000da580000)
  from space 5120K, 0% used [0x00000000daa80000,0x00000000daa80000,0x00000000daf80000)
  to   space 5120K, 0% used [0x00000000da580000,0x00000000da580000,0x00000000daa80000)
 ParOldGen       total 81920K, used 0K [0x0000000089600000, 0x000000008e600000, 0x00000000d8780000)
  object space 81920K, 0% used [0x0000000089600000,0x0000000089600000,0x000000008e600000)
 Metaspace       used 19593K, capacity 19896K, committed 20096K, reserved 1067008K
  class space    used 2282K, capacity 2416K, committed 2432K, reserved 1048576K
Event: 1.305 GC heap after
Heap after GC invocations=1 (full 0):
 PSYoungGen      total 35840K, used 5099K [0x00000000d8780000, 0x00000000daf80000, 0x0000000100000000)
  eden space 30720K, 0% used [0x00000000d8780000,0x00000000d8780000,0x00000000da580000)
  from space 5120K, 99% used [0x00000000da580000,0x00000000daa7ae00,0x00000000daa80000)
  to   space 5120K, 0% used [0x00000000daa80000,0x00000000daa80000,0x00000000daf80000)
 ParOldGen       total 81920K, used 915K [0x0000000089600000, 0x000000008e600000, 0x00000000d8780000)
  object space 81920K, 1% used [0x0000000089600000,0x00000000896e4f80,0x000000008e600000)
 Metaspace       used 19593K, capacity 19896K, committed 20096K, reserved 1067008K
  class space    used 2282K, capacity 2416K, committed 2432K, reserved 1048576K
}
Event: 1.305 GC heap before
{Heap before GC invocations=2 (full 1):
 PSYoungGen      total 35840K, used 5099K [0x00000000d8780000, 0x00000000daf80000, 0x0000000100000000)
  eden space 30720K, 0% used [0x00000000d8780000,0x00000000d8780000,0x00000000da580000)
  from space 5120K, 99% used [0x00000000da580000,0x00000000daa7ae00,0x00000000daa80000)
  to   space 5120K, 0% used [0x00000000daa80000,0x00000000daa80000,0x00000000daf80000)
 ParOldGen       total 81920K, used 915K [0x0000000089600000, 0x000000008e600000, 0x00000000d8780000)
  object space 81920K, 1% used [0x0000000089600000,0x00000000896e4f80,0x000000008e600000)
 Metaspace       used 19593K, capacity 19896K, committed 20096K, reserved 1067008K
  class space    used 2282K, capacity 2416K, committed 2432K, reserved 1048576K
Event: 1.335 GC heap after
Heap after GC invocations=2 (full 1):
 PSYoungGen      total 35840K, used 0K [0x00000000d8780000, 0x00000000daf80000, 0x0000000100000000)
  eden space 30720K, 0% used [0x00000000d8780000,0x00000000d8780000,0x00000000da580000)
  from space 5120K, 0% used [0x00000000da580000,0x00000000da580000,0x00000000daa80000)
  to   space 5120K, 0% used [0x00000000daa80000,0x00000000daa80000,0x00000000daf80000)
 ParOldGen       total 81920K, used 5820K [0x0000000089600000, 0x000000008e600000, 0x00000000d8780000)
  object space 81920K, 7% used [0x0000000089600000,0x0000000089baf240,0x000000008e600000)
 Metaspace       used 19591K, capacity 19890K, committed 20096K, reserved 1067008K
  class space    used 2281K, capacity 2415K, committed 2432K, reserved 1048576K
}
Event: 1.404 GC heap before
{Heap before GC invocations=3 (full 1):
 PSYoungGen      total 35840K, used 5696K [0x00000000d8780000, 0x00000000daf80000, 0x0000000100000000)
  eden space 30720K, 18% used [0x00000000d8780000,0x00000000d8d103d8,0x00000000da580000)
  from space 5120K, 0% used [0x00000000da580000,0x00000000da580000,0x00000000daa80000)
  to   space 5120K, 0% used [0x00000000daa80000,0x00000000daa80000,0x00000000daf80000)
 ParOldGen       total 81920K, used 5820K [0x0000000089600000, 0x000000008e600000, 0x00000000d8780000)
  object space 81920K, 7% used [0x0000000089600000,0x0000000089baf240,0x000000008e600000)
 Metaspace       used 20061K, capacity 20338K, committed 20736K, reserved 1067008K
  class space    used 2350K, capacity 2479K, committed 2560K, reserved 1048576K
Event: 1.405 GC heap after
Heap after GC invocations=3 (full 1):
 PSYoungGen      total 35840K, used 651K [0x00000000d8780000, 0x00000000daf80000, 0x0000000100000000)
  eden space 30720K, 0% used [0x00000000d8780000,0x00000000d8780000,0x00000000da580000)
  from space 5120K, 12% used [0x00000000daa80000,0x00000000dab22f70,0x00000000daf80000)
  to   space 5120K, 0% used [0x00000000da580000,0x00000000da580000,0x00000000daa80000)
 ParOldGen       total 81920K, used 5828K [0x0000000089600000, 0x000000008e600000, 0x00000000d8780000)
  object space 81920K, 7% used [0x0000000089600000,0x0000000089bb1240,0x000000008e600000)
 Metaspace       used 20061K, capacity 20338K, committed 20736K, reserved 1067008K
  class space    used 2350K, capacity 2479K, committed 2560K, reserved 1048576K
}
Event: 1.406 GC heap before
{Heap before GC invocations=4 (full 2):
 PSYoungGen      total 35840K, used 651K [0x00000000d8780000, 0x00000000daf80000, 0x0000000100000000)
  eden space 30720K, 0% used [0x00000000d8780000,0x00000000d8780000,0x00000000da580000)
  from space 5120K, 12% used [0x00000000daa80000,0x00000000dab22f70,0x00000000daf80000)
  to   space 5120K, 0% used [0x00000000da580000,0x00000000da580000,0x00000000daa80000)
 ParOldGen       total 81920K, used 5828K [0x0000000089600000, 0x000000008e600000, 0x00000000d8780000)
  object space 81920K, 7% used [0x0000000089600000,0x0000000089bb1240,0x000000008e600000)
 Metaspace       used 20061K, capacity 20338K, committed 20736K, reserved 1067008K
  class space    used 2350K, capacity 2479K, committed 2560K, reserved 1048576K
Event: 1.441 GC heap after
Heap after GC invocations=4 (full 2):
 PSYoungGen      total 35840K, used 0K [0x00000000d8780000, 0x00000000daf80000, 0x0000000100000000)
  eden space 30720K, 0% used [0x00000000d8780000,0x00000000d8780000,0x00000000da580000)
  from space 5120K, 0% used [0x00000000daa80000,0x00000000daa80000,0x00000000daf80000)
  to   space 5120K, 0% used [0x00000000da580000,0x00000000da580000,0x00000000daa80000)
 ParOldGen       total 81920K, used 4948K [0x0000000089600000, 0x000000008e600000, 0x00000000d8780000)
  object space 81920K, 6% used [0x0000000089600000,0x0000000089ad5148,0x000000008e600000)
 Metaspace       used 20061K, capacity 20338K, committed 20736K, reserved 1067008K
  class space    used 2350K, capacity 2479K, committed 2560K, reserved 1048576K
}
Event: 1.758 GC heap before
{Heap before GC invocations=5 (full 2):
 PSYoungGen      total 35840K, used 30720K [0x00000000d8780000, 0x00000000daf80000, 0x0000000100000000)
  eden space 30720K, 100% used [0x00000000d8780000,0x00000000da580000,0x00000000da580000)
  from space 5120K, 0% used [0x00000000daa80000,0x00000000daa80000,0x00000000daf80000)
  to   space 5120K, 0% used [0x00000000da580000,0x00000000da580000,0x00000000daa80000)
 ParOldGen       total 81920K, used 4948K [0x0000000089600000, 0x000000008e600000, 0x00000000d8780000)
  object space 81920K, 6% used [0x0000000089600000,0x0000000089ad5148,0x000000008e600000)
 Metaspace       used 21767K, capacity 22098K, committed 22400K, reserved 1069056K
  class space    used 2532K, capacity 2639K, committed 2688K, reserved 1048576K
Event: 1.766 GC heap after
Heap after GC invocations=5 (full 2):
 PSYoungGen      total 35840K, used 3424K [0x00000000d8780000, 0x00000000dcd80000, 0x0000000100000000)
  eden space 30720K, 0% used [0x00000000d8780000,0x00000000d8780000,0x00000000da580000)
  from space 5120K, 66% used [0x00000000da580000,0x00000000da8d8000,0x00000000daa80000)
  to   space 5120K, 0% used [0x00000000dc880000,0x00000000dc880000,0x00000000dcd80000)
 ParOldGen       total 81920K, used 4956K [0x0000000089600000, 0x000000008e600000, 0x00000000d8780000)
  object space 81920K, 6% used [0x0000000089600000,0x0000000089ad7148,0x000000008e600000)
 Metaspace       used 21767K, capacity 22098K, committed 22400K, reserved 1069056K
  class space    used 2532K, capacity 2639K, committed 2688K, reserved 1048576K
}
Event: 1.834 GC heap before
{Heap before GC invocations=6 (full 2):
 PSYoungGen      total 35840K, used 7776K [0x00000000d8780000, 0x00000000dcd80000, 0x0000000100000000)
  eden space 30720K, 14% used [0x00000000d8780000,0x00000000d8bc0320,0x00000000da580000)
  from space 5120K, 66% used [0x00000000da580000,0x00000000da8d8000,0x00000000daa80000)
  to   space 5120K, 0% used [0x00000000dc880000,0x00000000dc880000,0x00000000dcd80000)
 ParOldGen       total 81920K, used 4956K [0x0000000089600000, 0x000000008e600000, 0x00000000d8780000)
  object space 81920K, 6% used [0x0000000089600000,0x0000000089ad7148,0x000000008e600000)
 Metaspace       used 21956K, capacity 22258K, committed 22656K, reserved 1069056K
  class space    used 2548K, capacity 2671K, committed 2688K, reserved 1048576K
Event: 1.840 GC heap after
Heap after GC invocations=6 (full 2):
 PSYoungGen      total 66560K, used 3527K [0x00000000d8780000, 0x00000000dcd80000, 0x0000000100000000)
  eden space 61440K, 0% used [0x00000000d8780000,0x00000000d8780000,0x00000000dc380000)
  from space 5120K, 68% used [0x00000000dc880000,0x00000000dcbf1d88,0x00000000dcd80000)
  to   space 5120K, 0% used [0x00000000dc380000,0x00000000dc380000,0x00000000dc880000)
 ParOldGen       total 81920K, used 4964K [0x0000000089600000, 0x000000008e600000, 0x00000000d8780000)
  object space 81920K, 6% used [0x0000000089600000,0x0000000089ad9148,0x000000008e600000)
 Metaspace       used 21956K, capacity 22258K, committed 22656K, reserved 1069056K
  class space    used 2548K, capacity 2671K, committed 2688K, reserved 1048576K
}
Event: 1.840 GC heap before
{Heap before GC invocations=7 (full 3):
 PSYoungGen      total 66560K, used 3527K [0x00000000d8780000, 0x00000000dcd80000, 0x0000000100000000)
  eden space 61440K, 0% used [0x00000000d8780000,0x00000000d8780000,0x00000000dc380000)
  from space 5120K, 68% used [0x00000000dc880000,0x00000000dcbf1d88,0x00000000dcd80000)
  to   space 5120K, 0% used [0x00000000dc380000,0x00000000dc380000,0x00000000dc880000)
 ParOldGen       total 81920K, used 4964K [0x0000000089600000, 0x000000008e600000, 0x00000000d8780000)
  object space 81920K, 6% used [0x0000000089600000,0x0000000089ad9148,0x000000008e600000)
 Metaspace       used 21956K, capacity 22258K, committed 22656K, reserved 1069056K
  class space    used 2548K, capacity 2671K, committed 2688K, reserved 1048576K
Event: 1.950 GC heap after
Heap after GC invocations=7 (full 3):
 PSYoungGen      total 66560K, used 0K [0x00000000d8780000, 0x00000000dcd80000, 0x0000000100000000)
  eden space 61440K, 0% used [0x00000000d8780000,0x00000000d8780000,0x00000000dc380000)
  from space 5120K, 0% used [0x00000000dc880000,0x00000000dc880000,0x00000000dcd80000)
  to   space 5120K, 0% used [0x00000000dc380000,0x00000000dc380000,0x00000000dc880000)
 ParOldGen       total 81920K, used 8009K [0x0000000089600000, 0x000000008e600000, 0x00000000d8780000)
  object space 81920K, 9% used [0x0000000089600000,0x0000000089dd2500,0x000000008e600000)
 Metaspace       used 21956K, capacity 22258K, committed 22656K, reserved 1069056K
  class space    used 2548K, capacity 2671K, committed 2688K, reserved 1048576K
}
Event: 3.135 GC heap before
{Heap before GC invocations=8 (full 3):
 PSYoungGen      total 66560K, used 61440K [0x00000000d8780000, 0x00000000dcd80000, 0x0000000100000000)
  eden space 61440K, 100% used [0x00000000d8780000,0x00000000dc380000,0x00000000dc380000)
  from space 5120K, 0% used [0x00000000dc880000,0x00000000dc880000,0x00000000dcd80000)
  to   space 5120K, 0% used [0x00000000dc380000,0x00000000dc380000,0x00000000dc880000)
 ParOldGen       total 81920K, used 8009K [0x0000000089600000, 0x000000008e600000, 0x00000000d8780000)
  object space 81920K, 9% used [0x0000000089600000,0x0000000089dd2500,0x000000008e600000)
 Metaspace       used 24061K, capacity 24448K, committed 24960K, reserved 1071104K
  class space    used 2727K, capacity 2838K, committed 2944K, reserved 1048576K
Event: 3.158 GC heap after
Heap after GC invocations=8 (full 3):
 PSYoungGen      total 66560K, used 5120K [0x00000000d8780000, 0x00000000e0980000, 0x0000000100000000)
  eden space 61440K, 0% used [0x00000000d8780000,0x00000000d8780000,0x00000000dc380000)
  from space 5120K, 100% used [0x00000000dc380000,0x00000000dc880000,0x00000000dc880000)
  to   space 5120K, 0% used [0x00000000e0480000,0x00000000e0480000,0x00000000e0980000)
 ParOldGen       total 81920K, used 11768K [0x0000000089600000, 0x000000008e600000, 0x00000000d8780000)
  object space 81920K, 14% used [0x0000000089600000,0x000000008a17e2d8,0x000000008e600000)
 Metaspace       used 24061K, capacity 24448K, committed 24960K, reserved 1071104K
  class space    used 2727K, capacity 2838K, committed 2944K, reserved 1048576K
}
Event: 3.819 GC heap before
{Heap before GC invocations=9 (full 3):
 PSYoungGen      total 66560K, used 66560K [0x00000000d8780000, 0x00000000e0980000, 0x0000000100000000)
  eden space 61440K, 100% used [0x00000000d8780000,0x00000000dc380000,0x00000000dc380000)
  from space 5120K, 100% used [0x00000000dc380000,0x00000000dc880000,0x00000000dc880000)
  to   space 5120K, 0% used [0x00000000e0480000,0x00000000e0480000,0x00000000e0980000)
 ParOldGen       total 81920K, used 11768K [0x0000000089600000, 0x000000008e600000, 0x00000000d8780000)
  object space 81920K, 14% used [0x0000000089600000,0x000000008a17e2d8,0x000000008e600000)
 Metaspace       used 24201K, capacity 24576K, committed 24960K, reserved 1071104K
  class space    used 2731K, capacity 2838K, committed 2944K, reserved 1048576K
Event: 3.827 GC heap after
Heap after GC invocations=9 (full 3):
 PSYoungGen      total 128000K, used 5120K [0x00000000d8780000, 0x00000000e0980000, 0x0000000100000000)
  eden space 122880K, 0% used [0x00000000d8780000,0x00000000d8780000,0x00000000dff80000)
  from space 5120K, 100% used [0x00000000e0480000,0x00000000e0980000,0x00000000e0980000)
  to   space 5120K, 0% used [0x00000000dff80000,0x00000000dff80000,0x00000000e0480000)
 ParOldGen       total 81920K, used 11800K [0x0000000089600000, 0x000000008e600000, 0x00000000d8780000)
  object space 81920K, 14% used [0x0000000089600000,0x000000008a1862d8,0x000000008e600000)
 Metaspace       used 24201K, capacity 24576K, committed 24960K, reserved 1071104K
  class space    used 2731K, capacity 2838K, committed 2944K, reserved 1048576K
}
Event: 38.994 GC heap before
{Heap before GC invocations=10 (full 3):
 PSYoungGen      total 128000K, used 51273K [0x00000000d8780000, 0x00000000e0980000, 0x0000000100000000)
  eden space 122880K, 37% used [0x00000000d8780000,0x00000000db492518,0x00000000dff80000)
  from space 5120K, 100% used [0x00000000e0480000,0x00000000e0980000,0x00000000e0980000)
  to   space 5120K, 0% used [0x00000000dff80000,0x00000000dff80000,0x00000000e0480000)
 ParOldGen       total 81920K, used 11800K [0x0000000089600000, 0x000000008e600000, 0x00000000d8780000)
  object space 81920K, 14% used [0x0000000089600000,0x000000008a1862d8,0x000000008e600000)
 Metaspace       used 25378K, capacity 25760K, committed 26112K, reserved 1073152K
  class space    used 2875K, capacity 2998K, committed 3072K, reserved 1048576K
Event: 39.007 GC heap after
Heap after GC invocations=10 (full 3):
 PSYoungGen      total 128000K, used 5120K [0x00000000d8780000, 0x00000000e0980000, 0x0000000100000000)
  eden space 122880K, 0% used [0x00000000d8780000,0x00000000d8780000,0x00000000dff80000)
  from space 5120K, 100% used [0x00000000dff80000,0x00000000e0480000,0x00000000e0480000)
  to   space 5120K, 0% used [0x00000000e0480000,0x00000000e0480000,0x00000000e0980000)
 ParOldGen       total 81920K, used 12293K [0x0000000089600000, 0x000000008e600000, 0x00000000d8780000)
  object space 81920K, 15% used [0x0000000089600000,0x000000008a2015d0,0x000000008e600000)
 Metaspace       used 25378K, capacity 25760K, committed 26112K, reserved 1073152K
  class space    used 2875K, capacity 2998K, committed 3072K, reserved 1048576K
}
Event: 39.007 GC heap before
{Heap before GC invocations=11 (full 4):
 PSYoungGen      total 128000K, used 5120K [0x00000000d8780000, 0x00000000e0980000, 0x0000000100000000)
  eden space 122880K, 0% used [0x00000000d8780000,0x00000000d8780000,0x00000000dff80000)
  from space 5120K, 100% used [0x00000000dff80000,0x00000000e0480000,0x00000000e0480000)
  to   space 5120K, 0% used [0x00000000e0480000,0x00000000e0480000,0x00000000e0980000)
 ParOldGen       total 81920K, used 12293K [0x0000000089600000, 0x000000008e600000, 0x00000000d8780000)
  object space 81920K, 15% used [0x0000000089600000,0x000000008a2015d0,0x000000008e600000)
 Metaspace       used 25378K, capacity 25760K, committed 26112K, reserved 1073152K
  class space    used 2875K, capacity 2998K, committed 3072K, reserved 1048576K
Event: 39.227 GC heap after
Heap after GC invocations=11 (full 4):
 PSYoungGen      total 128000K, used 0K [0x00000000d8780000, 0x00000000e0980000, 0x0000000100000000)
  eden space 122880K, 0% used [0x00000000d8780000,0x00000000d8780000,0x00000000dff80000)
  from space 5120K, 0% used [0x00000000dff80000,0x00000000dff80000,0x00000000e0480000)
  to   space 5120K, 0% used [0x00000000e0480000,0x00000000e0480000,0x00000000e0980000)
 ParOldGen       total 81920K, used 17000K [0x0000000089600000, 0x000000008e600000, 0x00000000d8780000)
  object space 81920K, 20% used [0x0000000089600000,0x000000008a69a3d8,0x000000008e600000)
 Metaspace       used 25378K, capacity 25760K, committed 26112K, reserved 1073152K
  class space    used 2875K, capacity 2998K, committed 3072K, reserved 1048576K
}

