# JRE version: OpenJDK Runtime Environment (8.0_232-b09) (build 1.8.0_232-b09)
# Java VM: OpenJDK 64-Bit Server VM (25.232-b09 mixed mode linux-amd64 compressed oops)
Heap:
 PSYoungGen      total 246784K, used 129216K [0x00000000d8780000, 0x00000000e8980000, 0x0000000100000000)
  eden space 241664K, 52% used [0x00000000d8780000,0x00000000e03182b0,0x00000000e7380000)
  from space 5120K, 51% used [0x00000000e7c80000,0x00000000e7f18000,0x00000000e8180000)
  to   space 9216K, 0% used [0x00000000e7380000,0x00000000e7380000,0x00000000e7c80000)
 ParOldGen       total 81920K, used 16741K [0x0000000089600000, 0x000000008e600000, 0x00000000d8780000)
  object space 81920K, 20% used [0x0000000089600000,0x000000008a659578,0x000000008e600000)
 Metaspace       used 26730K, capacity 27046K, committed 27392K, reserved 1073152K
  class space    used 2950K, capacity 3063K, committed 3072K, reserved 1048576K
GC Heap History (22 events):
Event: 1.112 GC heap before
{Heap before GC invocations=1 (full 0):
 PSYoungGen      total 35840K, used 25938K [0x00000000d8780000, 0x00000000daf80000, 0x0000000100000000)
  eden space 30720K, 84% used [0x00000000d8780000,0x00000000da0d4840,0x00000000da580000)
  from space 5120K, 0% used [0x00000000daa80000,0x00000000daa80000,0x00000000daf80000)
  to   space 5120K, 0% used [0x00000000da580000,0x00000000da580000,0x00000000daa80000)
 ParOldGen       total 81920K, used 0K [0x0000000089600000, 0x000000008e600000, 0x00000000d8780000)
  object space 81920K, 0% used [0x0000000089600000,0x0000000089600000,0x000000008e600000)
 Metaspace       used 19611K, capacity 19954K, committed 20352K, reserved 1067008K
  class space    used 2281K, capacity 2415K, committed 2432K, reserved 1048576K
Event: 1.123 GC heap after
Heap after GC invocations=1 (full 0):
 PSYoungGen      total 35840K, used 5113K [0x00000000d8780000, 0x00000000daf80000, 0x0000000100000000)
  eden space 30720K, 0% used [0x00000000d8780000,0x00000000d8780000,0x00000000da580000)
  from space 5120K, 99% used [0x00000000da580000,0x00000000daa7e5e0,0x00000000daa80000)
  to   space 5120K, 0% used [0x00000000daa80000,0x00000000daa80000,0x00000000daf80000)
 ParOldGen       total 81920K, used 919K [0x0000000089600000, 0x000000008e600000, 0x00000000d8780000)
  object space 81920K, 1% used [0x0000000089600000,0x00000000896e5c28,0x000000008e600000)
 Metaspace       used 19611K, capacity 19954K, committed 20352K, reserved 1067008K
  class space    used 2281K, capacity 2415K, committed 2432K, reserved 1048576K
}
Event: 1.123 GC heap before
{Heap before GC invocations=2 (full 1):
 PSYoungGen      total 35840K, used 5113K [0x00000000d8780000, 0x00000000daf80000, 0x0000000100000000)
  eden space 30720K, 0% used [0x00000000d8780000,0x00000000d8780000,0x00000000da580000)
  from space 5120K, 99% used [0x00000000da580000,0x00000000daa7e5e0,0x00000000daa80000)
  to   space 5120K, 0% used [0x00000000daa80000,0x00000000daa80000,0x00000000daf80000)
 ParOldGen       total 81920K, used 919K [0x0000000089600000, 0x000000008e600000, 0x00000000d8780000)
  object space 81920K, 1% used [0x0000000089600000,0x00000000896e5c28,0x000000008e600000)
 Metaspace       used 19611K, capacity 19954K, committed 20352K, reserved 1067008K
  class space    used 2281K, capacity 2415K, committed 2432K, reserved 1048576K
Event: 1.158 GC heap after
Heap after GC invocations=2 (full 1):
 PSYoungGen      total 35840K, used 0K [0x00000000d8780000, 0x00000000daf80000, 0x0000000100000000)
  eden space 30720K, 0% used [0x00000000d8780000,0x00000000d8780000,0x00000000da580000)
  from space 5120K, 0% used [0x00000000da580000,0x00000000da580000,0x00000000daa80000)
  to   space 5120K, 0% used [0x00000000daa80000,0x00000000daa80000,0x00000000daf80000)
 ParOldGen       total 81920K, used 5818K [0x0000000089600000, 0x000000008e600000, 0x00000000d8780000)
  object space 81920K, 7% used [0x0000000089600000,0x0000000089bae9a0,0x000000008e600000)
 Metaspace       used 19611K, capacity 19954K, committed 20352K, reserved 1067008K
  class space    used 2281K, capacity 2415K, committed 2432K, reserved 1048576K
}
Event: 1.198 GC heap before
{Heap before GC invocations=3 (full 1):
 PSYoungGen      total 35840K, used 5157K [0x00000000d8780000, 0x00000000daf80000, 0x0000000100000000)
  eden space 30720K, 16% used [0x00000000d8780000,0x00000000d8c894b8,0x00000000da580000)
  from space 5120K, 0% used [0x00000000da580000,0x00000000da580000,0x00000000daa80000)
  to   space 5120K, 0% used [0x00000000daa80000,0x00000000daa80000,0x00000000daf80000)
 ParOldGen       total 81920K, used 5818K [0x0000000089600000, 0x000000008e600000, 0x00000000d8780000)
  object space 81920K, 7% used [0x0000000089600000,0x0000000089bae9a0,0x000000008e600000)
 Metaspace       used 19906K, capacity 20178K, committed 20736K, reserved 1067008K
  class space    used 2321K, capacity 2447K, committed 2560K, reserved 1048576K
Event: 1.200 GC heap after
Heap after GC invocations=3 (full 1):
 PSYoungGen      total 35840K, used 521K [0x00000000d8780000, 0x00000000dcd80000, 0x0000000100000000)
  eden space 30720K, 0% used [0x00000000d8780000,0x00000000d8780000,0x00000000da580000)
  from space 5120K, 10% used [0x00000000daa80000,0x00000000dab025a8,0x00000000daf80000)
  to   space 5120K, 0% used [0x00000000da580000,0x00000000da580000,0x00000000daa80000)
 ParOldGen       total 81920K, used 5826K [0x0000000089600000, 0x000000008e600000, 0x00000000d8780000)
  object space 81920K, 7% used [0x0000000089600000,0x0000000089bb09a0,0x000000008e600000)
 Metaspace       used 19906K, capacity 20178K, committed 20736K, reserved 1067008K
  class space    used 2321K, capacity 2447K, committed 2560K, reserved 1048576K
}
Event: 1.542 GC heap before
{Heap before GC invocations=4 (full 1):
 PSYoungGen      total 35840K, used 31241K [0x00000000d8780000, 0x00000000dcd80000, 0x0000000100000000)
  eden space 30720K, 100% used [0x00000000d8780000,0x00000000da580000,0x00000000da580000)
  from space 5120K, 10% used [0x00000000daa80000,0x00000000dab025a8,0x00000000daf80000)
  to   space 5120K, 0% used [0x00000000da580000,0x00000000da580000,0x00000000daa80000)
 ParOldGen       total 81920K, used 5826K [0x0000000089600000, 0x000000008e600000, 0x00000000d8780000)
  object space 81920K, 7% used [0x0000000089600000,0x0000000089bb09a0,0x000000008e600000)
 Metaspace       used 21829K, capacity 22162K, committed 22656K, reserved 1069056K
  class space    used 2532K, capacity 2639K, committed 2688K, reserved 1048576K
Event: 1.550 GC heap after
Heap after GC invocations=4 (full 1):
 PSYoungGen      total 35840K, used 3776K [0x00000000d8780000, 0x00000000dcd80000, 0x0000000100000000)
  eden space 30720K, 0% used [0x00000000d8780000,0x00000000d8780000,0x00000000da580000)
  from space 5120K, 73% used [0x00000000da580000,0x00000000da930000,0x00000000daa80000)
  to   space 5120K, 0% used [0x00000000dc880000,0x00000000dc880000,0x00000000dcd80000)
 ParOldGen       total 81920K, used 5834K [0x0000000089600000, 0x000000008e600000, 0x00000000d8780000)
  object space 81920K, 7% used [0x0000000089600000,0x0000000089bb29a0,0x000000008e600000)
 Metaspace       used 21829K, capacity 22162K, committed 22656K, reserved 1069056K
  class space    used 2532K, capacity 2639K, committed 2688K, reserved 1048576K
}
Event: 1.615 GC heap before
{Heap before GC invocations=5 (full 1):
 PSYoungGen      total 35840K, used 8775K [0x00000000d8780000, 0x00000000dcd80000, 0x0000000100000000)
  eden space 30720K, 16% used [0x00000000d8780000,0x00000000d8c61e68,0x00000000da580000)
  from space 5120K, 73% used [0x00000000da580000,0x00000000da930000,0x00000000daa80000)
  to   space 5120K, 0% used [0x00000000dc880000,0x00000000dc880000,0x00000000dcd80000)
 ParOldGen       total 81920K, used 5834K [0x0000000089600000, 0x000000008e600000, 0x00000000d8780000)
  object space 81920K, 7% used [0x0000000089600000,0x0000000089bb29a0,0x000000008e600000)
 Metaspace       used 22010K, capacity 22386K, committed 22656K, reserved 1069056K
  class space    used 2548K, capacity 2671K, committed 2688K, reserved 1048576K
Event: 1.624 GC heap after
Heap after GC invocations=5 (full 1):
 PSYoungGen      total 66560K, used 3799K [0x00000000d8780000, 0x00000000dcd80000, 0x0000000100000000)
  eden space 61440K, 0% used [0x00000000d8780000,0x00000000d8780000,0x00000000dc380000)
  from space 5120K, 74% used [0x00000000dc880000,0x00000000dcc35d98,0x00000000dcd80000)
  to   space 5120K, 0% used [0x00000000dc380000,0x00000000dc380000,0x00000000dc880000)
 ParOldGen       total 81920K, used 5842K [0x0000000089600000, 0x000000008e600000, 0x00000000d8780000)
  object space 81920K, 7% used [0x0000000089600000,0x0000000089bb49a0,0x000000008e600000)
 Metaspace       used 22010K, capacity 22386K, committed 22656K, reserved 1069056K
  class space    used 2548K, capacity 2671K, committed 2688K, reserved 1048576K
}
Event: 1.624 GC heap before
{Heap before GC invocations=6 (full 2):
 PSYoungGen      total 66560K, used 3799K [0x00000000d8780000, 0x00000000dcd80000, 0x0000000100000000)
  eden space 61440K, 0% used [0x00000000d8780000,0x00000000d8780000,0x00000000dc380000)
  from space 5120K, 74% used [0x00000000dc880000,0x00000000dcc35d98,0x00000000dcd80000)
  to   space 5120K, 0% used [0x00000000dc380000,0x00000000dc380000,0x00000000dc880000)
 ParOldGen       total 81920K, used 5842K [0x0000000089600000, 0x000000008e600000, 0x00000000d8780000)
  object space 81920K, 7% used [0x0000000089600000,0x0000000089bb49a0,0x000000008e600000)
 Metaspace       used 22010K, capacity 22386K, committed 22656K, reserved 1069056K
  class space    used 2548K, capacity 2671K, committed 2688K, reserved 1048576K
Event: 1.705 GC heap after
Heap after GC invocations=6 (full 2):
 PSYoungGen      total 66560K, used 0K [0x00000000d8780000, 0x00000000dcd80000, 0x0000000100000000)
  eden space 61440K, 0% used [0x00000000d8780000,0x00000000d8780000,0x00000000dc380000)
  from space 5120K, 0% used [0x00000000dc880000,0x00000000dc880000,0x00000000dcd80000)
  to   space 5120K, 0% used [0x00000000dc380000,0x00000000dc380000,0x00000000dc880000)
 ParOldGen       total 81920K, used 8045K [0x0000000089600000, 0x000000008e600000, 0x00000000d8780000)
  object space 81920K, 9% used [0x0000000089600000,0x0000000089ddb6b8,0x000000008e600000)
 Metaspace       used 22010K, capacity 22386K, committed 22656K, reserved 1069056K
  class space    used 2548K, capacity 2671K, committed 2688K, reserved 1048576K
}
Event: 2.957 GC heap before
{Heap before GC invocations=7 (full 2):
 PSYoungGen      total 66560K, used 61440K [0x00000000d8780000, 0x00000000dcd80000, 0x0000000100000000)
  eden space 61440K, 100% used [0x00000000d8780000,0x00000000dc380000,0x00000000dc380000)
  from space 5120K, 0% used [0x00000000dc880000,0x00000000dc880000,0x00000000dcd80000)
  to   space 5120K, 0% used [0x00000000dc380000,0x00000000dc380000,0x00000000dc880000)
 ParOldGen       total 81920K, used 8045K [0x0000000089600000, 0x000000008e600000, 0x00000000d8780000)
  object space 81920K, 9% used [0x0000000089600000,0x0000000089ddb6b8,0x000000008e600000)
 Metaspace       used 24053K, capacity 24384K, committed 24960K, reserved 1071104K
  class space    used 2715K, capacity 2838K, committed 2944K, reserved 1048576K
Event: 2.973 GC heap after
Heap after GC invocations=7 (full 2):
 PSYoungGen      total 66560K, used 5105K [0x00000000d8780000, 0x00000000e0980000, 0x0000000100000000)
  eden space 61440K, 0% used [0x00000000d8780000,0x00000000d8780000,0x00000000dc380000)
  from space 5120K, 99% used [0x00000000dc380000,0x00000000dc87c710,0x00000000dc880000)
  to   space 5120K, 0% used [0x00000000e0480000,0x00000000e0480000,0x00000000e0980000)
 ParOldGen       total 81920K, used 11742K [0x0000000089600000, 0x000000008e600000, 0x00000000d8780000)
  object space 81920K, 14% used [0x0000000089600000,0x000000008a177980,0x000000008e600000)
 Metaspace       used 24053K, capacity 24384K, committed 24960K, reserved 1071104K
  class space    used 2715K, capacity 2838K, committed 2944K, reserved 1048576K
}
Event: 45.625 GC heap before
{Heap before GC invocations=8 (full 2):
 PSYoungGen      total 66560K, used 60635K [0x00000000d8780000, 0x00000000e0980000, 0x0000000100000000)
  eden space 61440K, 90% used [0x00000000d8780000,0x00000000dbdba810,0x00000000dc380000)
  from space 5120K, 99% used [0x00000000dc380000,0x00000000dc87c710,0x00000000dc880000)
  to   space 5120K, 0% used [0x00000000e0480000,0x00000000e0480000,0x00000000e0980000)
 ParOldGen       total 81920K, used 11742K [0x0000000089600000, 0x000000008e600000, 0x00000000d8780000)
  object space 81920K, 14% used [0x0000000089600000,0x000000008a177980,0x000000008e600000)
 Metaspace       used 25438K, capacity 25824K, committed 26368K, reserved 1073152K
  class space    used 2876K, capacity 2998K, committed 3072K, reserved 1048576K
Event: 45.636 GC heap after
Heap after GC invocations=8 (full 2):
 PSYoungGen      total 128000K, used 5120K [0x00000000d8780000, 0x00000000e0980000, 0x0000000100000000)
  eden space 122880K, 0% used [0x00000000d8780000,0x00000000d8780000,0x00000000dff80000)
  from space 5120K, 100% used [0x00000000e0480000,0x00000000e0980000,0x00000000e0980000)
  to   space 5120K, 0% used [0x00000000dff80000,0x00000000dff80000,0x00000000e0480000)
 ParOldGen       total 81920K, used 12293K [0x0000000089600000, 0x000000008e600000, 0x00000000d8780000)
  object space 81920K, 15% used [0x0000000089600000,0x000000008a201638,0x000000008e600000)
 Metaspace       used 25438K, capacity 25824K, committed 26368K, reserved 1073152K
  class space    used 2876K, capacity 2998K, committed 3072K, reserved 1048576K
}
Event: 45.636 GC heap before
{Heap before GC invocations=9 (full 3):
 PSYoungGen      total 128000K, used 5120K [0x00000000d8780000, 0x00000000e0980000, 0x0000000100000000)
  eden space 122880K, 0% used [0x00000000d8780000,0x00000000d8780000,0x00000000dff80000)
  from space 5120K, 100% used [0x00000000e0480000,0x00000000e0980000,0x00000000e0980000)
  to   space 5120K, 0% used [0x00000000dff80000,0x00000000dff80000,0x00000000e0480000)
 ParOldGen       total 81920K, used 12293K [0x0000000089600000, 0x000000008e600000, 0x00000000d8780000)
  object space 81920K, 15% used [0x0000000089600000,0x000000008a201638,0x000000008e600000)
 Metaspace       used 25438K, capacity 25824K, committed 26368K, reserved 1073152K
  class space    used 2876K, capacity 2998K, committed 3072K, reserved 1048576K
Event: 45.830 GC heap after
Heap after GC invocations=9 (full 3):
 PSYoungGen      total 128000K, used 0K [0x00000000d8780000, 0x00000000e0980000, 0x0000000100000000)
  eden space 122880K, 0% used [0x00000000d8780000,0x00000000d8780000,0x00000000dff80000)
  from space 5120K, 0% used [0x00000000e0480000,0x00000000e0480000,0x00000000e0980000)
  to   space 5120K, 0% used [0x00000000dff80000,0x00000000dff80000,0x00000000e0480000)
 ParOldGen       total 81920K, used 16725K [0x0000000089600000, 0x000000008e600000, 0x00000000d8780000)
  object space 81920K, 20% used [0x0000000089600000,0x000000008a655578,0x000000008e600000)
 Metaspace       used 25438K, capacity 25824K, committed 26368K, reserved 1073152K
  class space    used 2876K, capacity 2998K, committed 3072K, reserved 1048576K
}
Event: 56.459 GC heap before
{Heap before GC invocations=10 (full 3):
 PSYoungGen      total 128000K, used 122880K [0x00000000d8780000, 0x00000000e0980000, 0x0000000100000000)
  eden space 122880K, 100% used [0x00000000d8780000,0x00000000dff80000,0x00000000dff80000)
  from space 5120K, 0% used [0x00000000e0480000,0x00000000e0480000,0x00000000e0980000)
  to   space 5120K, 0% used [0x00000000dff80000,0x00000000dff80000,0x00000000e0480000)
 ParOldGen       total 81920K, used 16725K [0x0000000089600000, 0x000000008e600000, 0x00000000d8780000)
  object space 81920K, 20% used [0x0000000089600000,0x000000008a655578,0x000000008e600000)
 Metaspace       used 25859K, capacity 26240K, committed 26624K, reserved 1073152K
  class space    used 2905K, capacity 3030K, committed 3072K, reserved 1048576K
Event: 56.467 GC heap after
Heap after GC invocations=10 (full 3):
 PSYoungGen      total 128000K, used 2560K [0x00000000d8780000, 0x00000000e8180000, 0x0000000100000000)
  eden space 122880K, 0% used [0x00000000d8780000,0x00000000d8780000,0x00000000dff80000)
  from space 5120K, 50% used [0x00000000dff80000,0x00000000e0200000,0x00000000e0480000)
  to   space 5120K, 0% used [0x00000000e7c80000,0x00000000e7c80000,0x00000000e8180000)
 ParOldGen       total 81920K, used 16733K [0x0000000089600000, 0x000000008e600000, 0x00000000d8780000)
  object space 81920K, 20% used [0x0000000089600000,0x000000008a657578,0x000000008e600000)
 Metaspace       used 25859K, capacity 26240K, committed 26624K, reserved 1073152K
  class space    used 2905K, capacity 3030K, committed 3072K, reserved 1048576K
}
Event: 71.199 GC heap before
{Heap before GC invocations=11 (full 3):
 PSYoungGen      total 128000K, used 125440K [0x00000000d8780000, 0x00000000e8180000, 0x0000000100000000)
  eden space 122880K, 100% used [0x00000000d8780000,0x00000000dff80000,0x00000000dff80000)
  from space 5120K, 50% used [0x00000000dff80000,0x00000000e0200000,0x00000000e0480000)
  to   space 5120K, 0% used [0x00000000e7c80000,0x00000000e7c80000,0x00000000e8180000)
 ParOldGen       total 81920K, used 16733K [0x0000000089600000, 0x000000008e600000, 0x00000000d8780000)
  object space 81920K, 20% used [0x0000000089600000,0x000000008a657578,0x000000008e600000)
 Metaspace       used 26079K, capacity 26432K, committed 26880K, reserved 1073152K
  class space    used 2914K, capacity 3030K, committed 3072K, reserved 1048576K
Event: 71.203 GC heap after
Heap after GC invocations=11 (full 3):
 PSYoungGen      total 246784K, used 2656K [0x00000000d8780000, 0x00000000e8980000, 0x0000000100000000)
  eden space 241664K, 0% used [0x00000000d8780000,0x00000000d8780000,0x00000000e7380000)
  from space 5120K, 51% used [0x00000000e7c80000,0x00000000e7f18000,0x00000000e8180000)
  to   space 9216K, 0% used [0x00000000e7380000,0x00000000e7380000,0x00000000e7c80000)
 ParOldGen       total 81920K, used 16741K [0x0000000089600000, 0x000000008e600000, 0x00000000d8780000)
  object space 81920K, 20% used [0x0000000089600000,0x000000008a659578,0x000000008e600000)
 Metaspace       used 26079K, capacity 26432K, committed 26880K, reserved 1073152K
  class space    used 2914K, capacity 3030K, committed 3072K, reserved 1048576K
}

