# JRE version: OpenJDK Runtime Environment (8.0_232-b09) (build 1.8.0_232-b09)
# Java VM: OpenJDK 64-Bit Server VM (25.232-b09 mixed mode linux-amd64 compressed oops)
Heap:
 PSYoungGen      total 123392K, used 69287K [0x00000000d8780000, 0x00000000e8a80000, 0x0000000100000000)
  eden space 118272K, 54% used [0x00000000d8780000,0x00000000dc630448,0x00000000dfb00000)
  from space 5120K, 99% used [0x00000000e0480000,0x00000000e09798c8,0x00000000e0980000)
  to   space 9728K, 0% used [0x00000000dfb00000,0x00000000dfb00000,0x00000000e0480000)
 ParOldGen       total 81920K, used 16059K [0x0000000089600000, 0x000000008e600000, 0x00000000d8780000)
  object space 81920K, 19% used [0x0000000089600000,0x000000008a5aefb8,0x000000008e600000)
 Metaspace       used 25532K, capacity 25824K, committed 26240K, reserved 1073152K
  class space    used 2823K, capacity 2934K, committed 2944K, reserved 1048576K
GC Heap History (22 events):
Event: 0.989 GC heap before
{Heap before GC invocations=1 (full 0):
 PSYoungGen      total 35840K, used 26433K [0x00000000d8780000, 0x00000000daf80000, 0x0000000100000000)
  eden space 30720K, 86% used [0x00000000d8780000,0x00000000da1506f8,0x00000000da580000)
  from space 5120K, 0% used [0x00000000daa80000,0x00000000daa80000,0x00000000daf80000)
  to   space 5120K, 0% used [0x00000000da580000,0x00000000da580000,0x00000000daa80000)
 ParOldGen       total 81920K, used 0K [0x0000000089600000, 0x000000008e600000, 0x00000000d8780000)
  object space 81920K, 0% used [0x0000000089600000,0x0000000089600000,0x000000008e600000)
 Metaspace       used 19615K, capacity 19954K, committed 20352K, reserved 1067008K
  class space    used 2281K, capacity 2415K, committed 2432K, reserved 1048576K
Event: 1.001 GC heap after
Heap after GC invocations=1 (full 0):
 PSYoungGen      total 35840K, used 5099K [0x00000000d8780000, 0x00000000daf80000, 0x0000000100000000)
  eden space 30720K, 0% used [0x00000000d8780000,0x00000000d8780000,0x00000000da580000)
  from space 5120K, 99% used [0x00000000da580000,0x00000000daa7ade0,0x00000000daa80000)
  to   space 5120K, 0% used [0x00000000daa80000,0x00000000daa80000,0x00000000daf80000)
 ParOldGen       total 81920K, used 915K [0x0000000089600000, 0x000000008e600000, 0x00000000d8780000)
  object space 81920K, 1% used [0x0000000089600000,0x00000000896e4f80,0x000000008e600000)
 Metaspace       used 19615K, capacity 19954K, committed 20352K, reserved 1067008K
  class space    used 2281K, capacity 2415K, committed 2432K, reserved 1048576K
}
Event: 1.001 GC heap before
{Heap before GC invocations=2 (full 1):
 PSYoungGen      total 35840K, used 5099K [0x00000000d8780000, 0x00000000daf80000, 0x0000000100000000)
  eden space 30720K, 0% used [0x00000000d8780000,0x00000000d8780000,0x00000000da580000)
  from space 5120K, 99% used [0x00000000da580000,0x00000000daa7ade0,0x00000000daa80000)
  to   space 5120K, 0% used [0x00000000daa80000,0x00000000daa80000,0x00000000daf80000)
 ParOldGen       total 81920K, used 915K [0x0000000089600000, 0x000000008e600000, 0x00000000d8780000)
  object space 81920K, 1% used [0x0000000089600000,0x00000000896e4f80,0x000000008e600000)
 Metaspace       used 19615K, capacity 19954K, committed 20352K, reserved 1067008K
  class space    used 2281K, capacity 2415K, committed 2432K, reserved 1048576K
Event: 1.038 GC heap after
Heap after GC invocations=2 (full 1):
 PSYoungGen      total 35840K, used 0K [0x00000000d8780000, 0x00000000daf80000, 0x0000000100000000)
  eden space 30720K, 0% used [0x00000000d8780000,0x00000000d8780000,0x00000000da580000)
  from space 5120K, 0% used [0x00000000da580000,0x00000000da580000,0x00000000daa80000)
  to   space 5120K, 0% used [0x00000000daa80000,0x00000000daa80000,0x00000000daf80000)
 ParOldGen       total 81920K, used 5814K [0x0000000089600000, 0x000000008e600000, 0x00000000d8780000)
  object space 81920K, 7% used [0x0000000089600000,0x0000000089bada80,0x000000008e600000)
 Metaspace       used 19615K, capacity 19954K, committed 20352K, reserved 1067008K
  class space    used 2281K, capacity 2415K, committed 2432K, reserved 1048576K
}
Event: 1.079 GC heap before
{Heap before GC invocations=3 (full 1):
 PSYoungGen      total 35840K, used 4572K [0x00000000d8780000, 0x00000000daf80000, 0x0000000100000000)
  eden space 30720K, 14% used [0x00000000d8780000,0x00000000d8bf73f8,0x00000000da580000)
  from space 5120K, 0% used [0x00000000da580000,0x00000000da580000,0x00000000daa80000)
  to   space 5120K, 0% used [0x00000000daa80000,0x00000000daa80000,0x00000000daf80000)
 ParOldGen       total 81920K, used 5814K [0x0000000089600000, 0x000000008e600000, 0x00000000d8780000)
  object space 81920K, 7% used [0x0000000089600000,0x0000000089bada80,0x000000008e600000)
 Metaspace       used 19858K, capacity 20178K, committed 20736K, reserved 1067008K
  class space    used 2313K, capacity 2447K, committed 2560K, reserved 1048576K
Event: 1.080 GC heap after
Heap after GC invocations=3 (full 1):
 PSYoungGen      total 35840K, used 448K [0x00000000d8780000, 0x00000000daf80000, 0x0000000100000000)
  eden space 30720K, 0% used [0x00000000d8780000,0x00000000d8780000,0x00000000da580000)
  from space 5120K, 8% used [0x00000000daa80000,0x00000000daaf0000,0x00000000daf80000)
  to   space 5120K, 0% used [0x00000000da580000,0x00000000da580000,0x00000000daa80000)
 ParOldGen       total 81920K, used 5822K [0x0000000089600000, 0x000000008e600000, 0x00000000d8780000)
  object space 81920K, 7% used [0x0000000089600000,0x0000000089bafa80,0x000000008e600000)
 Metaspace       used 19858K, capacity 20178K, committed 20736K, reserved 1067008K
  class space    used 2313K, capacity 2447K, committed 2560K, reserved 1048576K
}
Event: 1.080 GC heap before
{Heap before GC invocations=4 (full 2):
 PSYoungGen      total 35840K, used 448K [0x00000000d8780000, 0x00000000daf80000, 0x0000000100000000)
  eden space 30720K, 0% used [0x00000000d8780000,0x00000000d8780000,0x00000000da580000)
  from space 5120K, 8% used [0x00000000daa80000,0x00000000daaf0000,0x00000000daf80000)
  to   space 5120K, 0% used [0x00000000da580000,0x00000000da580000,0x00000000daa80000)
 ParOldGen       total 81920K, used 5822K [0x0000000089600000, 0x000000008e600000, 0x00000000d8780000)
  object space 81920K, 7% used [0x0000000089600000,0x0000000089bafa80,0x000000008e600000)
 Metaspace       used 19858K, capacity 20178K, committed 20736K, reserved 1067008K
  class space    used 2313K, capacity 2447K, committed 2560K, reserved 1048576K
Event: 1.117 GC heap after
Heap after GC invocations=4 (full 2):
 PSYoungGen      total 35840K, used 0K [0x00000000d8780000, 0x00000000daf80000, 0x0000000100000000)
  eden space 30720K, 0% used [0x00000000d8780000,0x00000000d8780000,0x00000000da580000)
  from space 5120K, 0% used [0x00000000daa80000,0x00000000daa80000,0x00000000daf80000)
  to   space 5120K, 0% used [0x00000000da580000,0x00000000da580000,0x00000000daa80000)
 ParOldGen       total 81920K, used 4745K [0x0000000089600000, 0x000000008e600000, 0x00000000d8780000)
  object space 81920K, 5% used [0x0000000089600000,0x0000000089aa2650,0x000000008e600000)
 Metaspace       used 19858K, capacity 20178K, committed 20736K, reserved 1067008K
  class space    used 2313K, capacity 2447K, committed 2560K, reserved 1048576K
}
Event: 1.447 GC heap before
{Heap before GC invocations=5 (full 2):
 PSYoungGen      total 35840K, used 30720K [0x00000000d8780000, 0x00000000daf80000, 0x0000000100000000)
  eden space 30720K, 100% used [0x00000000d8780000,0x00000000da580000,0x00000000da580000)
  from space 5120K, 0% used [0x00000000daa80000,0x00000000daa80000,0x00000000daf80000)
  to   space 5120K, 0% used [0x00000000da580000,0x00000000da580000,0x00000000daa80000)
 ParOldGen       total 81920K, used 4745K [0x0000000089600000, 0x000000008e600000, 0x00000000d8780000)
  object space 81920K, 5% used [0x0000000089600000,0x0000000089aa2650,0x000000008e600000)
 Metaspace       used 21838K, capacity 22226K, committed 22656K, reserved 1069056K
  class space    used 2532K, capacity 2639K, committed 2688K, reserved 1048576K
Event: 1.454 GC heap after
Heap after GC invocations=5 (full 2):
 PSYoungGen      total 35840K, used 3600K [0x00000000d8780000, 0x00000000dcd80000, 0x0000000100000000)
  eden space 30720K, 0% used [0x00000000d8780000,0x00000000d8780000,0x00000000da580000)
  from space 5120K, 70% used [0x00000000da580000,0x00000000da904010,0x00000000daa80000)
  to   space 5120K, 0% used [0x00000000dc880000,0x00000000dc880000,0x00000000dcd80000)
 ParOldGen       total 81920K, used 4753K [0x0000000089600000, 0x000000008e600000, 0x00000000d8780000)
  object space 81920K, 5% used [0x0000000089600000,0x0000000089aa4650,0x000000008e600000)
 Metaspace       used 21838K, capacity 22226K, committed 22656K, reserved 1069056K
  class space    used 2532K, capacity 2639K, committed 2688K, reserved 1048576K
}
Event: 1.525 GC heap before
{Heap before GC invocations=6 (full 2):
 PSYoungGen      total 35840K, used 8903K [0x00000000d8780000, 0x00000000dcd80000, 0x0000000100000000)
  eden space 30720K, 17% used [0x00000000d8780000,0x00000000d8cadd98,0x00000000da580000)
  from space 5120K, 70% used [0x00000000da580000,0x00000000da904010,0x00000000daa80000)
  to   space 5120K, 0% used [0x00000000dc880000,0x00000000dc880000,0x00000000dcd80000)
 ParOldGen       total 81920K, used 4753K [0x0000000089600000, 0x000000008e600000, 0x00000000d8780000)
  object space 81920K, 5% used [0x0000000089600000,0x0000000089aa4650,0x000000008e600000)
 Metaspace       used 22023K, capacity 22386K, committed 22656K, reserved 1069056K
  class space    used 2548K, capacity 2671K, committed 2688K, reserved 1048576K
Event: 1.535 GC heap after
Heap after GC invocations=6 (full 2):
 PSYoungGen      total 66560K, used 3639K [0x00000000d8780000, 0x00000000dcd80000, 0x0000000100000000)
  eden space 61440K, 0% used [0x00000000d8780000,0x00000000d8780000,0x00000000dc380000)
  from space 5120K, 71% used [0x00000000dc880000,0x00000000dcc0dd98,0x00000000dcd80000)
  to   space 5120K, 0% used [0x00000000dc380000,0x00000000dc380000,0x00000000dc880000)
 ParOldGen       total 81920K, used 4761K [0x0000000089600000, 0x000000008e600000, 0x00000000d8780000)
  object space 81920K, 5% used [0x0000000089600000,0x0000000089aa6650,0x000000008e600000)
 Metaspace       used 22023K, capacity 22386K, committed 22656K, reserved 1069056K
  class space    used 2548K, capacity 2671K, committed 2688K, reserved 1048576K
}
Event: 1.535 GC heap before
{Heap before GC invocations=7 (full 3):
 PSYoungGen      total 66560K, used 3639K [0x00000000d8780000, 0x00000000dcd80000, 0x0000000100000000)
  eden space 61440K, 0% used [0x00000000d8780000,0x00000000d8780000,0x00000000dc380000)
  from space 5120K, 71% used [0x00000000dc880000,0x00000000dcc0dd98,0x00000000dcd80000)
  to   space 5120K, 0% used [0x00000000dc380000,0x00000000dc380000,0x00000000dc880000)
 ParOldGen       total 81920K, used 4761K [0x0000000089600000, 0x000000008e600000, 0x00000000d8780000)
  object space 81920K, 5% used [0x0000000089600000,0x0000000089aa6650,0x000000008e600000)
 Metaspace       used 22023K, capacity 22386K, committed 22656K, reserved 1069056K
  class space    used 2548K, capacity 2671K, committed 2688K, reserved 1048576K
Event: 1.635 GC heap after
Heap after GC invocations=7 (full 3):
 PSYoungGen      total 66560K, used 0K [0x00000000d8780000, 0x00000000dcd80000, 0x0000000100000000)
  eden space 61440K, 0% used [0x00000000d8780000,0x00000000d8780000,0x00000000dc380000)
  from space 5120K, 0% used [0x00000000dc880000,0x00000000dc880000,0x00000000dcd80000)
  to   space 5120K, 0% used [0x00000000dc380000,0x00000000dc380000,0x00000000dc880000)
 ParOldGen       total 81920K, used 8076K [0x0000000089600000, 0x000000008e600000, 0x00000000d8780000)
  object space 81920K, 9% used [0x0000000089600000,0x0000000089de32b8,0x000000008e600000)
 Metaspace       used 22023K, capacity 22386K, committed 22656K, reserved 1069056K
  class space    used 2548K, capacity 2671K, committed 2688K, reserved 1048576K
}
Event: 2.806 GC heap before
{Heap before GC invocations=8 (full 3):
 PSYoungGen      total 66560K, used 61440K [0x00000000d8780000, 0x00000000dcd80000, 0x0000000100000000)
  eden space 61440K, 100% used [0x00000000d8780000,0x00000000dc380000,0x00000000dc380000)
  from space 5120K, 0% used [0x00000000dc880000,0x00000000dc880000,0x00000000dcd80000)
  to   space 5120K, 0% used [0x00000000dc380000,0x00000000dc380000,0x00000000dc880000)
 ParOldGen       total 81920K, used 8076K [0x0000000089600000, 0x000000008e600000, 0x00000000d8780000)
  object space 81920K, 9% used [0x0000000089600000,0x0000000089de32b8,0x000000008e600000)
 Metaspace       used 24104K, capacity 24448K, committed 24960K, reserved 1071104K
  class space    used 2730K, capacity 2838K, committed 2944K, reserved 1048576K
Event: 2.824 GC heap after
Heap after GC invocations=8 (full 3):
 PSYoungGen      total 66560K, used 5120K [0x00000000d8780000, 0x00000000e0980000, 0x0000000100000000)
  eden space 61440K, 0% used [0x00000000d8780000,0x00000000d8780000,0x00000000dc380000)
  from space 5120K, 100% used [0x00000000dc380000,0x00000000dc880000,0x00000000dc880000)
  to   space 5120K, 0% used [0x00000000e0480000,0x00000000e0480000,0x00000000e0980000)
 ParOldGen       total 81920K, used 10717K [0x0000000089600000, 0x000000008e600000, 0x00000000d8780000)
  object space 81920K, 13% used [0x0000000089600000,0x000000008a077640,0x000000008e600000)
 Metaspace       used 24104K, capacity 24448K, committed 24960K, reserved 1071104K
  class space    used 2730K, capacity 2838K, committed 2944K, reserved 1048576K
}
Event: 23.712 GC heap before
{Heap before GC invocations=9 (full 3):
 PSYoungGen      total 66560K, used 66560K [0x00000000d8780000, 0x00000000e0980000, 0x0000000100000000)
  eden space 61440K, 100% used [0x00000000d8780000,0x00000000dc380000,0x00000000dc380000)
  from space 5120K, 100% used [0x00000000dc380000,0x00000000dc880000,0x00000000dc880000)
  to   space 5120K, 0% used [0x00000000e0480000,0x00000000e0480000,0x00000000e0980000)
 ParOldGen       total 81920K, used 10717K [0x0000000089600000, 0x000000008e600000, 0x00000000d8780000)
  object space 81920K, 13% used [0x0000000089600000,0x000000008a077640,0x000000008e600000)
 Metaspace       used 25172K, capacity 25568K, committed 25984K, reserved 1073152K
  class space    used 2799K, capacity 2934K, committed 2944K, reserved 1048576K
Event: 23.743 GC heap after
Heap after GC invocations=9 (full 3):
 PSYoungGen      total 128000K, used 5110K [0x00000000d8780000, 0x00000000e0980000, 0x0000000100000000)
  eden space 122880K, 0% used [0x00000000d8780000,0x00000000d8780000,0x00000000dff80000)
  from space 5120K, 99% used [0x00000000e0480000,0x00000000e097d8d8,0x00000000e0980000)
  to   space 5120K, 0% used [0x00000000dff80000,0x00000000dff80000,0x00000000e0480000)
 ParOldGen       total 81920K, used 15923K [0x0000000089600000, 0x000000008e600000, 0x00000000d8780000)
  object space 81920K, 19% used [0x0000000089600000,0x000000008a58cfb8,0x000000008e600000)
 Metaspace       used 25172K, capacity 25568K, committed 25984K, reserved 1073152K
  class space    used 2799K, capacity 2934K, committed 2944K, reserved 1048576K
}
Event: 26.800 GC heap before
{Heap before GC invocations=10 (full 3):
 PSYoungGen      total 128000K, used 127990K [0x00000000d8780000, 0x00000000e0980000, 0x0000000100000000)
  eden space 122880K, 100% used [0x00000000d8780000,0x00000000dff80000,0x00000000dff80000)
  from space 5120K, 99% used [0x00000000e0480000,0x00000000e097d8d8,0x00000000e0980000)
  to   space 5120K, 0% used [0x00000000dff80000,0x00000000dff80000,0x00000000e0480000)
 ParOldGen       total 81920K, used 15923K [0x0000000089600000, 0x000000008e600000, 0x00000000d8780000)
  object space 81920K, 19% used [0x0000000089600000,0x000000008a58cfb8,0x000000008e600000)
 Metaspace       used 25287K, capacity 25632K, committed 25984K, reserved 1073152K
  class space    used 2800K, capacity 2934K, committed 2944K, reserved 1048576K
Event: 26.814 GC heap after
Heap after GC invocations=10 (full 3):
 PSYoungGen      total 128000K, used 5110K [0x00000000d8780000, 0x00000000e0980000, 0x0000000100000000)
  eden space 122880K, 0% used [0x00000000d8780000,0x00000000d8780000,0x00000000dff80000)
  from space 5120K, 99% used [0x00000000dff80000,0x00000000e047d8d8,0x00000000e0480000)
  to   space 5120K, 0% used [0x00000000e0480000,0x00000000e0480000,0x00000000e0980000)
 ParOldGen       total 81920K, used 16043K [0x0000000089600000, 0x000000008e600000, 0x00000000d8780000)
  object space 81920K, 19% used [0x0000000089600000,0x000000008a5aafb8,0x000000008e600000)
 Metaspace       used 25287K, capacity 25632K, committed 25984K, reserved 1073152K
  class space    used 2800K, capacity 2934K, committed 2944K, reserved 1048576K
}
Event: 27.365 GC heap before
{Heap before GC invocations=11 (full 3):
 PSYoungGen      total 128000K, used 127990K [0x00000000d8780000, 0x00000000e0980000, 0x0000000100000000)
  eden space 122880K, 100% used [0x00000000d8780000,0x00000000dff80000,0x00000000dff80000)
  from space 5120K, 99% used [0x00000000dff80000,0x00000000e047d8d8,0x00000000e0480000)
  to   space 5120K, 0% used [0x00000000e0480000,0x00000000e0480000,0x00000000e0980000)
 ParOldGen       total 81920K, used 16043K [0x0000000089600000, 0x000000008e600000, 0x00000000d8780000)
  object space 81920K, 19% used [0x0000000089600000,0x000000008a5aafb8,0x000000008e600000)
 Metaspace       used 25303K, capacity 25632K, committed 25984K, reserved 1073152K
  class space    used 2800K, capacity 2934K, committed 2944K, reserved 1048576K
Event: 27.375 GC heap after
Heap after GC invocations=11 (full 3):
 PSYoungGen      total 123392K, used 5094K [0x00000000d8780000, 0x00000000e8a80000, 0x0000000100000000)
  eden space 118272K, 0% used [0x00000000d8780000,0x00000000d8780000,0x00000000dfb00000)
  from space 5120K, 99% used [0x00000000e0480000,0x00000000e09798c8,0x00000000e0980000)
  to   space 9728K, 0% used [0x00000000dfb00000,0x00000000dfb00000,0x00000000e0480000)
 ParOldGen       total 81920K, used 16059K [0x0000000089600000, 0x000000008e600000, 0x00000000d8780000)
  object space 81920K, 19% used [0x0000000089600000,0x000000008a5aefb8,0x000000008e600000)
 Metaspace       used 25303K, capacity 25632K, committed 25984K, reserved 1073152K
  class space    used 2800K, capacity 2934K, committed 2944K, reserved 1048576K
}

