# JRE version: OpenJDK Runtime Environment (8.0_232-b09) (build 1.8.0_232-b09)
# Java VM: OpenJDK 64-Bit Server VM (25.232-b09 mixed mode linux-amd64 compressed oops)
Heap:
 PSYoungGen      total 128000K, used 8588K [0x00000000d8780000, 0x00000000e0980000, 0x0000000100000000)
  eden space 122880K, 6% used [0x00000000d8780000,0x00000000d8fe31b0,0x00000000dff80000)
  from space 5120K, 0% used [0x00000000e0480000,0x00000000e0480000,0x00000000e0980000)
  to   space 5120K, 0% used [0x00000000dff80000,0x00000000dff80000,0x00000000e0480000)
 ParOldGen       total 81920K, used 29606K [0x0000000089600000, 0x000000008e600000, 0x00000000d8780000)
  object space 81920K, 36% used [0x0000000089600000,0x000000008b2e9a98,0x000000008e600000)
 Metaspace       used 27805K, capacity 28178K, committed 28544K, reserved 1075200K
  class space    used 3054K, capacity 3161K, committed 3200K, reserved 1048576K
GC Heap History (34 events):
Event: 0.969 GC heap before
{Heap before GC invocations=1 (full 0):
 PSYoungGen      total 35840K, used 25891K [0x00000000d8780000, 0x00000000daf80000, 0x0000000100000000)
  eden space 30720K, 84% used [0x00000000d8780000,0x00000000da0c8f88,0x00000000da580000)
  from space 5120K, 0% used [0x00000000daa80000,0x00000000daa80000,0x00000000daf80000)
  to   space 5120K, 0% used [0x00000000da580000,0x00000000da580000,0x00000000daa80000)
 ParOldGen       total 81920K, used 0K [0x0000000089600000, 0x000000008e600000, 0x00000000d8780000)
  object space 81920K, 0% used [0x0000000089600000,0x0000000089600000,0x000000008e600000)
 Metaspace       used 19597K, capacity 19896K, committed 20096K, reserved 1067008K
  class space    used 2282K, capacity 2416K, committed 2432K, reserved 1048576K
Event: 0.980 GC heap after
Heap after GC invocations=1 (full 0):
 PSYoungGen      total 35840K, used 5115K [0x00000000d8780000, 0x00000000daf80000, 0x0000000100000000)
  eden space 30720K, 0% used [0x00000000d8780000,0x00000000d8780000,0x00000000da580000)
  from space 5120K, 99% used [0x00000000da580000,0x00000000daa7edf0,0x00000000daa80000)
  to   space 5120K, 0% used [0x00000000daa80000,0x00000000daa80000,0x00000000daf80000)
 ParOldGen       total 81920K, used 922K [0x0000000089600000, 0x000000008e600000, 0x00000000d8780000)
  object space 81920K, 1% used [0x0000000089600000,0x00000000896e6ba0,0x000000008e600000)
 Metaspace       used 19597K, capacity 19896K, committed 20096K, reserved 1067008K
  class space    used 2282K, capacity 2416K, committed 2432K, reserved 1048576K
}
Event: 0.980 GC heap before
{Heap before GC invocations=2 (full 1):
 PSYoungGen      total 35840K, used 5115K [0x00000000d8780000, 0x00000000daf80000, 0x0000000100000000)
  eden space 30720K, 0% used [0x00000000d8780000,0x00000000d8780000,0x00000000da580000)
  from space 5120K, 99% used [0x00000000da580000,0x00000000daa7edf0,0x00000000daa80000)
  to   space 5120K, 0% used [0x00000000daa80000,0x00000000daa80000,0x00000000daf80000)
 ParOldGen       total 81920K, used 922K [0x0000000089600000, 0x000000008e600000, 0x00000000d8780000)
  object space 81920K, 1% used [0x0000000089600000,0x00000000896e6ba0,0x000000008e600000)
 Metaspace       used 19597K, capacity 19896K, committed 20096K, reserved 1067008K
  class space    used 2282K, capacity 2416K, committed 2432K, reserved 1048576K
Event: 1.016 GC heap after
Heap after GC invocations=2 (full 1):
 PSYoungGen      total 35840K, used 0K [0x00000000d8780000, 0x00000000daf80000, 0x0000000100000000)
  eden space 30720K, 0% used [0x00000000d8780000,0x00000000d8780000,0x00000000da580000)
  from space 5120K, 0% used [0x00000000da580000,0x00000000da580000,0x00000000daa80000)
  to   space 5120K, 0% used [0x00000000daa80000,0x00000000daa80000,0x00000000daf80000)
 ParOldGen       total 81920K, used 5820K [0x0000000089600000, 0x000000008e600000, 0x00000000d8780000)
  object space 81920K, 7% used [0x0000000089600000,0x0000000089baf000,0x000000008e600000)
 Metaspace       used 19595K, capacity 19890K, committed 20096K, reserved 1067008K
  class space    used 2281K, capacity 2415K, committed 2432K, reserved 1048576K
}
Event: 1.056 GC heap before
{Heap before GC invocations=3 (full 1):
 PSYoungGen      total 35840K, used 4556K [0x00000000d8780000, 0x00000000daf80000, 0x0000000100000000)
  eden space 30720K, 14% used [0x00000000d8780000,0x00000000d8bf3180,0x00000000da580000)
  from space 5120K, 0% used [0x00000000da580000,0x00000000da580000,0x00000000daa80000)
  to   space 5120K, 0% used [0x00000000daa80000,0x00000000daa80000,0x00000000daf80000)
 ParOldGen       total 81920K, used 5820K [0x0000000089600000, 0x000000008e600000, 0x00000000d8780000)
  object space 81920K, 7% used [0x0000000089600000,0x0000000089baf000,0x000000008e600000)
 Metaspace       used 19836K, capacity 20178K, committed 20480K, reserved 1067008K
  class space    used 2313K, capacity 2447K, committed 2560K, reserved 1048576K
Event: 1.058 GC heap after
Heap after GC invocations=3 (full 1):
 PSYoungGen      total 35840K, used 457K [0x00000000d8780000, 0x00000000daf80000, 0x0000000100000000)
  eden space 30720K, 0% used [0x00000000d8780000,0x00000000d8780000,0x00000000da580000)
  from space 5120K, 8% used [0x00000000daa80000,0x00000000daaf2490,0x00000000daf80000)
  to   space 5120K, 0% used [0x00000000da580000,0x00000000da580000,0x00000000daa80000)
 ParOldGen       total 81920K, used 5828K [0x0000000089600000, 0x000000008e600000, 0x00000000d8780000)
  object space 81920K, 7% used [0x0000000089600000,0x0000000089bb1000,0x000000008e600000)
 Metaspace       used 19836K, capacity 20178K, committed 20480K, reserved 1067008K
  class space    used 2313K, capacity 2447K, committed 2560K, reserved 1048576K
}
Event: 1.058 GC heap before
{Heap before GC invocations=4 (full 2):
 PSYoungGen      total 35840K, used 457K [0x00000000d8780000, 0x00000000daf80000, 0x0000000100000000)
  eden space 30720K, 0% used [0x00000000d8780000,0x00000000d8780000,0x00000000da580000)
  from space 5120K, 8% used [0x00000000daa80000,0x00000000daaf2490,0x00000000daf80000)
  to   space 5120K, 0% used [0x00000000da580000,0x00000000da580000,0x00000000daa80000)
 ParOldGen       total 81920K, used 5828K [0x0000000089600000, 0x000000008e600000, 0x00000000d8780000)
  object space 81920K, 7% used [0x0000000089600000,0x0000000089bb1000,0x000000008e600000)
 Metaspace       used 19836K, capacity 20178K, committed 20480K, reserved 1067008K
  class space    used 2313K, capacity 2447K, committed 2560K, reserved 1048576K
Event: 1.093 GC heap after
Heap after GC invocations=4 (full 2):
 PSYoungGen      total 35840K, used 0K [0x00000000d8780000, 0x00000000daf80000, 0x0000000100000000)
  eden space 30720K, 0% used [0x00000000d8780000,0x00000000d8780000,0x00000000da580000)
  from space 5120K, 0% used [0x00000000daa80000,0x00000000daa80000,0x00000000daf80000)
  to   space 5120K, 0% used [0x00000000da580000,0x00000000da580000,0x00000000daa80000)
 ParOldGen       total 81920K, used 4765K [0x0000000089600000, 0x000000008e600000, 0x00000000d8780000)
  object space 81920K, 5% used [0x0000000089600000,0x0000000089aa7790,0x000000008e600000)
 Metaspace       used 19836K, capacity 20178K, committed 20480K, reserved 1067008K
  class space    used 2313K, capacity 2447K, committed 2560K, reserved 1048576K
}
Event: 1.442 GC heap before
{Heap before GC invocations=5 (full 2):
 PSYoungGen      total 35840K, used 30720K [0x00000000d8780000, 0x00000000daf80000, 0x0000000100000000)
  eden space 30720K, 100% used [0x00000000d8780000,0x00000000da580000,0x00000000da580000)
  from space 5120K, 0% used [0x00000000daa80000,0x00000000daa80000,0x00000000daf80000)
  to   space 5120K, 0% used [0x00000000da580000,0x00000000da580000,0x00000000daa80000)
 ParOldGen       total 81920K, used 4765K [0x0000000089600000, 0x000000008e600000, 0x00000000d8780000)
  object space 81920K, 5% used [0x0000000089600000,0x0000000089aa7790,0x000000008e600000)
 Metaspace       used 21855K, capacity 22226K, committed 22656K, reserved 1069056K
  class space    used 2532K, capacity 2639K, committed 2688K, reserved 1048576K
Event: 1.446 GC heap after
Heap after GC invocations=5 (full 2):
 PSYoungGen      total 35840K, used 3602K [0x00000000d8780000, 0x00000000dcd80000, 0x0000000100000000)
  eden space 30720K, 0% used [0x00000000d8780000,0x00000000d8780000,0x00000000da580000)
  from space 5120K, 70% used [0x00000000da580000,0x00000000da904af0,0x00000000daa80000)
  to   space 5120K, 0% used [0x00000000dc880000,0x00000000dc880000,0x00000000dcd80000)
 ParOldGen       total 81920K, used 4773K [0x0000000089600000, 0x000000008e600000, 0x00000000d8780000)
  object space 81920K, 5% used [0x0000000089600000,0x0000000089aa9790,0x000000008e600000)
 Metaspace       used 21855K, capacity 22226K, committed 22656K, reserved 1069056K
  class space    used 2532K, capacity 2639K, committed 2688K, reserved 1048576K
}
Event: 1.499 GC heap before
{Heap before GC invocations=6 (full 2):
 PSYoungGen      total 35840K, used 8672K [0x00000000d8780000, 0x00000000dcd80000, 0x0000000100000000)
  eden space 30720K, 16% used [0x00000000d8780000,0x00000000d8c73678,0x00000000da580000)
  from space 5120K, 70% used [0x00000000da580000,0x00000000da904af0,0x00000000daa80000)
  to   space 5120K, 0% used [0x00000000dc880000,0x00000000dc880000,0x00000000dcd80000)
 ParOldGen       total 81920K, used 4773K [0x0000000089600000, 0x000000008e600000, 0x00000000d8780000)
  object space 81920K, 5% used [0x0000000089600000,0x0000000089aa9790,0x000000008e600000)
 Metaspace       used 22038K, capacity 22386K, committed 22656K, reserved 1069056K
  class space    used 2548K, capacity 2671K, committed 2688K, reserved 1048576K
Event: 1.506 GC heap after
Heap after GC invocations=6 (full 2):
 PSYoungGen      total 66560K, used 3623K [0x00000000d8780000, 0x00000000dcd80000, 0x0000000100000000)
  eden space 61440K, 0% used [0x00000000d8780000,0x00000000d8780000,0x00000000dc380000)
  from space 5120K, 70% used [0x00000000dc880000,0x00000000dcc09d88,0x00000000dcd80000)
  to   space 5120K, 0% used [0x00000000dc380000,0x00000000dc380000,0x00000000dc880000)
 ParOldGen       total 81920K, used 4781K [0x0000000089600000, 0x000000008e600000, 0x00000000d8780000)
  object space 81920K, 5% used [0x0000000089600000,0x0000000089aab790,0x000000008e600000)
 Metaspace       used 22038K, capacity 22386K, committed 22656K, reserved 1069056K
  class space    used 2548K, capacity 2671K, committed 2688K, reserved 1048576K
}
Event: 1.506 GC heap before
{Heap before GC invocations=7 (full 3):
 PSYoungGen      total 66560K, used 3623K [0x00000000d8780000, 0x00000000dcd80000, 0x0000000100000000)
  eden space 61440K, 0% used [0x00000000d8780000,0x00000000d8780000,0x00000000dc380000)
  from space 5120K, 70% used [0x00000000dc880000,0x00000000dcc09d88,0x00000000dcd80000)
  to   space 5120K, 0% used [0x00000000dc380000,0x00000000dc380000,0x00000000dc880000)
 ParOldGen       total 81920K, used 4781K [0x0000000089600000, 0x000000008e600000, 0x00000000d8780000)
  object space 81920K, 5% used [0x0000000089600000,0x0000000089aab790,0x000000008e600000)
 Metaspace       used 22038K, capacity 22386K, committed 22656K, reserved 1069056K
  class space    used 2548K, capacity 2671K, committed 2688K, reserved 1048576K
Event: 1.594 GC heap after
Heap after GC invocations=7 (full 3):
 PSYoungGen      total 66560K, used 0K [0x00000000d8780000, 0x00000000dcd80000, 0x0000000100000000)
  eden space 61440K, 0% used [0x00000000d8780000,0x00000000d8780000,0x00000000dc380000)
  from space 5120K, 0% used [0x00000000dc880000,0x00000000dc880000,0x00000000dcd80000)
  to   space 5120K, 0% used [0x00000000dc380000,0x00000000dc380000,0x00000000dc880000)
 ParOldGen       total 81920K, used 8066K [0x0000000089600000, 0x000000008e600000, 0x00000000d8780000)
  object space 81920K, 9% used [0x0000000089600000,0x0000000089de0b78,0x000000008e600000)
 Metaspace       used 22038K, capacity 22386K, committed 22656K, reserved 1069056K
  class space    used 2548K, capacity 2671K, committed 2688K, reserved 1048576K
}
Event: 2.729 GC heap before
{Heap before GC invocations=8 (full 3):
 PSYoungGen      total 66560K, used 61440K [0x00000000d8780000, 0x00000000dcd80000, 0x0000000100000000)
  eden space 61440K, 100% used [0x00000000d8780000,0x00000000dc380000,0x00000000dc380000)
  from space 5120K, 0% used [0x00000000dc880000,0x00000000dc880000,0x00000000dcd80000)
  to   space 5120K, 0% used [0x00000000dc380000,0x00000000dc380000,0x00000000dc880000)
 ParOldGen       total 81920K, used 8066K [0x0000000089600000, 0x000000008e600000, 0x00000000d8780000)
  object space 81920K, 9% used [0x0000000089600000,0x0000000089de0b78,0x000000008e600000)
 Metaspace       used 24019K, capacity 24384K, committed 24960K, reserved 1071104K
  class space    used 2727K, capacity 2838K, committed 2944K, reserved 1048576K
Event: 2.748 GC heap after
Heap after GC invocations=8 (full 3):
 PSYoungGen      total 66560K, used 5120K [0x00000000d8780000, 0x00000000e0980000, 0x0000000100000000)
  eden space 61440K, 0% used [0x00000000d8780000,0x00000000d8780000,0x00000000dc380000)
  from space 5120K, 100% used [0x00000000dc380000,0x00000000dc880000,0x00000000dc880000)
  to   space 5120K, 0% used [0x00000000e0480000,0x00000000e0480000,0x00000000e0980000)
 ParOldGen       total 81920K, used 11836K [0x0000000089600000, 0x000000008e600000, 0x00000000d8780000)
  object space 81920K, 14% used [0x0000000089600000,0x000000008a18f140,0x000000008e600000)
 Metaspace       used 24019K, capacity 24384K, committed 24960K, reserved 1071104K
  class space    used 2727K, capacity 2838K, committed 2944K, reserved 1048576K
}
Event: 32.851 GC heap before
{Heap before GC invocations=9 (full 3):
 PSYoungGen      total 66560K, used 54677K [0x00000000d8780000, 0x00000000e0980000, 0x0000000100000000)
  eden space 61440K, 80% used [0x00000000d8780000,0x00000000db7e56e0,0x00000000dc380000)
  from space 5120K, 100% used [0x00000000dc380000,0x00000000dc880000,0x00000000dc880000)
  to   space 5120K, 0% used [0x00000000e0480000,0x00000000e0480000,0x00000000e0980000)
 ParOldGen       total 81920K, used 11836K [0x0000000089600000, 0x000000008e600000, 0x00000000d8780000)
  object space 81920K, 14% used [0x0000000089600000,0x000000008a18f140,0x000000008e600000)
 Metaspace       used 25203K, capacity 25536K, committed 26112K, reserved 1073152K
  class space    used 2856K, capacity 2966K, committed 3072K, reserved 1048576K
Event: 32.866 GC heap after
Heap after GC invocations=9 (full 3):
 PSYoungGen      total 128000K, used 5120K [0x00000000d8780000, 0x00000000e0980000, 0x0000000100000000)
  eden space 122880K, 0% used [0x00000000d8780000,0x00000000d8780000,0x00000000dff80000)
  from space 5120K, 100% used [0x00000000e0480000,0x00000000e0980000,0x00000000e0980000)
  to   space 5120K, 0% used [0x00000000dff80000,0x00000000dff80000,0x00000000e0480000)
 ParOldGen       total 81920K, used 12253K [0x0000000089600000, 0x000000008e600000, 0x00000000d8780000)
  object space 81920K, 14% used [0x0000000089600000,0x000000008a1f7438,0x000000008e600000)
 Metaspace       used 25203K, capacity 25536K, committed 26112K, reserved 1073152K
  class space    used 2856K, capacity 2966K, committed 3072K, reserved 1048576K
}
Event: 32.866 GC heap before
{Heap before GC invocations=10 (full 4):
 PSYoungGen      total 128000K, used 5120K [0x00000000d8780000, 0x00000000e0980000, 0x0000000100000000)
  eden space 122880K, 0% used [0x00000000d8780000,0x00000000d8780000,0x00000000dff80000)
  from space 5120K, 100% used [0x00000000e0480000,0x00000000e0980000,0x00000000e0980000)
  to   space 5120K, 0% used [0x00000000dff80000,0x00000000dff80000,0x00000000e0480000)
 ParOldGen       total 81920K, used 12253K [0x0000000089600000, 0x000000008e600000, 0x00000000d8780000)
  object space 81920K, 14% used [0x0000000089600000,0x000000008a1f7438,0x000000008e600000)
 Metaspace       used 25203K, capacity 25536K, committed 26112K, reserved 1073152K
  class space    used 2856K, capacity 2966K, committed 3072K, reserved 1048576K
Event: 33.031 GC heap after
Heap after GC invocations=10 (full 4):
 PSYoungGen      total 128000K, used 0K [0x00000000d8780000, 0x00000000e0980000, 0x0000000100000000)
  eden space 122880K, 0% used [0x00000000d8780000,0x00000000d8780000,0x00000000dff80000)
  from space 5120K, 0% used [0x00000000e0480000,0x00000000e0480000,0x00000000e0980000)
  to   space 5120K, 0% used [0x00000000dff80000,0x00000000dff80000,0x00000000e0480000)
 ParOldGen       total 81920K, used 16625K [0x0000000089600000, 0x000000008e600000, 0x00000000d8780000)
  object space 81920K, 20% used [0x0000000089600000,0x000000008a63c740,0x000000008e600000)
 Metaspace       used 25203K, capacity 25536K, committed 26112K, reserved 1073152K
  class space    used 2856K, capacity 2966K, committed 3072K, reserved 1048576K
}
Event: 319.037 GC heap before
{Heap before GC invocations=11 (full 4):
 PSYoungGen      total 128000K, used 122880K [0x00000000d8780000, 0x00000000e0980000, 0x0000000100000000)
  eden space 122880K, 100% used [0x00000000d8780000,0x00000000dff80000,0x00000000dff80000)
  from space 5120K, 0% used [0x00000000e0480000,0x00000000e0480000,0x00000000e0980000)
  to   space 5120K, 0% used [0x00000000dff80000,0x00000000dff80000,0x00000000e0480000)
 ParOldGen       total 81920K, used 16625K [0x0000000089600000, 0x000000008e600000, 0x00000000d8780000)
  object space 81920K, 20% used [0x0000000089600000,0x000000008a63c740,0x000000008e600000)
 Metaspace       used 27497K, capacity 27858K, committed 28288K, reserved 1075200K
  class space    used 3033K, capacity 3161K, committed 3200K, reserved 1048576K
Event: 319.053 GC heap after
Heap after GC invocations=11 (full 4):
 PSYoungGen      total 128000K, used 5108K [0x00000000d8780000, 0x00000000e0980000, 0x0000000100000000)
  eden space 122880K, 0% used [0x00000000d8780000,0x00000000d8780000,0x00000000dff80000)
  from space 5120K, 99% used [0x00000000dff80000,0x00000000e047d3f8,0x00000000e0480000)
  to   space 5120K, 0% used [0x00000000e0480000,0x00000000e0480000,0x00000000e0980000)
 ParOldGen       total 81920K, used 21392K [0x0000000089600000, 0x000000008e600000, 0x00000000d8780000)
  object space 81920K, 26% used [0x0000000089600000,0x000000008aae4320,0x000000008e600000)
 Metaspace       used 27497K, capacity 27858K, committed 28288K, reserved 1075200K
  class space    used 3033K, capacity 3161K, committed 3200K, reserved 1048576K
}
Event: 395.261 GC heap before
{Heap before GC invocations=12 (full 4):
 PSYoungGen      total 128000K, used 77422K [0x00000000d8780000, 0x00000000e0980000, 0x0000000100000000)
  eden space 122880K, 58% used [0x00000000d8780000,0x00000000dce1e748,0x00000000dff80000)
  from space 5120K, 99% used [0x00000000dff80000,0x00000000e047d3f8,0x00000000e0480000)
  to   space 5120K, 0% used [0x00000000e0480000,0x00000000e0480000,0x00000000e0980000)
 ParOldGen       total 81920K, used 21392K [0x0000000089600000, 0x000000008e600000, 0x00000000d8780000)
  object space 81920K, 26% used [0x0000000089600000,0x000000008aae4320,0x000000008e600000)
 Metaspace       used 27728K, capacity 28114K, committed 28544K, reserved 1075200K
  class space    used 3052K, capacity 3161K, committed 3200K, reserved 1048576K
Event: 395.274 GC heap after
Heap after GC invocations=12 (full 4):
 PSYoungGen      total 128000K, used 5093K [0x00000000d8780000, 0x00000000e0980000, 0x0000000100000000)
  eden space 122880K, 0% used [0x00000000d8780000,0x00000000d8780000,0x00000000dff80000)
  from space 5120K, 99% used [0x00000000e0480000,0x00000000e0979580,0x00000000e0980000)
  to   space 5120K, 0% used [0x00000000dff80000,0x00000000dff80000,0x00000000e0480000)
 ParOldGen       total 81920K, used 24560K [0x0000000089600000, 0x000000008e600000, 0x00000000d8780000)
  object space 81920K, 29% used [0x0000000089600000,0x000000008adfc058,0x000000008e600000)
 Metaspace       used 27728K, capacity 28114K, committed 28544K, reserved 1075200K
  class space    used 3052K, capacity 3161K, committed 3200K, reserved 1048576K
}
Event: 395.274 GC heap before
{Heap before GC invocations=13 (full 5):
 PSYoungGen      total 128000K, used 5093K [0x00000000d8780000, 0x00000000e0980000, 0x0000000100000000)
  eden space 122880K, 0% used [0x00000000d8780000,0x00000000d8780000,0x00000000dff80000)
  from space 5120K, 99% used [0x00000000e0480000,0x00000000e0979580,0x00000000e0980000)
  to   space 5120K, 0% used [0x00000000dff80000,0x00000000dff80000,0x00000000e0480000)
 ParOldGen       total 81920K, used 24560K [0x0000000089600000, 0x000000008e600000, 0x00000000d8780000)
  object space 81920K, 29% used [0x0000000089600000,0x000000008adfc058,0x000000008e600000)
 Metaspace       used 27728K, capacity 28114K, committed 28544K, reserved 1075200K
  class space    used 3052K, capacity 3161K, committed 3200K, reserved 1048576K
Event: 395.602 GC heap after
Heap after GC invocations=13 (full 5):
 PSYoungGen      total 128000K, used 0K [0x00000000d8780000, 0x00000000e0980000, 0x0000000100000000)
  eden space 122880K, 0% used [0x00000000d8780000,0x00000000d8780000,0x00000000dff80000)
  from space 5120K, 0% used [0x00000000e0480000,0x00000000e0480000,0x00000000e0980000)
  to   space 5120K, 0% used [0x00000000dff80000,0x00000000dff80000,0x00000000e0480000)
 ParOldGen       total 81920K, used 29067K [0x0000000089600000, 0x000000008e600000, 0x00000000d8780000)
  object space 81920K, 35% used [0x0000000089600000,0x000000008b262c48,0x000000008e600000)
 Metaspace       used 27728K, capacity 28114K, committed 28544K, reserved 1075200K
  class space    used 3052K, capacity 3161K, committed 3200K, reserved 1048576K
}
Event: 395.624 GC heap before
{Heap before GC invocations=14 (full 5):
 PSYoungGen      total 128000K, used 4045K [0x00000000d8780000, 0x00000000e0980000, 0x0000000100000000)
  eden space 122880K, 3% used [0x00000000d8780000,0x00000000d8b73788,0x00000000dff80000)
  from space 5120K, 0% used [0x00000000e0480000,0x00000000e0480000,0x00000000e0980000)
  to   space 5120K, 0% used [0x00000000dff80000,0x00000000dff80000,0x00000000e0480000)
 ParOldGen       total 81920K, used 29067K [0x0000000089600000, 0x000000008e600000, 0x00000000d8780000)
  object space 81920K, 35% used [0x0000000089600000,0x000000008b262c48,0x000000008e600000)
 Metaspace       used 27736K, capacity 28114K, committed 28544K, reserved 1075200K
  class space    used 3052K, capacity 3161K, committed 3200K, reserved 1048576K
Event: 395.628 GC heap after
Heap after GC invocations=14 (full 5):
 PSYoungGen      total 128000K, used 272K [0x00000000d8780000, 0x00000000e0980000, 0x0000000100000000)
  eden space 122880K, 0% used [0x00000000d8780000,0x00000000d8780000,0x00000000dff80000)
  from space 5120K, 5% used [0x00000000dff80000,0x00000000dffc4010,0x00000000e0480000)
  to   space 5120K, 0% used [0x00000000e0480000,0x00000000e0480000,0x00000000e0980000)
 ParOldGen       total 81920K, used 29067K [0x0000000089600000, 0x000000008e600000, 0x00000000d8780000)
  object space 81920K, 35% used [0x0000000089600000,0x000000008b262c48,0x000000008e600000)
 Metaspace       used 27736K, capacity 28114K, committed 28544K, reserved 1075200K
  class space    used 3052K, capacity 3161K, committed 3200K, reserved 1048576K
}
Event: 395.628 GC heap before
{Heap before GC invocations=15 (full 6):
 PSYoungGen      total 128000K, used 272K [0x00000000d8780000, 0x00000000e0980000, 0x0000000100000000)
  eden space 122880K, 0% used [0x00000000d8780000,0x00000000d8780000,0x00000000dff80000)
  from space 5120K, 5% used [0x00000000dff80000,0x00000000dffc4010,0x00000000e0480000)
  to   space 5120K, 0% used [0x00000000e0480000,0x00000000e0480000,0x00000000e0980000)
 ParOldGen       total 81920K, used 29067K [0x0000000089600000, 0x000000008e600000, 0x00000000d8780000)
  object space 81920K, 35% used [0x0000000089600000,0x000000008b262c48,0x000000008e600000)
 Metaspace       used 27736K, capacity 28114K, committed 28544K, reserved 1075200K
  class space    used 3052K, capacity 3161K, committed 3200K, reserved 1048576K
Event: 395.897 GC heap after
Heap after GC invocations=15 (full 6):
 PSYoungGen      total 128000K, used 0K [0x00000000d8780000, 0x00000000e0980000, 0x0000000100000000)
  eden space 122880K, 0% used [0x00000000d8780000,0x00000000d8780000,0x00000000dff80000)
  from space 5120K, 0% used [0x00000000dff80000,0x00000000dff80000,0x00000000e0480000)
  to   space 5120K, 0% used [0x00000000e0480000,0x00000000e0480000,0x00000000e0980000)
 ParOldGen       total 81920K, used 29183K [0x0000000089600000, 0x000000008e600000, 0x00000000d8780000)
  object space 81920K, 35% used [0x0000000089600000,0x000000008b27fee8,0x000000008e600000)
 Metaspace       used 27736K, capacity 28114K, committed 28544K, reserved 1075200K
  class space    used 3052K, capacity 3161K, committed 3200K, reserved 1048576K
}
Event: 407.516 GC heap before
{Heap before GC invocations=16 (full 6):
 PSYoungGen      total 128000K, used 10417K [0x00000000d8780000, 0x00000000e0980000, 0x0000000100000000)
  eden space 122880K, 8% used [0x00000000d8780000,0x00000000d91ac458,0x00000000dff80000)
  from space 5120K, 0% used [0x00000000dff80000,0x00000000dff80000,0x00000000e0480000)
  to   space 5120K, 0% used [0x00000000e0480000,0x00000000e0480000,0x00000000e0980000)
 ParOldGen       total 81920K, used 29183K [0x0000000089600000, 0x000000008e600000, 0x00000000d8780000)
  object space 81920K, 35% used [0x0000000089600000,0x000000008b27fee8,0x000000008e600000)
 Metaspace       used 27800K, capacity 28178K, committed 28544K, reserved 1075200K
  class space    used 3054K, capacity 3161K, committed 3200K, reserved 1048576K
Event: 407.523 GC heap after
Heap after GC invocations=16 (full 6):
 PSYoungGen      total 128000K, used 756K [0x00000000d8780000, 0x00000000e0980000, 0x0000000100000000)
  eden space 122880K, 0% used [0x00000000d8780000,0x00000000d8780000,0x00000000dff80000)
  from space 5120K, 14% used [0x00000000e0480000,0x00000000e053d0a0,0x00000000e0980000)
  to   space 5120K, 0% used [0x00000000dff80000,0x00000000dff80000,0x00000000e0480000)
 ParOldGen       total 81920K, used 29191K [0x0000000089600000, 0x000000008e600000, 0x00000000d8780000)
  object space 81920K, 35% used [0x0000000089600000,0x000000008b281ee8,0x000000008e600000)
 Metaspace       used 27800K, capacity 28178K, committed 28544K, reserved 1075200K
  class space    used 3054K, capacity 3161K, committed 3200K, reserved 1048576K
}
Event: 407.523 GC heap before
{Heap before GC invocations=17 (full 7):
 PSYoungGen      total 128000K, used 756K [0x00000000d8780000, 0x00000000e0980000, 0x0000000100000000)
  eden space 122880K, 0% used [0x00000000d8780000,0x00000000d8780000,0x00000000dff80000)
  from space 5120K, 14% used [0x00000000e0480000,0x00000000e053d0a0,0x00000000e0980000)
  to   space 5120K, 0% used [0x00000000dff80000,0x00000000dff80000,0x00000000e0480000)
 ParOldGen       total 81920K, used 29191K [0x0000000089600000, 0x000000008e600000, 0x00000000d8780000)
  object space 81920K, 35% used [0x0000000089600000,0x000000008b281ee8,0x000000008e600000)
 Metaspace       used 27800K, capacity 28178K, committed 28544K, reserved 1075200K
  class space    used 3054K, capacity 3161K, committed 3200K, reserved 1048576K
Event: 407.768 GC heap after
Heap after GC invocations=17 (full 7):
 PSYoungGen      total 128000K, used 0K [0x00000000d8780000, 0x00000000e0980000, 0x0000000100000000)
  eden space 122880K, 0% used [0x00000000d8780000,0x00000000d8780000,0x00000000dff80000)
  from space 5120K, 0% used [0x00000000e0480000,0x00000000e0480000,0x00000000e0980000)
  to   space 5120K, 0% used [0x00000000dff80000,0x00000000dff80000,0x00000000e0480000)
 ParOldGen       total 81920K, used 29606K [0x0000000089600000, 0x000000008e600000, 0x00000000d8780000)
  object space 81920K, 36% used [0x0000000089600000,0x000000008b2e9a98,0x000000008e600000)
 Metaspace       used 27800K, capacity 28178K, committed 28544K, reserved 1075200K
  class space    used 3054K, capacity 3161K, committed 3200K, reserved 1048576K
}

