# JRE version: OpenJDK Runtime Environment (8.0_232-b09) (build 1.8.0_232-b09)
# Java VM: OpenJDK 64-Bit Server VM (25.232-b09 mixed mode linux-amd64 compressed oops)
Heap:
 PSYoungGen      total 643584K, used 205008K [0x00000000d8780000, 0x0000000100000000, 0x0000000100000000)
  eden space 639488K, 32% used [0x00000000d8780000,0x00000000e4f74228,0x00000000ff800000)
  from space 4096K, 6% used [0x00000000ffc00000,0x00000000ffc40000,0x0000000100000000)
  to   space 4096K, 0% used [0x00000000ff800000,0x00000000ff800000,0x00000000ffc00000)
 ParOldGen       total 123904K, used 84592K [0x0000000089600000, 0x0000000090f00000, 0x00000000d8780000)
  object space 123904K, 68% used [0x0000000089600000,0x000000008e89c0b0,0x0000000090f00000)
 Metaspace       used 28835K, capacity 29204K, committed 29696K, reserved 1075200K
  class space    used 3090K, capacity 3222K, committed 3328K, reserved 1048576K
GC Heap History (250 events):
Event: 11250.424 GC heap before
{Heap before GC invocations=4847 (full 12):
 PSYoungGen      total 645632K, used 643712K [0x00000000d8780000, 0x0000000100000000, 0x0000000100000000)
  eden space 643584K, 100% used [0x00000000d8780000,0x00000000ffc00000,0x00000000ffc00000)
  from space 2048K, 6% used [0x00000000ffe00000,0x00000000ffe20000,0x0000000100000000)
  to   space 2048K, 0% used [0x00000000ffc00000,0x00000000ffc00000,0x00000000ffe00000)
 ParOldGen       total 94208K, used 72938K [0x0000000089600000, 0x000000008f200000, 0x00000000d8780000)
  object space 94208K, 77% used [0x0000000089600000,0x000000008dd3a9b8,0x000000008f200000)
 Metaspace       used 28620K, capacity 28974K, committed 29312K, reserved 1075200K
  class space    used 3076K, capacity 3189K, committed 3200K, reserved 1048576K
Event: 11250.496 GC heap after
Heap after GC invocations=4847 (full 12):
 PSYoungGen      total 645632K, used 192K [0x00000000d8780000, 0x0000000100000000, 0x0000000100000000)
  eden space 643584K, 0% used [0x00000000d8780000,0x00000000d8780000,0x00000000ffc00000)
  from space 2048K, 9% used [0x00000000ffc00000,0x00000000ffc30000,0x00000000ffe00000)
  to   space 2048K, 0% used [0x00000000ffe00000,0x00000000ffe00000,0x0000000100000000)
 ParOldGen       total 94208K, used 73002K [0x0000000089600000, 0x000000008f200000, 0x00000000d8780000)
  object space 94208K, 77% used [0x0000000089600000,0x000000008dd4a9b8,0x000000008f200000)
 Metaspace       used 28620K, capacity 28974K, committed 29312K, reserved 1075200K
  class space    used 3076K, capacity 3189K, committed 3200K, reserved 1048576K
}
Event: 11252.556 GC heap before
{Heap before GC invocations=4848 (full 12):
 PSYoungGen      total 645632K, used 643776K [0x00000000d8780000, 0x0000000100000000, 0x0000000100000000)
  eden space 643584K, 100% used [0x00000000d8780000,0x00000000ffc00000,0x00000000ffc00000)
  from space 2048K, 9% used [0x00000000ffc00000,0x00000000ffc30000,0x00000000ffe00000)
  to   space 2048K, 0% used [0x00000000ffe00000,0x00000000ffe00000,0x0000000100000000)
 ParOldGen       total 94208K, used 73002K [0x0000000089600000, 0x000000008f200000, 0x00000000d8780000)
  object space 94208K, 77% used [0x0000000089600000,0x000000008dd4a9b8,0x000000008f200000)
 Metaspace       used 28621K, capacity 28974K, committed 29312K, reserved 1075200K
  class space    used 3076K, capacity 3189K, committed 3200K, reserved 1048576K
Event: 11252.625 GC heap after
Heap after GC invocations=4848 (full 12):
 PSYoungGen      total 644608K, used 483K [0x00000000d8780000, 0x00000000fff00000, 0x0000000100000000)
  eden space 643584K, 0% used [0x00000000d8780000,0x00000000d8780000,0x00000000ffc00000)
  from space 1024K, 47% used [0x00000000ffe00000,0x00000000ffe78cb8,0x00000000fff00000)
  to   space 1536K, 0% used [0x00000000ffc00000,0x00000000ffc00000,0x00000000ffd80000)
 ParOldGen       total 94208K, used 73098K [0x0000000089600000, 0x000000008f200000, 0x00000000d8780000)
  object space 94208K, 77% used [0x0000000089600000,0x000000008dd629b8,0x000000008f200000)
 Metaspace       used 28621K, capacity 28974K, committed 29312K, reserved 1075200K
  class space    used 3076K, capacity 3189K, committed 3200K, reserved 1048576K
}
Event: 11254.555 GC heap before
{Heap before GC invocations=4849 (full 12):
 PSYoungGen      total 644608K, used 644067K [0x00000000d8780000, 0x00000000fff00000, 0x0000000100000000)
  eden space 643584K, 100% used [0x00000000d8780000,0x00000000ffc00000,0x00000000ffc00000)
  from space 1024K, 47% used [0x00000000ffe00000,0x00000000ffe78cb8,0x00000000fff00000)
  to   space 1536K, 0% used [0x00000000ffc00000,0x00000000ffc00000,0x00000000ffd80000)
 ParOldGen       total 94208K, used 73098K [0x0000000089600000, 0x000000008f200000, 0x00000000d8780000)
  object space 94208K, 77% used [0x0000000089600000,0x000000008dd629b8,0x000000008f200000)
 Metaspace       used 28621K, capacity 28974K, committed 29312K, reserved 1075200K
  class space    used 3076K, capacity 3189K, committed 3200K, reserved 1048576K
Event: 11254.619 GC heap after
Heap after GC invocations=4849 (full 12):
 PSYoungGen      total 645120K, used 160K [0x00000000d8780000, 0x0000000100000000, 0x0000000100000000)
  eden space 643584K, 0% used [0x00000000d8780000,0x00000000d8780000,0x00000000ffc00000)
  from space 1536K, 10% used [0x00000000ffc00000,0x00000000ffc28000,0x00000000ffd80000)
  to   space 1536K, 0% used [0x00000000ffe80000,0x00000000ffe80000,0x0000000100000000)
 ParOldGen       total 94208K, used 73411K [0x0000000089600000, 0x000000008f200000, 0x00000000d8780000)
  object space 94208K, 77% used [0x0000000089600000,0x000000008ddb0f78,0x000000008f200000)
 Metaspace       used 28621K, capacity 28974K, committed 29312K, reserved 1075200K
  class space    used 3076K, capacity 3189K, committed 3200K, reserved 1048576K
}
Event: 11256.639 GC heap before
{Heap before GC invocations=4850 (full 12):
 PSYoungGen      total 645120K, used 643744K [0x00000000d8780000, 0x0000000100000000, 0x0000000100000000)
  eden space 643584K, 100% used [0x00000000d8780000,0x00000000ffc00000,0x00000000ffc00000)
  from space 1536K, 10% used [0x00000000ffc00000,0x00000000ffc28000,0x00000000ffd80000)
  to   space 1536K, 0% used [0x00000000ffe80000,0x00000000ffe80000,0x0000000100000000)
 ParOldGen       total 94208K, used 73411K [0x0000000089600000, 0x000000008f200000, 0x00000000d8780000)
  object space 94208K, 77% used [0x0000000089600000,0x000000008ddb0f78,0x000000008f200000)
 Metaspace       used 28624K, capacity 28974K, committed 29312K, reserved 1075200K
  class space    used 3076K, capacity 3189K, committed 3200K, reserved 1048576K
Event: 11256.709 GC heap after
Heap after GC invocations=4850 (full 12):
 PSYoungGen      total 646144K, used 209K [0x00000000d8780000, 0x0000000100000000, 0x0000000100000000)
  eden space 644608K, 0% used [0x00000000d8780000,0x00000000d8780000,0x00000000ffd00000)
  from space 1536K, 13% used [0x00000000ffe80000,0x00000000ffeb46f0,0x0000000100000000)
  to   space 1536K, 0% used [0x00000000ffd00000,0x00000000ffd00000,0x00000000ffe80000)
 ParOldGen       total 94208K, used 73475K [0x0000000089600000, 0x000000008f200000, 0x00000000d8780000)
  object space 94208K, 77% used [0x0000000089600000,0x000000008ddc0f78,0x000000008f200000)
 Metaspace       used 28624K, capacity 28974K, committed 29312K, reserved 1075200K
  class space    used 3076K, capacity 3189K, committed 3200K, reserved 1048576K
}
Event: 11258.727 GC heap before
{Heap before GC invocations=4851 (full 12):
 PSYoungGen      total 646144K, used 644817K [0x00000000d8780000, 0x0000000100000000, 0x0000000100000000)
  eden space 644608K, 100% used [0x00000000d8780000,0x00000000ffd00000,0x00000000ffd00000)
  from space 1536K, 13% used [0x00000000ffe80000,0x00000000ffeb46f0,0x0000000100000000)
  to   space 1536K, 0% used [0x00000000ffd00000,0x00000000ffd00000,0x00000000ffe80000)
 ParOldGen       total 94208K, used 73475K [0x0000000089600000, 0x000000008f200000, 0x00000000d8780000)
  object space 94208K, 77% used [0x0000000089600000,0x000000008ddc0f78,0x000000008f200000)
 Metaspace       used 28626K, capacity 28974K, committed 29312K, reserved 1075200K
  class space    used 3076K, capacity 3189K, committed 3200K, reserved 1048576K
Event: 11258.789 GC heap after
Heap after GC invocations=4851 (full 12):
 PSYoungGen      total 646144K, used 593K [0x00000000d8780000, 0x0000000100000000, 0x0000000100000000)
  eden space 644608K, 0% used [0x00000000d8780000,0x00000000d8780000,0x00000000ffd00000)
  from space 1536K, 38% used [0x00000000ffd00000,0x00000000ffd944c0,0x00000000ffe80000)
  to   space 1536K, 0% used [0x00000000ffe80000,0x00000000ffe80000,0x0000000100000000)
 ParOldGen       total 94208K, used 73547K [0x0000000089600000, 0x000000008f200000, 0x00000000d8780000)
  object space 94208K, 78% used [0x0000000089600000,0x000000008ddd2f78,0x000000008f200000)
 Metaspace       used 28626K, capacity 28974K, committed 29312K, reserved 1075200K
  class space    used 3076K, capacity 3189K, committed 3200K, reserved 1048576K
}
Event: 11260.817 GC heap before
{Heap before GC invocations=4852 (full 12):
 PSYoungGen      total 646144K, used 645201K [0x00000000d8780000, 0x0000000100000000, 0x0000000100000000)
  eden space 644608K, 100% used [0x00000000d8780000,0x00000000ffd00000,0x00000000ffd00000)
  from space 1536K, 38% used [0x00000000ffd00000,0x00000000ffd944c0,0x00000000ffe80000)
  to   space 1536K, 0% used [0x00000000ffe80000,0x00000000ffe80000,0x0000000100000000)
 ParOldGen       total 94208K, used 73547K [0x0000000089600000, 0x000000008f200000, 0x00000000d8780000)
  object space 94208K, 78% used [0x0000000089600000,0x000000008ddd2f78,0x000000008f200000)
 Metaspace       used 28628K, capacity 28974K, committed 29312K, reserved 1075200K
  class space    used 3076K, capacity 3189K, committed 3200K, reserved 1048576K
Event: 11260.879 GC heap after
Heap after GC invocations=4852 (full 12):
 PSYoungGen      total 646144K, used 192K [0x00000000d8780000, 0x0000000100000000, 0x0000000100000000)
  eden space 644608K, 0% used [0x00000000d8780000,0x00000000d8780000,0x00000000ffd00000)
  from space 1536K, 12% used [0x00000000ffe80000,0x00000000ffeb0000,0x0000000100000000)
  to   space 1536K, 0% used [0x00000000ffd00000,0x00000000ffd00000,0x00000000ffe80000)
 ParOldGen       total 94208K, used 73921K [0x0000000089600000, 0x000000008f200000, 0x00000000d8780000)
  object space 94208K, 78% used [0x0000000089600000,0x000000008de307f8,0x000000008f200000)
 Metaspace       used 28628K, capacity 28974K, committed 29312K, reserved 1075200K
  class space    used 3076K, capacity 3189K, committed 3200K, reserved 1048576K
}
Event: 11262.894 GC heap before
{Heap before GC invocations=4853 (full 12):
 PSYoungGen      total 646144K, used 644800K [0x00000000d8780000, 0x0000000100000000, 0x0000000100000000)
  eden space 644608K, 100% used [0x00000000d8780000,0x00000000ffd00000,0x00000000ffd00000)
  from space 1536K, 12% used [0x00000000ffe80000,0x00000000ffeb0000,0x0000000100000000)
  to   space 1536K, 0% used [0x00000000ffd00000,0x00000000ffd00000,0x00000000ffe80000)
 ParOldGen       total 94208K, used 73921K [0x0000000089600000, 0x000000008f200000, 0x00000000d8780000)
  object space 94208K, 78% used [0x0000000089600000,0x000000008de307f8,0x000000008f200000)
 Metaspace       used 28628K, capacity 28974K, committed 29312K, reserved 1075200K
  class space    used 3076K, capacity 3189K, committed 3200K, reserved 1048576K
Event: 11262.958 GC heap after
Heap after GC invocations=4853 (full 12):
 PSYoungGen      total 646144K, used 288K [0x00000000d8780000, 0x0000000100000000, 0x0000000100000000)
  eden space 644608K, 0% used [0x00000000d8780000,0x00000000d8780000,0x00000000ffd00000)
  from space 1536K, 18% used [0x00000000ffd00000,0x00000000ffd48000,0x00000000ffe80000)
  to   space 1536K, 0% used [0x00000000ffe80000,0x00000000ffe80000,0x0000000100000000)
 ParOldGen       total 94208K, used 74017K [0x0000000089600000, 0x000000008f200000, 0x00000000d8780000)
  object space 94208K, 78% used [0x0000000089600000,0x000000008de487f8,0x000000008f200000)
 Metaspace       used 28628K, capacity 28974K, committed 29312K, reserved 1075200K
  class space    used 3076K, capacity 3189K, committed 3200K, reserved 1048576K
}
Event: 11264.893 GC heap before
{Heap before GC invocations=4854 (full 12):
 PSYoungGen      total 646144K, used 644896K [0x00000000d8780000, 0x0000000100000000, 0x0000000100000000)
  eden space 644608K, 100% used [0x00000000d8780000,0x00000000ffd00000,0x00000000ffd00000)
  from space 1536K, 18% used [0x00000000ffd00000,0x00000000ffd48000,0x00000000ffe80000)
  to   space 1536K, 0% used [0x00000000ffe80000,0x00000000ffe80000,0x0000000100000000)
 ParOldGen       total 94208K, used 74017K [0x0000000089600000, 0x000000008f200000, 0x00000000d8780000)
  object space 94208K, 78% used [0x0000000089600000,0x000000008de487f8,0x000000008f200000)
 Metaspace       used 28628K, capacity 28974K, committed 29312K, reserved 1075200K
  class space    used 3076K, capacity 3189K, committed 3200K, reserved 1048576K
Event: 11264.955 GC heap after
Heap after GC invocations=4854 (full 12):
 PSYoungGen      total 646144K, used 224K [0x00000000d8780000, 0x0000000100000000, 0x0000000100000000)
  eden space 644608K, 0% used [0x00000000d8780000,0x00000000d8780000,0x00000000ffd00000)
  from space 1536K, 14% used [0x00000000ffe80000,0x00000000ffeb8000,0x0000000100000000)
  to   space 1536K, 0% used [0x00000000ffd00000,0x00000000ffd00000,0x00000000ffe80000)
 ParOldGen       total 94208K, used 74169K [0x0000000089600000, 0x000000008f200000, 0x00000000d8780000)
  object space 94208K, 78% used [0x0000000089600000,0x000000008de6e7f8,0x000000008f200000)
 Metaspace       used 28628K, capacity 28974K, committed 29312K, reserved 1075200K
  class space    used 3076K, capacity 3189K, committed 3200K, reserved 1048576K
}
Event: 11266.987 GC heap before
{Heap before GC invocations=4855 (full 12):
 PSYoungGen      total 646144K, used 644832K [0x00000000d8780000, 0x0000000100000000, 0x0000000100000000)
  eden space 644608K, 100% used [0x00000000d8780000,0x00000000ffd00000,0x00000000ffd00000)
  from space 1536K, 14% used [0x00000000ffe80000,0x00000000ffeb8000,0x0000000100000000)
  to   space 1536K, 0% used [0x00000000ffd00000,0x00000000ffd00000,0x00000000ffe80000)
 ParOldGen       total 94208K, used 74169K [0x0000000089600000, 0x000000008f200000, 0x00000000d8780000)
  object space 94208K, 78% used [0x0000000089600000,0x000000008de6e7f8,0x000000008f200000)
 Metaspace       used 28628K, capacity 28974K, committed 29312K, reserved 1075200K
  class space    used 3076K, capacity 3189K, committed 3200K, reserved 1048576K
Event: 11267.055 GC heap after
Heap after GC invocations=4855 (full 12):
 PSYoungGen      total 646144K, used 320K [0x00000000d8780000, 0x0000000100000000, 0x0000000100000000)
  eden space 644608K, 0% used [0x00000000d8780000,0x00000000d8780000,0x00000000ffd00000)
  from space 1536K, 20% used [0x00000000ffd00000,0x00000000ffd50000,0x00000000ffe80000)
  to   space 1536K, 0% used [0x00000000ffe80000,0x00000000ffe80000,0x0000000100000000)
 ParOldGen       total 94208K, used 74241K [0x0000000089600000, 0x000000008f200000, 0x00000000d8780000)
  object space 94208K, 78% used [0x0000000089600000,0x000000008de807f8,0x000000008f200000)
 Metaspace       used 28628K, capacity 28974K, committed 29312K, reserved 1075200K
  class space    used 3076K, capacity 3189K, committed 3200K, reserved 1048576K
}
Event: 11269.218 GC heap before
{Heap before GC invocations=4856 (full 12):
 PSYoungGen      total 646144K, used 644928K [0x00000000d8780000, 0x0000000100000000, 0x0000000100000000)
  eden space 644608K, 100% used [0x00000000d8780000,0x00000000ffd00000,0x00000000ffd00000)
  from space 1536K, 20% used [0x00000000ffd00000,0x00000000ffd50000,0x00000000ffe80000)
  to   space 1536K, 0% used [0x00000000ffe80000,0x00000000ffe80000,0x0000000100000000)
 ParOldGen       total 94208K, used 74241K [0x0000000089600000, 0x000000008f200000, 0x00000000d8780000)
  object space 94208K, 78% used [0x0000000089600000,0x000000008de807f8,0x000000008f200000)
 Metaspace       used 28628K, capacity 28974K, committed 29312K, reserved 1075200K
  class space    used 3076K, capacity 3189K, committed 3200K, reserved 1048576K
Event: 11269.278 GC heap after
Heap after GC invocations=4856 (full 12):
 PSYoungGen      total 646144K, used 160K [0x00000000d8780000, 0x0000000100000000, 0x0000000100000000)
  eden space 644608K, 0% used [0x00000000d8780000,0x00000000d8780000,0x00000000ffd00000)
  from space 1536K, 10% used [0x00000000ffe80000,0x00000000ffea8000,0x0000000100000000)
  to   space 1536K, 0% used [0x00000000ffd00000,0x00000000ffd00000,0x00000000ffe80000)
 ParOldGen       total 94208K, used 74457K [0x0000000089600000, 0x000000008f200000, 0x00000000d8780000)
  object space 94208K, 79% used [0x0000000089600000,0x000000008deb67f8,0x000000008f200000)
 Metaspace       used 28628K, capacity 28974K, committed 29312K, reserved 1075200K
  class space    used 3076K, capacity 3189K, committed 3200K, reserved 1048576K
}
Event: 11271.470 GC heap before
{Heap before GC invocations=4857 (full 12):
 PSYoungGen      total 646144K, used 644768K [0x00000000d8780000, 0x0000000100000000, 0x0000000100000000)
  eden space 644608K, 100% used [0x00000000d8780000,0x00000000ffd00000,0x00000000ffd00000)
  from space 1536K, 10% used [0x00000000ffe80000,0x00000000ffea8000,0x0000000100000000)
  to   space 1536K, 0% used [0x00000000ffd00000,0x00000000ffd00000,0x00000000ffe80000)
 ParOldGen       total 94208K, used 74457K [0x0000000089600000, 0x000000008f200000, 0x00000000d8780000)
  object space 94208K, 79% used [0x0000000089600000,0x000000008deb67f8,0x000000008f200000)
 Metaspace       used 28628K, capacity 28974K, committed 29312K, reserved 1075200K
  class space    used 3076K, capacity 3189K, committed 3200K, reserved 1048576K
Event: 11271.533 GC heap after
Heap after GC invocations=4857 (full 12):
 PSYoungGen      total 646144K, used 160K [0x00000000d8780000, 0x0000000100000000, 0x0000000100000000)
  eden space 644608K, 0% used [0x00000000d8780000,0x00000000d8780000,0x00000000ffd00000)
  from space 1536K, 10% used [0x00000000ffd00000,0x00000000ffd28000,0x00000000ffe80000)
  to   space 1536K, 0% used [0x00000000ffe80000,0x00000000ffe80000,0x0000000100000000)
 ParOldGen       total 94208K, used 74521K [0x0000000089600000, 0x000000008f200000, 0x00000000d8780000)
  object space 94208K, 79% used [0x0000000089600000,0x000000008dec67f8,0x000000008f200000)
 Metaspace       used 28628K, capacity 28974K, committed 29312K, reserved 1075200K
  class space    used 3076K, capacity 3189K, committed 3200K, reserved 1048576K
}
Event: 11273.484 GC heap before
{Heap before GC invocations=4858 (full 12):
 PSYoungGen      total 646144K, used 644768K [0x00000000d8780000, 0x0000000100000000, 0x0000000100000000)
  eden space 644608K, 100% used [0x00000000d8780000,0x00000000ffd00000,0x00000000ffd00000)
  from space 1536K, 10% used [0x00000000ffd00000,0x00000000ffd28000,0x00000000ffe80000)
  to   space 1536K, 0% used [0x00000000ffe80000,0x00000000ffe80000,0x0000000100000000)
 ParOldGen       total 94208K, used 74521K [0x0000000089600000, 0x000000008f200000, 0x00000000d8780000)
  object space 94208K, 79% used [0x0000000089600000,0x000000008dec67f8,0x000000008f200000)
 Metaspace       used 28628K, capacity 28974K, committed 29312K, reserved 1075200K
  class space    used 3076K, capacity 3189K, committed 3200K, reserved 1048576K
Event: 11273.545 GC heap after
Heap after GC invocations=4858 (full 12):
 PSYoungGen      total 645120K, used 160K [0x00000000d8780000, 0x00000000fff00000, 0x0000000100000000)
  eden space 644608K, 0% used [0x00000000d8780000,0x00000000d8780000,0x00000000ffd00000)
  from space 512K, 31% used [0x00000000ffe80000,0x00000000ffea8000,0x00000000fff00000)
  to   space 1024K, 0% used [0x00000000ffd00000,0x00000000ffd00000,0x00000000ffe00000)
 ParOldGen       total 94208K, used 74585K [0x0000000089600000, 0x000000008f200000, 0x00000000d8780000)
  object space 94208K, 79% used [0x0000000089600000,0x000000008ded67f8,0x000000008f200000)
 Metaspace       used 28628K, capacity 28974K, committed 29312K, reserved 1075200K
  class space    used 3076K, capacity 3189K, committed 3200K, reserved 1048576K
}
Event: 11275.595 GC heap before
{Heap before GC invocations=4859 (full 12):
 PSYoungGen      total 645120K, used 644768K [0x00000000d8780000, 0x00000000fff00000, 0x0000000100000000)
  eden space 644608K, 100% used [0x00000000d8780000,0x00000000ffd00000,0x00000000ffd00000)
  from space 512K, 31% used [0x00000000ffe80000,0x00000000ffea8000,0x00000000fff00000)
  to   space 1024K, 0% used [0x00000000ffd00000,0x00000000ffd00000,0x00000000ffe00000)
 ParOldGen       total 94208K, used 74585K [0x0000000089600000, 0x000000008f200000, 0x00000000d8780000)
  object space 94208K, 79% used [0x0000000089600000,0x000000008ded67f8,0x000000008f200000)
 Metaspace       used 28628K, capacity 28974K, committed 29312K, reserved 1075200K
  class space    used 3076K, capacity 3189K, committed 3200K, reserved 1048576K
Event: 11275.670 GC heap after
Heap after GC invocations=4859 (full 12):
 PSYoungGen      total 645632K, used 128K [0x00000000d8780000, 0x0000000100000000, 0x0000000100000000)
  eden space 644608K, 0% used [0x00000000d8780000,0x00000000d8780000,0x00000000ffd00000)
  from space 1024K, 12% used [0x00000000ffd00000,0x00000000ffd20000,0x00000000ffe00000)
  to   space 1024K, 0% used [0x00000000fff00000,0x00000000fff00000,0x0000000100000000)
 ParOldGen       total 94208K, used 74657K [0x0000000089600000, 0x000000008f200000, 0x00000000d8780000)
  object space 94208K, 79% used [0x0000000089600000,0x000000008dee87f8,0x000000008f200000)
 Metaspace       used 28628K, capacity 28974K, committed 29312K, reserved 1075200K
  class space    used 3076K, capacity 3189K, committed 3200K, reserved 1048576K
}
Event: 11277.662 GC heap before
{Heap before GC invocations=4860 (full 12):
 PSYoungGen      total 645632K, used 644736K [0x00000000d8780000, 0x0000000100000000, 0x0000000100000000)
  eden space 644608K, 100% used [0x00000000d8780000,0x00000000ffd00000,0x00000000ffd00000)
  from space 1024K, 12% used [0x00000000ffd00000,0x00000000ffd20000,0x00000000ffe00000)
  to   space 1024K, 0% used [0x00000000fff00000,0x00000000fff00000,0x0000000100000000)
 ParOldGen       total 94208K, used 74657K [0x0000000089600000, 0x000000008f200000, 0x00000000d8780000)
  object space 94208K, 79% used [0x0000000089600000,0x000000008dee87f8,0x000000008f200000)
 Metaspace       used 28628K, capacity 28974K, committed 29312K, reserved 1075200K
  class space    used 3076K, capacity 3189K, committed 3200K, reserved 1048576K
Event: 11277.724 GC heap after
Heap after GC invocations=4860 (full 12):
 PSYoungGen      total 646656K, used 160K [0x00000000d8780000, 0x0000000100000000, 0x0000000100000000)
  eden space 645632K, 0% used [0x00000000d8780000,0x00000000d8780000,0x00000000ffe00000)
  from space 1024K, 15% used [0x00000000fff00000,0x00000000fff28000,0x0000000100000000)
  to   space 1024K, 0% used [0x00000000ffe00000,0x00000000ffe00000,0x00000000fff00000)
 ParOldGen       total 94208K, used 74705K [0x0000000089600000, 0x000000008f200000, 0x00000000d8780000)
  object space 94208K, 79% used [0x0000000089600000,0x000000008def47f8,0x000000008f200000)
 Metaspace       used 28628K, capacity 28974K, committed 29312K, reserved 1075200K
  class space    used 3076K, capacity 3189K, committed 3200K, reserved 1048576K
}
Event: 11279.761 GC heap before
{Heap before GC invocations=4861 (full 12):
 PSYoungGen      total 646656K, used 645792K [0x00000000d8780000, 0x0000000100000000, 0x0000000100000000)
  eden space 645632K, 100% used [0x00000000d8780000,0x00000000ffe00000,0x00000000ffe00000)
  from space 1024K, 15% used [0x00000000fff00000,0x00000000fff28000,0x0000000100000000)
  to   space 1024K, 0% used [0x00000000ffe00000,0x00000000ffe00000,0x00000000fff00000)
 ParOldGen       total 94208K, used 74705K [0x0000000089600000, 0x000000008f200000, 0x00000000d8780000)
  object space 94208K, 79% used [0x0000000089600000,0x000000008def47f8,0x000000008f200000)
 Metaspace       used 28628K, capacity 28974K, committed 29312K, reserved 1075200K
  class space    used 3076K, capacity 3189K, committed 3200K, reserved 1048576K
Event: 11279.842 GC heap after
Heap after GC invocations=4861 (full 12):
 PSYoungGen      total 646656K, used 160K [0x00000000d8780000, 0x0000000100000000, 0x0000000100000000)
  eden space 645632K, 0% used [0x00000000d8780000,0x00000000d8780000,0x00000000ffe00000)
  from space 1024K, 15% used [0x00000000ffe00000,0x00000000ffe28000,0x00000000fff00000)
  to   space 1024K, 0% used [0x00000000fff00000,0x00000000fff00000,0x0000000100000000)
 ParOldGen       total 94208K, used 74753K [0x0000000089600000, 0x000000008f200000, 0x00000000d8780000)
  object space 94208K, 79% used [0x0000000089600000,0x000000008df007f8,0x000000008f200000)
 Metaspace       used 28628K, capacity 28974K, committed 29312K, reserved 1075200K
  class space    used 3076K, capacity 3189K, committed 3200K, reserved 1048576K
}
Event: 11281.969 GC heap before
{Heap before GC invocations=4862 (full 12):
 PSYoungGen      total 646656K, used 645792K [0x00000000d8780000, 0x0000000100000000, 0x0000000100000000)
  eden space 645632K, 100% used [0x00000000d8780000,0x00000000ffe00000,0x00000000ffe00000)
  from space 1024K, 15% used [0x00000000ffe00000,0x00000000ffe28000,0x00000000fff00000)
  to   space 1024K, 0% used [0x00000000fff00000,0x00000000fff00000,0x0000000100000000)
 ParOldGen       total 94208K, used 74753K [0x0000000089600000, 0x000000008f200000, 0x00000000d8780000)
  object space 94208K, 79% used [0x0000000089600000,0x000000008df007f8,0x000000008f200000)
 Metaspace       used 28632K, capacity 28974K, committed 29312K, reserved 1075200K
  class space    used 3076K, capacity 3189K, committed 3200K, reserved 1048576K
Event: 11282.030 GC heap after
Heap after GC invocations=4862 (full 12):
 PSYoungGen      total 646656K, used 288K [0x00000000d8780000, 0x0000000100000000, 0x0000000100000000)
  eden space 645632K, 0% used [0x00000000d8780000,0x00000000d8780000,0x00000000ffe00000)
  from space 1024K, 28% used [0x00000000fff00000,0x00000000fff48000,0x0000000100000000)
  to   space 1024K, 0% used [0x00000000ffe00000,0x00000000ffe00000,0x00000000fff00000)
 ParOldGen       total 94208K, used 74801K [0x0000000089600000, 0x000000008f200000, 0x00000000d8780000)
  object space 94208K, 79% used [0x0000000089600000,0x000000008df0c7f8,0x000000008f200000)
 Metaspace       used 28632K, capacity 28974K, committed 29312K, reserved 1075200K
  class space    used 3076K, capacity 3189K, committed 3200K, reserved 1048576K
}
Event: 11284.055 GC heap before
{Heap before GC invocations=4863 (full 12):
 PSYoungGen      total 646656K, used 645920K [0x00000000d8780000, 0x0000000100000000, 0x0000000100000000)
  eden space 645632K, 100% used [0x00000000d8780000,0x00000000ffe00000,0x00000000ffe00000)
  from space 1024K, 28% used [0x00000000fff00000,0x00000000fff48000,0x0000000100000000)
  to   space 1024K, 0% used [0x00000000ffe00000,0x00000000ffe00000,0x00000000fff00000)
 ParOldGen       total 94208K, used 74801K [0x0000000089600000, 0x000000008f200000, 0x00000000d8780000)
  object space 94208K, 79% used [0x0000000089600000,0x000000008df0c7f8,0x000000008f200000)
 Metaspace       used 28632K, capacity 28974K, committed 29312K, reserved 1075200K
  class space    used 3076K, capacity 3189K, committed 3200K, reserved 1048576K
Event: 11284.161 GC heap after
Heap after GC invocations=4863 (full 12):
 PSYoungGen      total 646656K, used 209K [0x00000000d8780000, 0x0000000100000000, 0x0000000100000000)
  eden space 645632K, 0% used [0x00000000d8780000,0x00000000d8780000,0x00000000ffe00000)
  from space 1024K, 20% used [0x00000000ffe00000,0x00000000ffe346f8,0x00000000fff00000)
  to   space 1024K, 0% used [0x00000000fff00000,0x00000000fff00000,0x0000000100000000)
 ParOldGen       total 94208K, used 74994K [0x0000000089600000, 0x000000008f200000, 0x00000000d8780000)
  object space 94208K, 79% used [0x0000000089600000,0x000000008df3c828,0x000000008f200000)
 Metaspace       used 28632K, capacity 28974K, committed 29312K, reserved 1075200K
  class space    used 3076K, capacity 3189K, committed 3200K, reserved 1048576K
}
Event: 11286.163 GC heap before
{Heap before GC invocations=4864 (full 12):
 PSYoungGen      total 646656K, used 645841K [0x00000000d8780000, 0x0000000100000000, 0x0000000100000000)
  eden space 645632K, 100% used [0x00000000d8780000,0x00000000ffe00000,0x00000000ffe00000)
  from space 1024K, 20% used [0x00000000ffe00000,0x00000000ffe346f8,0x00000000fff00000)
  to   space 1024K, 0% used [0x00000000fff00000,0x00000000fff00000,0x0000000100000000)
 ParOldGen       total 94208K, used 74994K [0x0000000089600000, 0x000000008f200000, 0x00000000d8780000)
  object space 94208K, 79% used [0x0000000089600000,0x000000008df3c828,0x000000008f200000)
 Metaspace       used 28632K, capacity 28974K, committed 29312K, reserved 1075200K
  class space    used 3076K, capacity 3189K, committed 3200K, reserved 1048576K
Event: 11286.236 GC heap after
Heap after GC invocations=4864 (full 12):
 PSYoungGen      total 646656K, used 160K [0x00000000d8780000, 0x0000000100000000, 0x0000000100000000)
  eden space 645632K, 0% used [0x00000000d8780000,0x00000000d8780000,0x00000000ffe00000)
  from space 1024K, 15% used [0x00000000fff00000,0x00000000fff28000,0x0000000100000000)
  to   space 1024K, 0% used [0x00000000ffe00000,0x00000000ffe00000,0x00000000fff00000)
 ParOldGen       total 94208K, used 75066K [0x0000000089600000, 0x000000008f200000, 0x00000000d8780000)
  object space 94208K, 79% used [0x0000000089600000,0x000000008df4e828,0x000000008f200000)
 Metaspace       used 28632K, capacity 28974K, committed 29312K, reserved 1075200K
  class space    used 3076K, capacity 3189K, committed 3200K, reserved 1048576K
}
Event: 11288.233 GC heap before
{Heap before GC invocations=4865 (full 12):
 PSYoungGen      total 646656K, used 645792K [0x00000000d8780000, 0x0000000100000000, 0x0000000100000000)
  eden space 645632K, 100% used [0x00000000d8780000,0x00000000ffe00000,0x00000000ffe00000)
  from space 1024K, 15% used [0x00000000fff00000,0x00000000fff28000,0x0000000100000000)
  to   space 1024K, 0% used [0x00000000ffe00000,0x00000000ffe00000,0x00000000fff00000)
 ParOldGen       total 94208K, used 75066K [0x0000000089600000, 0x000000008f200000, 0x00000000d8780000)
  object space 94208K, 79% used [0x0000000089600000,0x000000008df4e828,0x000000008f200000)
 Metaspace       used 28632K, capacity 28974K, committed 29312K, reserved 1075200K
  class space    used 3076K, capacity 3189K, committed 3200K, reserved 1048576K
Event: 11288.289 GC heap after
Heap after GC invocations=4865 (full 12):
 PSYoungGen      total 646656K, used 160K [0x00000000d8780000, 0x0000000100000000, 0x0000000100000000)
  eden space 645632K, 0% used [0x00000000d8780000,0x00000000d8780000,0x00000000ffe00000)
  from space 1024K, 15% used [0x00000000ffe00000,0x00000000ffe28000,0x00000000fff00000)
  to   space 1024K, 0% used [0x00000000fff00000,0x00000000fff00000,0x0000000100000000)
 ParOldGen       total 94208K, used 75114K [0x0000000089600000, 0x000000008f200000, 0x00000000d8780000)
  object space 94208K, 79% used [0x0000000089600000,0x000000008df5a828,0x000000008f200000)
 Metaspace       used 28632K, capacity 28974K, committed 29312K, reserved 1075200K
  class space    used 3076K, capacity 3189K, committed 3200K, reserved 1048576K
}
Event: 11290.319 GC heap before
{Heap before GC invocations=4866 (full 12):
 PSYoungGen      total 646656K, used 645792K [0x00000000d8780000, 0x0000000100000000, 0x0000000100000000)
  eden space 645632K, 100% used [0x00000000d8780000,0x00000000ffe00000,0x00000000ffe00000)
  from space 1024K, 15% used [0x00000000ffe00000,0x00000000ffe28000,0x00000000fff00000)
  to   space 1024K, 0% used [0x00000000fff00000,0x00000000fff00000,0x0000000100000000)
 ParOldGen       total 94208K, used 75114K [0x0000000089600000, 0x000000008f200000, 0x00000000d8780000)
  object space 94208K, 79% used [0x0000000089600000,0x000000008df5a828,0x000000008f200000)
 Metaspace       used 28632K, capacity 28974K, committed 29312K, reserved 1075200K
  class space    used 3076K, capacity 3189K, committed 3200K, reserved 1048576K
Event: 11290.385 GC heap after
Heap after GC invocations=4866 (full 12):
 PSYoungGen      total 646656K, used 160K [0x00000000d8780000, 0x0000000100000000, 0x0000000100000000)
  eden space 645632K, 0% used [0x00000000d8780000,0x00000000d8780000,0x00000000ffe00000)
  from space 1024K, 15% used [0x00000000fff00000,0x00000000fff28000,0x0000000100000000)
  to   space 1024K, 0% used [0x00000000ffe00000,0x00000000ffe00000,0x00000000fff00000)
 ParOldGen       total 94208K, used 75162K [0x0000000089600000, 0x000000008f200000, 0x00000000d8780000)
  object space 94208K, 79% used [0x0000000089600000,0x000000008df66828,0x000000008f200000)
 Metaspace       used 28632K, capacity 28974K, committed 29312K, reserved 1075200K
  class space    used 3076K, capacity 3189K, committed 3200K, reserved 1048576K
}
Event: 11292.405 GC heap before
{Heap before GC invocations=4867 (full 12):
 PSYoungGen      total 646656K, used 645792K [0x00000000d8780000, 0x0000000100000000, 0x0000000100000000)
  eden space 645632K, 100% used [0x00000000d8780000,0x00000000ffe00000,0x00000000ffe00000)
  from space 1024K, 15% used [0x00000000fff00000,0x00000000fff28000,0x0000000100000000)
  to   space 1024K, 0% used [0x00000000ffe00000,0x00000000ffe00000,0x00000000fff00000)
 ParOldGen       total 94208K, used 75162K [0x0000000089600000, 0x000000008f200000, 0x00000000d8780000)
  object space 94208K, 79% used [0x0000000089600000,0x000000008df66828,0x000000008f200000)
 Metaspace       used 28632K, capacity 28974K, committed 29312K, reserved 1075200K
  class space    used 3076K, capacity 3189K, committed 3200K, reserved 1048576K
Event: 11292.465 GC heap after
Heap after GC invocations=4867 (full 12):
 PSYoungGen      total 646656K, used 160K [0x00000000d8780000, 0x0000000100000000, 0x0000000100000000)
  eden space 645632K, 0% used [0x00000000d8780000,0x00000000d8780000,0x00000000ffe00000)
  from space 1024K, 15% used [0x00000000ffe00000,0x00000000ffe28000,0x00000000fff00000)
  to   space 1024K, 0% used [0x00000000fff00000,0x00000000fff00000,0x0000000100000000)
 ParOldGen       total 94208K, used 75210K [0x0000000089600000, 0x000000008f200000, 0x00000000d8780000)
  object space 94208K, 79% used [0x0000000089600000,0x000000008df72828,0x000000008f200000)
 Metaspace       used 28632K, capacity 28974K, committed 29312K, reserved 1075200K
  class space    used 3076K, capacity 3189K, committed 3200K, reserved 1048576K
}
Event: 11294.501 GC heap before
{Heap before GC invocations=4868 (full 12):
 PSYoungGen      total 646656K, used 645792K [0x00000000d8780000, 0x0000000100000000, 0x0000000100000000)
  eden space 645632K, 100% used [0x00000000d8780000,0x00000000ffe00000,0x00000000ffe00000)
  from space 1024K, 15% used [0x00000000ffe00000,0x00000000ffe28000,0x00000000fff00000)
  to   space 1024K, 0% used [0x00000000fff00000,0x00000000fff00000,0x0000000100000000)
 ParOldGen       total 94208K, used 75210K [0x0000000089600000, 0x000000008f200000, 0x00000000d8780000)
  object space 94208K, 79% used [0x0000000089600000,0x000000008df72828,0x000000008f200000)
 Metaspace       used 28632K, capacity 28974K, committed 29312K, reserved 1075200K
  class space    used 3076K, capacity 3189K, committed 3200K, reserved 1048576K
Event: 11294.563 GC heap after
Heap after GC invocations=4868 (full 12):
 PSYoungGen      total 646656K, used 128K [0x00000000d8780000, 0x0000000100000000, 0x0000000100000000)
  eden space 645632K, 0% used [0x00000000d8780000,0x00000000d8780000,0x00000000ffe00000)
  from space 1024K, 12% used [0x00000000fff00000,0x00000000fff20000,0x0000000100000000)
  to   space 1024K, 0% used [0x00000000ffe00000,0x00000000ffe00000,0x00000000fff00000)
 ParOldGen       total 94208K, used 75258K [0x0000000089600000, 0x000000008f200000, 0x00000000d8780000)
  object space 94208K, 79% used [0x0000000089600000,0x000000008df7e828,0x000000008f200000)
 Metaspace       used 28632K, capacity 28974K, committed 29312K, reserved 1075200K
  class space    used 3076K, capacity 3189K, committed 3200K, reserved 1048576K
}
Event: 11296.556 GC heap before
{Heap before GC invocations=4869 (full 12):
 PSYoungGen      total 646656K, used 645760K [0x00000000d8780000, 0x0000000100000000, 0x0000000100000000)
  eden space 645632K, 100% used [0x00000000d8780000,0x00000000ffe00000,0x00000000ffe00000)
  from space 1024K, 12% used [0x00000000fff00000,0x00000000fff20000,0x0000000100000000)
  to   space 1024K, 0% used [0x00000000ffe00000,0x00000000ffe00000,0x00000000fff00000)
 ParOldGen       total 94208K, used 75258K [0x0000000089600000, 0x000000008f200000, 0x00000000d8780000)
  object space 94208K, 79% used [0x0000000089600000,0x000000008df7e828,0x000000008f200000)
 Metaspace       used 28632K, capacity 28974K, committed 29312K, reserved 1075200K
  class space    used 3076K, capacity 3189K, committed 3200K, reserved 1048576K
Event: 11296.625 GC heap after
Heap after GC invocations=4869 (full 12):
 PSYoungGen      total 646656K, used 160K [0x00000000d8780000, 0x0000000100000000, 0x0000000100000000)
  eden space 645632K, 0% used [0x00000000d8780000,0x00000000d8780000,0x00000000ffe00000)
  from space 1024K, 15% used [0x00000000ffe00000,0x00000000ffe28000,0x00000000fff00000)
  to   space 1024K, 0% used [0x00000000fff00000,0x00000000fff00000,0x0000000100000000)
 ParOldGen       total 94208K, used 75306K [0x0000000089600000, 0x000000008f200000, 0x00000000d8780000)
  object space 94208K, 79% used [0x0000000089600000,0x000000008df8a828,0x000000008f200000)
 Metaspace       used 28632K, capacity 28974K, committed 29312K, reserved 1075200K
  class space    used 3076K, capacity 3189K, committed 3200K, reserved 1048576K
}
Event: 11298.623 GC heap before
{Heap before GC invocations=4870 (full 12):
 PSYoungGen      total 646656K, used 645792K [0x00000000d8780000, 0x0000000100000000, 0x0000000100000000)
  eden space 645632K, 100% used [0x00000000d8780000,0x00000000ffe00000,0x00000000ffe00000)
  from space 1024K, 15% used [0x00000000ffe00000,0x00000000ffe28000,0x00000000fff00000)
  to   space 1024K, 0% used [0x00000000fff00000,0x00000000fff00000,0x0000000100000000)
 ParOldGen       total 94208K, used 75306K [0x0000000089600000, 0x000000008f200000, 0x00000000d8780000)
  object space 94208K, 79% used [0x0000000089600000,0x000000008df8a828,0x000000008f200000)
 Metaspace       used 28632K, capacity 28974K, committed 29312K, reserved 1075200K
  class space    used 3076K, capacity 3189K, committed 3200K, reserved 1048576K
Event: 11298.692 GC heap after
Heap after GC invocations=4870 (full 12):
 PSYoungGen      total 646656K, used 160K [0x00000000d8780000, 0x0000000100000000, 0x0000000100000000)
  eden space 645632K, 0% used [0x00000000d8780000,0x00000000d8780000,0x00000000ffe00000)
  from space 1024K, 15% used [0x00000000fff00000,0x00000000fff28000,0x0000000100000000)
  to   space 1024K, 0% used [0x00000000ffe00000,0x00000000ffe00000,0x00000000fff00000)
 ParOldGen       total 94208K, used 75354K [0x0000000089600000, 0x000000008f200000, 0x00000000d8780000)
  object space 94208K, 79% used [0x0000000089600000,0x000000008df96828,0x000000008f200000)
 Metaspace       used 28632K, capacity 28974K, committed 29312K, reserved 1075200K
  class space    used 3076K, capacity 3189K, committed 3200K, reserved 1048576K
}
Event: 11300.678 GC heap before
{Heap before GC invocations=4871 (full 12):
 PSYoungGen      total 646656K, used 645792K [0x00000000d8780000, 0x0000000100000000, 0x0000000100000000)
  eden space 645632K, 100% used [0x00000000d8780000,0x00000000ffe00000,0x00000000ffe00000)
  from space 1024K, 15% used [0x00000000fff00000,0x00000000fff28000,0x0000000100000000)
  to   space 1024K, 0% used [0x00000000ffe00000,0x00000000ffe00000,0x00000000fff00000)
 ParOldGen       total 94208K, used 75354K [0x0000000089600000, 0x000000008f200000, 0x00000000d8780000)
  object space 94208K, 79% used [0x0000000089600000,0x000000008df96828,0x000000008f200000)
 Metaspace       used 28632K, capacity 28974K, committed 29312K, reserved 1075200K
  class space    used 3076K, capacity 3189K, committed 3200K, reserved 1048576K
Event: 11300.749 GC heap after
Heap after GC invocations=4871 (full 12):
 PSYoungGen      total 646656K, used 128K [0x00000000d8780000, 0x0000000100000000, 0x0000000100000000)
  eden space 645632K, 0% used [0x00000000d8780000,0x00000000d8780000,0x00000000ffe00000)
  from space 1024K, 12% used [0x00000000ffe00000,0x00000000ffe20000,0x00000000fff00000)
  to   space 1024K, 0% used [0x00000000fff00000,0x00000000fff00000,0x0000000100000000)
 ParOldGen       total 94208K, used 75402K [0x0000000089600000, 0x000000008f200000, 0x00000000d8780000)
  object space 94208K, 80% used [0x0000000089600000,0x000000008dfa2828,0x000000008f200000)
 Metaspace       used 28632K, capacity 28974K, committed 29312K, reserved 1075200K
  class space    used 3076K, capacity 3189K, committed 3200K, reserved 1048576K
}
Event: 11302.772 GC heap before
{Heap before GC invocations=4872 (full 12):
 PSYoungGen      total 646656K, used 645760K [0x00000000d8780000, 0x0000000100000000, 0x0000000100000000)
  eden space 645632K, 100% used [0x00000000d8780000,0x00000000ffe00000,0x00000000ffe00000)
  from space 1024K, 12% used [0x00000000ffe00000,0x00000000ffe20000,0x00000000fff00000)
  to   space 1024K, 0% used [0x00000000fff00000,0x00000000fff00000,0x0000000100000000)
 ParOldGen       total 94208K, used 75402K [0x0000000089600000, 0x000000008f200000, 0x00000000d8780000)
  object space 94208K, 80% used [0x0000000089600000,0x000000008dfa2828,0x000000008f200000)
 Metaspace       used 28632K, capacity 28974K, committed 29312K, reserved 1075200K
  class space    used 3076K, capacity 3189K, committed 3200K, reserved 1048576K
Event: 11302.841 GC heap after
Heap after GC invocations=4872 (full 12):
 PSYoungGen      total 646656K, used 128K [0x00000000d8780000, 0x0000000100000000, 0x0000000100000000)
  eden space 645632K, 0% used [0x00000000d8780000,0x00000000d8780000,0x00000000ffe00000)
  from space 1024K, 12% used [0x00000000fff00000,0x00000000fff20000,0x0000000100000000)
  to   space 1024K, 0% used [0x00000000ffe00000,0x00000000ffe00000,0x00000000fff00000)
 ParOldGen       total 94208K, used 75450K [0x0000000089600000, 0x000000008f200000, 0x00000000d8780000)
  object space 94208K, 80% used [0x0000000089600000,0x000000008dfae828,0x000000008f200000)
 Metaspace       used 28632K, capacity 28974K, committed 29312K, reserved 1075200K
  class space    used 3076K, capacity 3189K, committed 3200K, reserved 1048576K
}
Event: 11304.848 GC heap before
{Heap before GC invocations=4873 (full 12):
 PSYoungGen      total 646656K, used 645760K [0x00000000d8780000, 0x0000000100000000, 0x0000000100000000)
  eden space 645632K, 100% used [0x00000000d8780000,0x00000000ffe00000,0x00000000ffe00000)
  from space 1024K, 12% used [0x00000000fff00000,0x00000000fff20000,0x0000000100000000)
  to   space 1024K, 0% used [0x00000000ffe00000,0x00000000ffe00000,0x00000000fff00000)
 ParOldGen       total 94208K, used 75450K [0x0000000089600000, 0x000000008f200000, 0x00000000d8780000)
  object space 94208K, 80% used [0x0000000089600000,0x000000008dfae828,0x000000008f200000)
 Metaspace       used 28632K, capacity 28974K, committed 29312K, reserved 1075200K
  class space    used 3076K, capacity 3189K, committed 3200K, reserved 1048576K
Event: 11304.903 GC heap after
Heap after GC invocations=4873 (full 12):
 PSYoungGen      total 646656K, used 128K [0x00000000d8780000, 0x00000000fff80000, 0x0000000100000000)
  eden space 645632K, 0% used [0x00000000d8780000,0x00000000d8780000,0x00000000ffe00000)
  from space 1024K, 12% used [0x00000000ffe00000,0x00000000ffe20000,0x00000000fff00000)
  to   space 512K, 0% used [0x00000000fff00000,0x00000000fff00000,0x00000000fff80000)
 ParOldGen       total 94208K, used 75498K [0x0000000089600000, 0x000000008f200000, 0x00000000d8780000)
  object space 94208K, 80% used [0x0000000089600000,0x000000008dfba828,0x000000008f200000)
 Metaspace       used 28632K, capacity 28974K, committed 29312K, reserved 1075200K
  class space    used 3076K, capacity 3189K, committed 3200K, reserved 1048576K
}
Event: 11306.935 GC heap before
{Heap before GC invocations=4874 (full 12):
 PSYoungGen      total 646656K, used 645760K [0x00000000d8780000, 0x00000000fff80000, 0x0000000100000000)
  eden space 645632K, 100% used [0x00000000d8780000,0x00000000ffe00000,0x00000000ffe00000)
  from space 1024K, 12% used [0x00000000ffe00000,0x00000000ffe20000,0x00000000fff00000)
  to   space 512K, 0% used [0x00000000fff00000,0x00000000fff00000,0x00000000fff80000)
 ParOldGen       total 94208K, used 75498K [0x0000000089600000, 0x000000008f200000, 0x00000000d8780000)
  object space 94208K, 80% used [0x0000000089600000,0x000000008dfba828,0x000000008f200000)
 Metaspace       used 28632K, capacity 28974K, committed 29312K, reserved 1075200K
  class space    used 3076K, capacity 3189K, committed 3200K, reserved 1048576K
Event: 11306.991 GC heap after
Heap after GC invocations=4874 (full 12):
 PSYoungGen      total 646656K, used 160K [0x00000000d8780000, 0x00000000fff80000, 0x0000000100000000)
  eden space 646144K, 0% used [0x00000000d8780000,0x00000000d8780000,0x00000000ffe80000)
  from space 512K, 31% used [0x00000000fff00000,0x00000000fff28000,0x00000000fff80000)
  to   space 512K, 0% used [0x00000000ffe80000,0x00000000ffe80000,0x00000000fff00000)
 ParOldGen       total 94208K, used 75546K [0x0000000089600000, 0x000000008f200000, 0x00000000d8780000)
  object space 94208K, 80% used [0x0000000089600000,0x000000008dfc6828,0x000000008f200000)
 Metaspace       used 28632K, capacity 28974K, committed 29312K, reserved 1075200K
  class space    used 3076K, capacity 3189K, committed 3200K, reserved 1048576K
}
Event: 11308.999 GC heap before
{Heap before GC invocations=4875 (full 12):
 PSYoungGen      total 646656K, used 646304K [0x00000000d8780000, 0x00000000fff80000, 0x0000000100000000)
  eden space 646144K, 100% used [0x00000000d8780000,0x00000000ffe80000,0x00000000ffe80000)
  from space 512K, 31% used [0x00000000fff00000,0x00000000fff28000,0x00000000fff80000)
  to   space 512K, 0% used [0x00000000ffe80000,0x00000000ffe80000,0x00000000fff00000)
 ParOldGen       total 94208K, used 75546K [0x0000000089600000, 0x000000008f200000, 0x00000000d8780000)
  object space 94208K, 80% used [0x0000000089600000,0x000000008dfc6828,0x000000008f200000)
 Metaspace       used 28632K, capacity 28974K, committed 29312K, reserved 1075200K
  class space    used 3076K, capacity 3189K, committed 3200K, reserved 1048576K
Event: 11309.074 GC heap after
Heap after GC invocations=4875 (full 12):
 PSYoungGen      total 646656K, used 160K [0x00000000d8780000, 0x0000000100000000, 0x0000000100000000)
  eden space 646144K, 0% used [0x00000000d8780000,0x00000000d8780000,0x00000000ffe80000)
  from space 512K, 31% used [0x00000000ffe80000,0x00000000ffea8000,0x00000000fff00000)
  to   space 512K, 0% used [0x00000000fff80000,0x00000000fff80000,0x0000000100000000)
 ParOldGen       total 94208K, used 75594K [0x0000000089600000, 0x000000008f200000, 0x00000000d8780000)
  object space 94208K, 80% used [0x0000000089600000,0x000000008dfd2828,0x000000008f200000)
 Metaspace       used 28632K, capacity 28974K, committed 29312K, reserved 1075200K
  class space    used 3076K, capacity 3189K, committed 3200K, reserved 1048576K
}
Event: 11311.151 GC heap before
{Heap before GC invocations=4876 (full 12):
 PSYoungGen      total 646656K, used 646304K [0x00000000d8780000, 0x0000000100000000, 0x0000000100000000)
  eden space 646144K, 100% used [0x00000000d8780000,0x00000000ffe80000,0x00000000ffe80000)
  from space 512K, 31% used [0x00000000ffe80000,0x00000000ffea8000,0x00000000fff00000)
  to   space 512K, 0% used [0x00000000fff80000,0x00000000fff80000,0x0000000100000000)
 ParOldGen       total 94208K, used 75594K [0x0000000089600000, 0x000000008f200000, 0x00000000d8780000)
  object space 94208K, 80% used [0x0000000089600000,0x000000008dfd2828,0x000000008f200000)
 Metaspace       used 28642K, capacity 28974K, committed 29312K, reserved 1075200K
  class space    used 3076K, capacity 3189K, committed 3200K, reserved 1048576K
Event: 11311.229 GC heap after
Heap after GC invocations=4876 (full 12):
 PSYoungGen      total 647168K, used 258K [0x00000000d8780000, 0x0000000100000000, 0x0000000100000000)
  eden space 646656K, 0% used [0x00000000d8780000,0x00000000d8780000,0x00000000fff00000)
  from space 512K, 50% used [0x00000000fff80000,0x00000000fffc0b80,0x0000000100000000)
  to   space 512K, 0% used [0x00000000fff00000,0x00000000fff00000,0x00000000fff80000)
 ParOldGen       total 94208K, used 75650K [0x0000000089600000, 0x000000008f200000, 0x00000000d8780000)
  object space 94208K, 80% used [0x0000000089600000,0x000000008dfe0828,0x000000008f200000)
 Metaspace       used 28642K, capacity 28974K, committed 29312K, reserved 1075200K
  class space    used 3076K, capacity 3189K, committed 3200K, reserved 1048576K
}
Event: 11313.405 GC heap before
{Heap before GC invocations=4877 (full 12):
 PSYoungGen      total 647168K, used 646914K [0x00000000d8780000, 0x0000000100000000, 0x0000000100000000)
  eden space 646656K, 100% used [0x00000000d8780000,0x00000000fff00000,0x00000000fff00000)
  from space 512K, 50% used [0x00000000fff80000,0x00000000fffc0b80,0x0000000100000000)
  to   space 512K, 0% used [0x00000000fff00000,0x00000000fff00000,0x00000000fff80000)
 ParOldGen       total 94208K, used 75650K [0x0000000089600000, 0x000000008f200000, 0x00000000d8780000)
  object space 94208K, 80% used [0x0000000089600000,0x000000008dfe0828,0x000000008f200000)
 Metaspace       used 28643K, capacity 28974K, committed 29312K, reserved 1075200K
  class space    used 3076K, capacity 3189K, committed 3200K, reserved 1048576K
Event: 11313.475 GC heap after
Heap after GC invocations=4877 (full 12):
 PSYoungGen      total 647168K, used 224K [0x00000000d8780000, 0x0000000100000000, 0x0000000100000000)
  eden space 646656K, 0% used [0x00000000d8780000,0x00000000d8780000,0x00000000fff00000)
  from space 512K, 43% used [0x00000000fff00000,0x00000000fff38000,0x00000000fff80000)
  to   space 512K, 0% used [0x00000000fff80000,0x00000000fff80000,0x0000000100000000)
 ParOldGen       total 94208K, used 75763K [0x0000000089600000, 0x000000008f200000, 0x00000000d8780000)
  object space 94208K, 80% used [0x0000000089600000,0x000000008dffcde8,0x000000008f200000)
 Metaspace       used 28643K, capacity 28974K, committed 29312K, reserved 1075200K
  class space    used 3076K, capacity 3189K, committed 3200K, reserved 1048576K
}
Event: 11315.641 GC heap before
{Heap before GC invocations=4878 (full 12):
 PSYoungGen      total 647168K, used 646880K [0x00000000d8780000, 0x0000000100000000, 0x0000000100000000)
  eden space 646656K, 100% used [0x00000000d8780000,0x00000000fff00000,0x00000000fff00000)
  from space 512K, 43% used [0x00000000fff00000,0x00000000fff38000,0x00000000fff80000)
  to   space 512K, 0% used [0x00000000fff80000,0x00000000fff80000,0x0000000100000000)
 ParOldGen       total 94208K, used 75763K [0x0000000089600000, 0x000000008f200000, 0x00000000d8780000)
  object space 94208K, 80% used [0x0000000089600000,0x000000008dffcde8,0x000000008f200000)
 Metaspace       used 28644K, capacity 28974K, committed 29312K, reserved 1075200K
  class space    used 3076K, capacity 3189K, committed 3200K, reserved 1048576K
Event: 11315.702 GC heap after
Heap after GC invocations=4878 (full 12):
 PSYoungGen      total 647168K, used 160K [0x00000000d8780000, 0x0000000100000000, 0x0000000100000000)
  eden space 646656K, 0% used [0x00000000d8780000,0x00000000d8780000,0x00000000fff00000)
  from space 512K, 31% used [0x00000000fff80000,0x00000000fffa8000,0x0000000100000000)
  to   space 512K, 0% used [0x00000000fff00000,0x00000000fff00000,0x00000000fff80000)
 ParOldGen       total 94208K, used 75907K [0x0000000089600000, 0x000000008f200000, 0x00000000d8780000)
  object space 94208K, 80% used [0x0000000089600000,0x000000008e020de8,0x000000008f200000)
 Metaspace       used 28644K, capacity 28974K, committed 29312K, reserved 1075200K
  class space    used 3076K, capacity 3189K, committed 3200K, reserved 1048576K
}
Event: 11317.948 GC heap before
{Heap before GC invocations=4879 (full 12):
 PSYoungGen      total 647168K, used 646816K [0x00000000d8780000, 0x0000000100000000, 0x0000000100000000)
  eden space 646656K, 100% used [0x00000000d8780000,0x00000000fff00000,0x00000000fff00000)
  from space 512K, 31% used [0x00000000fff80000,0x00000000fffa8000,0x0000000100000000)
  to   space 512K, 0% used [0x00000000fff00000,0x00000000fff00000,0x00000000fff80000)
 ParOldGen       total 94208K, used 75907K [0x0000000089600000, 0x000000008f200000, 0x00000000d8780000)
  object space 94208K, 80% used [0x0000000089600000,0x000000008e020de8,0x000000008f200000)
 Metaspace       used 28683K, capacity 29070K, committed 29440K, reserved 1075200K
  class space    used 3088K, capacity 3221K, committed 3328K, reserved 1048576K
Event: 11318.023 GC heap after
Heap after GC invocations=4879 (full 12):
 PSYoungGen      total 647168K, used 288K [0x00000000d8780000, 0x0000000100000000, 0x0000000100000000)
  eden space 646656K, 0% used [0x00000000d8780000,0x00000000d8780000,0x00000000fff00000)
  from space 512K, 56% used [0x00000000fff00000,0x00000000fff48000,0x00000000fff80000)
  to   space 512K, 0% used [0x00000000fff80000,0x00000000fff80000,0x0000000100000000)
 ParOldGen       total 94208K, used 75963K [0x0000000089600000, 0x000000008f200000, 0x00000000d8780000)
  object space 94208K, 80% used [0x0000000089600000,0x000000008e02ede8,0x000000008f200000)
 Metaspace       used 28683K, capacity 29070K, committed 29440K, reserved 1075200K
  class space    used 3088K, capacity 3221K, committed 3328K, reserved 1048576K
}
Event: 11320.226 GC heap before
{Heap before GC invocations=4880 (full 12):
 PSYoungGen      total 647168K, used 646944K [0x00000000d8780000, 0x0000000100000000, 0x0000000100000000)
  eden space 646656K, 100% used [0x00000000d8780000,0x00000000fff00000,0x00000000fff00000)
  from space 512K, 56% used [0x00000000fff00000,0x00000000fff48000,0x00000000fff80000)
  to   space 512K, 0% used [0x00000000fff80000,0x00000000fff80000,0x0000000100000000)
 ParOldGen       total 94208K, used 75963K [0x0000000089600000, 0x000000008f200000, 0x00000000d8780000)
  object space 94208K, 80% used [0x0000000089600000,0x000000008e02ede8,0x000000008f200000)
 Metaspace       used 28684K, capacity 29070K, committed 29440K, reserved 1075200K
  class space    used 3088K, capacity 3221K, committed 3328K, reserved 1048576K
Event: 11320.284 GC heap after
Heap after GC invocations=4880 (full 12):
 PSYoungGen      total 647168K, used 460K [0x00000000d8780000, 0x0000000100000000, 0x0000000100000000)
  eden space 646656K, 0% used [0x00000000d8780000,0x00000000d8780000,0x00000000fff00000)
  from space 512K, 89% used [0x00000000fff80000,0x00000000ffff3190,0x0000000100000000)
  to   space 512K, 0% used [0x00000000fff00000,0x00000000fff00000,0x00000000fff80000)
 ParOldGen       total 94208K, used 76123K [0x0000000089600000, 0x000000008f200000, 0x00000000d8780000)
  object space 94208K, 80% used [0x0000000089600000,0x000000008e056de8,0x000000008f200000)
 Metaspace       used 28684K, capacity 29070K, committed 29440K, reserved 1075200K
  class space    used 3088K, capacity 3221K, committed 3328K, reserved 1048576K
}
Event: 11322.409 GC heap before
{Heap before GC invocations=4881 (full 12):
 PSYoungGen      total 647168K, used 647116K [0x00000000d8780000, 0x0000000100000000, 0x0000000100000000)
  eden space 646656K, 100% used [0x00000000d8780000,0x00000000fff00000,0x00000000fff00000)
  from space 512K, 89% used [0x00000000fff80000,0x00000000ffff3190,0x0000000100000000)
  to   space 512K, 0% used [0x00000000fff00000,0x00000000fff00000,0x00000000fff80000)
 ParOldGen       total 94208K, used 76123K [0x0000000089600000, 0x000000008f200000, 0x00000000d8780000)
  object space 94208K, 80% used [0x0000000089600000,0x000000008e056de8,0x000000008f200000)
 Metaspace       used 28686K, capacity 29070K, committed 29440K, reserved 1075200K
  class space    used 3088K, capacity 3221K, committed 3328K, reserved 1048576K
Event: 11322.472 GC heap after
Heap after GC invocations=4881 (full 12):
 PSYoungGen      total 647168K, used 224K [0x00000000d8780000, 0x0000000100000000, 0x0000000100000000)
  eden space 646656K, 0% used [0x00000000d8780000,0x00000000d8780000,0x00000000fff00000)
  from space 512K, 43% used [0x00000000fff00000,0x00000000fff38000,0x00000000fff80000)
  to   space 512K, 0% used [0x00000000fff80000,0x00000000fff80000,0x0000000100000000)
 ParOldGen       total 94208K, used 76337K [0x0000000089600000, 0x000000008f200000, 0x00000000d8780000)
  object space 94208K, 81% used [0x0000000089600000,0x000000008e08c6b0,0x000000008f200000)
 Metaspace       used 28686K, capacity 29070K, committed 29440K, reserved 1075200K
  class space    used 3088K, capacity 3221K, committed 3328K, reserved 1048576K
}
Event: 11324.590 GC heap before
{Heap before GC invocations=4882 (full 12):
 PSYoungGen      total 647168K, used 646880K [0x00000000d8780000, 0x0000000100000000, 0x0000000100000000)
  eden space 646656K, 100% used [0x00000000d8780000,0x00000000fff00000,0x00000000fff00000)
  from space 512K, 43% used [0x00000000fff00000,0x00000000fff38000,0x00000000fff80000)
  to   space 512K, 0% used [0x00000000fff80000,0x00000000fff80000,0x0000000100000000)
 ParOldGen       total 94208K, used 76337K [0x0000000089600000, 0x000000008f200000, 0x00000000d8780000)
  object space 94208K, 81% used [0x0000000089600000,0x000000008e08c6b0,0x000000008f200000)
 Metaspace       used 28686K, capacity 29070K, committed 29440K, reserved 1075200K
  class space    used 3088K, capacity 3221K, committed 3328K, reserved 1048576K
Event: 11324.662 GC heap after
Heap after GC invocations=4882 (full 12):
 PSYoungGen      total 647168K, used 128K [0x00000000d8780000, 0x0000000100000000, 0x0000000100000000)
  eden space 646656K, 0% used [0x00000000d8780000,0x00000000d8780000,0x00000000fff00000)
  from space 512K, 25% used [0x00000000fff80000,0x00000000fffa0000,0x0000000100000000)
  to   space 512K, 0% used [0x00000000fff00000,0x00000000fff00000,0x00000000fff80000)
 ParOldGen       total 94208K, used 76409K [0x0000000089600000, 0x000000008f200000, 0x00000000d8780000)
  object space 94208K, 81% used [0x0000000089600000,0x000000008e09e6b0,0x000000008f200000)
 Metaspace       used 28686K, capacity 29070K, committed 29440K, reserved 1075200K
  class space    used 3088K, capacity 3221K, committed 3328K, reserved 1048576K
}
Event: 11326.686 GC heap before
{Heap before GC invocations=4883 (full 12):
 PSYoungGen      total 647168K, used 646784K [0x00000000d8780000, 0x0000000100000000, 0x0000000100000000)
  eden space 646656K, 100% used [0x00000000d8780000,0x00000000fff00000,0x00000000fff00000)
  from space 512K, 25% used [0x00000000fff80000,0x00000000fffa0000,0x0000000100000000)
  to   space 512K, 0% used [0x00000000fff00000,0x00000000fff00000,0x00000000fff80000)
 ParOldGen       total 94208K, used 76409K [0x0000000089600000, 0x000000008f200000, 0x00000000d8780000)
  object space 94208K, 81% used [0x0000000089600000,0x000000008e09e6b0,0x000000008f200000)
 Metaspace       used 28686K, capacity 29070K, committed 29440K, reserved 1075200K
  class space    used 3088K, capacity 3221K, committed 3328K, reserved 1048576K
Event: 11326.759 GC heap after
Heap after GC invocations=4883 (full 12):
 PSYoungGen      total 647168K, used 177K [0x00000000d8780000, 0x0000000100000000, 0x0000000100000000)
  eden space 646656K, 0% used [0x00000000d8780000,0x00000000d8780000,0x00000000fff00000)
  from space 512K, 34% used [0x00000000fff00000,0x00000000fff2c6f8,0x00000000fff80000)
  to   space 512K, 0% used [0x00000000fff80000,0x00000000fff80000,0x0000000100000000)
 ParOldGen       total 94208K, used 76473K [0x0000000089600000, 0x000000008f200000, 0x00000000d8780000)
  object space 94208K, 81% used [0x0000000089600000,0x000000008e0ae6b0,0x000000008f200000)
 Metaspace       used 28686K, capacity 29070K, committed 29440K, reserved 1075200K
  class space    used 3088K, capacity 3221K, committed 3328K, reserved 1048576K
}
Event: 11328.829 GC heap before
{Heap before GC invocations=4884 (full 12):
 PSYoungGen      total 647168K, used 646833K [0x00000000d8780000, 0x0000000100000000, 0x0000000100000000)
  eden space 646656K, 100% used [0x00000000d8780000,0x00000000fff00000,0x00000000fff00000)
  from space 512K, 34% used [0x00000000fff00000,0x00000000fff2c6f8,0x00000000fff80000)
  to   space 512K, 0% used [0x00000000fff80000,0x00000000fff80000,0x0000000100000000)
 ParOldGen       total 94208K, used 76473K [0x0000000089600000, 0x000000008f200000, 0x00000000d8780000)
  object space 94208K, 81% used [0x0000000089600000,0x000000008e0ae6b0,0x000000008f200000)
 Metaspace       used 28688K, capacity 29070K, committed 29440K, reserved 1075200K
  class space    used 3088K, capacity 3221K, committed 3328K, reserved 1048576K
Event: 11328.889 GC heap after
Heap after GC invocations=4884 (full 12):
 PSYoungGen      total 647168K, used 160K [0x00000000d8780000, 0x0000000100000000, 0x0000000100000000)
  eden space 646656K, 0% used [0x00000000d8780000,0x00000000d8780000,0x00000000fff00000)
  from space 512K, 31% used [0x00000000fff80000,0x00000000fffa8000,0x0000000100000000)
  to   space 512K, 0% used [0x00000000fff00000,0x00000000fff00000,0x00000000fff80000)
 ParOldGen       total 94208K, used 76537K [0x0000000089600000, 0x000000008f200000, 0x00000000d8780000)
  object space 94208K, 81% used [0x0000000089600000,0x000000008e0be6b0,0x000000008f200000)
 Metaspace       used 28688K, capacity 29070K, committed 29440K, reserved 1075200K
  class space    used 3088K, capacity 3221K, committed 3328K, reserved 1048576K
}
Event: 11330.929 GC heap before
{Heap before GC invocations=4885 (full 12):
 PSYoungGen      total 647168K, used 646816K [0x00000000d8780000, 0x0000000100000000, 0x0000000100000000)
  eden space 646656K, 100% used [0x00000000d8780000,0x00000000fff00000,0x00000000fff00000)
  from space 512K, 31% used [0x00000000fff80000,0x00000000fffa8000,0x0000000100000000)
  to   space 512K, 0% used [0x00000000fff00000,0x00000000fff00000,0x00000000fff80000)
 ParOldGen       total 94208K, used 76537K [0x0000000089600000, 0x000000008f200000, 0x00000000d8780000)
  object space 94208K, 81% used [0x0000000089600000,0x000000008e0be6b0,0x000000008f200000)
 Metaspace       used 28688K, capacity 29070K, committed 29440K, reserved 1075200K
  class space    used 3088K, capacity 3221K, committed 3328K, reserved 1048576K
Event: 11330.992 GC heap after
Heap after GC invocations=4885 (full 12):
 PSYoungGen      total 647168K, used 128K [0x00000000d8780000, 0x0000000100000000, 0x0000000100000000)
  eden space 646656K, 0% used [0x00000000d8780000,0x00000000d8780000,0x00000000fff00000)
  from space 512K, 25% used [0x00000000fff00000,0x00000000fff20000,0x00000000fff80000)
  to   space 512K, 0% used [0x00000000fff80000,0x00000000fff80000,0x0000000100000000)
 ParOldGen       total 94208K, used 76609K [0x0000000089600000, 0x000000008f200000, 0x00000000d8780000)
  object space 94208K, 81% used [0x0000000089600000,0x000000008e0d06b0,0x000000008f200000)
 Metaspace       used 28688K, capacity 29070K, committed 29440K, reserved 1075200K
  class space    used 3088K, capacity 3221K, committed 3328K, reserved 1048576K
}
Event: 11333.002 GC heap before
{Heap before GC invocations=4886 (full 12):
 PSYoungGen      total 647168K, used 646784K [0x00000000d8780000, 0x0000000100000000, 0x0000000100000000)
  eden space 646656K, 100% used [0x00000000d8780000,0x00000000fff00000,0x00000000fff00000)
  from space 512K, 25% used [0x00000000fff00000,0x00000000fff20000,0x00000000fff80000)
  to   space 512K, 0% used [0x00000000fff80000,0x00000000fff80000,0x0000000100000000)
 ParOldGen       total 94208K, used 76609K [0x0000000089600000, 0x000000008f200000, 0x00000000d8780000)
  object space 94208K, 81% used [0x0000000089600000,0x000000008e0d06b0,0x000000008f200000)
 Metaspace       used 28688K, capacity 29070K, committed 29440K, reserved 1075200K
  class space    used 3088K, capacity 3221K, committed 3328K, reserved 1048576K
Event: 11333.079 GC heap after
Heap after GC invocations=4886 (full 12):
 PSYoungGen      total 647168K, used 160K [0x00000000d8780000, 0x0000000100000000, 0x0000000100000000)
  eden space 646656K, 0% used [0x00000000d8780000,0x00000000d8780000,0x00000000fff00000)
  from space 512K, 31% used [0x00000000fff80000,0x00000000fffa8000,0x0000000100000000)
  to   space 512K, 0% used [0x00000000fff00000,0x00000000fff00000,0x00000000fff80000)
 ParOldGen       total 94208K, used 76673K [0x0000000089600000, 0x000000008f200000, 0x00000000d8780000)
  object space 94208K, 81% used [0x0000000089600000,0x000000008e0e06b0,0x000000008f200000)
 Metaspace       used 28688K, capacity 29070K, committed 29440K, reserved 1075200K
  class space    used 3088K, capacity 3221K, committed 3328K, reserved 1048576K
}
Event: 11335.108 GC heap before
{Heap before GC invocations=4887 (full 12):
 PSYoungGen      total 647168K, used 646816K [0x00000000d8780000, 0x0000000100000000, 0x0000000100000000)
  eden space 646656K, 100% used [0x00000000d8780000,0x00000000fff00000,0x00000000fff00000)
  from space 512K, 31% used [0x00000000fff80000,0x00000000fffa8000,0x0000000100000000)
  to   space 512K, 0% used [0x00000000fff00000,0x00000000fff00000,0x00000000fff80000)
 ParOldGen       total 94208K, used 76673K [0x0000000089600000, 0x000000008f200000, 0x00000000d8780000)
  object space 94208K, 81% used [0x0000000089600000,0x000000008e0e06b0,0x000000008f200000)
 Metaspace       used 28694K, capacity 29070K, committed 29440K, reserved 1075200K
  class space    used 3088K, capacity 3221K, committed 3328K, reserved 1048576K
Event: 11335.178 GC heap after
Heap after GC invocations=4887 (full 12):
 PSYoungGen      total 647168K, used 160K [0x00000000d8780000, 0x0000000100000000, 0x0000000100000000)
  eden space 646656K, 0% used [0x00000000d8780000,0x00000000d8780000,0x00000000fff00000)
  from space 512K, 31% used [0x00000000fff00000,0x00000000fff28000,0x00000000fff80000)
  to   space 512K, 0% used [0x00000000fff80000,0x00000000fff80000,0x0000000100000000)
 ParOldGen       total 94208K, used 76721K [0x0000000089600000, 0x000000008f200000, 0x00000000d8780000)
  object space 94208K, 81% used [0x0000000089600000,0x000000008e0ec6b0,0x000000008f200000)
 Metaspace       used 28694K, capacity 29070K, committed 29440K, reserved 1075200K
  class space    used 3088K, capacity 3221K, committed 3328K, reserved 1048576K
}
Event: 11337.204 GC heap before
{Heap before GC invocations=4888 (full 12):
 PSYoungGen      total 647168K, used 646816K [0x00000000d8780000, 0x0000000100000000, 0x0000000100000000)
  eden space 646656K, 100% used [0x00000000d8780000,0x00000000fff00000,0x00000000fff00000)
  from space 512K, 31% used [0x00000000fff00000,0x00000000fff28000,0x00000000fff80000)
  to   space 512K, 0% used [0x00000000fff80000,0x00000000fff80000,0x0000000100000000)
 ParOldGen       total 94208K, used 76721K [0x0000000089600000, 0x000000008f200000, 0x00000000d8780000)
  object space 94208K, 81% used [0x0000000089600000,0x000000008e0ec6b0,0x000000008f200000)
 Metaspace       used 28694K, capacity 29070K, committed 29440K, reserved 1075200K
  class space    used 3088K, capacity 3221K, committed 3328K, reserved 1048576K
Event: 11337.280 GC heap after
Heap after GC invocations=4888 (full 12):
 PSYoungGen      total 647168K, used 160K [0x00000000d8780000, 0x0000000100000000, 0x0000000100000000)
  eden space 646656K, 0% used [0x00000000d8780000,0x00000000d8780000,0x00000000fff00000)
  from space 512K, 31% used [0x00000000fff80000,0x00000000fffa8000,0x0000000100000000)
  to   space 512K, 0% used [0x00000000fff00000,0x00000000fff00000,0x00000000fff80000)
 ParOldGen       total 94208K, used 76793K [0x0000000089600000, 0x000000008f200000, 0x00000000d8780000)
  object space 94208K, 81% used [0x0000000089600000,0x000000008e0fe6b0,0x000000008f200000)
 Metaspace       used 28694K, capacity 29070K, committed 29440K, reserved 1075200K
  class space    used 3088K, capacity 3221K, committed 3328K, reserved 1048576K
}
Event: 11339.286 GC heap before
{Heap before GC invocations=4889 (full 12):
 PSYoungGen      total 647168K, used 646816K [0x00000000d8780000, 0x0000000100000000, 0x0000000100000000)
  eden space 646656K, 100% used [0x00000000d8780000,0x00000000fff00000,0x00000000fff00000)
  from space 512K, 31% used [0x00000000fff80000,0x00000000fffa8000,0x0000000100000000)
  to   space 512K, 0% used [0x00000000fff00000,0x00000000fff00000,0x00000000fff80000)
 ParOldGen       total 94208K, used 76793K [0x0000000089600000, 0x000000008f200000, 0x00000000d8780000)
  object space 94208K, 81% used [0x0000000089600000,0x000000008e0fe6b0,0x000000008f200000)
 Metaspace       used 28694K, capacity 29070K, committed 29440K, reserved 1075200K
  class space    used 3088K, capacity 3221K, committed 3328K, reserved 1048576K
Event: 11339.361 GC heap after
Heap after GC invocations=4889 (full 12):
 PSYoungGen      total 647168K, used 128K [0x00000000d8780000, 0x0000000100000000, 0x0000000100000000)
  eden space 646656K, 0% used [0x00000000d8780000,0x00000000d8780000,0x00000000fff00000)
  from space 512K, 25% used [0x00000000fff00000,0x00000000fff20000,0x00000000fff80000)
  to   space 512K, 0% used [0x00000000fff80000,0x00000000fff80000,0x0000000100000000)
 ParOldGen       total 94208K, used 76849K [0x0000000089600000, 0x000000008f200000, 0x00000000d8780000)
  object space 94208K, 81% used [0x0000000089600000,0x000000008e10c6b0,0x000000008f200000)
 Metaspace       used 28694K, capacity 29070K, committed 29440K, reserved 1075200K
  class space    used 3088K, capacity 3221K, committed 3328K, reserved 1048576K
}
Event: 11341.436 GC heap before
{Heap before GC invocations=4890 (full 12):
 PSYoungGen      total 647168K, used 646784K [0x00000000d8780000, 0x0000000100000000, 0x0000000100000000)
  eden space 646656K, 100% used [0x00000000d8780000,0x00000000fff00000,0x00000000fff00000)
  from space 512K, 25% used [0x00000000fff00000,0x00000000fff20000,0x00000000fff80000)
  to   space 512K, 0% used [0x00000000fff80000,0x00000000fff80000,0x0000000100000000)
 ParOldGen       total 94208K, used 76849K [0x0000000089600000, 0x000000008f200000, 0x00000000d8780000)
  object space 94208K, 81% used [0x0000000089600000,0x000000008e10c6b0,0x000000008f200000)
 Metaspace       used 28694K, capacity 29070K, committed 29440K, reserved 1075200K
  class space    used 3088K, capacity 3221K, committed 3328K, reserved 1048576K
Event: 11341.512 GC heap after
Heap after GC invocations=4890 (full 12):
 PSYoungGen      total 647168K, used 128K [0x00000000d8780000, 0x0000000100000000, 0x0000000100000000)
  eden space 646656K, 0% used [0x00000000d8780000,0x00000000d8780000,0x00000000fff00000)
  from space 512K, 25% used [0x00000000fff80000,0x00000000fffa0000,0x0000000100000000)
  to   space 512K, 0% used [0x00000000fff00000,0x00000000fff00000,0x00000000fff80000)
 ParOldGen       total 94208K, used 76897K [0x0000000089600000, 0x000000008f200000, 0x00000000d8780000)
  object space 94208K, 81% used [0x0000000089600000,0x000000008e1186b0,0x000000008f200000)
 Metaspace       used 28694K, capacity 29070K, committed 29440K, reserved 1075200K
  class space    used 3088K, capacity 3221K, committed 3328K, reserved 1048576K
}
Event: 11343.546 GC heap before
{Heap before GC invocations=4891 (full 12):
 PSYoungGen      total 647168K, used 646784K [0x00000000d8780000, 0x0000000100000000, 0x0000000100000000)
  eden space 646656K, 100% used [0x00000000d8780000,0x00000000fff00000,0x00000000fff00000)
  from space 512K, 25% used [0x00000000fff80000,0x00000000fffa0000,0x0000000100000000)
  to   space 512K, 0% used [0x00000000fff00000,0x00000000fff00000,0x00000000fff80000)
 ParOldGen       total 94208K, used 76897K [0x0000000089600000, 0x000000008f200000, 0x00000000d8780000)
  object space 94208K, 81% used [0x0000000089600000,0x000000008e1186b0,0x000000008f200000)
 Metaspace       used 28698K, capacity 29070K, committed 29440K, reserved 1075200K
  class space    used 3088K, capacity 3221K, committed 3328K, reserved 1048576K
Event: 11343.607 GC heap after
Heap after GC invocations=4891 (full 12):
 PSYoungGen      total 647168K, used 128K [0x00000000d8780000, 0x0000000100000000, 0x0000000100000000)
  eden space 646656K, 0% used [0x00000000d8780000,0x00000000d8780000,0x00000000fff00000)
  from space 512K, 25% used [0x00000000fff00000,0x00000000fff20000,0x00000000fff80000)
  to   space 512K, 0% used [0x00000000fff80000,0x00000000fff80000,0x0000000100000000)
 ParOldGen       total 94208K, used 76953K [0x0000000089600000, 0x000000008f200000, 0x00000000d8780000)
  object space 94208K, 81% used [0x0000000089600000,0x000000008e1266b0,0x000000008f200000)
 Metaspace       used 28698K, capacity 29070K, committed 29440K, reserved 1075200K
  class space    used 3088K, capacity 3221K, committed 3328K, reserved 1048576K
}
Event: 11345.664 GC heap before
{Heap before GC invocations=4892 (full 12):
 PSYoungGen      total 647168K, used 646784K [0x00000000d8780000, 0x0000000100000000, 0x0000000100000000)
  eden space 646656K, 100% used [0x00000000d8780000,0x00000000fff00000,0x00000000fff00000)
  from space 512K, 25% used [0x00000000fff00000,0x00000000fff20000,0x00000000fff80000)
  to   space 512K, 0% used [0x00000000fff80000,0x00000000fff80000,0x0000000100000000)
 ParOldGen       total 94208K, used 76953K [0x0000000089600000, 0x000000008f200000, 0x00000000d8780000)
  object space 94208K, 81% used [0x0000000089600000,0x000000008e1266b0,0x000000008f200000)
 Metaspace       used 28710K, capacity 29076K, committed 29440K, reserved 1075200K
  class space    used 3088K, capacity 3222K, committed 3328K, reserved 1048576K
Event: 11345.744 GC heap after
Heap after GC invocations=4892 (full 12):
 PSYoungGen      total 647168K, used 160K [0x00000000d8780000, 0x0000000100000000, 0x0000000100000000)
  eden space 646656K, 0% used [0x00000000d8780000,0x00000000d8780000,0x00000000fff00000)
  from space 512K, 31% used [0x00000000fff80000,0x00000000fffa8000,0x0000000100000000)
  to   space 512K, 0% used [0x00000000fff00000,0x00000000fff00000,0x00000000fff80000)
 ParOldGen       total 94208K, used 77017K [0x0000000089600000, 0x000000008f200000, 0x00000000d8780000)
  object space 94208K, 81% used [0x0000000089600000,0x000000008e1366b0,0x000000008f200000)
 Metaspace       used 28710K, capacity 29076K, committed 29440K, reserved 1075200K
  class space    used 3088K, capacity 3222K, committed 3328K, reserved 1048576K
}
Event: 11347.772 GC heap before
{Heap before GC invocations=4893 (full 12):
 PSYoungGen      total 647168K, used 646816K [0x00000000d8780000, 0x0000000100000000, 0x0000000100000000)
  eden space 646656K, 100% used [0x00000000d8780000,0x00000000fff00000,0x00000000fff00000)
  from space 512K, 31% used [0x00000000fff80000,0x00000000fffa8000,0x0000000100000000)
  to   space 512K, 0% used [0x00000000fff00000,0x00000000fff00000,0x00000000fff80000)
 ParOldGen       total 94208K, used 77017K [0x0000000089600000, 0x000000008f200000, 0x00000000d8780000)
  object space 94208K, 81% used [0x0000000089600000,0x000000008e1366b0,0x000000008f200000)
 Metaspace       used 28711K, capacity 29076K, committed 29440K, reserved 1075200K
  class space    used 3088K, capacity 3222K, committed 3328K, reserved 1048576K
Event: 11347.833 GC heap after
Heap after GC invocations=4893 (full 12):
 PSYoungGen      total 647168K, used 160K [0x00000000d8780000, 0x0000000100000000, 0x0000000100000000)
  eden space 646656K, 0% used [0x00000000d8780000,0x00000000d8780000,0x00000000fff00000)
  from space 512K, 31% used [0x00000000fff00000,0x00000000fff28000,0x00000000fff80000)
  to   space 512K, 0% used [0x00000000fff80000,0x00000000fff80000,0x0000000100000000)
 ParOldGen       total 94208K, used 77097K [0x0000000089600000, 0x000000008f200000, 0x00000000d8780000)
  object space 94208K, 81% used [0x0000000089600000,0x000000008e14a6b0,0x000000008f200000)
 Metaspace       used 28711K, capacity 29076K, committed 29440K, reserved 1075200K
  class space    used 3088K, capacity 3222K, committed 3328K, reserved 1048576K
}
Event: 11349.849 GC heap before
{Heap before GC invocations=4894 (full 12):
 PSYoungGen      total 647168K, used 646816K [0x00000000d8780000, 0x0000000100000000, 0x0000000100000000)
  eden space 646656K, 100% used [0x00000000d8780000,0x00000000fff00000,0x00000000fff00000)
  from space 512K, 31% used [0x00000000fff00000,0x00000000fff28000,0x00000000fff80000)
  to   space 512K, 0% used [0x00000000fff80000,0x00000000fff80000,0x0000000100000000)
 ParOldGen       total 94208K, used 77097K [0x0000000089600000, 0x000000008f200000, 0x00000000d8780000)
  object space 94208K, 81% used [0x0000000089600000,0x000000008e14a6b0,0x000000008f200000)
 Metaspace       used 28711K, capacity 29076K, committed 29440K, reserved 1075200K
  class space    used 3088K, capacity 3222K, committed 3328K, reserved 1048576K
Event: 11349.923 GC heap after
Heap after GC invocations=4894 (full 12):
 PSYoungGen      total 647168K, used 128K [0x00000000d8780000, 0x0000000100000000, 0x0000000100000000)
  eden space 646656K, 0% used [0x00000000d8780000,0x00000000d8780000,0x00000000fff00000)
  from space 512K, 25% used [0x00000000fff80000,0x00000000fffa0000,0x0000000100000000)
  to   space 512K, 0% used [0x00000000fff00000,0x00000000fff00000,0x00000000fff80000)
 ParOldGen       total 94208K, used 77161K [0x0000000089600000, 0x000000008f200000, 0x00000000d8780000)
  object space 94208K, 81% used [0x0000000089600000,0x000000008e15a6b0,0x000000008f200000)
 Metaspace       used 28711K, capacity 29076K, committed 29440K, reserved 1075200K
  class space    used 3088K, capacity 3222K, committed 3328K, reserved 1048576K
}
Event: 11351.953 GC heap before
{Heap before GC invocations=4895 (full 12):
 PSYoungGen      total 647168K, used 646784K [0x00000000d8780000, 0x0000000100000000, 0x0000000100000000)
  eden space 646656K, 100% used [0x00000000d8780000,0x00000000fff00000,0x00000000fff00000)
  from space 512K, 25% used [0x00000000fff80000,0x00000000fffa0000,0x0000000100000000)
  to   space 512K, 0% used [0x00000000fff00000,0x00000000fff00000,0x00000000fff80000)
 ParOldGen       total 94208K, used 77161K [0x0000000089600000, 0x000000008f200000, 0x00000000d8780000)
  object space 94208K, 81% used [0x0000000089600000,0x000000008e15a6b0,0x000000008f200000)
 Metaspace       used 28711K, capacity 29076K, committed 29440K, reserved 1075200K
  class space    used 3088K, capacity 3222K, committed 3328K, reserved 1048576K
Event: 11352.007 GC heap after
Heap after GC invocations=4895 (full 12):
 PSYoungGen      total 647168K, used 160K [0x00000000d8780000, 0x0000000100000000, 0x0000000100000000)
  eden space 646656K, 0% used [0x00000000d8780000,0x00000000d8780000,0x00000000fff00000)
  from space 512K, 31% used [0x00000000fff00000,0x00000000fff28000,0x00000000fff80000)
  to   space 512K, 0% used [0x00000000fff80000,0x00000000fff80000,0x0000000100000000)
 ParOldGen       total 94208K, used 77233K [0x0000000089600000, 0x000000008f200000, 0x00000000d8780000)
  object space 94208K, 81% used [0x0000000089600000,0x000000008e16c6b0,0x000000008f200000)
 Metaspace       used 28711K, capacity 29076K, committed 29440K, reserved 1075200K
  class space    used 3088K, capacity 3222K, committed 3328K, reserved 1048576K
}
Event: 11354.055 GC heap before
{Heap before GC invocations=4896 (full 12):
 PSYoungGen      total 647168K, used 646816K [0x00000000d8780000, 0x0000000100000000, 0x0000000100000000)
  eden space 646656K, 100% used [0x00000000d8780000,0x00000000fff00000,0x00000000fff00000)
  from space 512K, 31% used [0x00000000fff00000,0x00000000fff28000,0x00000000fff80000)
  to   space 512K, 0% used [0x00000000fff80000,0x00000000fff80000,0x0000000100000000)
 ParOldGen       total 94208K, used 77233K [0x0000000089600000, 0x000000008f200000, 0x00000000d8780000)
  object space 94208K, 81% used [0x0000000089600000,0x000000008e16c6b0,0x000000008f200000)
 Metaspace       used 28711K, capacity 29076K, committed 29440K, reserved 1075200K
  class space    used 3088K, capacity 3222K, committed 3328K, reserved 1048576K
Event: 11354.125 GC heap after
Heap after GC invocations=4896 (full 12):
 PSYoungGen      total 647168K, used 160K [0x00000000d8780000, 0x0000000100000000, 0x0000000100000000)
  eden space 646656K, 0% used [0x00000000d8780000,0x00000000d8780000,0x00000000fff00000)
  from space 512K, 31% used [0x00000000fff80000,0x00000000fffa8000,0x0000000100000000)
  to   space 512K, 0% used [0x00000000fff00000,0x00000000fff00000,0x00000000fff80000)
 ParOldGen       total 94208K, used 77305K [0x0000000089600000, 0x000000008f200000, 0x00000000d8780000)
  object space 94208K, 82% used [0x0000000089600000,0x000000008e17e6b0,0x000000008f200000)
 Metaspace       used 28711K, capacity 29076K, committed 29440K, reserved 1075200K
  class space    used 3088K, capacity 3222K, committed 3328K, reserved 1048576K
}
Event: 11356.193 GC heap before
{Heap before GC invocations=4897 (full 12):
 PSYoungGen      total 647168K, used 646816K [0x00000000d8780000, 0x0000000100000000, 0x0000000100000000)
  eden space 646656K, 100% used [0x00000000d8780000,0x00000000fff00000,0x00000000fff00000)
  from space 512K, 31% used [0x00000000fff80000,0x00000000fffa8000,0x0000000100000000)
  to   space 512K, 0% used [0x00000000fff00000,0x00000000fff00000,0x00000000fff80000)
 ParOldGen       total 94208K, used 77305K [0x0000000089600000, 0x000000008f200000, 0x00000000d8780000)
  object space 94208K, 82% used [0x0000000089600000,0x000000008e17e6b0,0x000000008f200000)
 Metaspace       used 28711K, capacity 29076K, committed 29440K, reserved 1075200K
  class space    used 3088K, capacity 3222K, committed 3328K, reserved 1048576K
Event: 11356.287 GC heap after
Heap after GC invocations=4897 (full 12):
 PSYoungGen      total 647168K, used 160K [0x00000000d8780000, 0x0000000100000000, 0x0000000100000000)
  eden space 646656K, 0% used [0x00000000d8780000,0x00000000d8780000,0x00000000fff00000)
  from space 512K, 31% used [0x00000000fff00000,0x00000000fff28000,0x00000000fff80000)
  to   space 512K, 0% used [0x00000000fff80000,0x00000000fff80000,0x0000000100000000)
 ParOldGen       total 94208K, used 77361K [0x0000000089600000, 0x000000008f200000, 0x00000000d8780000)
  object space 94208K, 82% used [0x0000000089600000,0x000000008e18c6b0,0x000000008f200000)
 Metaspace       used 28711K, capacity 29076K, committed 29440K, reserved 1075200K
  class space    used 3088K, capacity 3222K, committed 3328K, reserved 1048576K
}
Event: 11358.319 GC heap before
{Heap before GC invocations=4898 (full 12):
 PSYoungGen      total 647168K, used 646816K [0x00000000d8780000, 0x0000000100000000, 0x0000000100000000)
  eden space 646656K, 100% used [0x00000000d8780000,0x00000000fff00000,0x00000000fff00000)
  from space 512K, 31% used [0x00000000fff00000,0x00000000fff28000,0x00000000fff80000)
  to   space 512K, 0% used [0x00000000fff80000,0x00000000fff80000,0x0000000100000000)
 ParOldGen       total 94208K, used 77361K [0x0000000089600000, 0x000000008f200000, 0x00000000d8780000)
  object space 94208K, 82% used [0x0000000089600000,0x000000008e18c6b0,0x000000008f200000)
 Metaspace       used 28711K, capacity 29076K, committed 29440K, reserved 1075200K
  class space    used 3088K, capacity 3222K, committed 3328K, reserved 1048576K
Event: 11358.389 GC heap after
Heap after GC invocations=4898 (full 12):
 PSYoungGen      total 647168K, used 128K [0x00000000d8780000, 0x0000000100000000, 0x0000000100000000)
  eden space 646656K, 0% used [0x00000000d8780000,0x00000000d8780000,0x00000000fff00000)
  from space 512K, 25% used [0x00000000fff80000,0x00000000fffa0000,0x0000000100000000)
  to   space 512K, 0% used [0x00000000fff00000,0x00000000fff00000,0x00000000fff80000)
 ParOldGen       total 94208K, used 77433K [0x0000000089600000, 0x000000008f200000, 0x00000000d8780000)
  object space 94208K, 82% used [0x0000000089600000,0x000000008e19e6b0,0x000000008f200000)
 Metaspace       used 28711K, capacity 29076K, committed 29440K, reserved 1075200K
  class space    used 3088K, capacity 3222K, committed 3328K, reserved 1048576K
}
Event: 11360.441 GC heap before
{Heap before GC invocations=4899 (full 12):
 PSYoungGen      total 647168K, used 646784K [0x00000000d8780000, 0x0000000100000000, 0x0000000100000000)
  eden space 646656K, 100% used [0x00000000d8780000,0x00000000fff00000,0x00000000fff00000)
  from space 512K, 25% used [0x00000000fff80000,0x00000000fffa0000,0x0000000100000000)
  to   space 512K, 0% used [0x00000000fff00000,0x00000000fff00000,0x00000000fff80000)
 ParOldGen       total 94208K, used 77433K [0x0000000089600000, 0x000000008f200000, 0x00000000d8780000)
  object space 94208K, 82% used [0x0000000089600000,0x000000008e19e6b0,0x000000008f200000)
 Metaspace       used 28712K, capacity 29076K, committed 29440K, reserved 1075200K
  class space    used 3088K, capacity 3222K, committed 3328K, reserved 1048576K
Event: 11360.504 GC heap after
Heap after GC invocations=4899 (full 12):
 PSYoungGen      total 647168K, used 160K [0x00000000d8780000, 0x0000000100000000, 0x0000000100000000)
  eden space 646656K, 0% used [0x00000000d8780000,0x00000000d8780000,0x00000000fff00000)
  from space 512K, 31% used [0x00000000fff00000,0x00000000fff28000,0x00000000fff80000)
  to   space 512K, 0% used [0x00000000fff80000,0x00000000fff80000,0x0000000100000000)
 ParOldGen       total 94208K, used 77505K [0x0000000089600000, 0x000000008f200000, 0x00000000d8780000)
  object space 94208K, 82% used [0x0000000089600000,0x000000008e1b06b0,0x000000008f200000)
 Metaspace       used 28712K, capacity 29076K, committed 29440K, reserved 1075200K
  class space    used 3088K, capacity 3222K, committed 3328K, reserved 1048576K
}
Event: 11362.532 GC heap before
{Heap before GC invocations=4900 (full 12):
 PSYoungGen      total 647168K, used 646816K [0x00000000d8780000, 0x0000000100000000, 0x0000000100000000)
  eden space 646656K, 100% used [0x00000000d8780000,0x00000000fff00000,0x00000000fff00000)
  from space 512K, 31% used [0x00000000fff00000,0x00000000fff28000,0x00000000fff80000)
  to   space 512K, 0% used [0x00000000fff80000,0x00000000fff80000,0x0000000100000000)
 ParOldGen       total 94208K, used 77505K [0x0000000089600000, 0x000000008f200000, 0x00000000d8780000)
  object space 94208K, 82% used [0x0000000089600000,0x000000008e1b06b0,0x000000008f200000)
 Metaspace       used 28714K, capacity 29076K, committed 29440K, reserved 1075200K
  class space    used 3088K, capacity 3222K, committed 3328K, reserved 1048576K
Event: 11362.595 GC heap after
Heap after GC invocations=4900 (full 12):
 PSYoungGen      total 647168K, used 177K [0x00000000d8780000, 0x0000000100000000, 0x0000000100000000)
  eden space 646656K, 0% used [0x00000000d8780000,0x00000000d8780000,0x00000000fff00000)
  from space 512K, 34% used [0x00000000fff80000,0x00000000fffac6f8,0x0000000100000000)
  to   space 512K, 0% used [0x00000000fff00000,0x00000000fff00000,0x00000000fff80000)
 ParOldGen       total 94208K, used 77585K [0x0000000089600000, 0x000000008f200000, 0x00000000d8780000)
  object space 94208K, 82% used [0x0000000089600000,0x000000008e1c46b0,0x000000008f200000)
 Metaspace       used 28714K, capacity 29076K, committed 29440K, reserved 1075200K
  class space    used 3088K, capacity 3222K, committed 3328K, reserved 1048576K
}
Event: 11364.670 GC heap before
{Heap before GC invocations=4901 (full 12):
 PSYoungGen      total 647168K, used 646833K [0x00000000d8780000, 0x0000000100000000, 0x0000000100000000)
  eden space 646656K, 100% used [0x00000000d8780000,0x00000000fff00000,0x00000000fff00000)
  from space 512K, 34% used [0x00000000fff80000,0x00000000fffac6f8,0x0000000100000000)
  to   space 512K, 0% used [0x00000000fff00000,0x00000000fff00000,0x00000000fff80000)
 ParOldGen       total 94208K, used 77585K [0x0000000089600000, 0x000000008f200000, 0x00000000d8780000)
  object space 94208K, 82% used [0x0000000089600000,0x000000008e1c46b0,0x000000008f200000)
 Metaspace       used 28717K, capacity 29076K, committed 29440K, reserved 1075200K
  class space    used 3088K, capacity 3222K, committed 3328K, reserved 1048576K
Event: 11364.738 GC heap after
Heap after GC invocations=4901 (full 12):
 PSYoungGen      total 647168K, used 128K [0x00000000d8780000, 0x0000000100000000, 0x0000000100000000)
  eden space 646656K, 0% used [0x00000000d8780000,0x00000000d8780000,0x00000000fff00000)
  from space 512K, 25% used [0x00000000fff00000,0x00000000fff20000,0x00000000fff80000)
  to   space 512K, 0% used [0x00000000fff80000,0x00000000fff80000,0x0000000100000000)
 ParOldGen       total 94208K, used 77665K [0x0000000089600000, 0x000000008f200000, 0x00000000d8780000)
  object space 94208K, 82% used [0x0000000089600000,0x000000008e1d86b0,0x000000008f200000)
 Metaspace       used 28717K, capacity 29076K, committed 29440K, reserved 1075200K
  class space    used 3088K, capacity 3222K, committed 3328K, reserved 1048576K
}
Event: 11367.002 GC heap before
{Heap before GC invocations=4902 (full 12):
 PSYoungGen      total 647168K, used 646784K [0x00000000d8780000, 0x0000000100000000, 0x0000000100000000)
  eden space 646656K, 100% used [0x00000000d8780000,0x00000000fff00000,0x00000000fff00000)
  from space 512K, 25% used [0x00000000fff00000,0x00000000fff20000,0x00000000fff80000)
  to   space 512K, 0% used [0x00000000fff80000,0x00000000fff80000,0x0000000100000000)
 ParOldGen       total 94208K, used 77665K [0x0000000089600000, 0x000000008f200000, 0x00000000d8780000)
  object space 94208K, 82% used [0x0000000089600000,0x000000008e1d86b0,0x000000008f200000)
 Metaspace       used 28730K, capacity 29076K, committed 29440K, reserved 1075200K
  class space    used 3089K, capacity 3222K, committed 3328K, reserved 1048576K
Event: 11367.071 GC heap after
Heap after GC invocations=4902 (full 12):
 PSYoungGen      total 644096K, used 512K [0x00000000d8780000, 0x0000000100000000, 0x0000000100000000)
  eden space 643584K, 0% used [0x00000000d8780000,0x00000000d8780000,0x00000000ffc00000)
  from space 512K, 100% used [0x00000000fff80000,0x0000000100000000,0x0000000100000000)
  to   space 2048K, 0% used [0x00000000ffc00000,0x00000000ffc00000,0x00000000ffe00000)
 ParOldGen       total 94208K, used 82145K [0x0000000089600000, 0x000000008f200000, 0x00000000d8780000)
  object space 94208K, 87% used [0x0000000089600000,0x000000008e638740,0x000000008f200000)
 Metaspace       used 28730K, capacity 29076K, committed 29440K, reserved 1075200K
  class space    used 3089K, capacity 3222K, committed 3328K, reserved 1048576K
}
Event: 11369.202 GC heap before
{Heap before GC invocations=4903 (full 12):
 PSYoungGen      total 644096K, used 644096K [0x00000000d8780000, 0x0000000100000000, 0x0000000100000000)
  eden space 643584K, 100% used [0x00000000d8780000,0x00000000ffc00000,0x00000000ffc00000)
  from space 512K, 100% used [0x00000000fff80000,0x0000000100000000,0x0000000100000000)
  to   space 2048K, 0% used [0x00000000ffc00000,0x00000000ffc00000,0x00000000ffe00000)
 ParOldGen       total 94208K, used 82145K [0x0000000089600000, 0x000000008f200000, 0x00000000d8780000)
  object space 94208K, 87% used [0x0000000089600000,0x000000008e638740,0x000000008f200000)
 Metaspace       used 28730K, capacity 29076K, committed 29440K, reserved 1075200K
  class space    used 3089K, capacity 3222K, committed 3328K, reserved 1048576K
Event: 11369.265 GC heap after
Heap after GC invocations=4903 (full 12):
 PSYoungGen      total 645632K, used 160K [0x00000000d8780000, 0x0000000100000000, 0x0000000100000000)
  eden space 643584K, 0% used [0x00000000d8780000,0x00000000d8780000,0x00000000ffc00000)
  from space 2048K, 7% used [0x00000000ffc00000,0x00000000ffc28000,0x00000000ffe00000)
  to   space 2048K, 0% used [0x00000000ffe00000,0x00000000ffe00000,0x0000000100000000)
 ParOldGen       total 94208K, used 82673K [0x0000000089600000, 0x000000008f200000, 0x00000000d8780000)
  object space 94208K, 87% used [0x0000000089600000,0x000000008e6bc740,0x000000008f200000)
 Metaspace       used 28730K, capacity 29076K, committed 29440K, reserved 1075200K
  class space    used 3089K, capacity 3222K, committed 3328K, reserved 1048576K
}
Event: 11371.344 GC heap before
{Heap before GC invocations=4904 (full 12):
 PSYoungGen      total 645632K, used 643744K [0x00000000d8780000, 0x0000000100000000, 0x0000000100000000)
  eden space 643584K, 100% used [0x00000000d8780000,0x00000000ffc00000,0x00000000ffc00000)
  from space 2048K, 7% used [0x00000000ffc00000,0x00000000ffc28000,0x00000000ffe00000)
  to   space 2048K, 0% used [0x00000000ffe00000,0x00000000ffe00000,0x0000000100000000)
 ParOldGen       total 94208K, used 82673K [0x0000000089600000, 0x000000008f200000, 0x00000000d8780000)
  object space 94208K, 87% used [0x0000000089600000,0x000000008e6bc740,0x000000008f200000)
 Metaspace       used 28735K, capacity 29076K, committed 29440K, reserved 1075200K
  class space    used 3089K, capacity 3222K, committed 3328K, reserved 1048576K
Event: 11371.409 GC heap after
Heap after GC invocations=4904 (full 12):
 PSYoungGen      total 645632K, used 128K [0x00000000d8780000, 0x0000000100000000, 0x0000000100000000)
  eden space 643584K, 0% used [0x00000000d8780000,0x00000000d8780000,0x00000000ffc00000)
  from space 2048K, 6% used [0x00000000ffe00000,0x00000000ffe20000,0x0000000100000000)
  to   space 2048K, 0% used [0x00000000ffc00000,0x00000000ffc00000,0x00000000ffe00000)
 ParOldGen       total 94208K, used 82745K [0x0000000089600000, 0x000000008f200000, 0x00000000d8780000)
  object space 94208K, 87% used [0x0000000089600000,0x000000008e6ce740,0x000000008f200000)
 Metaspace       used 28735K, capacity 29076K, committed 29440K, reserved 1075200K
  class space    used 3089K, capacity 3222K, committed 3328K, reserved 1048576K
}
Event: 11373.451 GC heap before
{Heap before GC invocations=4905 (full 12):
 PSYoungGen      total 645632K, used 643712K [0x00000000d8780000, 0x0000000100000000, 0x0000000100000000)
  eden space 643584K, 100% used [0x00000000d8780000,0x00000000ffc00000,0x00000000ffc00000)
  from space 2048K, 6% used [0x00000000ffe00000,0x00000000ffe20000,0x0000000100000000)
  to   space 2048K, 0% used [0x00000000ffc00000,0x00000000ffc00000,0x00000000ffe00000)
 ParOldGen       total 94208K, used 82745K [0x0000000089600000, 0x000000008f200000, 0x00000000d8780000)
  object space 94208K, 87% used [0x0000000089600000,0x000000008e6ce740,0x000000008f200000)
 Metaspace       used 28735K, capacity 29076K, committed 29440K, reserved 1075200K
  class space    used 3089K, capacity 3222K, committed 3328K, reserved 1048576K
Event: 11373.531 GC heap after
Heap after GC invocations=4905 (full 12):
 PSYoungGen      total 645632K, used 145K [0x00000000d8780000, 0x0000000100000000, 0x0000000100000000)
  eden space 643584K, 0% used [0x00000000d8780000,0x00000000d8780000,0x00000000ffc00000)
  from space 2048K, 7% used [0x00000000ffc00000,0x00000000ffc246f0,0x00000000ffe00000)
  to   space 2048K, 0% used [0x00000000ffe00000,0x00000000ffe00000,0x0000000100000000)
 ParOldGen       total 94208K, used 82809K [0x0000000089600000, 0x000000008f200000, 0x00000000d8780000)
  object space 94208K, 87% used [0x0000000089600000,0x000000008e6de740,0x000000008f200000)
 Metaspace       used 28735K, capacity 29076K, committed 29440K, reserved 1075200K
  class space    used 3089K, capacity 3222K, committed 3328K, reserved 1048576K
}
Event: 11375.700 GC heap before
{Heap before GC invocations=4906 (full 12):
 PSYoungGen      total 645632K, used 643729K [0x00000000d8780000, 0x0000000100000000, 0x0000000100000000)
  eden space 643584K, 100% used [0x00000000d8780000,0x00000000ffc00000,0x00000000ffc00000)
  from space 2048K, 7% used [0x00000000ffc00000,0x00000000ffc246f0,0x00000000ffe00000)
  to   space 2048K, 0% used [0x00000000ffe00000,0x00000000ffe00000,0x0000000100000000)
 ParOldGen       total 94208K, used 82809K [0x0000000089600000, 0x000000008f200000, 0x00000000d8780000)
  object space 94208K, 87% used [0x0000000089600000,0x000000008e6de740,0x000000008f200000)
 Metaspace       used 28743K, capacity 29076K, committed 29440K, reserved 1075200K
  class space    used 3089K, capacity 3222K, committed 3328K, reserved 1048576K
Event: 11375.781 GC heap after
Heap after GC invocations=4906 (full 12):
 PSYoungGen      total 645632K, used 241K [0x00000000d8780000, 0x0000000100000000, 0x0000000100000000)
  eden space 643584K, 0% used [0x00000000d8780000,0x00000000d8780000,0x00000000ffc00000)
  from space 2048K, 11% used [0x00000000ffe00000,0x00000000ffe3c6f0,0x0000000100000000)
  to   space 2048K, 0% used [0x00000000ffc00000,0x00000000ffc00000,0x00000000ffe00000)
 ParOldGen       total 94208K, used 82857K [0x0000000089600000, 0x000000008f200000, 0x00000000d8780000)
  object space 94208K, 87% used [0x0000000089600000,0x000000008e6ea740,0x000000008f200000)
 Metaspace       used 28743K, capacity 29076K, committed 29440K, reserved 1075200K
  class space    used 3089K, capacity 3222K, committed 3328K, reserved 1048576K
}
Event: 11377.621 GC heap before
{Heap before GC invocations=4907 (full 12):
 PSYoungGen      total 645632K, used 643825K [0x00000000d8780000, 0x0000000100000000, 0x0000000100000000)
  eden space 643584K, 100% used [0x00000000d8780000,0x00000000ffc00000,0x00000000ffc00000)
  from space 2048K, 11% used [0x00000000ffe00000,0x00000000ffe3c6f0,0x0000000100000000)
  to   space 2048K, 0% used [0x00000000ffc00000,0x00000000ffc00000,0x00000000ffe00000)
 ParOldGen       total 94208K, used 82857K [0x0000000089600000, 0x000000008f200000, 0x00000000d8780000)
  object space 94208K, 87% used [0x0000000089600000,0x000000008e6ea740,0x000000008f200000)
 Metaspace       used 28743K, capacity 29076K, committed 29440K, reserved 1075200K
  class space    used 3089K, capacity 3222K, committed 3328K, reserved 1048576K
Event: 11377.715 GC heap after
Heap after GC invocations=4907 (full 12):
 PSYoungGen      total 645632K, used 465K [0x00000000d8780000, 0x0000000100000000, 0x0000000100000000)
  eden space 643584K, 0% used [0x00000000d8780000,0x00000000d8780000,0x00000000ffc00000)
  from space 2048K, 22% used [0x00000000ffc00000,0x00000000ffc746f8,0x00000000ffe00000)
  to   space 2048K, 0% used [0x00000000ffe00000,0x00000000ffe00000,0x0000000100000000)
 ParOldGen       total 94208K, used 82993K [0x0000000089600000, 0x000000008f200000, 0x00000000d8780000)
  object space 94208K, 88% used [0x0000000089600000,0x000000008e70c740,0x000000008f200000)
 Metaspace       used 28743K, capacity 29076K, committed 29440K, reserved 1075200K
  class space    used 3089K, capacity 3222K, committed 3328K, reserved 1048576K
}
Event: 11379.640 GC heap before
{Heap before GC invocations=4908 (full 12):
 PSYoungGen      total 645632K, used 644049K [0x00000000d8780000, 0x0000000100000000, 0x0000000100000000)
  eden space 643584K, 100% used [0x00000000d8780000,0x00000000ffc00000,0x00000000ffc00000)
  from space 2048K, 22% used [0x00000000ffc00000,0x00000000ffc746f8,0x00000000ffe00000)
  to   space 2048K, 0% used [0x00000000ffe00000,0x00000000ffe00000,0x0000000100000000)
 ParOldGen       total 94208K, used 82993K [0x0000000089600000, 0x000000008f200000, 0x00000000d8780000)
  object space 94208K, 88% used [0x0000000089600000,0x000000008e70c740,0x000000008f200000)
 Metaspace       used 28747K, capacity 29076K, committed 29440K, reserved 1075200K
  class space    used 3089K, capacity 3222K, committed 3328K, reserved 1048576K
Event: 11379.712 GC heap after
Heap after GC invocations=4908 (full 12):
 PSYoungGen      total 645632K, used 256K [0x00000000d8780000, 0x0000000100000000, 0x0000000100000000)
  eden space 643584K, 0% used [0x00000000d8780000,0x00000000d8780000,0x00000000ffc00000)
  from space 2048K, 12% used [0x00000000ffe00000,0x00000000ffe40000,0x0000000100000000)
  to   space 2048K, 0% used [0x00000000ffc00000,0x00000000ffc00000,0x00000000ffe00000)
 ParOldGen       total 94208K, used 83301K [0x0000000089600000, 0x000000008f200000, 0x00000000d8780000)
  object space 94208K, 88% used [0x0000000089600000,0x000000008e759780,0x000000008f200000)
 Metaspace       used 28747K, capacity 29076K, committed 29440K, reserved 1075200K
  class space    used 3089K, capacity 3222K, committed 3328K, reserved 1048576K
}
Event: 11381.565 GC heap before
{Heap before GC invocations=4909 (full 12):
 PSYoungGen      total 645632K, used 643840K [0x00000000d8780000, 0x0000000100000000, 0x0000000100000000)
  eden space 643584K, 100% used [0x00000000d8780000,0x00000000ffc00000,0x00000000ffc00000)
  from space 2048K, 12% used [0x00000000ffe00000,0x00000000ffe40000,0x0000000100000000)
  to   space 2048K, 0% used [0x00000000ffc00000,0x00000000ffc00000,0x00000000ffe00000)
 ParOldGen       total 94208K, used 83301K [0x0000000089600000, 0x000000008f200000, 0x00000000d8780000)
  object space 94208K, 88% used [0x0000000089600000,0x000000008e759780,0x000000008f200000)
 Metaspace       used 28747K, capacity 29076K, committed 29440K, reserved 1075200K
  class space    used 3089K, capacity 3222K, committed 3328K, reserved 1048576K
Event: 11381.629 GC heap after
Heap after GC invocations=4909 (full 12):
 PSYoungGen      total 644096K, used 241K [0x00000000d8780000, 0x00000000fff00000, 0x0000000100000000)
  eden space 643584K, 0% used [0x00000000d8780000,0x00000000d8780000,0x00000000ffc00000)
  from space 512K, 47% used [0x00000000ffc00000,0x00000000ffc3c6f8,0x00000000ffc80000)
  to   space 1536K, 0% used [0x00000000ffd80000,0x00000000ffd80000,0x00000000fff00000)
 ParOldGen       total 94208K, used 83446K [0x0000000089600000, 0x000000008f200000, 0x00000000d8780000)
  object space 94208K, 88% used [0x0000000089600000,0x000000008e77dbb0,0x000000008f200000)
 Metaspace       used 28747K, capacity 29076K, committed 29440K, reserved 1075200K
  class space    used 3089K, capacity 3222K, committed 3328K, reserved 1048576K
}
Event: 11383.268 GC heap before
{Heap before GC invocations=4910 (full 12):
 PSYoungGen      total 644096K, used 643825K [0x00000000d8780000, 0x00000000fff00000, 0x0000000100000000)
  eden space 643584K, 100% used [0x00000000d8780000,0x00000000ffc00000,0x00000000ffc00000)
  from space 512K, 47% used [0x00000000ffc00000,0x00000000ffc3c6f8,0x00000000ffc80000)
  to   space 1536K, 0% used [0x00000000ffd80000,0x00000000ffd80000,0x00000000fff00000)
 ParOldGen       total 94208K, used 83446K [0x0000000089600000, 0x000000008f200000, 0x00000000d8780000)
  object space 94208K, 88% used [0x0000000089600000,0x000000008e77dbb0,0x000000008f200000)
 Metaspace       used 28749K, capacity 29076K, committed 29440K, reserved 1075200K
  class space    used 3089K, capacity 3222K, committed 3328K, reserved 1048576K
Event: 11383.349 GC heap after
Heap after GC invocations=4910 (full 12):
 PSYoungGen      total 645120K, used 273K [0x00000000d8780000, 0x0000000100000000, 0x0000000100000000)
  eden space 643584K, 0% used [0x00000000d8780000,0x00000000d8780000,0x00000000ffc00000)
  from space 1536K, 17% used [0x00000000ffd80000,0x00000000ffdc46f8,0x00000000fff00000)
  to   space 1536K, 0% used [0x00000000ffc00000,0x00000000ffc00000,0x00000000ffd80000)
 ParOldGen       total 94208K, used 83526K [0x0000000089600000, 0x000000008f200000, 0x00000000d8780000)
  object space 94208K, 88% used [0x0000000089600000,0x000000008e791bb0,0x000000008f200000)
 Metaspace       used 28749K, capacity 29076K, committed 29440K, reserved 1075200K
  class space    used 3089K, capacity 3222K, committed 3328K, reserved 1048576K
}
Event: 11385.367 GC heap before
{Heap before GC invocations=4911 (full 12):
 PSYoungGen      total 645120K, used 643857K [0x00000000d8780000, 0x0000000100000000, 0x0000000100000000)
  eden space 643584K, 100% used [0x00000000d8780000,0x00000000ffc00000,0x00000000ffc00000)
  from space 1536K, 17% used [0x00000000ffd80000,0x00000000ffdc46f8,0x00000000fff00000)
  to   space 1536K, 0% used [0x00000000ffc00000,0x00000000ffc00000,0x00000000ffd80000)
 ParOldGen       total 94208K, used 83526K [0x0000000089600000, 0x000000008f200000, 0x00000000d8780000)
  object space 94208K, 88% used [0x0000000089600000,0x000000008e791bb0,0x000000008f200000)
 Metaspace       used 28751K, capacity 29076K, committed 29440K, reserved 1075200K
  class space    used 3089K, capacity 3222K, committed 3328K, reserved 1048576K
Event: 11385.448 GC heap after
Heap after GC invocations=4911 (full 12):
 PSYoungGen      total 645120K, used 352K [0x00000000d8780000, 0x0000000100000000, 0x0000000100000000)
  eden space 643584K, 0% used [0x00000000d8780000,0x00000000d8780000,0x00000000ffc00000)
  from space 1536K, 22% used [0x00000000ffc00000,0x00000000ffc58000,0x00000000ffd80000)
  to   space 1536K, 0% used [0x00000000ffe80000,0x00000000ffe80000,0x0000000100000000)
 ParOldGen       total 94208K, used 83654K [0x0000000089600000, 0x000000008f200000, 0x00000000d8780000)
  object space 94208K, 88% used [0x0000000089600000,0x000000008e7b1bb0,0x000000008f200000)
 Metaspace       used 28751K, capacity 29076K, committed 29440K, reserved 1075200K
  class space    used 3089K, capacity 3222K, committed 3328K, reserved 1048576K
}
Event: 11387.274 GC heap before
{Heap before GC invocations=4912 (full 12):
 PSYoungGen      total 645120K, used 643936K [0x00000000d8780000, 0x0000000100000000, 0x0000000100000000)
  eden space 643584K, 100% used [0x00000000d8780000,0x00000000ffc00000,0x00000000ffc00000)
  from space 1536K, 22% used [0x00000000ffc00000,0x00000000ffc58000,0x00000000ffd80000)
  to   space 1536K, 0% used [0x00000000ffe80000,0x00000000ffe80000,0x0000000100000000)
 ParOldGen       total 94208K, used 83654K [0x0000000089600000, 0x000000008f200000, 0x00000000d8780000)
  object space 94208K, 88% used [0x0000000089600000,0x000000008e7b1bb0,0x000000008f200000)
 Metaspace       used 28751K, capacity 29076K, committed 29440K, reserved 1075200K
  class space    used 3089K, capacity 3222K, committed 3328K, reserved 1048576K
Event: 11387.341 GC heap after
Heap after GC invocations=4912 (full 12):
 PSYoungGen      total 646144K, used 401K [0x00000000d8780000, 0x0000000100000000, 0x0000000100000000)
  eden space 644608K, 0% used [0x00000000d8780000,0x00000000d8780000,0x00000000ffd00000)
  from space 1536K, 26% used [0x00000000ffe80000,0x00000000ffee46f0,0x0000000100000000)
  to   space 1536K, 0% used [0x00000000ffd00000,0x00000000ffd00000,0x00000000ffe80000)
 ParOldGen       total 94208K, used 83890K [0x0000000089600000, 0x000000008f200000, 0x00000000d8780000)
  object space 94208K, 89% used [0x0000000089600000,0x000000008e7ec9e8,0x000000008f200000)
 Metaspace       used 28751K, capacity 29076K, committed 29440K, reserved 1075200K
  class space    used 3089K, capacity 3222K, committed 3328K, reserved 1048576K
}
Event: 11389.980 GC heap before
{Heap before GC invocations=4913 (full 12):
 PSYoungGen      total 646144K, used 645009K [0x00000000d8780000, 0x0000000100000000, 0x0000000100000000)
  eden space 644608K, 100% used [0x00000000d8780000,0x00000000ffd00000,0x00000000ffd00000)
  from space 1536K, 26% used [0x00000000ffe80000,0x00000000ffee46f0,0x0000000100000000)
  to   space 1536K, 0% used [0x00000000ffd00000,0x00000000ffd00000,0x00000000ffe80000)
 ParOldGen       total 94208K, used 83890K [0x0000000089600000, 0x000000008f200000, 0x00000000d8780000)
  object space 94208K, 89% used [0x0000000089600000,0x000000008e7ec9e8,0x000000008f200000)
 Metaspace       used 28751K, capacity 29076K, committed 29440K, reserved 1075200K
  class space    used 3089K, capacity 3222K, committed 3328K, reserved 1048576K
Event: 11390.063 GC heap after
Heap after GC invocations=4913 (full 12):
 PSYoungGen      total 646144K, used 433K [0x00000000d8780000, 0x0000000100000000, 0x0000000100000000)
  eden space 644608K, 0% used [0x00000000d8780000,0x00000000d8780000,0x00000000ffd00000)
  from space 1536K, 28% used [0x00000000ffd00000,0x00000000ffd6c6f0,0x00000000ffe80000)
  to   space 1536K, 0% used [0x00000000ffe80000,0x00000000ffe80000,0x0000000100000000)
 ParOldGen       total 94208K, used 84139K [0x0000000089600000, 0x000000008f200000, 0x00000000d8780000)
  object space 94208K, 89% used [0x0000000089600000,0x000000008e82ae18,0x000000008f200000)
 Metaspace       used 28751K, capacity 29076K, committed 29440K, reserved 1075200K
  class space    used 3089K, capacity 3222K, committed 3328K, reserved 1048576K
}
Event: 11392.420 GC heap before
{Heap before GC invocations=4914 (full 12):
 PSYoungGen      total 646144K, used 645041K [0x00000000d8780000, 0x0000000100000000, 0x0000000100000000)
  eden space 644608K, 100% used [0x00000000d8780000,0x00000000ffd00000,0x00000000ffd00000)
  from space 1536K, 28% used [0x00000000ffd00000,0x00000000ffd6c6f0,0x00000000ffe80000)
  to   space 1536K, 0% used [0x00000000ffe80000,0x00000000ffe80000,0x0000000100000000)
 ParOldGen       total 94208K, used 84139K [0x0000000089600000, 0x000000008f200000, 0x00000000d8780000)
  object space 94208K, 89% used [0x0000000089600000,0x000000008e82ae18,0x000000008f200000)
 Metaspace       used 28752K, capacity 29076K, committed 29440K, reserved 1075200K
  class space    used 3089K, capacity 3222K, committed 3328K, reserved 1048576K
Event: 11392.485 GC heap after
Heap after GC invocations=4914 (full 12):
 PSYoungGen      total 646144K, used 192K [0x00000000d8780000, 0x0000000100000000, 0x0000000100000000)
  eden space 644608K, 0% used [0x00000000d8780000,0x00000000d8780000,0x00000000ffd00000)
  from space 1536K, 12% used [0x00000000ffe80000,0x00000000ffeb0000,0x0000000100000000)
  to   space 1536K, 0% used [0x00000000ffd00000,0x00000000ffd00000,0x00000000ffe80000)
 ParOldGen       total 94208K, used 84448K [0x0000000089600000, 0x000000008f200000, 0x00000000d8780000)
  object space 94208K, 89% used [0x0000000089600000,0x000000008e878070,0x000000008f200000)
 Metaspace       used 28752K, capacity 29076K, committed 29440K, reserved 1075200K
  class space    used 3089K, capacity 3222K, committed 3328K, reserved 1048576K
}
Event: 11394.679 GC heap before
{Heap before GC invocations=4915 (full 12):
 PSYoungGen      total 646144K, used 644800K [0x00000000d8780000, 0x0000000100000000, 0x0000000100000000)
  eden space 644608K, 100% used [0x00000000d8780000,0x00000000ffd00000,0x00000000ffd00000)
  from space 1536K, 12% used [0x00000000ffe80000,0x00000000ffeb0000,0x0000000100000000)
  to   space 1536K, 0% used [0x00000000ffd00000,0x00000000ffd00000,0x00000000ffe80000)
 ParOldGen       total 94208K, used 84448K [0x0000000089600000, 0x000000008f200000, 0x00000000d8780000)
  object space 94208K, 89% used [0x0000000089600000,0x000000008e878070,0x000000008f200000)
 Metaspace       used 28752K, capacity 29076K, committed 29440K, reserved 1075200K
  class space    used 3089K, capacity 3222K, committed 3328K, reserved 1048576K
Event: 11394.742 GC heap after
Heap after GC invocations=4915 (full 12):
 PSYoungGen      total 646144K, used 160K [0x00000000d8780000, 0x0000000100000000, 0x0000000100000000)
  eden space 644608K, 0% used [0x00000000d8780000,0x00000000d8780000,0x00000000ffd00000)
  from space 1536K, 10% used [0x00000000ffd00000,0x00000000ffd28000,0x00000000ffe80000)
  to   space 1536K, 0% used [0x00000000ffe80000,0x00000000ffe80000,0x0000000100000000)
 ParOldGen       total 94208K, used 84584K [0x0000000089600000, 0x000000008f200000, 0x00000000d8780000)
  object space 94208K, 89% used [0x0000000089600000,0x000000008e89a070,0x000000008f200000)
 Metaspace       used 28752K, capacity 29076K, committed 29440K, reserved 1075200K
  class space    used 3089K, capacity 3222K, committed 3328K, reserved 1048576K
}
Event: 11396.827 GC heap before
{Heap before GC invocations=4916 (full 12):
 PSYoungGen      total 646144K, used 644768K [0x00000000d8780000, 0x0000000100000000, 0x0000000100000000)
  eden space 644608K, 100% used [0x00000000d8780000,0x00000000ffd00000,0x00000000ffd00000)
  from space 1536K, 10% used [0x00000000ffd00000,0x00000000ffd28000,0x00000000ffe80000)
  to   space 1536K, 0% used [0x00000000ffe80000,0x00000000ffe80000,0x0000000100000000)
 ParOldGen       total 94208K, used 84584K [0x0000000089600000, 0x000000008f200000, 0x00000000d8780000)
  object space 94208K, 89% used [0x0000000089600000,0x000000008e89a070,0x000000008f200000)
 Metaspace       used 28757K, capacity 29076K, committed 29440K, reserved 1075200K
  class space    used 3089K, capacity 3222K, committed 3328K, reserved 1048576K
Event: 11396.898 GC heap after
Heap after GC invocations=4916 (full 12):
 PSYoungGen      total 646144K, used 288K [0x00000000d8780000, 0x0000000100000000, 0x0000000100000000)
  eden space 644608K, 0% used [0x00000000d8780000,0x00000000d8780000,0x00000000ffd00000)
  from space 1536K, 18% used [0x00000000ffe80000,0x00000000ffec8000,0x0000000100000000)
  to   space 1536K, 0% used [0x00000000ffd00000,0x00000000ffd00000,0x00000000ffe80000)
 ParOldGen       total 94208K, used 84656K [0x0000000089600000, 0x000000008f200000, 0x00000000d8780000)
  object space 94208K, 89% used [0x0000000089600000,0x000000008e8ac070,0x000000008f200000)
 Metaspace       used 28757K, capacity 29076K, committed 29440K, reserved 1075200K
  class space    used 3089K, capacity 3222K, committed 3328K, reserved 1048576K
}
Event: 11398.853 GC heap before
{Heap before GC invocations=4917 (full 12):
 PSYoungGen      total 646144K, used 644896K [0x00000000d8780000, 0x0000000100000000, 0x0000000100000000)
  eden space 644608K, 100% used [0x00000000d8780000,0x00000000ffd00000,0x00000000ffd00000)
  from space 1536K, 18% used [0x00000000ffe80000,0x00000000ffec8000,0x0000000100000000)
  to   space 1536K, 0% used [0x00000000ffd00000,0x00000000ffd00000,0x00000000ffe80000)
 ParOldGen       total 94208K, used 84656K [0x0000000089600000, 0x000000008f200000, 0x00000000d8780000)
  object space 94208K, 89% used [0x0000000089600000,0x000000008e8ac070,0x000000008f200000)
 Metaspace       used 28757K, capacity 29076K, committed 29440K, reserved 1075200K
  class space    used 3089K, capacity 3222K, committed 3328K, reserved 1048576K
Event: 11398.915 GC heap after
Heap after GC invocations=4917 (full 12):
 PSYoungGen      total 645120K, used 209K [0x00000000d8780000, 0x00000000fff00000, 0x0000000100000000)
  eden space 644608K, 0% used [0x00000000d8780000,0x00000000d8780000,0x00000000ffd00000)
  from space 512K, 40% used [0x00000000ffd00000,0x00000000ffd346f0,0x00000000ffd80000)
  to   space 1024K, 0% used [0x00000000ffe00000,0x00000000ffe00000,0x00000000fff00000)
 ParOldGen       total 94208K, used 84912K [0x0000000089600000, 0x000000008f200000, 0x00000000d8780000)
  object space 94208K, 90% used [0x0000000089600000,0x000000008e8ec070,0x000000008f200000)
 Metaspace       used 28757K, capacity 29076K, committed 29440K, reserved 1075200K
  class space    used 3089K, capacity 3222K, committed 3328K, reserved 1048576K
}
Event: 11400.860 GC heap before
{Heap before GC invocations=4918 (full 12):
 PSYoungGen      total 645120K, used 644817K [0x00000000d8780000, 0x00000000fff00000, 0x0000000100000000)
  eden space 644608K, 100% used [0x00000000d8780000,0x00000000ffd00000,0x00000000ffd00000)
  from space 512K, 40% used [0x00000000ffd00000,0x00000000ffd346f0,0x00000000ffd80000)
  to   space 1024K, 0% used [0x00000000ffe00000,0x00000000ffe00000,0x00000000fff00000)
 ParOldGen       total 94208K, used 84912K [0x0000000089600000, 0x000000008f200000, 0x00000000d8780000)
  object space 94208K, 90% used [0x0000000089600000,0x000000008e8ec070,0x000000008f200000)
 Metaspace       used 28757K, capacity 29076K, committed 29440K, reserved 1075200K
  class space    used 3089K, capacity 3222K, committed 3328K, reserved 1048576K
Event: 11400.922 GC heap after
Heap after GC invocations=4918 (full 12):
 PSYoungGen      total 645632K, used 128K [0x00000000d8780000, 0x0000000100000000, 0x0000000100000000)
  eden space 644608K, 0% used [0x00000000d8780000,0x00000000d8780000,0x00000000ffd00000)
  from space 1024K, 12% used [0x00000000ffe00000,0x00000000ffe20000,0x00000000fff00000)
  to   space 1024K, 0% used [0x00000000ffd00000,0x00000000ffd00000,0x00000000ffe00000)
 ParOldGen       total 94208K, used 84976K [0x0000000089600000, 0x000000008f200000, 0x00000000d8780000)
  object space 94208K, 90% used [0x0000000089600000,0x000000008e8fc070,0x000000008f200000)
 Metaspace       used 28757K, capacity 29076K, committed 29440K, reserved 1075200K
  class space    used 3089K, capacity 3222K, committed 3328K, reserved 1048576K
}
Event: 11402.857 GC heap before
{Heap before GC invocations=4919 (full 12):
 PSYoungGen      total 645632K, used 644736K [0x00000000d8780000, 0x0000000100000000, 0x0000000100000000)
  eden space 644608K, 100% used [0x00000000d8780000,0x00000000ffd00000,0x00000000ffd00000)
  from space 1024K, 12% used [0x00000000ffe00000,0x00000000ffe20000,0x00000000fff00000)
  to   space 1024K, 0% used [0x00000000ffd00000,0x00000000ffd00000,0x00000000ffe00000)
 ParOldGen       total 94208K, used 84976K [0x0000000089600000, 0x000000008f200000, 0x00000000d8780000)
  object space 94208K, 90% used [0x0000000089600000,0x000000008e8fc070,0x000000008f200000)
 Metaspace       used 28757K, capacity 29076K, committed 29440K, reserved 1075200K
  class space    used 3089K, capacity 3222K, committed 3328K, reserved 1048576K
Event: 11402.928 GC heap after
Heap after GC invocations=4919 (full 12):
 PSYoungGen      total 645632K, used 240K [0x00000000d8780000, 0x0000000100000000, 0x0000000100000000)
  eden space 644608K, 0% used [0x00000000d8780000,0x00000000d8780000,0x00000000ffd00000)
  from space 1024K, 23% used [0x00000000ffd00000,0x00000000ffd3c010,0x00000000ffe00000)
  to   space 1024K, 0% used [0x00000000fff00000,0x00000000fff00000,0x0000000100000000)
 ParOldGen       total 94208K, used 85024K [0x0000000089600000, 0x000000008f200000, 0x00000000d8780000)
  object space 94208K, 90% used [0x0000000089600000,0x000000008e908070,0x000000008f200000)
 Metaspace       used 28757K, capacity 29076K, committed 29440K, reserved 1075200K
  class space    used 3089K, capacity 3222K, committed 3328K, reserved 1048576K
}
Event: 11404.878 GC heap before
{Heap before GC invocations=4920 (full 12):
 PSYoungGen      total 645632K, used 644848K [0x00000000d8780000, 0x0000000100000000, 0x0000000100000000)
  eden space 644608K, 100% used [0x00000000d8780000,0x00000000ffd00000,0x00000000ffd00000)
  from space 1024K, 23% used [0x00000000ffd00000,0x00000000ffd3c010,0x00000000ffe00000)
  to   space 1024K, 0% used [0x00000000fff00000,0x00000000fff00000,0x0000000100000000)
 ParOldGen       total 94208K, used 85024K [0x0000000089600000, 0x000000008f200000, 0x00000000d8780000)
  object space 94208K, 90% used [0x0000000089600000,0x000000008e908070,0x000000008f200000)
 Metaspace       used 28757K, capacity 29076K, committed 29440K, reserved 1075200K
  class space    used 3089K, capacity 3222K, committed 3328K, reserved 1048576K
Event: 11404.942 GC heap after
Heap after GC invocations=4920 (full 12):
 PSYoungGen      total 646656K, used 160K [0x00000000d8780000, 0x0000000100000000, 0x0000000100000000)
  eden space 645632K, 0% used [0x00000000d8780000,0x00000000d8780000,0x00000000ffe00000)
  from space 1024K, 15% used [0x00000000fff00000,0x00000000fff28000,0x0000000100000000)
  to   space 1024K, 0% used [0x00000000ffe00000,0x00000000ffe00000,0x00000000fff00000)
 ParOldGen       total 94208K, used 85112K [0x0000000089600000, 0x000000008f200000, 0x00000000d8780000)
  object space 94208K, 90% used [0x0000000089600000,0x000000008e91e0a0,0x000000008f200000)
 Metaspace       used 28757K, capacity 29076K, committed 29440K, reserved 1075200K
  class space    used 3089K, capacity 3222K, committed 3328K, reserved 1048576K
}
Event: 11406.868 GC heap before
{Heap before GC invocations=4921 (full 12):
 PSYoungGen      total 646656K, used 645792K [0x00000000d8780000, 0x0000000100000000, 0x0000000100000000)
  eden space 645632K, 100% used [0x00000000d8780000,0x00000000ffe00000,0x00000000ffe00000)
  from space 1024K, 15% used [0x00000000fff00000,0x00000000fff28000,0x0000000100000000)
  to   space 1024K, 0% used [0x00000000ffe00000,0x00000000ffe00000,0x00000000fff00000)
 ParOldGen       total 94208K, used 85112K [0x0000000089600000, 0x000000008f200000, 0x00000000d8780000)
  object space 94208K, 90% used [0x0000000089600000,0x000000008e91e0a0,0x000000008f200000)
 Metaspace       used 28757K, capacity 29076K, committed 29440K, reserved 1075200K
  class space    used 3089K, capacity 3222K, committed 3328K, reserved 1048576K
Event: 11406.931 GC heap after
Heap after GC invocations=4921 (full 12):
 PSYoungGen      total 646656K, used 209K [0x00000000d8780000, 0x0000000100000000, 0x0000000100000000)
  eden space 645632K, 0% used [0x00000000d8780000,0x00000000d8780000,0x00000000ffe00000)
  from space 1024K, 20% used [0x00000000ffe00000,0x00000000ffe346f8,0x00000000fff00000)
  to   space 1024K, 0% used [0x00000000fff00000,0x00000000fff00000,0x0000000100000000)
 ParOldGen       total 94208K, used 85160K [0x0000000089600000, 0x000000008f200000, 0x00000000d8780000)
  object space 94208K, 90% used [0x0000000089600000,0x000000008e92a0a0,0x000000008f200000)
 Metaspace       used 28757K, capacity 29076K, committed 29440K, reserved 1075200K
  class space    used 3089K, capacity 3222K, committed 3328K, reserved 1048576K
}
Event: 11408.932 GC heap before
{Heap before GC invocations=4922 (full 12):
 PSYoungGen      total 646656K, used 645841K [0x00000000d8780000, 0x0000000100000000, 0x0000000100000000)
  eden space 645632K, 100% used [0x00000000d8780000,0x00000000ffe00000,0x00000000ffe00000)
  from space 1024K, 20% used [0x00000000ffe00000,0x00000000ffe346f8,0x00000000fff00000)
  to   space 1024K, 0% used [0x00000000fff00000,0x00000000fff00000,0x0000000100000000)
 ParOldGen       total 94208K, used 85160K [0x0000000089600000, 0x000000008f200000, 0x00000000d8780000)
  object space 94208K, 90% used [0x0000000089600000,0x000000008e92a0a0,0x000000008f200000)
 Metaspace       used 28757K, capacity 29076K, committed 29440K, reserved 1075200K
  class space    used 3089K, capacity 3222K, committed 3328K, reserved 1048576K
Event: 11408.992 GC heap after
Heap after GC invocations=4922 (full 12):
 PSYoungGen      total 646656K, used 160K [0x00000000d8780000, 0x0000000100000000, 0x0000000100000000)
  eden space 645632K, 0% used [0x00000000d8780000,0x00000000d8780000,0x00000000ffe00000)
  from space 1024K, 15% used [0x00000000fff00000,0x00000000fff28000,0x0000000100000000)
  to   space 1024K, 0% used [0x00000000ffe00000,0x00000000ffe00000,0x00000000fff00000)
 ParOldGen       total 94208K, used 85208K [0x0000000089600000, 0x000000008f200000, 0x00000000d8780000)
  object space 94208K, 90% used [0x0000000089600000,0x000000008e9360a0,0x000000008f200000)
 Metaspace       used 28757K, capacity 29076K, committed 29440K, reserved 1075200K
  class space    used 3089K, capacity 3222K, committed 3328K, reserved 1048576K
}
Event: 11410.952 GC heap before
{Heap before GC invocations=4923 (full 12):
 PSYoungGen      total 646656K, used 645792K [0x00000000d8780000, 0x0000000100000000, 0x0000000100000000)
  eden space 645632K, 100% used [0x00000000d8780000,0x00000000ffe00000,0x00000000ffe00000)
  from space 1024K, 15% used [0x00000000fff00000,0x00000000fff28000,0x0000000100000000)
  to   space 1024K, 0% used [0x00000000ffe00000,0x00000000ffe00000,0x00000000fff00000)
 ParOldGen       total 94208K, used 85208K [0x0000000089600000, 0x000000008f200000, 0x00000000d8780000)
  object space 94208K, 90% used [0x0000000089600000,0x000000008e9360a0,0x000000008f200000)
 Metaspace       used 28757K, capacity 29076K, committed 29440K, reserved 1075200K
  class space    used 3089K, capacity 3222K, committed 3328K, reserved 1048576K
Event: 11411.032 GC heap after
Heap after GC invocations=4923 (full 12):
 PSYoungGen      total 646656K, used 96K [0x00000000d8780000, 0x0000000100000000, 0x0000000100000000)
  eden space 645632K, 0% used [0x00000000d8780000,0x00000000d8780000,0x00000000ffe00000)
  from space 1024K, 9% used [0x00000000ffe00000,0x00000000ffe18000,0x00000000fff00000)
  to   space 1024K, 0% used [0x00000000fff00000,0x00000000fff00000,0x0000000100000000)
 ParOldGen       total 94208K, used 85264K [0x0000000089600000, 0x000000008f200000, 0x00000000d8780000)
  object space 94208K, 90% used [0x0000000089600000,0x000000008e9440a0,0x000000008f200000)
 Metaspace       used 28757K, capacity 29076K, committed 29440K, reserved 1075200K
  class space    used 3089K, capacity 3222K, committed 3328K, reserved 1048576K
}
Event: 11413.040 GC heap before
{Heap before GC invocations=4924 (full 12):
 PSYoungGen      total 646656K, used 645728K [0x00000000d8780000, 0x0000000100000000, 0x0000000100000000)
  eden space 645632K, 100% used [0x00000000d8780000,0x00000000ffe00000,0x00000000ffe00000)
  from space 1024K, 9% used [0x00000000ffe00000,0x00000000ffe18000,0x00000000fff00000)
  to   space 1024K, 0% used [0x00000000fff00000,0x00000000fff00000,0x0000000100000000)
 ParOldGen       total 94208K, used 85264K [0x0000000089600000, 0x000000008f200000, 0x00000000d8780000)
  object space 94208K, 90% used [0x0000000089600000,0x000000008e9440a0,0x000000008f200000)
 Metaspace       used 28757K, capacity 29076K, committed 29440K, reserved 1075200K
  class space    used 3089K, capacity 3222K, committed 3328K, reserved 1048576K
Event: 11413.101 GC heap after
Heap after GC invocations=4924 (full 12):
 PSYoungGen      total 646656K, used 160K [0x00000000d8780000, 0x0000000100000000, 0x0000000100000000)
  eden space 645632K, 0% used [0x00000000d8780000,0x00000000d8780000,0x00000000ffe00000)
  from space 1024K, 15% used [0x00000000fff00000,0x00000000fff28000,0x0000000100000000)
  to   space 1024K, 0% used [0x00000000ffe00000,0x00000000ffe00000,0x00000000fff00000)
 ParOldGen       total 94208K, used 85312K [0x0000000089600000, 0x000000008f200000, 0x00000000d8780000)
  object space 94208K, 90% used [0x0000000089600000,0x000000008e9500a0,0x000000008f200000)
 Metaspace       used 28757K, capacity 29076K, committed 29440K, reserved 1075200K
  class space    used 3089K, capacity 3222K, committed 3328K, reserved 1048576K
}
Event: 11415.191 GC heap before
{Heap before GC invocations=4925 (full 12):
 PSYoungGen      total 646656K, used 645792K [0x00000000d8780000, 0x0000000100000000, 0x0000000100000000)
  eden space 645632K, 100% used [0x00000000d8780000,0x00000000ffe00000,0x00000000ffe00000)
  from space 1024K, 15% used [0x00000000fff00000,0x00000000fff28000,0x0000000100000000)
  to   space 1024K, 0% used [0x00000000ffe00000,0x00000000ffe00000,0x00000000fff00000)
 ParOldGen       total 94208K, used 85312K [0x0000000089600000, 0x000000008f200000, 0x00000000d8780000)
  object space 94208K, 90% used [0x0000000089600000,0x000000008e9500a0,0x000000008f200000)
 Metaspace       used 28769K, capacity 29140K, committed 29696K, reserved 1075200K
  class space    used 3090K, capacity 3222K, committed 3328K, reserved 1048576K
Event: 11415.243 GC heap after
Heap after GC invocations=4925 (full 12):
 PSYoungGen      total 646656K, used 288K [0x00000000d8780000, 0x0000000100000000, 0x0000000100000000)
  eden space 645632K, 0% used [0x00000000d8780000,0x00000000d8780000,0x00000000ffe00000)
  from space 1024K, 28% used [0x00000000ffe00000,0x00000000ffe48000,0x00000000fff00000)
  to   space 1024K, 0% used [0x00000000fff00000,0x00000000fff00000,0x0000000100000000)
 ParOldGen       total 94208K, used 85384K [0x0000000089600000, 0x000000008f200000, 0x00000000d8780000)
  object space 94208K, 90% used [0x0000000089600000,0x000000008e9620a0,0x000000008f200000)
 Metaspace       used 28769K, capacity 29140K, committed 29696K, reserved 1075200K
  class space    used 3090K, capacity 3222K, committed 3328K, reserved 1048576K
}
Event: 11417.283 GC heap before
{Heap before GC invocations=4926 (full 12):
 PSYoungGen      total 646656K, used 645920K [0x00000000d8780000, 0x0000000100000000, 0x0000000100000000)
  eden space 645632K, 100% used [0x00000000d8780000,0x00000000ffe00000,0x00000000ffe00000)
  from space 1024K, 28% used [0x00000000ffe00000,0x00000000ffe48000,0x00000000fff00000)
  to   space 1024K, 0% used [0x00000000fff00000,0x00000000fff00000,0x0000000100000000)
 ParOldGen       total 94208K, used 85384K [0x0000000089600000, 0x000000008f200000, 0x00000000d8780000)
  object space 94208K, 90% used [0x0000000089600000,0x000000008e9620a0,0x000000008f200000)
 Metaspace       used 28769K, capacity 29140K, committed 29696K, reserved 1075200K
  class space    used 3090K, capacity 3222K, committed 3328K, reserved 1048576K
Event: 11417.335 GC heap after
Heap after GC invocations=4926 (full 12):
 PSYoungGen      total 646656K, used 160K [0x00000000d8780000, 0x0000000100000000, 0x0000000100000000)
  eden space 645632K, 0% used [0x00000000d8780000,0x00000000d8780000,0x00000000ffe00000)
  from space 1024K, 15% used [0x00000000fff00000,0x00000000fff28000,0x0000000100000000)
  to   space 1024K, 0% used [0x00000000ffe00000,0x00000000ffe00000,0x00000000fff00000)
 ParOldGen       total 94208K, used 85544K [0x0000000089600000, 0x000000008f200000, 0x00000000d8780000)
  object space 94208K, 90% used [0x0000000089600000,0x000000008e98a0a0,0x000000008f200000)
 Metaspace       used 28769K, capacity 29140K, committed 29696K, reserved 1075200K
  class space    used 3090K, capacity 3222K, committed 3328K, reserved 1048576K
}
Event: 11419.139 GC heap before
{Heap before GC invocations=4927 (full 12):
 PSYoungGen      total 646656K, used 645792K [0x00000000d8780000, 0x0000000100000000, 0x0000000100000000)
  eden space 645632K, 100% used [0x00000000d8780000,0x00000000ffe00000,0x00000000ffe00000)
  from space 1024K, 15% used [0x00000000fff00000,0x00000000fff28000,0x0000000100000000)
  to   space 1024K, 0% used [0x00000000ffe00000,0x00000000ffe00000,0x00000000fff00000)
 ParOldGen       total 94208K, used 85544K [0x0000000089600000, 0x000000008f200000, 0x00000000d8780000)
  object space 94208K, 90% used [0x0000000089600000,0x000000008e98a0a0,0x000000008f200000)
 Metaspace       used 28769K, capacity 29140K, committed 29696K, reserved 1075200K
  class space    used 3090K, capacity 3222K, committed 3328K, reserved 1048576K
Event: 11419.215 GC heap after
Heap after GC invocations=4927 (full 12):
 PSYoungGen      total 646656K, used 177K [0x00000000d8780000, 0x0000000100000000, 0x0000000100000000)
  eden space 645632K, 0% used [0x00000000d8780000,0x00000000d8780000,0x00000000ffe00000)
  from space 1024K, 17% used [0x00000000ffe00000,0x00000000ffe2c6f0,0x00000000fff00000)
  to   space 1024K, 0% used [0x00000000fff00000,0x00000000fff00000,0x0000000100000000)
 ParOldGen       total 94208K, used 85616K [0x0000000089600000, 0x000000008f200000, 0x00000000d8780000)
  object space 94208K, 90% used [0x0000000089600000,0x000000008e99c0a0,0x000000008f200000)
 Metaspace       used 28769K, capacity 29140K, committed 29696K, reserved 1075200K
  class space    used 3090K, capacity 3222K, committed 3328K, reserved 1048576K
}
Event: 11421.042 GC heap before
{Heap before GC invocations=4928 (full 12):
 PSYoungGen      total 646656K, used 645809K [0x00000000d8780000, 0x0000000100000000, 0x0000000100000000)
  eden space 645632K, 100% used [0x00000000d8780000,0x00000000ffe00000,0x00000000ffe00000)
  from space 1024K, 17% used [0x00000000ffe00000,0x00000000ffe2c6f0,0x00000000fff00000)
  to   space 1024K, 0% used [0x00000000fff00000,0x00000000fff00000,0x0000000100000000)
 ParOldGen       total 94208K, used 85616K [0x0000000089600000, 0x000000008f200000, 0x00000000d8780000)
  object space 94208K, 90% used [0x0000000089600000,0x000000008e99c0a0,0x000000008f200000)
 Metaspace       used 28769K, capacity 29140K, committed 29696K, reserved 1075200K
  class space    used 3090K, capacity 3222K, committed 3328K, reserved 1048576K
Event: 11421.104 GC heap after
Heap after GC invocations=4928 (full 12):
 PSYoungGen      total 646656K, used 192K [0x00000000d8780000, 0x0000000100000000, 0x0000000100000000)
  eden space 645632K, 0% used [0x00000000d8780000,0x00000000d8780000,0x00000000ffe00000)
  from space 1024K, 18% used [0x00000000fff00000,0x00000000fff30000,0x0000000100000000)
  to   space 1024K, 0% used [0x00000000ffe00000,0x00000000ffe00000,0x00000000fff00000)
 ParOldGen       total 94208K, used 85672K [0x0000000089600000, 0x000000008f200000, 0x00000000d8780000)
  object space 94208K, 90% used [0x0000000089600000,0x000000008e9aa0a0,0x000000008f200000)
 Metaspace       used 28769K, capacity 29140K, committed 29696K, reserved 1075200K
  class space    used 3090K, capacity 3222K, committed 3328K, reserved 1048576K
}
Event: 11423.005 GC heap before
{Heap before GC invocations=4929 (full 12):
 PSYoungGen      total 646656K, used 645824K [0x00000000d8780000, 0x0000000100000000, 0x0000000100000000)
  eden space 645632K, 100% used [0x00000000d8780000,0x00000000ffe00000,0x00000000ffe00000)
  from space 1024K, 18% used [0x00000000fff00000,0x00000000fff30000,0x0000000100000000)
  to   space 1024K, 0% used [0x00000000ffe00000,0x00000000ffe00000,0x00000000fff00000)
 ParOldGen       total 94208K, used 85672K [0x0000000089600000, 0x000000008f200000, 0x00000000d8780000)
  object space 94208K, 90% used [0x0000000089600000,0x000000008e9aa0a0,0x000000008f200000)
 Metaspace       used 28769K, capacity 29140K, committed 29696K, reserved 1075200K
  class space    used 3090K, capacity 3222K, committed 3328K, reserved 1048576K
Event: 11423.067 GC heap after
Heap after GC invocations=4929 (full 12):
 PSYoungGen      total 646656K, used 273K [0x00000000d8780000, 0x0000000100000000, 0x0000000100000000)
  eden space 645632K, 0% used [0x00000000d8780000,0x00000000d8780000,0x00000000ffe00000)
  from space 1024K, 26% used [0x00000000ffe00000,0x00000000ffe446f0,0x00000000fff00000)
  to   space 1024K, 0% used [0x00000000fff00000,0x00000000fff00000,0x0000000100000000)
 ParOldGen       total 94208K, used 85728K [0x0000000089600000, 0x000000008f200000, 0x00000000d8780000)
  object space 94208K, 90% used [0x0000000089600000,0x000000008e9b80a0,0x000000008f200000)
 Metaspace       used 28769K, capacity 29140K, committed 29696K, reserved 1075200K
  class space    used 3090K, capacity 3222K, committed 3328K, reserved 1048576K
}
Event: 11424.705 GC heap before
{Heap before GC invocations=4930 (full 12):
 PSYoungGen      total 646656K, used 645905K [0x00000000d8780000, 0x0000000100000000, 0x0000000100000000)
  eden space 645632K, 100% used [0x00000000d8780000,0x00000000ffe00000,0x00000000ffe00000)
  from space 1024K, 26% used [0x00000000ffe00000,0x00000000ffe446f0,0x00000000fff00000)
  to   space 1024K, 0% used [0x00000000fff00000,0x00000000fff00000,0x0000000100000000)
 ParOldGen       total 94208K, used 85728K [0x0000000089600000, 0x000000008f200000, 0x00000000d8780000)
  object space 94208K, 90% used [0x0000000089600000,0x000000008e9b80a0,0x000000008f200000)
 Metaspace       used 28769K, capacity 29140K, committed 29696K, reserved 1075200K
  class space    used 3090K, capacity 3222K, committed 3328K, reserved 1048576K
Event: 11424.776 GC heap after
Heap after GC invocations=4930 (full 12):
 PSYoungGen      total 646656K, used 160K [0x00000000d8780000, 0x0000000100000000, 0x0000000100000000)
  eden space 645632K, 0% used [0x00000000d8780000,0x00000000d8780000,0x00000000ffe00000)
  from space 1024K, 15% used [0x00000000fff00000,0x00000000fff28000,0x0000000100000000)
  to   space 1024K, 0% used [0x00000000ffe00000,0x00000000ffe00000,0x00000000fff00000)
 ParOldGen       total 94208K, used 85854K [0x0000000089600000, 0x000000008f200000, 0x00000000d8780000)
  object space 94208K, 91% used [0x0000000089600000,0x000000008e9d78c0,0x000000008f200000)
 Metaspace       used 28769K, capacity 29140K, committed 29696K, reserved 1075200K
  class space    used 3090K, capacity 3222K, committed 3328K, reserved 1048576K
}
Event: 11426.438 GC heap before
{Heap before GC invocations=4931 (full 12):
 PSYoungGen      total 646656K, used 645792K [0x00000000d8780000, 0x0000000100000000, 0x0000000100000000)
  eden space 645632K, 100% used [0x00000000d8780000,0x00000000ffe00000,0x00000000ffe00000)
  from space 1024K, 15% used [0x00000000fff00000,0x00000000fff28000,0x0000000100000000)
  to   space 1024K, 0% used [0x00000000ffe00000,0x00000000ffe00000,0x00000000fff00000)
 ParOldGen       total 94208K, used 85854K [0x0000000089600000, 0x000000008f200000, 0x00000000d8780000)
  object space 94208K, 91% used [0x0000000089600000,0x000000008e9d78c0,0x000000008f200000)
 Metaspace       used 28769K, capacity 29140K, committed 29696K, reserved 1075200K
  class space    used 3090K, capacity 3222K, committed 3328K, reserved 1048576K
Event: 11426.502 GC heap after
Heap after GC invocations=4931 (full 12):
 PSYoungGen      total 646656K, used 160K [0x00000000d8780000, 0x0000000100000000, 0x0000000100000000)
  eden space 645632K, 0% used [0x00000000d8780000,0x00000000d8780000,0x00000000ffe00000)
  from space 1024K, 15% used [0x00000000ffe00000,0x00000000ffe28000,0x00000000fff00000)
  to   space 1024K, 0% used [0x00000000fff00000,0x00000000fff00000,0x0000000100000000)
 ParOldGen       total 94208K, used 85910K [0x0000000089600000, 0x000000008f200000, 0x00000000d8780000)
  object space 94208K, 91% used [0x0000000089600000,0x000000008e9e58c0,0x000000008f200000)
 Metaspace       used 28769K, capacity 29140K, committed 29696K, reserved 1075200K
  class space    used 3090K, capacity 3222K, committed 3328K, reserved 1048576K
}
Event: 11428.243 GC heap before
{Heap before GC invocations=4932 (full 12):
 PSYoungGen      total 646656K, used 645792K [0x00000000d8780000, 0x0000000100000000, 0x0000000100000000)
  eden space 645632K, 100% used [0x00000000d8780000,0x00000000ffe00000,0x00000000ffe00000)
  from space 1024K, 15% used [0x00000000ffe00000,0x00000000ffe28000,0x00000000fff00000)
  to   space 1024K, 0% used [0x00000000fff00000,0x00000000fff00000,0x0000000100000000)
 ParOldGen       total 94208K, used 85910K [0x0000000089600000, 0x000000008f200000, 0x00000000d8780000)
  object space 94208K, 91% used [0x0000000089600000,0x000000008e9e58c0,0x000000008f200000)
 Metaspace       used 28769K, capacity 29140K, committed 29696K, reserved 1075200K
  class space    used 3090K, capacity 3222K, committed 3328K, reserved 1048576K
Event: 11428.333 GC heap after
Heap after GC invocations=4932 (full 12):
 PSYoungGen      total 646656K, used 273K [0x00000000d8780000, 0x0000000100000000, 0x0000000100000000)
  eden space 645632K, 0% used [0x00000000d8780000,0x00000000d8780000,0x00000000ffe00000)
  from space 1024K, 26% used [0x00000000fff00000,0x00000000fff446f8,0x0000000100000000)
  to   space 1024K, 0% used [0x00000000ffe00000,0x00000000ffe00000,0x00000000fff00000)
 ParOldGen       total 94208K, used 85982K [0x0000000089600000, 0x000000008f200000, 0x00000000d8780000)
  object space 94208K, 91% used [0x0000000089600000,0x000000008e9f78c0,0x000000008f200000)
 Metaspace       used 28769K, capacity 29140K, committed 29696K, reserved 1075200K
  class space    used 3090K, capacity 3222K, committed 3328K, reserved 1048576K
}
Event: 11430.046 GC heap before
{Heap before GC invocations=4933 (full 12):
 PSYoungGen      total 646656K, used 645905K [0x00000000d8780000, 0x0000000100000000, 0x0000000100000000)
  eden space 645632K, 100% used [0x00000000d8780000,0x00000000ffe00000,0x00000000ffe00000)
  from space 1024K, 26% used [0x00000000fff00000,0x00000000fff446f8,0x0000000100000000)
  to   space 1024K, 0% used [0x00000000ffe00000,0x00000000ffe00000,0x00000000fff00000)
 ParOldGen       total 94208K, used 85982K [0x0000000089600000, 0x000000008f200000, 0x00000000d8780000)
  object space 94208K, 91% used [0x0000000089600000,0x000000008e9f78c0,0x000000008f200000)
 Metaspace       used 28769K, capacity 29140K, committed 29696K, reserved 1075200K
  class space    used 3090K, capacity 3222K, committed 3328K, reserved 1048576K
Event: 11430.109 GC heap after
Heap after GC invocations=4933 (full 12):
 PSYoungGen      total 646656K, used 177K [0x00000000d8780000, 0x00000000fff80000, 0x0000000100000000)
  eden space 645632K, 0% used [0x00000000d8780000,0x00000000d8780000,0x00000000ffe00000)
  from space 1024K, 17% used [0x00000000ffe00000,0x00000000ffe2c6f8,0x00000000fff00000)
  to   space 512K, 0% used [0x00000000fff00000,0x00000000fff00000,0x00000000fff80000)
 ParOldGen       total 94208K, used 86134K [0x0000000089600000, 0x000000008f200000, 0x00000000d8780000)
  object space 94208K, 91% used [0x0000000089600000,0x000000008ea1d8c0,0x000000008f200000)
 Metaspace       used 28769K, capacity 29140K, committed 29696K, reserved 1075200K
  class space    used 3090K, capacity 3222K, committed 3328K, reserved 1048576K
}
Event: 11432.235 GC heap before
{Heap before GC invocations=4934 (full 12):
 PSYoungGen      total 646656K, used 645809K [0x00000000d8780000, 0x00000000fff80000, 0x0000000100000000)
  eden space 645632K, 100% used [0x00000000d8780000,0x00000000ffe00000,0x00000000ffe00000)
  from space 1024K, 17% used [0x00000000ffe00000,0x00000000ffe2c6f8,0x00000000fff00000)
  to   space 512K, 0% used [0x00000000fff00000,0x00000000fff00000,0x00000000fff80000)
 ParOldGen       total 94208K, used 86134K [0x0000000089600000, 0x000000008f200000, 0x00000000d8780000)
  object space 94208K, 91% used [0x0000000089600000,0x000000008ea1d8c0,0x000000008f200000)
 Metaspace       used 28780K, capacity 29204K, committed 29696K, reserved 1075200K
  class space    used 3090K, capacity 3222K, committed 3328K, reserved 1048576K
Event: 11432.328 GC heap after
Heap after GC invocations=4934 (full 12):
 PSYoungGen      total 644096K, used 512K [0x00000000d8780000, 0x0000000100000000, 0x0000000100000000)
  eden space 643584K, 0% used [0x00000000d8780000,0x00000000d8780000,0x00000000ffc00000)
  from space 512K, 100% used [0x00000000fff00000,0x00000000fff80000,0x00000000fff80000)
  to   space 2048K, 0% used [0x00000000ffc00000,0x00000000ffc00000,0x00000000ffe00000)
 ParOldGen       total 94208K, used 90038K [0x0000000089600000, 0x000000008f200000, 0x00000000d8780000)
  object space 94208K, 95% used [0x0000000089600000,0x000000008eded950,0x000000008f200000)
 Metaspace       used 28780K, capacity 29204K, committed 29696K, reserved 1075200K
  class space    used 3090K, capacity 3222K, committed 3328K, reserved 1048576K
}
Event: 11434.657 GC heap before
{Heap before GC invocations=4935 (full 12):
 PSYoungGen      total 644096K, used 644096K [0x00000000d8780000, 0x0000000100000000, 0x0000000100000000)
  eden space 643584K, 100% used [0x00000000d8780000,0x00000000ffc00000,0x00000000ffc00000)
  from space 512K, 100% used [0x00000000fff00000,0x00000000fff80000,0x00000000fff80000)
  to   space 2048K, 0% used [0x00000000ffc00000,0x00000000ffc00000,0x00000000ffe00000)
 ParOldGen       total 94208K, used 90038K [0x0000000089600000, 0x000000008f200000, 0x00000000d8780000)
  object space 94208K, 95% used [0x0000000089600000,0x000000008eded950,0x000000008f200000)
 Metaspace       used 28780K, capacity 29204K, committed 29696K, reserved 1075200K
  class space    used 3090K, capacity 3222K, committed 3328K, reserved 1048576K
Event: 11434.741 GC heap after
Heap after GC invocations=4935 (full 12):
 PSYoungGen      total 645632K, used 224K [0x00000000d8780000, 0x0000000100000000, 0x0000000100000000)
  eden space 643584K, 0% used [0x00000000d8780000,0x00000000d8780000,0x00000000ffc00000)
  from space 2048K, 10% used [0x00000000ffc00000,0x00000000ffc38000,0x00000000ffe00000)
  to   space 2048K, 0% used [0x00000000ffe00000,0x00000000ffe00000,0x0000000100000000)
 ParOldGen       total 94208K, used 90526K [0x0000000089600000, 0x000000008f200000, 0x00000000d8780000)
  object space 94208K, 96% used [0x0000000089600000,0x000000008ee67950,0x000000008f200000)
 Metaspace       used 28780K, capacity 29204K, committed 29696K, reserved 1075200K
  class space    used 3090K, capacity 3222K, committed 3328K, reserved 1048576K
}
Event: 11436.927 GC heap before
{Heap before GC invocations=4936 (full 12):
 PSYoungGen      total 645632K, used 643808K [0x00000000d8780000, 0x0000000100000000, 0x0000000100000000)
  eden space 643584K, 100% used [0x00000000d8780000,0x00000000ffc00000,0x00000000ffc00000)
  from space 2048K, 10% used [0x00000000ffc00000,0x00000000ffc38000,0x00000000ffe00000)
  to   space 2048K, 0% used [0x00000000ffe00000,0x00000000ffe00000,0x0000000100000000)
 ParOldGen       total 94208K, used 90526K [0x0000000089600000, 0x000000008f200000, 0x00000000d8780000)
  object space 94208K, 96% used [0x0000000089600000,0x000000008ee67950,0x000000008f200000)
 Metaspace       used 28780K, capacity 29204K, committed 29696K, reserved 1075200K
  class space    used 3090K, capacity 3222K, committed 3328K, reserved 1048576K
Event: 11436.990 GC heap after
Heap after GC invocations=4936 (full 12):
 PSYoungGen      total 645632K, used 224K [0x00000000d8780000, 0x0000000100000000, 0x0000000100000000)
  eden space 643584K, 0% used [0x00000000d8780000,0x00000000d8780000,0x00000000ffc00000)
  from space 2048K, 10% used [0x00000000ffe00000,0x00000000ffe38000,0x0000000100000000)
  to   space 2048K, 0% used [0x00000000ffc00000,0x00000000ffc00000,0x00000000ffe00000)
 ParOldGen       total 94208K, used 90646K [0x0000000089600000, 0x000000008f200000, 0x00000000d8780000)
  object space 94208K, 96% used [0x0000000089600000,0x000000008ee85950,0x000000008f200000)
 Metaspace       used 28780K, capacity 29204K, committed 29696K, reserved 1075200K
  class space    used 3090K, capacity 3222K, committed 3328K, reserved 1048576K
}
Event: 11439.220 GC heap before
{Heap before GC invocations=4937 (full 12):
 PSYoungGen      total 645632K, used 643808K [0x00000000d8780000, 0x0000000100000000, 0x0000000100000000)
  eden space 643584K, 100% used [0x00000000d8780000,0x00000000ffc00000,0x00000000ffc00000)
  from space 2048K, 10% used [0x00000000ffe00000,0x00000000ffe38000,0x0000000100000000)
  to   space 2048K, 0% used [0x00000000ffc00000,0x00000000ffc00000,0x00000000ffe00000)
 ParOldGen       total 94208K, used 90646K [0x0000000089600000, 0x000000008f200000, 0x00000000d8780000)
  object space 94208K, 96% used [0x0000000089600000,0x000000008ee85950,0x000000008f200000)
 Metaspace       used 28782K, capacity 29204K, committed 29696K, reserved 1075200K
  class space    used 3090K, capacity 3222K, committed 3328K, reserved 1048576K
Event: 11439.295 GC heap after
Heap after GC invocations=4937 (full 12):
 PSYoungGen      total 645632K, used 386K [0x00000000d8780000, 0x0000000100000000, 0x0000000100000000)
  eden space 643584K, 0% used [0x00000000d8780000,0x00000000d8780000,0x00000000ffc00000)
  from space 2048K, 18% used [0x00000000ffc00000,0x00000000ffc60b80,0x00000000ffe00000)
  to   space 2048K, 0% used [0x00000000ffe00000,0x00000000ffe00000,0x0000000100000000)
 ParOldGen       total 94208K, used 90766K [0x0000000089600000, 0x000000008f200000, 0x00000000d8780000)
  object space 94208K, 96% used [0x0000000089600000,0x000000008eea3950,0x000000008f200000)
 Metaspace       used 28782K, capacity 29204K, committed 29696K, reserved 1075200K
  class space    used 3090K, capacity 3222K, committed 3328K, reserved 1048576K
}
Event: 11441.544 GC heap before
{Heap before GC invocations=4938 (full 12):
 PSYoungGen      total 645632K, used 643970K [0x00000000d8780000, 0x0000000100000000, 0x0000000100000000)
  eden space 643584K, 100% used [0x00000000d8780000,0x00000000ffc00000,0x00000000ffc00000)
  from space 2048K, 18% used [0x00000000ffc00000,0x00000000ffc60b80,0x00000000ffe00000)
  to   space 2048K, 0% used [0x00000000ffe00000,0x00000000ffe00000,0x0000000100000000)
 ParOldGen       total 94208K, used 90766K [0x0000000089600000, 0x000000008f200000, 0x00000000d8780000)
  object space 94208K, 96% used [0x0000000089600000,0x000000008eea3950,0x000000008f200000)
 Metaspace       used 28790K, capacity 29204K, committed 29696K, reserved 1075200K
  class space    used 3090K, capacity 3222K, committed 3328K, reserved 1048576K
Event: 11441.608 GC heap after
Heap after GC invocations=4938 (full 12):
 PSYoungGen      total 645632K, used 320K [0x00000000d8780000, 0x0000000100000000, 0x0000000100000000)
  eden space 643584K, 0% used [0x00000000d8780000,0x00000000d8780000,0x00000000ffc00000)
  from space 2048K, 15% used [0x00000000ffe00000,0x00000000ffe50000,0x0000000100000000)
  to   space 2048K, 0% used [0x00000000ffc00000,0x00000000ffc00000,0x00000000ffe00000)
 ParOldGen       total 94208K, used 90911K [0x0000000089600000, 0x000000008f200000, 0x00000000d8780000)
  object space 94208K, 96% used [0x0000000089600000,0x000000008eec7f10,0x000000008f200000)
 Metaspace       used 28790K, capacity 29204K, committed 29696K, reserved 1075200K
  class space    used 3090K, capacity 3222K, committed 3328K, reserved 1048576K
}
Event: 11443.778 GC heap before
{Heap before GC invocations=4939 (full 12):
 PSYoungGen      total 645632K, used 643904K [0x00000000d8780000, 0x0000000100000000, 0x0000000100000000)
  eden space 643584K, 100% used [0x00000000d8780000,0x00000000ffc00000,0x00000000ffc00000)
  from space 2048K, 15% used [0x00000000ffe00000,0x00000000ffe50000,0x0000000100000000)
  to   space 2048K, 0% used [0x00000000ffc00000,0x00000000ffc00000,0x00000000ffe00000)
 ParOldGen       total 94208K, used 90911K [0x0000000089600000, 0x000000008f200000, 0x00000000d8780000)
  object space 94208K, 96% used [0x0000000089600000,0x000000008eec7f10,0x000000008f200000)
 Metaspace       used 28798K, capacity 29204K, committed 29696K, reserved 1075200K
  class space    used 3090K, capacity 3222K, committed 3328K, reserved 1048576K
Event: 11443.843 GC heap after
Heap after GC invocations=4939 (full 12):
 PSYoungGen      total 645632K, used 160K [0x00000000d8780000, 0x0000000100000000, 0x0000000100000000)
  eden space 643584K, 0% used [0x00000000d8780000,0x00000000d8780000,0x00000000ffc00000)
  from space 2048K, 7% used [0x00000000ffc00000,0x00000000ffc28000,0x00000000ffe00000)
  to   space 2048K, 0% used [0x00000000ffe00000,0x00000000ffe00000,0x0000000100000000)
 ParOldGen       total 94208K, used 91119K [0x0000000089600000, 0x000000008f200000, 0x00000000d8780000)
  object space 94208K, 96% used [0x0000000089600000,0x000000008eefbf10,0x000000008f200000)
 Metaspace       used 28798K, capacity 29204K, committed 29696K, reserved 1075200K
  class space    used 3090K, capacity 3222K, committed 3328K, reserved 1048576K
}
Event: 11446.037 GC heap before
{Heap before GC invocations=4940 (full 12):
 PSYoungGen      total 645632K, used 643744K [0x00000000d8780000, 0x0000000100000000, 0x0000000100000000)
  eden space 643584K, 100% used [0x00000000d8780000,0x00000000ffc00000,0x00000000ffc00000)
  from space 2048K, 7% used [0x00000000ffc00000,0x00000000ffc28000,0x00000000ffe00000)
  to   space 2048K, 0% used [0x00000000ffe00000,0x00000000ffe00000,0x0000000100000000)
 ParOldGen       total 94208K, used 91119K [0x0000000089600000, 0x000000008f200000, 0x00000000d8780000)
  object space 94208K, 96% used [0x0000000089600000,0x000000008eefbf10,0x000000008f200000)
 Metaspace       used 28798K, capacity 29204K, committed 29696K, reserved 1075200K
  class space    used 3090K, capacity 3222K, committed 3328K, reserved 1048576K
Event: 11446.136 GC heap after
Heap after GC invocations=4940 (full 12):
 PSYoungGen      total 645632K, used 128K [0x00000000d8780000, 0x0000000100000000, 0x0000000100000000)
  eden space 643584K, 0% used [0x00000000d8780000,0x00000000d8780000,0x00000000ffc00000)
  from space 2048K, 6% used [0x00000000ffe00000,0x00000000ffe20000,0x0000000100000000)
  to   space 2048K, 0% used [0x00000000ffc00000,0x00000000ffc00000,0x00000000ffe00000)
 ParOldGen       total 94208K, used 91199K [0x0000000089600000, 0x000000008f200000, 0x00000000d8780000)
  object space 94208K, 96% used [0x0000000089600000,0x000000008ef0ff10,0x000000008f200000)
 Metaspace       used 28798K, capacity 29204K, committed 29696K, reserved 1075200K
  class space    used 3090K, capacity 3222K, committed 3328K, reserved 1048576K
}
Event: 11448.340 GC heap before
{Heap before GC invocations=4941 (full 12):
 PSYoungGen      total 645632K, used 643712K [0x00000000d8780000, 0x0000000100000000, 0x0000000100000000)
  eden space 643584K, 100% used [0x00000000d8780000,0x00000000ffc00000,0x00000000ffc00000)
  from space 2048K, 6% used [0x00000000ffe00000,0x00000000ffe20000,0x0000000100000000)
  to   space 2048K, 0% used [0x00000000ffc00000,0x00000000ffc00000,0x00000000ffe00000)
 ParOldGen       total 94208K, used 91199K [0x0000000089600000, 0x000000008f200000, 0x00000000d8780000)
  object space 94208K, 96% used [0x0000000089600000,0x000000008ef0ff10,0x000000008f200000)
 Metaspace       used 28799K, capacity 29204K, committed 29696K, reserved 1075200K
  class space    used 3090K, capacity 3222K, committed 3328K, reserved 1048576K
Event: 11448.408 GC heap after
Heap after GC invocations=4941 (full 12):
 PSYoungGen      total 644096K, used 209K [0x00000000d8780000, 0x00000000fff00000, 0x0000000100000000)
  eden space 643584K, 0% used [0x00000000d8780000,0x00000000d8780000,0x00000000ffc00000)
  from space 512K, 40% used [0x00000000ffc00000,0x00000000ffc346f0,0x00000000ffc80000)
  to   space 1536K, 0% used [0x00000000ffd80000,0x00000000ffd80000,0x00000000fff00000)
 ParOldGen       total 94208K, used 91263K [0x0000000089600000, 0x000000008f200000, 0x00000000d8780000)
  object space 94208K, 96% used [0x0000000089600000,0x000000008ef1ff10,0x000000008f200000)
 Metaspace       used 28799K, capacity 29204K, committed 29696K, reserved 1075200K
  class space    used 3090K, capacity 3222K, committed 3328K, reserved 1048576K
}
Event: 11450.573 GC heap before
{Heap before GC invocations=4942 (full 12):
 PSYoungGen      total 644096K, used 643793K [0x00000000d8780000, 0x00000000fff00000, 0x0000000100000000)
  eden space 643584K, 100% used [0x00000000d8780000,0x00000000ffc00000,0x00000000ffc00000)
  from space 512K, 40% used [0x00000000ffc00000,0x00000000ffc346f0,0x00000000ffc80000)
  to   space 1536K, 0% used [0x00000000ffd80000,0x00000000ffd80000,0x00000000fff00000)
 ParOldGen       total 94208K, used 91263K [0x0000000089600000, 0x000000008f200000, 0x00000000d8780000)
  object space 94208K, 96% used [0x0000000089600000,0x000000008ef1ff10,0x000000008f200000)
 Metaspace       used 28799K, capacity 29204K, committed 29696K, reserved 1075200K
  class space    used 3090K, capacity 3222K, committed 3328K, reserved 1048576K
Event: 11450.661 GC heap after
Heap after GC invocations=4942 (full 12):
 PSYoungGen      total 645120K, used 322K [0x00000000d8780000, 0x0000000100000000, 0x0000000100000000)
  eden space 643584K, 0% used [0x00000000d8780000,0x00000000d8780000,0x00000000ffc00000)
  from space 1536K, 21% used [0x00000000ffd80000,0x00000000ffdd0b80,0x00000000fff00000)
  to   space 1536K, 0% used [0x00000000ffc00000,0x00000000ffc00000,0x00000000ffd80000)
 ParOldGen       total 94208K, used 91327K [0x0000000089600000, 0x000000008f200000, 0x00000000d8780000)
  object space 94208K, 96% used [0x0000000089600000,0x000000008ef2ff10,0x000000008f200000)
 Metaspace       used 28799K, capacity 29204K, committed 29696K, reserved 1075200K
  class space    used 3090K, capacity 3222K, committed 3328K, reserved 1048576K
}
Event: 11452.870 GC heap before
{Heap before GC invocations=4943 (full 12):
 PSYoungGen      total 645120K, used 643906K [0x00000000d8780000, 0x0000000100000000, 0x0000000100000000)
  eden space 643584K, 100% used [0x00000000d8780000,0x00000000ffc00000,0x00000000ffc00000)
  from space 1536K, 21% used [0x00000000ffd80000,0x00000000ffdd0b80,0x00000000fff00000)
  to   space 1536K, 0% used [0x00000000ffc00000,0x00000000ffc00000,0x00000000ffd80000)
 ParOldGen       total 94208K, used 91327K [0x0000000089600000, 0x000000008f200000, 0x00000000d8780000)
  object space 94208K, 96% used [0x0000000089600000,0x000000008ef2ff10,0x000000008f200000)
 Metaspace       used 28799K, capacity 29204K, committed 29696K, reserved 1075200K
  class space    used 3090K, capacity 3222K, committed 3328K, reserved 1048576K
Event: 11452.956 GC heap after
Heap after GC invocations=4943 (full 12):
 PSYoungGen      total 645120K, used 256K [0x00000000d8780000, 0x0000000100000000, 0x0000000100000000)
  eden space 643584K, 0% used [0x00000000d8780000,0x00000000d8780000,0x00000000ffc00000)
  from space 1536K, 16% used [0x00000000ffc00000,0x00000000ffc40000,0x00000000ffd80000)
  to   space 1536K, 0% used [0x00000000ffe80000,0x00000000ffe80000,0x0000000100000000)
 ParOldGen       total 94208K, used 91481K [0x0000000089600000, 0x000000008f200000, 0x00000000d8780000)
  object space 94208K, 97% used [0x0000000089600000,0x000000008ef564d0,0x000000008f200000)
 Metaspace       used 28799K, capacity 29204K, committed 29696K, reserved 1075200K
  class space    used 3090K, capacity 3222K, committed 3328K, reserved 1048576K
}
Event: 11455.025 GC heap before
{Heap before GC invocations=4944 (full 12):
 PSYoungGen      total 645120K, used 643840K [0x00000000d8780000, 0x0000000100000000, 0x0000000100000000)
  eden space 643584K, 100% used [0x00000000d8780000,0x00000000ffc00000,0x00000000ffc00000)
  from space 1536K, 16% used [0x00000000ffc00000,0x00000000ffc40000,0x00000000ffd80000)
  to   space 1536K, 0% used [0x00000000ffe80000,0x00000000ffe80000,0x0000000100000000)
 ParOldGen       total 94208K, used 91481K [0x0000000089600000, 0x000000008f200000, 0x00000000d8780000)
  object space 94208K, 97% used [0x0000000089600000,0x000000008ef564d0,0x000000008f200000)
 Metaspace       used 28799K, capacity 29204K, committed 29696K, reserved 1075200K
  class space    used 3090K, capacity 3222K, committed 3328K, reserved 1048576K
Event: 11455.105 GC heap after
Heap after GC invocations=4944 (full 12):
 PSYoungGen      total 646144K, used 192K [0x00000000d8780000, 0x0000000100000000, 0x0000000100000000)
  eden space 644608K, 0% used [0x00000000d8780000,0x00000000d8780000,0x00000000ffd00000)
  from space 1536K, 12% used [0x00000000ffe80000,0x00000000ffeb0000,0x0000000100000000)
  to   space 1536K, 0% used [0x00000000ffd00000,0x00000000ffd00000,0x00000000ffe80000)
 ParOldGen       total 94208K, used 91601K [0x0000000089600000, 0x000000008f200000, 0x00000000d8780000)
  object space 94208K, 97% used [0x0000000089600000,0x000000008ef744d0,0x000000008f200000)
 Metaspace       used 28799K, capacity 29204K, committed 29696K, reserved 1075200K
  class space    used 3090K, capacity 3222K, committed 3328K, reserved 1048576K
}
Event: 11457.169 GC heap before
{Heap before GC invocations=4945 (full 12):
 PSYoungGen      total 646144K, used 644800K [0x00000000d8780000, 0x0000000100000000, 0x0000000100000000)
  eden space 644608K, 100% used [0x00000000d8780000,0x00000000ffd00000,0x00000000ffd00000)
  from space 1536K, 12% used [0x00000000ffe80000,0x00000000ffeb0000,0x0000000100000000)
  to   space 1536K, 0% used [0x00000000ffd00000,0x00000000ffd00000,0x00000000ffe80000)
 ParOldGen       total 94208K, used 91601K [0x0000000089600000, 0x000000008f200000, 0x00000000d8780000)
  object space 94208K, 97% used [0x0000000089600000,0x000000008ef744d0,0x000000008f200000)
 Metaspace       used 28799K, capacity 29204K, committed 29696K, reserved 1075200K
  class space    used 3090K, capacity 3222K, committed 3328K, reserved 1048576K
Event: 11457.236 GC heap after
Heap after GC invocations=4945 (full 12):
 PSYoungGen      total 646144K, used 209K [0x00000000d8780000, 0x0000000100000000, 0x0000000100000000)
  eden space 644608K, 0% used [0x00000000d8780000,0x00000000d8780000,0x00000000ffd00000)
  from space 1536K, 13% used [0x00000000ffd00000,0x00000000ffd346f8,0x00000000ffe80000)
  to   space 1536K, 0% used [0x00000000ffe80000,0x00000000ffe80000,0x0000000100000000)
 ParOldGen       total 94208K, used 91721K [0x0000000089600000, 0x000000008f200000, 0x00000000d8780000)
  object space 94208K, 97% used [0x0000000089600000,0x000000008ef924d0,0x000000008f200000)
 Metaspace       used 28799K, capacity 29204K, committed 29696K, reserved 1075200K
  class space    used 3090K, capacity 3222K, committed 3328K, reserved 1048576K
}
Event: 11459.308 GC heap before
{Heap before GC invocations=4946 (full 12):
 PSYoungGen      total 646144K, used 644817K [0x00000000d8780000, 0x0000000100000000, 0x0000000100000000)
  eden space 644608K, 100% used [0x00000000d8780000,0x00000000ffd00000,0x00000000ffd00000)
  from space 1536K, 13% used [0x00000000ffd00000,0x00000000ffd346f8,0x00000000ffe80000)
  to   space 1536K, 0% used [0x00000000ffe80000,0x00000000ffe80000,0x0000000100000000)
 ParOldGen       total 94208K, used 91721K [0x0000000089600000, 0x000000008f200000, 0x00000000d8780000)
  object space 94208K, 97% used [0x0000000089600000,0x000000008ef924d0,0x000000008f200000)
 Metaspace       used 28799K, capacity 29204K, committed 29696K, reserved 1075200K
  class space    used 3090K, capacity 3222K, committed 3328K, reserved 1048576K
Event: 11459.392 GC heap after
Heap after GC invocations=4946 (full 12):
 PSYoungGen      total 646144K, used 160K [0x00000000d8780000, 0x0000000100000000, 0x0000000100000000)
  eden space 644608K, 0% used [0x00000000d8780000,0x00000000d8780000,0x00000000ffd00000)
  from space 1536K, 10% used [0x00000000ffe80000,0x00000000ffea8000,0x0000000100000000)
  to   space 1536K, 0% used [0x00000000ffd00000,0x00000000ffd00000,0x00000000ffe80000)
 ParOldGen       total 94208K, used 91769K [0x0000000089600000, 0x000000008f200000, 0x00000000d8780000)
  object space 94208K, 97% used [0x0000000089600000,0x000000008ef9e4d0,0x000000008f200000)
 Metaspace       used 28799K, capacity 29204K, committed 29696K, reserved 1075200K
  class space    used 3090K, capacity 3222K, committed 3328K, reserved 1048576K
}
Event: 11461.461 GC heap before
{Heap before GC invocations=4947 (full 12):
 PSYoungGen      total 646144K, used 644768K [0x00000000d8780000, 0x0000000100000000, 0x0000000100000000)
  eden space 644608K, 100% used [0x00000000d8780000,0x00000000ffd00000,0x00000000ffd00000)
  from space 1536K, 10% used [0x00000000ffe80000,0x00000000ffea8000,0x0000000100000000)
  to   space 1536K, 0% used [0x00000000ffd00000,0x00000000ffd00000,0x00000000ffe80000)
 ParOldGen       total 94208K, used 91769K [0x0000000089600000, 0x000000008f200000, 0x00000000d8780000)
  object space 94208K, 97% used [0x0000000089600000,0x000000008ef9e4d0,0x000000008f200000)
 Metaspace       used 28799K, capacity 29204K, committed 29696K, reserved 1075200K
  class space    used 3090K, capacity 3222K, committed 3328K, reserved 1048576K
Event: 11461.537 GC heap after
Heap after GC invocations=4947 (full 12):
 PSYoungGen      total 646144K, used 128K [0x00000000d8780000, 0x0000000100000000, 0x0000000100000000)
  eden space 644608K, 0% used [0x00000000d8780000,0x00000000d8780000,0x00000000ffd00000)
  from space 1536K, 8% used [0x00000000ffd00000,0x00000000ffd20000,0x00000000ffe80000)
  to   space 1536K, 0% used [0x00000000ffe80000,0x00000000ffe80000,0x0000000100000000)
 ParOldGen       total 94208K, used 91817K [0x0000000089600000, 0x000000008f200000, 0x00000000d8780000)
  object space 94208K, 97% used [0x0000000089600000,0x000000008efaa4d0,0x000000008f200000)
 Metaspace       used 28799K, capacity 29204K, committed 29696K, reserved 1075200K
  class space    used 3090K, capacity 3222K, committed 3328K, reserved 1048576K
}
Event: 11463.604 GC heap before
{Heap before GC invocations=4948 (full 12):
 PSYoungGen      total 646144K, used 644736K [0x00000000d8780000, 0x0000000100000000, 0x0000000100000000)
  eden space 644608K, 100% used [0x00000000d8780000,0x00000000ffd00000,0x00000000ffd00000)
  from space 1536K, 8% used [0x00000000ffd00000,0x00000000ffd20000,0x00000000ffe80000)
  to   space 1536K, 0% used [0x00000000ffe80000,0x00000000ffe80000,0x0000000100000000)
 ParOldGen       total 94208K, used 91817K [0x0000000089600000, 0x000000008f200000, 0x00000000d8780000)
  object space 94208K, 97% used [0x0000000089600000,0x000000008efaa4d0,0x000000008f200000)
 Metaspace       used 28799K, capacity 29204K, committed 29696K, reserved 1075200K
  class space    used 3090K, capacity 3222K, committed 3328K, reserved 1048576K
Event: 11463.693 GC heap after
Heap after GC invocations=4948 (full 12):
 PSYoungGen      total 646144K, used 177K [0x00000000d8780000, 0x0000000100000000, 0x0000000100000000)
  eden space 644608K, 0% used [0x00000000d8780000,0x00000000d8780000,0x00000000ffd00000)
  from space 1536K, 11% used [0x00000000ffe80000,0x00000000ffeac6f0,0x0000000100000000)
  to   space 1536K, 0% used [0x00000000ffd00000,0x00000000ffd00000,0x00000000ffe80000)
 ParOldGen       total 94208K, used 91865K [0x0000000089600000, 0x000000008f200000, 0x00000000d8780000)
  object space 94208K, 97% used [0x0000000089600000,0x000000008efb64d0,0x000000008f200000)
 Metaspace       used 28799K, capacity 29204K, committed 29696K, reserved 1075200K
  class space    used 3090K, capacity 3222K, committed 3328K, reserved 1048576K
}
Event: 11465.752 GC heap before
{Heap before GC invocations=4949 (full 12):
 PSYoungGen      total 646144K, used 644785K [0x00000000d8780000, 0x0000000100000000, 0x0000000100000000)
  eden space 644608K, 100% used [0x00000000d8780000,0x00000000ffd00000,0x00000000ffd00000)
  from space 1536K, 11% used [0x00000000ffe80000,0x00000000ffeac6f0,0x0000000100000000)
  to   space 1536K, 0% used [0x00000000ffd00000,0x00000000ffd00000,0x00000000ffe80000)
 ParOldGen       total 94208K, used 91865K [0x0000000089600000, 0x000000008f200000, 0x00000000d8780000)
  object space 94208K, 97% used [0x0000000089600000,0x000000008efb64d0,0x000000008f200000)
 Metaspace       used 28799K, capacity 29204K, committed 29696K, reserved 1075200K
  class space    used 3090K, capacity 3222K, committed 3328K, reserved 1048576K
Event: 11465.815 GC heap after
Heap after GC invocations=4949 (full 12):
 PSYoungGen      total 645120K, used 160K [0x00000000d8780000, 0x00000000fff00000, 0x0000000100000000)
  eden space 644608K, 0% used [0x00000000d8780000,0x00000000d8780000,0x00000000ffd00000)
  from space 512K, 31% used [0x00000000ffd00000,0x00000000ffd28000,0x00000000ffd80000)
  to   space 1024K, 0% used [0x00000000ffe00000,0x00000000ffe00000,0x00000000fff00000)
 ParOldGen       total 94208K, used 91913K [0x0000000089600000, 0x000000008f200000, 0x00000000d8780000)
  object space 94208K, 97% used [0x0000000089600000,0x000000008efc24d0,0x000000008f200000)
 Metaspace       used 28799K, capacity 29204K, committed 29696K, reserved 1075200K
  class space    used 3090K, capacity 3222K, committed 3328K, reserved 1048576K
}
Event: 11467.886 GC heap before
{Heap before GC invocations=4950 (full 12):
 PSYoungGen      total 645120K, used 644768K [0x00000000d8780000, 0x00000000fff00000, 0x0000000100000000)
  eden space 644608K, 100% used [0x00000000d8780000,0x00000000ffd00000,0x00000000ffd00000)
  from space 512K, 31% used [0x00000000ffd00000,0x00000000ffd28000,0x00000000ffd80000)
  to   space 1024K, 0% used [0x00000000ffe00000,0x00000000ffe00000,0x00000000fff00000)
 ParOldGen       total 94208K, used 91913K [0x0000000089600000, 0x000000008f200000, 0x00000000d8780000)
  object space 94208K, 97% used [0x0000000089600000,0x000000008efc24d0,0x000000008f200000)
 Metaspace       used 28799K, capacity 29204K, committed 29696K, reserved 1075200K
  class space    used 3090K, capacity 3222K, committed 3328K, reserved 1048576K
Event: 11467.945 GC heap after
Heap after GC invocations=4950 (full 12):
 PSYoungGen      total 645632K, used 128K [0x00000000d8780000, 0x0000000100000000, 0x0000000100000000)
  eden space 644608K, 0% used [0x00000000d8780000,0x00000000d8780000,0x00000000ffd00000)
  from space 1024K, 12% used [0x00000000ffe00000,0x00000000ffe20000,0x00000000fff00000)
  to   space 1024K, 0% used [0x00000000ffd00000,0x00000000ffd00000,0x00000000ffe00000)
 ParOldGen       total 94208K, used 91961K [0x0000000089600000, 0x000000008f200000, 0x00000000d8780000)
  object space 94208K, 97% used [0x0000000089600000,0x000000008efce4d0,0x000000008f200000)
 Metaspace       used 28799K, capacity 29204K, committed 29696K, reserved 1075200K
  class space    used 3090K, capacity 3222K, committed 3328K, reserved 1048576K
}
Event: 11470.010 GC heap before
{Heap before GC invocations=4951 (full 12):
 PSYoungGen      total 645632K, used 644736K [0x00000000d8780000, 0x0000000100000000, 0x0000000100000000)
  eden space 644608K, 100% used [0x00000000d8780000,0x00000000ffd00000,0x00000000ffd00000)
  from space 1024K, 12% used [0x00000000ffe00000,0x00000000ffe20000,0x00000000fff00000)
  to   space 1024K, 0% used [0x00000000ffd00000,0x00000000ffd00000,0x00000000ffe00000)
 ParOldGen       total 94208K, used 91961K [0x0000000089600000, 0x000000008f200000, 0x00000000d8780000)
  object space 94208K, 97% used [0x0000000089600000,0x000000008efce4d0,0x000000008f200000)
 Metaspace       used 28799K, capacity 29204K, committed 29696K, reserved 1075200K
  class space    used 3090K, capacity 3222K, committed 3328K, reserved 1048576K
Event: 11470.092 GC heap after
Heap after GC invocations=4951 (full 12):
 PSYoungGen      total 645632K, used 160K [0x00000000d8780000, 0x0000000100000000, 0x0000000100000000)
  eden space 644608K, 0% used [0x00000000d8780000,0x00000000d8780000,0x00000000ffd00000)
  from space 1024K, 15% used [0x00000000ffd00000,0x00000000ffd28000,0x00000000ffe00000)
  to   space 1024K, 0% used [0x00000000fff00000,0x00000000fff00000,0x0000000100000000)
 ParOldGen       total 94208K, used 92009K [0x0000000089600000, 0x000000008f200000, 0x00000000d8780000)
  object space 94208K, 97% used [0x0000000089600000,0x000000008efda4d0,0x000000008f200000)
 Metaspace       used 28799K, capacity 29204K, committed 29696K, reserved 1075200K
  class space    used 3090K, capacity 3222K, committed 3328K, reserved 1048576K
}
Event: 11472.161 GC heap before
{Heap before GC invocations=4952 (full 12):
 PSYoungGen      total 645632K, used 644768K [0x00000000d8780000, 0x0000000100000000, 0x0000000100000000)
  eden space 644608K, 100% used [0x00000000d8780000,0x00000000ffd00000,0x00000000ffd00000)
  from space 1024K, 15% used [0x00000000ffd00000,0x00000000ffd28000,0x00000000ffe00000)
  to   space 1024K, 0% used [0x00000000fff00000,0x00000000fff00000,0x0000000100000000)
 ParOldGen       total 94208K, used 92009K [0x0000000089600000, 0x000000008f200000, 0x00000000d8780000)
  object space 94208K, 97% used [0x0000000089600000,0x000000008efda4d0,0x000000008f200000)
 Metaspace       used 28799K, capacity 29204K, committed 29696K, reserved 1075200K
  class space    used 3090K, capacity 3222K, committed 3328K, reserved 1048576K
Event: 11472.239 GC heap after
Heap after GC invocations=4952 (full 12):
 PSYoungGen      total 646656K, used 128K [0x00000000d8780000, 0x0000000100000000, 0x0000000100000000)
  eden space 645632K, 0% used [0x00000000d8780000,0x00000000d8780000,0x00000000ffe00000)
  from space 1024K, 12% used [0x00000000fff00000,0x00000000fff20000,0x0000000100000000)
  to   space 1024K, 0% used [0x00000000ffe00000,0x00000000ffe00000,0x00000000fff00000)
 ParOldGen       total 94208K, used 92057K [0x0000000089600000, 0x000000008f200000, 0x00000000d8780000)
  object space 94208K, 97% used [0x0000000089600000,0x000000008efe64d0,0x000000008f200000)
 Metaspace       used 28799K, capacity 29204K, committed 29696K, reserved 1075200K
  class space    used 3090K, capacity 3222K, committed 3328K, reserved 1048576K
}
Event: 11474.336 GC heap before
{Heap before GC invocations=4953 (full 12):
 PSYoungGen      total 646656K, used 645760K [0x00000000d8780000, 0x0000000100000000, 0x0000000100000000)
  eden space 645632K, 100% used [0x00000000d8780000,0x00000000ffe00000,0x00000000ffe00000)
  from space 1024K, 12% used [0x00000000fff00000,0x00000000fff20000,0x0000000100000000)
  to   space 1024K, 0% used [0x00000000ffe00000,0x00000000ffe00000,0x00000000fff00000)
 ParOldGen       total 94208K, used 92057K [0x0000000089600000, 0x000000008f200000, 0x00000000d8780000)
  object space 94208K, 97% used [0x0000000089600000,0x000000008efe64d0,0x000000008f200000)
 Metaspace       used 28799K, capacity 29204K, committed 29696K, reserved 1075200K
  class space    used 3090K, capacity 3222K, committed 3328K, reserved 1048576K
Event: 11474.399 GC heap after
Heap after GC invocations=4953 (full 12):
 PSYoungGen      total 646656K, used 128K [0x00000000d8780000, 0x0000000100000000, 0x0000000100000000)
  eden space 645632K, 0% used [0x00000000d8780000,0x00000000d8780000,0x00000000ffe00000)
  from space 1024K, 12% used [0x00000000ffe00000,0x00000000ffe20000,0x00000000fff00000)
  to   space 1024K, 0% used [0x00000000fff00000,0x00000000fff00000,0x0000000100000000)
 ParOldGen       total 94208K, used 92105K [0x0000000089600000, 0x000000008f200000, 0x00000000d8780000)
  object space 94208K, 97% used [0x0000000089600000,0x000000008eff24d0,0x000000008f200000)
 Metaspace       used 28799K, capacity 29204K, committed 29696K, reserved 1075200K
  class space    used 3090K, capacity 3222K, committed 3328K, reserved 1048576K
}
Event: 11476.488 GC heap before
{Heap before GC invocations=4954 (full 12):
 PSYoungGen      total 646656K, used 645760K [0x00000000d8780000, 0x0000000100000000, 0x0000000100000000)
  eden space 645632K, 100% used [0x00000000d8780000,0x00000000ffe00000,0x00000000ffe00000)
  from space 1024K, 12% used [0x00000000ffe00000,0x00000000ffe20000,0x00000000fff00000)
  to   space 1024K, 0% used [0x00000000fff00000,0x00000000fff00000,0x0000000100000000)
 ParOldGen       total 94208K, used 92105K [0x0000000089600000, 0x000000008f200000, 0x00000000d8780000)
  object space 94208K, 97% used [0x0000000089600000,0x000000008eff24d0,0x000000008f200000)
 Metaspace       used 28799K, capacity 29204K, committed 29696K, reserved 1075200K
  class space    used 3090K, capacity 3222K, committed 3328K, reserved 1048576K
Event: 11476.552 GC heap after
Heap after GC invocations=4954 (full 12):
 PSYoungGen      total 646656K, used 160K [0x00000000d8780000, 0x0000000100000000, 0x0000000100000000)
  eden space 645632K, 0% used [0x00000000d8780000,0x00000000d8780000,0x00000000ffe00000)
  from space 1024K, 15% used [0x00000000fff00000,0x00000000fff28000,0x0000000100000000)
  to   space 1024K, 0% used [0x00000000ffe00000,0x00000000ffe00000,0x00000000fff00000)
 ParOldGen       total 94208K, used 92153K [0x0000000089600000, 0x000000008f200000, 0x00000000d8780000)
  object space 94208K, 97% used [0x0000000089600000,0x000000008effe4d0,0x000000008f200000)
 Metaspace       used 28799K, capacity 29204K, committed 29696K, reserved 1075200K
  class space    used 3090K, capacity 3222K, committed 3328K, reserved 1048576K
}
Event: 11478.628 GC heap before
{Heap before GC invocations=4955 (full 12):
 PSYoungGen      total 646656K, used 645792K [0x00000000d8780000, 0x0000000100000000, 0x0000000100000000)
  eden space 645632K, 100% used [0x00000000d8780000,0x00000000ffe00000,0x00000000ffe00000)
  from space 1024K, 15% used [0x00000000fff00000,0x00000000fff28000,0x0000000100000000)
  to   space 1024K, 0% used [0x00000000ffe00000,0x00000000ffe00000,0x00000000fff00000)
 ParOldGen       total 94208K, used 92153K [0x0000000089600000, 0x000000008f200000, 0x00000000d8780000)
  object space 94208K, 97% used [0x0000000089600000,0x000000008effe4d0,0x000000008f200000)
 Metaspace       used 28799K, capacity 29204K, committed 29696K, reserved 1075200K
  class space    used 3090K, capacity 3222K, committed 3328K, reserved 1048576K
Event: 11478.699 GC heap after
Heap after GC invocations=4955 (full 12):
 PSYoungGen      total 646656K, used 128K [0x00000000d8780000, 0x0000000100000000, 0x0000000100000000)
  eden space 645632K, 0% used [0x00000000d8780000,0x00000000d8780000,0x00000000ffe00000)
  from space 1024K, 12% used [0x00000000ffe00000,0x00000000ffe20000,0x00000000fff00000)
  to   space 1024K, 0% used [0x00000000fff00000,0x00000000fff00000,0x0000000100000000)
 ParOldGen       total 94208K, used 92201K [0x0000000089600000, 0x000000008f200000, 0x00000000d8780000)
  object space 94208K, 97% used [0x0000000089600000,0x000000008f00a4d0,0x000000008f200000)
 Metaspace       used 28799K, capacity 29204K, committed 29696K, reserved 1075200K
  class space    used 3090K, capacity 3222K, committed 3328K, reserved 1048576K
}
Event: 11480.777 GC heap before
{Heap before GC invocations=4956 (full 12):
 PSYoungGen      total 646656K, used 645760K [0x00000000d8780000, 0x0000000100000000, 0x0000000100000000)
  eden space 645632K, 100% used [0x00000000d8780000,0x00000000ffe00000,0x00000000ffe00000)
  from space 1024K, 12% used [0x00000000ffe00000,0x00000000ffe20000,0x00000000fff00000)
  to   space 1024K, 0% used [0x00000000fff00000,0x00000000fff00000,0x0000000100000000)
 ParOldGen       total 94208K, used 92201K [0x0000000089600000, 0x000000008f200000, 0x00000000d8780000)
  object space 94208K, 97% used [0x0000000089600000,0x000000008f00a4d0,0x000000008f200000)
 Metaspace       used 28799K, capacity 29204K, committed 29696K, reserved 1075200K
  class space    used 3090K, capacity 3222K, committed 3328K, reserved 1048576K
Event: 11480.846 GC heap after
Heap after GC invocations=4956 (full 12):
 PSYoungGen      total 646656K, used 128K [0x00000000d8780000, 0x0000000100000000, 0x0000000100000000)
  eden space 645632K, 0% used [0x00000000d8780000,0x00000000d8780000,0x00000000ffe00000)
  from space 1024K, 12% used [0x00000000fff00000,0x00000000fff20000,0x0000000100000000)
  to   space 1024K, 0% used [0x00000000ffe00000,0x00000000ffe00000,0x00000000fff00000)
 ParOldGen       total 94208K, used 92249K [0x0000000089600000, 0x000000008f200000, 0x00000000d8780000)
  object space 94208K, 97% used [0x0000000089600000,0x000000008f0164d0,0x000000008f200000)
 Metaspace       used 28799K, capacity 29204K, committed 29696K, reserved 1075200K
  class space    used 3090K, capacity 3222K, committed 3328K, reserved 1048576K
}
Event: 11482.933 GC heap before
{Heap before GC invocations=4957 (full 12):
 PSYoungGen      total 646656K, used 645760K [0x00000000d8780000, 0x0000000100000000, 0x0000000100000000)
  eden space 645632K, 100% used [0x00000000d8780000,0x00000000ffe00000,0x00000000ffe00000)
  from space 1024K, 12% used [0x00000000fff00000,0x00000000fff20000,0x0000000100000000)
  to   space 1024K, 0% used [0x00000000ffe00000,0x00000000ffe00000,0x00000000fff00000)
 ParOldGen       total 94208K, used 92249K [0x0000000089600000, 0x000000008f200000, 0x00000000d8780000)
  object space 94208K, 97% used [0x0000000089600000,0x000000008f0164d0,0x000000008f200000)
 Metaspace       used 28799K, capacity 29204K, committed 29696K, reserved 1075200K
  class space    used 3090K, capacity 3222K, committed 3328K, reserved 1048576K
Event: 11482.995 GC heap after
Heap after GC invocations=4957 (full 12):
 PSYoungGen      total 646656K, used 160K [0x00000000d8780000, 0x0000000100000000, 0x0000000100000000)
  eden space 645632K, 0% used [0x00000000d8780000,0x00000000d8780000,0x00000000ffe00000)
  from space 1024K, 15% used [0x00000000ffe00000,0x00000000ffe28000,0x00000000fff00000)
  to   space 1024K, 0% used [0x00000000fff00000,0x00000000fff00000,0x0000000100000000)
 ParOldGen       total 94208K, used 92297K [0x0000000089600000, 0x000000008f200000, 0x00000000d8780000)
  object space 94208K, 97% used [0x0000000089600000,0x000000008f0224d0,0x000000008f200000)
 Metaspace       used 28799K, capacity 29204K, committed 29696K, reserved 1075200K
  class space    used 3090K, capacity 3222K, committed 3328K, reserved 1048576K
}
Event: 11485.067 GC heap before
{Heap before GC invocations=4958 (full 12):
 PSYoungGen      total 646656K, used 645792K [0x00000000d8780000, 0x0000000100000000, 0x0000000100000000)
  eden space 645632K, 100% used [0x00000000d8780000,0x00000000ffe00000,0x00000000ffe00000)
  from space 1024K, 15% used [0x00000000ffe00000,0x00000000ffe28000,0x00000000fff00000)
  to   space 1024K, 0% used [0x00000000fff00000,0x00000000fff00000,0x0000000100000000)
 ParOldGen       total 94208K, used 92297K [0x0000000089600000, 0x000000008f200000, 0x00000000d8780000)
  object space 94208K, 97% used [0x0000000089600000,0x000000008f0224d0,0x000000008f200000)
 Metaspace       used 28799K, capacity 29204K, committed 29696K, reserved 1075200K
  class space    used 3090K, capacity 3222K, committed 3328K, reserved 1048576K
Event: 11485.145 GC heap after
Heap after GC invocations=4958 (full 12):
 PSYoungGen      total 646656K, used 160K [0x00000000d8780000, 0x0000000100000000, 0x0000000100000000)
  eden space 645632K, 0% used [0x00000000d8780000,0x00000000d8780000,0x00000000ffe00000)
  from space 1024K, 15% used [0x00000000fff00000,0x00000000fff28000,0x0000000100000000)
  to   space 1024K, 0% used [0x00000000ffe00000,0x00000000ffe00000,0x00000000fff00000)
 ParOldGen       total 94208K, used 92345K [0x0000000089600000, 0x000000008f200000, 0x00000000d8780000)
  object space 94208K, 98% used [0x0000000089600000,0x000000008f02e4d0,0x000000008f200000)
 Metaspace       used 28799K, capacity 29204K, committed 29696K, reserved 1075200K
  class space    used 3090K, capacity 3222K, committed 3328K, reserved 1048576K
}
Event: 11487.218 GC heap before
{Heap before GC invocations=4959 (full 12):
 PSYoungGen      total 646656K, used 645792K [0x00000000d8780000, 0x0000000100000000, 0x0000000100000000)
  eden space 645632K, 100% used [0x00000000d8780000,0x00000000ffe00000,0x00000000ffe00000)
  from space 1024K, 15% used [0x00000000fff00000,0x00000000fff28000,0x0000000100000000)
  to   space 1024K, 0% used [0x00000000ffe00000,0x00000000ffe00000,0x00000000fff00000)
 ParOldGen       total 94208K, used 92345K [0x0000000089600000, 0x000000008f200000, 0x00000000d8780000)
  object space 94208K, 98% used [0x0000000089600000,0x000000008f02e4d0,0x000000008f200000)
 Metaspace       used 28799K, capacity 29204K, committed 29696K, reserved 1075200K
  class space    used 3090K, capacity 3222K, committed 3328K, reserved 1048576K
Event: 11487.283 GC heap after
Heap after GC invocations=4959 (full 12):
 PSYoungGen      total 646656K, used 128K [0x00000000d8780000, 0x0000000100000000, 0x0000000100000000)
  eden space 645632K, 0% used [0x00000000d8780000,0x00000000d8780000,0x00000000ffe00000)
  from space 1024K, 12% used [0x00000000ffe00000,0x00000000ffe20000,0x00000000fff00000)
  to   space 1024K, 0% used [0x00000000fff00000,0x00000000fff00000,0x0000000100000000)
 ParOldGen       total 94208K, used 92409K [0x0000000089600000, 0x000000008f200000, 0x00000000d8780000)
  object space 94208K, 98% used [0x0000000089600000,0x000000008f03e4d0,0x000000008f200000)
 Metaspace       used 28799K, capacity 29204K, committed 29696K, reserved 1075200K
  class space    used 3090K, capacity 3222K, committed 3328K, reserved 1048576K
}
Event: 11489.350 GC heap before
{Heap before GC invocations=4960 (full 12):
 PSYoungGen      total 646656K, used 645760K [0x00000000d8780000, 0x0000000100000000, 0x0000000100000000)
  eden space 645632K, 100% used [0x00000000d8780000,0x00000000ffe00000,0x00000000ffe00000)
  from space 1024K, 12% used [0x00000000ffe00000,0x00000000ffe20000,0x00000000fff00000)
  to   space 1024K, 0% used [0x00000000fff00000,0x00000000fff00000,0x0000000100000000)
 ParOldGen       total 94208K, used 92409K [0x0000000089600000, 0x000000008f200000, 0x00000000d8780000)
  object space 94208K, 98% used [0x0000000089600000,0x000000008f03e4d0,0x000000008f200000)
 Metaspace       used 28799K, capacity 29204K, committed 29696K, reserved 1075200K
  class space    used 3090K, capacity 3222K, committed 3328K, reserved 1048576K
Event: 11489.413 GC heap after
Heap after GC invocations=4960 (full 12):
 PSYoungGen      total 646656K, used 177K [0x00000000d8780000, 0x0000000100000000, 0x0000000100000000)
  eden space 645632K, 0% used [0x00000000d8780000,0x00000000d8780000,0x00000000ffe00000)
  from space 1024K, 17% used [0x00000000fff00000,0x00000000fff2c6f0,0x0000000100000000)
  to   space 1024K, 0% used [0x00000000ffe00000,0x00000000ffe00000,0x00000000fff00000)
 ParOldGen       total 94208K, used 92465K [0x0000000089600000, 0x000000008f200000, 0x00000000d8780000)
  object space 94208K, 98% used [0x0000000089600000,0x000000008f04c4d0,0x000000008f200000)
 Metaspace       used 28799K, capacity 29204K, committed 29696K, reserved 1075200K
  class space    used 3090K, capacity 3222K, committed 3328K, reserved 1048576K
}
Event: 11491.485 GC heap before
{Heap before GC invocations=4961 (full 12):
 PSYoungGen      total 646656K, used 645809K [0x00000000d8780000, 0x0000000100000000, 0x0000000100000000)
  eden space 645632K, 100% used [0x00000000d8780000,0x00000000ffe00000,0x00000000ffe00000)
  from space 1024K, 17% used [0x00000000fff00000,0x00000000fff2c6f0,0x0000000100000000)
  to   space 1024K, 0% used [0x00000000ffe00000,0x00000000ffe00000,0x00000000fff00000)
 ParOldGen       total 94208K, used 92465K [0x0000000089600000, 0x000000008f200000, 0x00000000d8780000)
  object space 94208K, 98% used [0x0000000089600000,0x000000008f04c4d0,0x000000008f200000)
 Metaspace       used 28799K, capacity 29204K, committed 29696K, reserved 1075200K
  class space    used 3090K, capacity 3222K, committed 3328K, reserved 1048576K
Event: 11491.561 GC heap after
Heap after GC invocations=4961 (full 12):
 PSYoungGen      total 646656K, used 128K [0x00000000d8780000, 0x0000000100000000, 0x0000000100000000)
  eden space 645632K, 0% used [0x00000000d8780000,0x00000000d8780000,0x00000000ffe00000)
  from space 1024K, 12% used [0x00000000ffe00000,0x00000000ffe20000,0x00000000fff00000)
  to   space 1024K, 0% used [0x00000000fff00000,0x00000000fff00000,0x0000000100000000)
 ParOldGen       total 94208K, used 92513K [0x0000000089600000, 0x000000008f200000, 0x00000000d8780000)
  object space 94208K, 98% used [0x0000000089600000,0x000000008f0584d0,0x000000008f200000)
 Metaspace       used 28799K, capacity 29204K, committed 29696K, reserved 1075200K
  class space    used 3090K, capacity 3222K, committed 3328K, reserved 1048576K
}
Event: 11493.634 GC heap before
{Heap before GC invocations=4962 (full 12):
 PSYoungGen      total 646656K, used 645760K [0x00000000d8780000, 0x0000000100000000, 0x0000000100000000)
  eden space 645632K, 100% used [0x00000000d8780000,0x00000000ffe00000,0x00000000ffe00000)
  from space 1024K, 12% used [0x00000000ffe00000,0x00000000ffe20000,0x00000000fff00000)
  to   space 1024K, 0% used [0x00000000fff00000,0x00000000fff00000,0x0000000100000000)
 ParOldGen       total 94208K, used 92513K [0x0000000089600000, 0x000000008f200000, 0x00000000d8780000)
  object space 94208K, 98% used [0x0000000089600000,0x000000008f0584d0,0x000000008f200000)
 Metaspace       used 28799K, capacity 29204K, committed 29696K, reserved 1075200K
  class space    used 3090K, capacity 3222K, committed 3328K, reserved 1048576K
Event: 11493.704 GC heap after
Heap after GC invocations=4962 (full 12):
 PSYoungGen      total 646656K, used 128K [0x00000000d8780000, 0x0000000100000000, 0x0000000100000000)
  eden space 645632K, 0% used [0x00000000d8780000,0x00000000d8780000,0x00000000ffe00000)
  from space 1024K, 12% used [0x00000000fff00000,0x00000000fff20000,0x0000000100000000)
  to   space 1024K, 0% used [0x00000000ffe00000,0x00000000ffe00000,0x00000000fff00000)
 ParOldGen       total 94208K, used 92561K [0x0000000089600000, 0x000000008f200000, 0x00000000d8780000)
  object space 94208K, 98% used [0x0000000089600000,0x000000008f0644d0,0x000000008f200000)
 Metaspace       used 28799K, capacity 29204K, committed 29696K, reserved 1075200K
  class space    used 3090K, capacity 3222K, committed 3328K, reserved 1048576K
}
Event: 11495.775 GC heap before
{Heap before GC invocations=4963 (full 12):
 PSYoungGen      total 646656K, used 645760K [0x00000000d8780000, 0x0000000100000000, 0x0000000100000000)
  eden space 645632K, 100% used [0x00000000d8780000,0x00000000ffe00000,0x00000000ffe00000)
  from space 1024K, 12% used [0x00000000fff00000,0x00000000fff20000,0x0000000100000000)
  to   space 1024K, 0% used [0x00000000ffe00000,0x00000000ffe00000,0x00000000fff00000)
 ParOldGen       total 94208K, used 92561K [0x0000000089600000, 0x000000008f200000, 0x00000000d8780000)
  object space 94208K, 98% used [0x0000000089600000,0x000000008f0644d0,0x000000008f200000)
 Metaspace       used 28799K, capacity 29204K, committed 29696K, reserved 1075200K
  class space    used 3090K, capacity 3222K, committed 3328K, reserved 1048576K
Event: 11495.855 GC heap after
Heap after GC invocations=4963 (full 12):
 PSYoungGen      total 646656K, used 160K [0x00000000d8780000, 0x00000000fff80000, 0x0000000100000000)
  eden space 645632K, 0% used [0x00000000d8780000,0x00000000d8780000,0x00000000ffe00000)
  from space 1024K, 15% used [0x00000000ffe00000,0x00000000ffe28000,0x00000000fff00000)
  to   space 512K, 0% used [0x00000000fff00000,0x00000000fff00000,0x00000000fff80000)
 ParOldGen       total 94208K, used 92609K [0x0000000089600000, 0x000000008f200000, 0x00000000d8780000)
  object space 94208K, 98% used [0x0000000089600000,0x000000008f0704d0,0x000000008f200000)
 Metaspace       used 28799K, capacity 29204K, committed 29696K, reserved 1075200K
  class space    used 3090K, capacity 3222K, committed 3328K, reserved 1048576K
}
Event: 11497.937 GC heap before
{Heap before GC invocations=4964 (full 12):
 PSYoungGen      total 646656K, used 645792K [0x00000000d8780000, 0x00000000fff80000, 0x0000000100000000)
  eden space 645632K, 100% used [0x00000000d8780000,0x00000000ffe00000,0x00000000ffe00000)
  from space 1024K, 15% used [0x00000000ffe00000,0x00000000ffe28000,0x00000000fff00000)
  to   space 512K, 0% used [0x00000000fff00000,0x00000000fff00000,0x00000000fff80000)
 ParOldGen       total 94208K, used 92609K [0x0000000089600000, 0x000000008f200000, 0x00000000d8780000)
  object space 94208K, 98% used [0x0000000089600000,0x000000008f0704d0,0x000000008f200000)
 Metaspace       used 28799K, capacity 29204K, committed 29696K, reserved 1075200K
  class space    used 3090K, capacity 3222K, committed 3328K, reserved 1048576K
Event: 11498.008 GC heap after
Heap after GC invocations=4964 (full 12):
 PSYoungGen      total 646656K, used 128K [0x00000000d8780000, 0x00000000fff80000, 0x0000000100000000)
  eden space 646144K, 0% used [0x00000000d8780000,0x00000000d8780000,0x00000000ffe80000)
  from space 512K, 25% used [0x00000000fff00000,0x00000000fff20000,0x00000000fff80000)
  to   space 512K, 0% used [0x00000000ffe80000,0x00000000ffe80000,0x00000000fff00000)
 ParOldGen       total 94208K, used 92657K [0x0000000089600000, 0x000000008f200000, 0x00000000d8780000)
  object space 94208K, 98% used [0x0000000089600000,0x000000008f07c4d0,0x000000008f200000)
 Metaspace       used 28799K, capacity 29204K, committed 29696K, reserved 1075200K
  class space    used 3090K, capacity 3222K, committed 3328K, reserved 1048576K
}
Event: 11500.176 GC heap before
{Heap before GC invocations=4965 (full 12):
 PSYoungGen      total 646656K, used 646272K [0x00000000d8780000, 0x00000000fff80000, 0x0000000100000000)
  eden space 646144K, 100% used [0x00000000d8780000,0x00000000ffe80000,0x00000000ffe80000)
  from space 512K, 25% used [0x00000000fff00000,0x00000000fff20000,0x00000000fff80000)
  to   space 512K, 0% used [0x00000000ffe80000,0x00000000ffe80000,0x00000000fff00000)
 ParOldGen       total 94208K, used 92657K [0x0000000089600000, 0x000000008f200000, 0x00000000d8780000)
  object space 94208K, 98% used [0x0000000089600000,0x000000008f07c4d0,0x000000008f200000)
 Metaspace       used 28799K, capacity 29204K, committed 29696K, reserved 1075200K
  class space    used 3090K, capacity 3222K, committed 3328K, reserved 1048576K
Event: 11500.244 GC heap after
Heap after GC invocations=4965 (full 12):
 PSYoungGen      total 646656K, used 256K [0x00000000d8780000, 0x0000000100000000, 0x0000000100000000)
  eden space 646144K, 0% used [0x00000000d8780000,0x00000000d8780000,0x00000000ffe80000)
  from space 512K, 50% used [0x00000000ffe80000,0x00000000ffec0000,0x00000000fff00000)
  to   space 512K, 0% used [0x00000000fff80000,0x00000000fff80000,0x0000000100000000)
 ParOldGen       total 94208K, used 92705K [0x0000000089600000, 0x000000008f200000, 0x00000000d8780000)
  object space 94208K, 98% used [0x0000000089600000,0x000000008f0884d0,0x000000008f200000)
 Metaspace       used 28799K, capacity 29204K, committed 29696K, reserved 1075200K
  class space    used 3090K, capacity 3222K, committed 3328K, reserved 1048576K
}
Event: 11502.452 GC heap before
{Heap before GC invocations=4966 (full 12):
 PSYoungGen      total 646656K, used 646400K [0x00000000d8780000, 0x0000000100000000, 0x0000000100000000)
  eden space 646144K, 100% used [0x00000000d8780000,0x00000000ffe80000,0x00000000ffe80000)
  from space 512K, 50% used [0x00000000ffe80000,0x00000000ffec0000,0x00000000fff00000)
  to   space 512K, 0% used [0x00000000fff80000,0x00000000fff80000,0x0000000100000000)
 ParOldGen       total 94208K, used 92705K [0x0000000089600000, 0x000000008f200000, 0x00000000d8780000)
  object space 94208K, 98% used [0x0000000089600000,0x000000008f0884d0,0x000000008f200000)
 Metaspace       used 28801K, capacity 29204K, committed 29696K, reserved 1075200K
  class space    used 3090K, capacity 3222K, committed 3328K, reserved 1048576K
Event: 11502.513 GC heap after
Heap after GC invocations=4966 (full 12):
 PSYoungGen      total 647168K, used 160K [0x00000000d8780000, 0x0000000100000000, 0x0000000100000000)
  eden space 646656K, 0% used [0x00000000d8780000,0x00000000d8780000,0x00000000fff00000)
  from space 512K, 31% used [0x00000000fff80000,0x00000000fffa8000,0x0000000100000000)
  to   space 512K, 0% used [0x00000000fff00000,0x00000000fff00000,0x00000000fff80000)
 ParOldGen       total 94208K, used 92865K [0x0000000089600000, 0x000000008f200000, 0x00000000d8780000)
  object space 94208K, 98% used [0x0000000089600000,0x000000008f0b04d0,0x000000008f200000)
 Metaspace       used 28801K, capacity 29204K, committed 29696K, reserved 1075200K
  class space    used 3090K, capacity 3222K, committed 3328K, reserved 1048576K
}
Event: 11505.209 GC heap before
{Heap before GC invocations=4967 (full 12):
 PSYoungGen      total 647168K, used 646816K [0x00000000d8780000, 0x0000000100000000, 0x0000000100000000)
  eden space 646656K, 100% used [0x00000000d8780000,0x00000000fff00000,0x00000000fff00000)
  from space 512K, 31% used [0x00000000fff80000,0x00000000fffa8000,0x0000000100000000)
  to   space 512K, 0% used [0x00000000fff00000,0x00000000fff00000,0x00000000fff80000)
 ParOldGen       total 94208K, used 92865K [0x0000000089600000, 0x000000008f200000, 0x00000000d8780000)
  object space 94208K, 98% used [0x0000000089600000,0x000000008f0b04d0,0x000000008f200000)
 Metaspace       used 28816K, capacity 29204K, committed 29696K, reserved 1075200K
  class space    used 3090K, capacity 3222K, committed 3328K, reserved 1048576K
Event: 11505.289 GC heap after
Heap after GC invocations=4967 (full 12):
 PSYoungGen      total 647168K, used 512K [0x00000000d8780000, 0x0000000100000000, 0x0000000100000000)
  eden space 646656K, 0% used [0x00000000d8780000,0x00000000d8780000,0x00000000fff00000)
  from space 512K, 100% used [0x00000000fff00000,0x00000000fff80000,0x00000000fff80000)
  to   space 512K, 0% used [0x00000000fff80000,0x00000000fff80000,0x0000000100000000)
 ParOldGen       total 102912K, used 102689K [0x0000000089600000, 0x000000008fa80000, 0x00000000d8780000)
  object space 102912K, 99% used [0x0000000089600000,0x000000008fa485f0,0x000000008fa80000)
 Metaspace       used 28816K, capacity 29204K, committed 29696K, reserved 1075200K
  class space    used 3090K, capacity 3222K, committed 3328K, reserved 1048576K
}
Event: 11505.289 GC heap before
{Heap before GC invocations=4968 (full 13):
 PSYoungGen      total 647168K, used 512K [0x00000000d8780000, 0x0000000100000000, 0x0000000100000000)
  eden space 646656K, 0% used [0x00000000d8780000,0x00000000d8780000,0x00000000fff00000)
  from space 512K, 100% used [0x00000000fff00000,0x00000000fff80000,0x00000000fff80000)
  to   space 512K, 0% used [0x00000000fff80000,0x00000000fff80000,0x0000000100000000)
 ParOldGen       total 102912K, used 102689K [0x0000000089600000, 0x000000008fa80000, 0x00000000d8780000)
  object space 102912K, 99% used [0x0000000089600000,0x000000008fa485f0,0x000000008fa80000)
 Metaspace       used 28816K, capacity 29204K, committed 29696K, reserved 1075200K
  class space    used 3090K, capacity 3222K, committed 3328K, reserved 1048576K
Event: 11505.591 GC heap after
Heap after GC invocations=4968 (full 13):
 PSYoungGen      total 647168K, used 0K [0x00000000d8780000, 0x0000000100000000, 0x0000000100000000)
  eden space 646656K, 0% used [0x00000000d8780000,0x00000000d8780000,0x00000000fff00000)
  from space 512K, 0% used [0x00000000fff00000,0x00000000fff00000,0x00000000fff80000)
  to   space 512K, 0% used [0x00000000fff80000,0x00000000fff80000,0x0000000100000000)
 ParOldGen       total 123904K, used 84292K [0x0000000089600000, 0x0000000090f00000, 0x00000000d8780000)
  object space 123904K, 68% used [0x0000000089600000,0x000000008e8510b0,0x0000000090f00000)
 Metaspace       used 28816K, capacity 29204K, committed 29696K, reserved 1075200K
  class space    used 3090K, capacity 3222K, committed 3328K, reserved 1048576K
}
Event: 11507.846 GC heap before
{Heap before GC invocations=4969 (full 13):
 PSYoungGen      total 647168K, used 646656K [0x00000000d8780000, 0x0000000100000000, 0x0000000100000000)
  eden space 646656K, 100% used [0x00000000d8780000,0x00000000fff00000,0x00000000fff00000)
  from space 512K, 0% used [0x00000000fff00000,0x00000000fff00000,0x00000000fff80000)
  to   space 512K, 0% used [0x00000000fff80000,0x00000000fff80000,0x0000000100000000)
 ParOldGen       total 123904K, used 84292K [0x0000000089600000, 0x0000000090f00000, 0x00000000d8780000)
  object space 123904K, 68% used [0x0000000089600000,0x000000008e8510b0,0x0000000090f00000)
 Metaspace       used 28820K, capacity 29204K, committed 29696K, reserved 1075200K
  class space    used 3090K, capacity 3222K, committed 3328K, reserved 1048576K
Event: 11507.920 GC heap after
Heap after GC invocations=4969 (full 13):
 PSYoungGen      total 640000K, used 323K [0x00000000d8780000, 0x0000000100000000, 0x0000000100000000)
  eden space 639488K, 0% used [0x00000000d8780000,0x00000000d8780000,0x00000000ff800000)
  from space 512K, 63% used [0x00000000fff80000,0x00000000fffd0de8,0x0000000100000000)
  to   space 4096K, 0% used [0x00000000ff800000,0x00000000ff800000,0x00000000ffc00000)
 ParOldGen       total 123904K, used 84292K [0x0000000089600000, 0x0000000090f00000, 0x00000000d8780000)
  object space 123904K, 68% used [0x0000000089600000,0x000000008e8510b0,0x0000000090f00000)
 Metaspace       used 28820K, capacity 29204K, committed 29696K, reserved 1075200K
  class space    used 3090K, capacity 3222K, committed 3328K, reserved 1048576K
}
Event: 11510.162 GC heap before
{Heap before GC invocations=4970 (full 13):
 PSYoungGen      total 640000K, used 639811K [0x00000000d8780000, 0x0000000100000000, 0x0000000100000000)
  eden space 639488K, 100% used [0x00000000d8780000,0x00000000ff800000,0x00000000ff800000)
  from space 512K, 63% used [0x00000000fff80000,0x00000000fffd0de8,0x0000000100000000)
  to   space 4096K, 0% used [0x00000000ff800000,0x00000000ff800000,0x00000000ffc00000)
 ParOldGen       total 123904K, used 84292K [0x0000000089600000, 0x0000000090f00000, 0x00000000d8780000)
  object space 123904K, 68% used [0x0000000089600000,0x000000008e8510b0,0x0000000090f00000)
 Metaspace       used 28822K, capacity 29204K, committed 29696K, reserved 1075200K
  class space    used 3090K, capacity 3222K, committed 3328K, reserved 1048576K
Event: 11510.246 GC heap after
Heap after GC invocations=4970 (full 13):
 PSYoungGen      total 643584K, used 323K [0x00000000d8780000, 0x0000000100000000, 0x0000000100000000)
  eden space 639488K, 0% used [0x00000000d8780000,0x00000000d8780000,0x00000000ff800000)
  from space 4096K, 7% used [0x00000000ff800000,0x00000000ff850de8,0x00000000ffc00000)
  to   space 4096K, 0% used [0x00000000ffc00000,0x00000000ffc00000,0x0000000100000000)
 ParOldGen       total 123904K, used 84439K [0x0000000089600000, 0x0000000090f00000, 0x00000000d8780000)
  object space 123904K, 68% used [0x0000000089600000,0x000000008e875e98,0x0000000090f00000)
 Metaspace       used 28822K, capacity 29204K, committed 29696K, reserved 1075200K
  class space    used 3090K, capacity 3222K, committed 3328K, reserved 1048576K
}
Event: 11512.436 GC heap before
{Heap before GC invocations=4971 (full 13):
 PSYoungGen      total 643584K, used 639811K [0x00000000d8780000, 0x0000000100000000, 0x0000000100000000)
  eden space 639488K, 100% used [0x00000000d8780000,0x00000000ff800000,0x00000000ff800000)
  from space 4096K, 7% used [0x00000000ff800000,0x00000000ff850de8,0x00000000ffc00000)
  to   space 4096K, 0% used [0x00000000ffc00000,0x00000000ffc00000,0x0000000100000000)
 ParOldGen       total 123904K, used 84439K [0x0000000089600000, 0x0000000090f00000, 0x00000000d8780000)
  object space 123904K, 68% used [0x0000000089600000,0x000000008e875e98,0x0000000090f00000)
 Metaspace       used 28828K, capacity 29204K, committed 29696K, reserved 1075200K
  class space    used 3090K, capacity 3222K, committed 3328K, reserved 1048576K
Event: 11512.510 GC heap after
Heap after GC invocations=4971 (full 13):
 PSYoungGen      total 643584K, used 256K [0x00000000d8780000, 0x0000000100000000, 0x0000000100000000)
  eden space 639488K, 0% used [0x00000000d8780000,0x00000000d8780000,0x00000000ff800000)
  from space 4096K, 6% used [0x00000000ffc00000,0x00000000ffc40000,0x0000000100000000)
  to   space 4096K, 0% used [0x00000000ff800000,0x00000000ff800000,0x00000000ffc00000)
 ParOldGen       total 123904K, used 84592K [0x0000000089600000, 0x0000000090f00000, 0x00000000d8780000)
  object space 123904K, 68% used [0x0000000089600000,0x000000008e89c0b0,0x0000000090f00000)
 Metaspace       used 28828K, capacity 29204K, committed 29696K, reserved 1075200K
  class space    used 3090K, capacity 3222K, committed 3328K, reserved 1048576K
}

