# JRE version: OpenJDK Runtime Environment (8.0_232-b09) (build 1.8.0_232-b09)
# Java VM: OpenJDK 64-Bit Server VM (25.232-b09 mixed mode linux-amd64 compressed oops)
Heap:
 PSYoungGen      total 128000K, used 16742K [0x00000000d8780000, 0x00000000e0980000, 0x0000000100000000)
  eden space 122880K, 13% used [0x00000000d8780000,0x00000000d97d9a28,0x00000000dff80000)
  from space 5120K, 0% used [0x00000000e0480000,0x00000000e0480000,0x00000000e0980000)
  to   space 5120K, 0% used [0x00000000dff80000,0x00000000dff80000,0x00000000e0480000)
 ParOldGen       total 81920K, used 13158K [0x0000000089600000, 0x000000008e600000, 0x00000000d8780000)
  object space 81920K, 16% used [0x0000000089600000,0x000000008a2d9990,0x000000008e600000)
 Metaspace       used 25384K, capacity 25760K, committed 26112K, reserved 1073152K
  class space    used 2873K, capacity 2998K, committed 3072K, reserved 1048576K
GC Heap History (20 events):
Event: 1.111 GC heap before
{Heap before GC invocations=1 (full 0):
 PSYoungGen      total 35840K, used 25265K [0x00000000d8780000, 0x00000000daf80000, 0x0000000100000000)
  eden space 30720K, 82% used [0x00000000d8780000,0x00000000da02c430,0x00000000da580000)
  from space 5120K, 0% used [0x00000000daa80000,0x00000000daa80000,0x00000000daf80000)
  to   space 5120K, 0% used [0x00000000da580000,0x00000000da580000,0x00000000daa80000)
 ParOldGen       total 81920K, used 0K [0x0000000089600000, 0x000000008e600000, 0x00000000d8780000)
  object space 81920K, 0% used [0x0000000089600000,0x0000000089600000,0x000000008e600000)
 Metaspace       used 19598K, capacity 19890K, committed 20352K, reserved 1067008K
  class space    used 2281K, capacity 2415K, committed 2432K, reserved 1048576K
Event: 1.124 GC heap after
Heap after GC invocations=1 (full 0):
 PSYoungGen      total 35840K, used 5099K [0x00000000d8780000, 0x00000000daf80000, 0x0000000100000000)
  eden space 30720K, 0% used [0x00000000d8780000,0x00000000d8780000,0x00000000da580000)
  from space 5120K, 99% used [0x00000000da580000,0x00000000daa7ae00,0x00000000daa80000)
  to   space 5120K, 0% used [0x00000000daa80000,0x00000000daa80000,0x00000000daf80000)
 ParOldGen       total 81920K, used 900K [0x0000000089600000, 0x000000008e600000, 0x00000000d8780000)
  object space 81920K, 1% used [0x0000000089600000,0x00000000896e12f8,0x000000008e600000)
 Metaspace       used 19598K, capacity 19890K, committed 20352K, reserved 1067008K
  class space    used 2281K, capacity 2415K, committed 2432K, reserved 1048576K
}
Event: 1.124 GC heap before
{Heap before GC invocations=2 (full 1):
 PSYoungGen      total 35840K, used 5099K [0x00000000d8780000, 0x00000000daf80000, 0x0000000100000000)
  eden space 30720K, 0% used [0x00000000d8780000,0x00000000d8780000,0x00000000da580000)
  from space 5120K, 99% used [0x00000000da580000,0x00000000daa7ae00,0x00000000daa80000)
  to   space 5120K, 0% used [0x00000000daa80000,0x00000000daa80000,0x00000000daf80000)
 ParOldGen       total 81920K, used 900K [0x0000000089600000, 0x000000008e600000, 0x00000000d8780000)
  object space 81920K, 1% used [0x0000000089600000,0x00000000896e12f8,0x000000008e600000)
 Metaspace       used 19598K, capacity 19890K, committed 20352K, reserved 1067008K
  class space    used 2281K, capacity 2415K, committed 2432K, reserved 1048576K
Event: 1.165 GC heap after
Heap after GC invocations=2 (full 1):
 PSYoungGen      total 35840K, used 0K [0x00000000d8780000, 0x00000000daf80000, 0x0000000100000000)
  eden space 30720K, 0% used [0x00000000d8780000,0x00000000d8780000,0x00000000da580000)
  from space 5120K, 0% used [0x00000000da580000,0x00000000da580000,0x00000000daa80000)
  to   space 5120K, 0% used [0x00000000daa80000,0x00000000daa80000,0x00000000daf80000)
 ParOldGen       total 81920K, used 5808K [0x0000000089600000, 0x000000008e600000, 0x00000000d8780000)
  object space 81920K, 7% used [0x0000000089600000,0x0000000089bac3b0,0x000000008e600000)
 Metaspace       used 19598K, capacity 19890K, committed 20352K, reserved 1067008K
  class space    used 2281K, capacity 2415K, committed 2432K, reserved 1048576K
}
Event: 1.232 GC heap before
{Heap before GC invocations=3 (full 1):
 PSYoungGen      total 35840K, used 4951K [0x00000000d8780000, 0x00000000daf80000, 0x0000000100000000)
  eden space 30720K, 16% used [0x00000000d8780000,0x00000000d8c55d20,0x00000000da580000)
  from space 5120K, 0% used [0x00000000da580000,0x00000000da580000,0x00000000daa80000)
  to   space 5120K, 0% used [0x00000000daa80000,0x00000000daa80000,0x00000000daf80000)
 ParOldGen       total 81920K, used 5808K [0x0000000089600000, 0x000000008e600000, 0x00000000d8780000)
  object space 81920K, 7% used [0x0000000089600000,0x0000000089bac3b0,0x000000008e600000)
 Metaspace       used 19909K, capacity 20242K, committed 20736K, reserved 1067008K
  class space    used 2324K, capacity 2447K, committed 2560K, reserved 1048576K
Event: 1.236 GC heap after
Heap after GC invocations=3 (full 1):
 PSYoungGen      total 35840K, used 544K [0x00000000d8780000, 0x00000000daf80000, 0x0000000100000000)
  eden space 30720K, 0% used [0x00000000d8780000,0x00000000d8780000,0x00000000da580000)
  from space 5120K, 10% used [0x00000000daa80000,0x00000000dab08138,0x00000000daf80000)
  to   space 5120K, 0% used [0x00000000da580000,0x00000000da580000,0x00000000daa80000)
 ParOldGen       total 81920K, used 5816K [0x0000000089600000, 0x000000008e600000, 0x00000000d8780000)
  object space 81920K, 7% used [0x0000000089600000,0x0000000089bae3b0,0x000000008e600000)
 Metaspace       used 19909K, capacity 20242K, committed 20736K, reserved 1067008K
  class space    used 2324K, capacity 2447K, committed 2560K, reserved 1048576K
}
Event: 1.236 GC heap before
{Heap before GC invocations=4 (full 2):
 PSYoungGen      total 35840K, used 544K [0x00000000d8780000, 0x00000000daf80000, 0x0000000100000000)
  eden space 30720K, 0% used [0x00000000d8780000,0x00000000d8780000,0x00000000da580000)
  from space 5120K, 10% used [0x00000000daa80000,0x00000000dab08138,0x00000000daf80000)
  to   space 5120K, 0% used [0x00000000da580000,0x00000000da580000,0x00000000daa80000)
 ParOldGen       total 81920K, used 5816K [0x0000000089600000, 0x000000008e600000, 0x00000000d8780000)
  object space 81920K, 7% used [0x0000000089600000,0x0000000089bae3b0,0x000000008e600000)
 Metaspace       used 19909K, capacity 20242K, committed 20736K, reserved 1067008K
  class space    used 2324K, capacity 2447K, committed 2560K, reserved 1048576K
Event: 1.278 GC heap after
Heap after GC invocations=4 (full 2):
 PSYoungGen      total 35840K, used 0K [0x00000000d8780000, 0x00000000daf80000, 0x0000000100000000)
  eden space 30720K, 0% used [0x00000000d8780000,0x00000000d8780000,0x00000000da580000)
  from space 5120K, 0% used [0x00000000daa80000,0x00000000daa80000,0x00000000daf80000)
  to   space 5120K, 0% used [0x00000000da580000,0x00000000da580000,0x00000000daa80000)
 ParOldGen       total 81920K, used 4810K [0x0000000089600000, 0x000000008e600000, 0x00000000d8780000)
  object space 81920K, 5% used [0x0000000089600000,0x0000000089ab2bd8,0x000000008e600000)
 Metaspace       used 19909K, capacity 20242K, committed 20736K, reserved 1067008K
  class space    used 2324K, capacity 2447K, committed 2560K, reserved 1048576K
}
Event: 1.674 GC heap before
{Heap before GC invocations=5 (full 2):
 PSYoungGen      total 35840K, used 30720K [0x00000000d8780000, 0x00000000daf80000, 0x0000000100000000)
  eden space 30720K, 100% used [0x00000000d8780000,0x00000000da580000,0x00000000da580000)
  from space 5120K, 0% used [0x00000000daa80000,0x00000000daa80000,0x00000000daf80000)
  to   space 5120K, 0% used [0x00000000da580000,0x00000000da580000,0x00000000daa80000)
 ParOldGen       total 81920K, used 4810K [0x0000000089600000, 0x000000008e600000, 0x00000000d8780000)
  object space 81920K, 5% used [0x0000000089600000,0x0000000089ab2bd8,0x000000008e600000)
 Metaspace       used 21805K, capacity 22098K, committed 22400K, reserved 1069056K
  class space    used 2532K, capacity 2639K, committed 2688K, reserved 1048576K
Event: 1.683 GC heap after
Heap after GC invocations=5 (full 2):
 PSYoungGen      total 35840K, used 3570K [0x00000000d8780000, 0x00000000dcd80000, 0x0000000100000000)
  eden space 30720K, 0% used [0x00000000d8780000,0x00000000d8780000,0x00000000da580000)
  from space 5120K, 69% used [0x00000000da580000,0x00000000da8fcaf0,0x00000000daa80000)
  to   space 5120K, 0% used [0x00000000dc880000,0x00000000dc880000,0x00000000dcd80000)
 ParOldGen       total 81920K, used 4818K [0x0000000089600000, 0x000000008e600000, 0x00000000d8780000)
  object space 81920K, 5% used [0x0000000089600000,0x0000000089ab4bd8,0x000000008e600000)
 Metaspace       used 21805K, capacity 22098K, committed 22400K, reserved 1069056K
  class space    used 2532K, capacity 2639K, committed 2688K, reserved 1048576K
}
Event: 1.753 GC heap before
{Heap before GC invocations=6 (full 2):
 PSYoungGen      total 35840K, used 8402K [0x00000000d8780000, 0x00000000dcd80000, 0x0000000100000000)
  eden space 30720K, 15% used [0x00000000d8780000,0x00000000d8c37e58,0x00000000da580000)
  from space 5120K, 69% used [0x00000000da580000,0x00000000da8fcaf0,0x00000000daa80000)
  to   space 5120K, 0% used [0x00000000dc880000,0x00000000dc880000,0x00000000dcd80000)
 ParOldGen       total 81920K, used 4818K [0x0000000089600000, 0x000000008e600000, 0x00000000d8780000)
  object space 81920K, 5% used [0x0000000089600000,0x0000000089ab4bd8,0x000000008e600000)
 Metaspace       used 21998K, capacity 22386K, committed 22656K, reserved 1069056K
  class space    used 2548K, capacity 2671K, committed 2688K, reserved 1048576K
Event: 1.762 GC heap after
Heap after GC invocations=6 (full 2):
 PSYoungGen      total 66560K, used 3655K [0x00000000d8780000, 0x00000000dcd80000, 0x0000000100000000)
  eden space 61440K, 0% used [0x00000000d8780000,0x00000000d8780000,0x00000000dc380000)
  from space 5120K, 71% used [0x00000000dc880000,0x00000000dcc11d88,0x00000000dcd80000)
  to   space 5120K, 0% used [0x00000000dc380000,0x00000000dc380000,0x00000000dc880000)
 ParOldGen       total 81920K, used 4826K [0x0000000089600000, 0x000000008e600000, 0x00000000d8780000)
  object space 81920K, 5% used [0x0000000089600000,0x0000000089ab6bd8,0x000000008e600000)
 Metaspace       used 21998K, capacity 22386K, committed 22656K, reserved 1069056K
  class space    used 2548K, capacity 2671K, committed 2688K, reserved 1048576K
}
Event: 1.762 GC heap before
{Heap before GC invocations=7 (full 3):
 PSYoungGen      total 66560K, used 3655K [0x00000000d8780000, 0x00000000dcd80000, 0x0000000100000000)
  eden space 61440K, 0% used [0x00000000d8780000,0x00000000d8780000,0x00000000dc380000)
  from space 5120K, 71% used [0x00000000dc880000,0x00000000dcc11d88,0x00000000dcd80000)
  to   space 5120K, 0% used [0x00000000dc380000,0x00000000dc380000,0x00000000dc880000)
 ParOldGen       total 81920K, used 4826K [0x0000000089600000, 0x000000008e600000, 0x00000000d8780000)
  object space 81920K, 5% used [0x0000000089600000,0x0000000089ab6bd8,0x000000008e600000)
 Metaspace       used 21998K, capacity 22386K, committed 22656K, reserved 1069056K
  class space    used 2548K, capacity 2671K, committed 2688K, reserved 1048576K
Event: 1.838 GC heap after
Heap after GC invocations=7 (full 3):
 PSYoungGen      total 66560K, used 0K [0x00000000d8780000, 0x00000000dcd80000, 0x0000000100000000)
  eden space 61440K, 0% used [0x00000000d8780000,0x00000000d8780000,0x00000000dc380000)
  from space 5120K, 0% used [0x00000000dc880000,0x00000000dc880000,0x00000000dcd80000)
  to   space 5120K, 0% used [0x00000000dc380000,0x00000000dc380000,0x00000000dc880000)
 ParOldGen       total 81920K, used 8102K [0x0000000089600000, 0x000000008e600000, 0x00000000d8780000)
  object space 81920K, 9% used [0x0000000089600000,0x0000000089de9870,0x000000008e600000)
 Metaspace       used 21998K, capacity 22386K, committed 22656K, reserved 1069056K
  class space    used 2548K, capacity 2671K, committed 2688K, reserved 1048576K
}
Event: 2.919 GC heap before
{Heap before GC invocations=8 (full 3):
 PSYoungGen      total 66560K, used 61440K [0x00000000d8780000, 0x00000000dcd80000, 0x0000000100000000)
  eden space 61440K, 100% used [0x00000000d8780000,0x00000000dc380000,0x00000000dc380000)
  from space 5120K, 0% used [0x00000000dc880000,0x00000000dc880000,0x00000000dcd80000)
  to   space 5120K, 0% used [0x00000000dc380000,0x00000000dc380000,0x00000000dc880000)
 ParOldGen       total 81920K, used 8102K [0x0000000089600000, 0x000000008e600000, 0x00000000d8780000)
  object space 81920K, 9% used [0x0000000089600000,0x0000000089de9870,0x000000008e600000)
 Metaspace       used 23952K, capacity 24320K, committed 24704K, reserved 1071104K
  class space    used 2729K, capacity 2838K, committed 2944K, reserved 1048576K
Event: 2.931 GC heap after
Heap after GC invocations=8 (full 3):
 PSYoungGen      total 66560K, used 5120K [0x00000000d8780000, 0x00000000e0980000, 0x0000000100000000)
  eden space 61440K, 0% used [0x00000000d8780000,0x00000000d8780000,0x00000000dc380000)
  from space 5120K, 100% used [0x00000000dc380000,0x00000000dc880000,0x00000000dc880000)
  to   space 5120K, 0% used [0x00000000e0480000,0x00000000e0480000,0x00000000e0980000)
 ParOldGen       total 81920K, used 8222K [0x0000000089600000, 0x000000008e600000, 0x00000000d8780000)
  object space 81920K, 10% used [0x0000000089600000,0x0000000089e07958,0x000000008e600000)
 Metaspace       used 23952K, capacity 24320K, committed 24704K, reserved 1071104K
  class space    used 2729K, capacity 2838K, committed 2944K, reserved 1048576K
}
Event: 25.239 GC heap before
{Heap before GC invocations=9 (full 3):
 PSYoungGen      total 66560K, used 23228K [0x00000000d8780000, 0x00000000e0980000, 0x0000000100000000)
  eden space 61440K, 29% used [0x00000000d8780000,0x00000000d992f040,0x00000000dc380000)
  from space 5120K, 100% used [0x00000000dc380000,0x00000000dc880000,0x00000000dc880000)
  to   space 5120K, 0% used [0x00000000e0480000,0x00000000e0480000,0x00000000e0980000)
 ParOldGen       total 81920K, used 8222K [0x0000000089600000, 0x000000008e600000, 0x00000000d8780000)
  object space 81920K, 10% used [0x0000000089600000,0x0000000089e07958,0x000000008e600000)
 Metaspace       used 25164K, capacity 25472K, committed 25856K, reserved 1073152K
  class space    used 2859K, capacity 2966K, committed 3072K, reserved 1048576K
Event: 25.250 GC heap after
Heap after GC invocations=9 (full 3):
 PSYoungGen      total 128000K, used 5104K [0x00000000d8780000, 0x00000000e0980000, 0x0000000100000000)
  eden space 122880K, 0% used [0x00000000d8780000,0x00000000d8780000,0x00000000dff80000)
  from space 5120K, 99% used [0x00000000e0480000,0x00000000e097c010,0x00000000e0980000)
  to   space 5120K, 0% used [0x00000000dff80000,0x00000000dff80000,0x00000000e0480000)
 ParOldGen       total 81920K, used 8444K [0x0000000089600000, 0x000000008e600000, 0x00000000d8780000)
  object space 81920K, 10% used [0x0000000089600000,0x0000000089e3f3d8,0x000000008e600000)
 Metaspace       used 25164K, capacity 25472K, committed 25856K, reserved 1073152K
  class space    used 2859K, capacity 2966K, committed 3072K, reserved 1048576K
}
Event: 25.250 GC heap before
{Heap before GC invocations=10 (full 4):
 PSYoungGen      total 128000K, used 5104K [0x00000000d8780000, 0x00000000e0980000, 0x0000000100000000)
  eden space 122880K, 0% used [0x00000000d8780000,0x00000000d8780000,0x00000000dff80000)
  from space 5120K, 99% used [0x00000000e0480000,0x00000000e097c010,0x00000000e0980000)
  to   space 5120K, 0% used [0x00000000dff80000,0x00000000dff80000,0x00000000e0480000)
 ParOldGen       total 81920K, used 8444K [0x0000000089600000, 0x000000008e600000, 0x00000000d8780000)
  object space 81920K, 10% used [0x0000000089600000,0x0000000089e3f3d8,0x000000008e600000)
 Metaspace       used 25164K, capacity 25472K, committed 25856K, reserved 1073152K
  class space    used 2859K, capacity 2966K, committed 3072K, reserved 1048576K
Event: 25.356 GC heap after
Heap after GC invocations=10 (full 4):
 PSYoungGen      total 128000K, used 0K [0x00000000d8780000, 0x00000000e0980000, 0x0000000100000000)
  eden space 122880K, 0% used [0x00000000d8780000,0x00000000d8780000,0x00000000dff80000)
  from space 5120K, 0% used [0x00000000e0480000,0x00000000e0480000,0x00000000e0980000)
  to   space 5120K, 0% used [0x00000000dff80000,0x00000000dff80000,0x00000000e0480000)
 ParOldGen       total 81920K, used 13158K [0x0000000089600000, 0x000000008e600000, 0x00000000d8780000)
  object space 81920K, 16% used [0x0000000089600000,0x000000008a2d9990,0x000000008e600000)
 Metaspace       used 25164K, capacity 25472K, committed 25856K, reserved 1073152K
  class space    used 2859K, capacity 2966K, committed 3072K, reserved 1048576K
}

