# JRE version: OpenJDK Runtime Environment (8.0_232-b09) (build 1.8.0_232-b09)
# Java VM: OpenJDK 64-Bit Server VM (25.232-b09 mixed mode linux-amd64 compressed oops)
Heap:
 PSYoungGen      total 61952K, used 8456K [0x00000000d8780000, 0x00000000dfc00000, 0x0000000100000000)
  eden space 61440K, 13% used [0x00000000d8780000,0x00000000d8fc2148,0x00000000dc380000)
  from space 512K, 0% used [0x00000000dfb80000,0x00000000dfb80000,0x00000000dfc00000)
  to   space 5120K, 0% used [0x00000000df200000,0x00000000df200000,0x00000000df700000)
 ParOldGen       total 81920K, used 20683K [0x0000000089600000, 0x000000008e600000, 0x00000000d8780000)
  object space 81920K, 25% used [0x0000000089600000,0x000000008aa32c58,0x000000008e600000)
 Metaspace       used 25883K, capacity 26246K, committed 26624K, reserved 1073152K
  class space    used 2916K, capacity 3031K, committed 3072K, reserved 1048576K
GC Heap History (34 events):
Event: 1.016 GC heap before
{Heap before GC invocations=1 (full 0):
 PSYoungGen      total 35840K, used 25874K [0x00000000d8780000, 0x00000000daf80000, 0x0000000100000000)
  eden space 30720K, 84% used [0x00000000d8780000,0x00000000da0c48f0,0x00000000da580000)
  from space 5120K, 0% used [0x00000000daa80000,0x00000000daa80000,0x00000000daf80000)
  to   space 5120K, 0% used [0x00000000da580000,0x00000000da580000,0x00000000daa80000)
 ParOldGen       total 81920K, used 0K [0x0000000089600000, 0x000000008e600000, 0x00000000d8780000)
  object space 81920K, 0% used [0x0000000089600000,0x0000000089600000,0x000000008e600000)
 Metaspace       used 19594K, capacity 19896K, committed 20096K, reserved 1067008K
  class space    used 2285K, capacity 2416K, committed 2432K, reserved 1048576K
Event: 1.027 GC heap after
Heap after GC invocations=1 (full 0):
 PSYoungGen      total 35840K, used 5093K [0x00000000d8780000, 0x00000000daf80000, 0x0000000100000000)
  eden space 30720K, 0% used [0x00000000d8780000,0x00000000d8780000,0x00000000da580000)
  from space 5120K, 99% used [0x00000000da580000,0x00000000daa795c8,0x00000000daa80000)
  to   space 5120K, 0% used [0x00000000daa80000,0x00000000daa80000,0x00000000daf80000)
 ParOldGen       total 81920K, used 937K [0x0000000089600000, 0x000000008e600000, 0x00000000d8780000)
  object space 81920K, 1% used [0x0000000089600000,0x00000000896ea570,0x000000008e600000)
 Metaspace       used 19594K, capacity 19896K, committed 20096K, reserved 1067008K
  class space    used 2285K, capacity 2416K, committed 2432K, reserved 1048576K
}
Event: 1.027 GC heap before
{Heap before GC invocations=2 (full 1):
 PSYoungGen      total 35840K, used 5093K [0x00000000d8780000, 0x00000000daf80000, 0x0000000100000000)
  eden space 30720K, 0% used [0x00000000d8780000,0x00000000d8780000,0x00000000da580000)
  from space 5120K, 99% used [0x00000000da580000,0x00000000daa795c8,0x00000000daa80000)
  to   space 5120K, 0% used [0x00000000daa80000,0x00000000daa80000,0x00000000daf80000)
 ParOldGen       total 81920K, used 937K [0x0000000089600000, 0x000000008e600000, 0x00000000d8780000)
  object space 81920K, 1% used [0x0000000089600000,0x00000000896ea570,0x000000008e600000)
 Metaspace       used 19594K, capacity 19896K, committed 20096K, reserved 1067008K
  class space    used 2285K, capacity 2416K, committed 2432K, reserved 1048576K
Event: 1.063 GC heap after
Heap after GC invocations=2 (full 1):
 PSYoungGen      total 35840K, used 0K [0x00000000d8780000, 0x00000000daf80000, 0x0000000100000000)
  eden space 30720K, 0% used [0x00000000d8780000,0x00000000d8780000,0x00000000da580000)
  from space 5120K, 0% used [0x00000000da580000,0x00000000da580000,0x00000000daa80000)
  to   space 5120K, 0% used [0x00000000daa80000,0x00000000daa80000,0x00000000daf80000)
 ParOldGen       total 81920K, used 5819K [0x0000000089600000, 0x000000008e600000, 0x00000000d8780000)
  object space 81920K, 7% used [0x0000000089600000,0x0000000089baed00,0x000000008e600000)
 Metaspace       used 19592K, capacity 19890K, committed 20096K, reserved 1067008K
  class space    used 2284K, capacity 2415K, committed 2432K, reserved 1048576K
}
Event: 1.105 GC heap before
{Heap before GC invocations=3 (full 1):
 PSYoungGen      total 35840K, used 4584K [0x00000000d8780000, 0x00000000daf80000, 0x0000000100000000)
  eden space 30720K, 14% used [0x00000000d8780000,0x00000000d8bfa200,0x00000000da580000)
  from space 5120K, 0% used [0x00000000da580000,0x00000000da580000,0x00000000daa80000)
  to   space 5120K, 0% used [0x00000000daa80000,0x00000000daa80000,0x00000000daf80000)
 ParOldGen       total 81920K, used 5819K [0x0000000089600000, 0x000000008e600000, 0x00000000d8780000)
  object space 81920K, 7% used [0x0000000089600000,0x0000000089baed00,0x000000008e600000)
 Metaspace       used 19810K, capacity 20082K, committed 20352K, reserved 1067008K
  class space    used 2312K, capacity 2415K, committed 2432K, reserved 1048576K
Event: 1.106 GC heap after
Heap after GC invocations=3 (full 1):
 PSYoungGen      total 35840K, used 448K [0x00000000d8780000, 0x00000000daf80000, 0x0000000100000000)
  eden space 30720K, 0% used [0x00000000d8780000,0x00000000d8780000,0x00000000da580000)
  from space 5120K, 8% used [0x00000000daa80000,0x00000000daaf0000,0x00000000daf80000)
  to   space 5120K, 0% used [0x00000000da580000,0x00000000da580000,0x00000000daa80000)
 ParOldGen       total 81920K, used 5827K [0x0000000089600000, 0x000000008e600000, 0x00000000d8780000)
  object space 81920K, 7% used [0x0000000089600000,0x0000000089bb0d00,0x000000008e600000)
 Metaspace       used 19810K, capacity 20082K, committed 20352K, reserved 1067008K
  class space    used 2312K, capacity 2415K, committed 2432K, reserved 1048576K
}
Event: 1.106 GC heap before
{Heap before GC invocations=4 (full 2):
 PSYoungGen      total 35840K, used 448K [0x00000000d8780000, 0x00000000daf80000, 0x0000000100000000)
  eden space 30720K, 0% used [0x00000000d8780000,0x00000000d8780000,0x00000000da580000)
  from space 5120K, 8% used [0x00000000daa80000,0x00000000daaf0000,0x00000000daf80000)
  to   space 5120K, 0% used [0x00000000da580000,0x00000000da580000,0x00000000daa80000)
 ParOldGen       total 81920K, used 5827K [0x0000000089600000, 0x000000008e600000, 0x00000000d8780000)
  object space 81920K, 7% used [0x0000000089600000,0x0000000089bb0d00,0x000000008e600000)
 Metaspace       used 19810K, capacity 20082K, committed 20352K, reserved 1067008K
  class space    used 2312K, capacity 2415K, committed 2432K, reserved 1048576K
Event: 1.141 GC heap after
Heap after GC invocations=4 (full 2):
 PSYoungGen      total 35840K, used 0K [0x00000000d8780000, 0x00000000daf80000, 0x0000000100000000)
  eden space 30720K, 0% used [0x00000000d8780000,0x00000000d8780000,0x00000000da580000)
  from space 5120K, 0% used [0x00000000daa80000,0x00000000daa80000,0x00000000daf80000)
  to   space 5120K, 0% used [0x00000000da580000,0x00000000da580000,0x00000000daa80000)
 ParOldGen       total 81920K, used 4736K [0x0000000089600000, 0x000000008e600000, 0x00000000d8780000)
  object space 81920K, 5% used [0x0000000089600000,0x0000000089aa00f0,0x000000008e600000)
 Metaspace       used 19810K, capacity 20082K, committed 20352K, reserved 1067008K
  class space    used 2312K, capacity 2415K, committed 2432K, reserved 1048576K
}
Event: 1.488 GC heap before
{Heap before GC invocations=5 (full 2):
 PSYoungGen      total 35840K, used 30720K [0x00000000d8780000, 0x00000000daf80000, 0x0000000100000000)
  eden space 30720K, 100% used [0x00000000d8780000,0x00000000da580000,0x00000000da580000)
  from space 5120K, 0% used [0x00000000daa80000,0x00000000daa80000,0x00000000daf80000)
  to   space 5120K, 0% used [0x00000000da580000,0x00000000da580000,0x00000000daa80000)
 ParOldGen       total 81920K, used 4736K [0x0000000089600000, 0x000000008e600000, 0x00000000d8780000)
  object space 81920K, 5% used [0x0000000089600000,0x0000000089aa00f0,0x000000008e600000)
 Metaspace       used 21780K, capacity 22098K, committed 22400K, reserved 1069056K
  class space    used 2533K, capacity 2639K, committed 2688K, reserved 1048576K
Event: 1.494 GC heap after
Heap after GC invocations=5 (full 2):
 PSYoungGen      total 35840K, used 3634K [0x00000000d8780000, 0x00000000dcd80000, 0x0000000100000000)
  eden space 30720K, 0% used [0x00000000d8780000,0x00000000d8780000,0x00000000da580000)
  from space 5120K, 70% used [0x00000000da580000,0x00000000da90caf0,0x00000000daa80000)
  to   space 5120K, 0% used [0x00000000dc880000,0x00000000dc880000,0x00000000dcd80000)
 ParOldGen       total 81920K, used 4744K [0x0000000089600000, 0x000000008e600000, 0x00000000d8780000)
  object space 81920K, 5% used [0x0000000089600000,0x0000000089aa20f0,0x000000008e600000)
 Metaspace       used 21780K, capacity 22098K, committed 22400K, reserved 1069056K
  class space    used 2533K, capacity 2639K, committed 2688K, reserved 1048576K
}
Event: 1.543 GC heap before
{Heap before GC invocations=6 (full 2):
 PSYoungGen      total 35840K, used 8771K [0x00000000d8780000, 0x00000000dcd80000, 0x0000000100000000)
  eden space 30720K, 16% used [0x00000000d8780000,0x00000000d8c84208,0x00000000da580000)
  from space 5120K, 70% used [0x00000000da580000,0x00000000da90caf0,0x00000000daa80000)
  to   space 5120K, 0% used [0x00000000dc880000,0x00000000dc880000,0x00000000dcd80000)
 ParOldGen       total 81920K, used 4744K [0x0000000089600000, 0x000000008e600000, 0x00000000d8780000)
  object space 81920K, 5% used [0x0000000089600000,0x0000000089aa20f0,0x000000008e600000)
 Metaspace       used 21953K, capacity 22258K, committed 22656K, reserved 1069056K
  class space    used 2549K, capacity 2671K, committed 2688K, reserved 1048576K
Event: 1.552 GC heap after
Heap after GC invocations=6 (full 2):
 PSYoungGen      total 66560K, used 3591K [0x00000000d8780000, 0x00000000dcd80000, 0x0000000100000000)
  eden space 61440K, 0% used [0x00000000d8780000,0x00000000d8780000,0x00000000dc380000)
  from space 5120K, 70% used [0x00000000dc880000,0x00000000dcc01d88,0x00000000dcd80000)
  to   space 5120K, 0% used [0x00000000dc380000,0x00000000dc380000,0x00000000dc880000)
 ParOldGen       total 81920K, used 4752K [0x0000000089600000, 0x000000008e600000, 0x00000000d8780000)
  object space 81920K, 5% used [0x0000000089600000,0x0000000089aa40f0,0x000000008e600000)
 Metaspace       used 21953K, capacity 22258K, committed 22656K, reserved 1069056K
  class space    used 2549K, capacity 2671K, committed 2688K, reserved 1048576K
}
Event: 1.552 GC heap before
{Heap before GC invocations=7 (full 3):
 PSYoungGen      total 66560K, used 3591K [0x00000000d8780000, 0x00000000dcd80000, 0x0000000100000000)
  eden space 61440K, 0% used [0x00000000d8780000,0x00000000d8780000,0x00000000dc380000)
  from space 5120K, 70% used [0x00000000dc880000,0x00000000dcc01d88,0x00000000dcd80000)
  to   space 5120K, 0% used [0x00000000dc380000,0x00000000dc380000,0x00000000dc880000)
 ParOldGen       total 81920K, used 4752K [0x0000000089600000, 0x000000008e600000, 0x00000000d8780000)
  object space 81920K, 5% used [0x0000000089600000,0x0000000089aa40f0,0x000000008e600000)
 Metaspace       used 21953K, capacity 22258K, committed 22656K, reserved 1069056K
  class space    used 2549K, capacity 2671K, committed 2688K, reserved 1048576K
Event: 1.633 GC heap after
Heap after GC invocations=7 (full 3):
 PSYoungGen      total 66560K, used 0K [0x00000000d8780000, 0x00000000dcd80000, 0x0000000100000000)
  eden space 61440K, 0% used [0x00000000d8780000,0x00000000d8780000,0x00000000dc380000)
  from space 5120K, 0% used [0x00000000dc880000,0x00000000dc880000,0x00000000dcd80000)
  to   space 5120K, 0% used [0x00000000dc380000,0x00000000dc380000,0x00000000dc880000)
 ParOldGen       total 81920K, used 8033K [0x0000000089600000, 0x000000008e600000, 0x00000000d8780000)
  object space 81920K, 9% used [0x0000000089600000,0x0000000089dd85c8,0x000000008e600000)
 Metaspace       used 21953K, capacity 22258K, committed 22656K, reserved 1069056K
  class space    used 2549K, capacity 2671K, committed 2688K, reserved 1048576K
}
Event: 2.865 GC heap before
{Heap before GC invocations=8 (full 3):
 PSYoungGen      total 66560K, used 61440K [0x00000000d8780000, 0x00000000dcd80000, 0x0000000100000000)
  eden space 61440K, 100% used [0x00000000d8780000,0x00000000dc380000,0x00000000dc380000)
  from space 5120K, 0% used [0x00000000dc880000,0x00000000dc880000,0x00000000dcd80000)
  to   space 5120K, 0% used [0x00000000dc380000,0x00000000dc380000,0x00000000dc880000)
 ParOldGen       total 81920K, used 8033K [0x0000000089600000, 0x000000008e600000, 0x00000000d8780000)
  object space 81920K, 9% used [0x0000000089600000,0x0000000089dd85c8,0x000000008e600000)
 Metaspace       used 24061K, capacity 24448K, committed 24960K, reserved 1071104K
  class space    used 2727K, capacity 2838K, committed 2944K, reserved 1048576K
Event: 2.881 GC heap after
Heap after GC invocations=8 (full 3):
 PSYoungGen      total 66560K, used 5120K [0x00000000d8780000, 0x00000000e0980000, 0x0000000100000000)
  eden space 61440K, 0% used [0x00000000d8780000,0x00000000d8780000,0x00000000dc380000)
  from space 5120K, 100% used [0x00000000dc380000,0x00000000dc880000,0x00000000dc880000)
  to   space 5120K, 0% used [0x00000000e0480000,0x00000000e0480000,0x00000000e0980000)
 ParOldGen       total 81920K, used 11804K [0x0000000089600000, 0x000000008e600000, 0x00000000d8780000)
  object space 81920K, 14% used [0x0000000089600000,0x000000008a1873c0,0x000000008e600000)
 Metaspace       used 24061K, capacity 24448K, committed 24960K, reserved 1071104K
  class space    used 2727K, capacity 2838K, committed 2944K, reserved 1048576K
}
Event: 6.040 GC heap before
{Heap before GC invocations=9 (full 3):
 PSYoungGen      total 66560K, used 66560K [0x00000000d8780000, 0x00000000e0980000, 0x0000000100000000)
  eden space 61440K, 100% used [0x00000000d8780000,0x00000000dc380000,0x00000000dc380000)
  from space 5120K, 100% used [0x00000000dc380000,0x00000000dc880000,0x00000000dc880000)
  to   space 5120K, 0% used [0x00000000e0480000,0x00000000e0480000,0x00000000e0980000)
 ParOldGen       total 81920K, used 11804K [0x0000000089600000, 0x000000008e600000, 0x00000000d8780000)
  object space 81920K, 14% used [0x0000000089600000,0x000000008a1873c0,0x000000008e600000)
 Metaspace       used 24562K, capacity 24960K, committed 25472K, reserved 1071104K
  class space    used 2777K, capacity 2902K, committed 2944K, reserved 1048576K
Event: 6.050 GC heap after
Heap after GC invocations=9 (full 3):
 PSYoungGen      total 66560K, used 5100K [0x00000000d8780000, 0x00000000e0980000, 0x0000000100000000)
  eden space 61440K, 0% used [0x00000000d8780000,0x00000000d8780000,0x00000000dc380000)
  from space 5120K, 99% used [0x00000000e0480000,0x00000000e097b2e8,0x00000000e0980000)
  to   space 5120K, 0% used [0x00000000dc380000,0x00000000dc380000,0x00000000dc880000)
 ParOldGen       total 81920K, used 12172K [0x0000000089600000, 0x000000008e600000, 0x00000000d8780000)
  object space 81920K, 14% used [0x0000000089600000,0x000000008a1e33c0,0x000000008e600000)
 Metaspace       used 24562K, capacity 24960K, committed 25472K, reserved 1071104K
  class space    used 2777K, capacity 2902K, committed 2944K, reserved 1048576K
}
Event: 30.348 GC heap before
{Heap before GC invocations=10 (full 3):
 PSYoungGen      total 66560K, used 21963K [0x00000000d8780000, 0x00000000e0980000, 0x0000000100000000)
  eden space 61440K, 27% used [0x00000000d8780000,0x00000000d97f7cf8,0x00000000dc380000)
  from space 5120K, 99% used [0x00000000e0480000,0x00000000e097b2e8,0x00000000e0980000)
  to   space 5120K, 0% used [0x00000000dc380000,0x00000000dc380000,0x00000000dc880000)
 ParOldGen       total 81920K, used 12172K [0x0000000089600000, 0x000000008e600000, 0x00000000d8780000)
  object space 81920K, 14% used [0x0000000089600000,0x000000008a1e33c0,0x000000008e600000)
 Metaspace       used 25515K, capacity 25888K, committed 26368K, reserved 1073152K
  class space    used 2895K, capacity 2998K, committed 3072K, reserved 1048576K
Event: 30.356 GC heap after
Heap after GC invocations=10 (full 3):
 PSYoungGen      total 66560K, used 5100K [0x00000000d8780000, 0x00000000e0500000, 0x0000000100000000)
  eden space 61440K, 0% used [0x00000000d8780000,0x00000000d8780000,0x00000000dc380000)
  from space 5120K, 99% used [0x00000000dc380000,0x00000000dc87b2e8,0x00000000dc880000)
  to   space 5120K, 0% used [0x00000000e0000000,0x00000000e0000000,0x00000000e0500000)
 ParOldGen       total 81920K, used 12621K [0x0000000089600000, 0x000000008e600000, 0x00000000d8780000)
  object space 81920K, 15% used [0x0000000089600000,0x000000008a2536c8,0x000000008e600000)
 Metaspace       used 25515K, capacity 25888K, committed 26368K, reserved 1073152K
  class space    used 2895K, capacity 2998K, committed 3072K, reserved 1048576K
}
Event: 30.356 GC heap before
{Heap before GC invocations=11 (full 4):
 PSYoungGen      total 66560K, used 5100K [0x00000000d8780000, 0x00000000e0500000, 0x0000000100000000)
  eden space 61440K, 0% used [0x00000000d8780000,0x00000000d8780000,0x00000000dc380000)
  from space 5120K, 99% used [0x00000000dc380000,0x00000000dc87b2e8,0x00000000dc880000)
  to   space 5120K, 0% used [0x00000000e0000000,0x00000000e0000000,0x00000000e0500000)
 ParOldGen       total 81920K, used 12621K [0x0000000089600000, 0x000000008e600000, 0x00000000d8780000)
  object space 81920K, 15% used [0x0000000089600000,0x000000008a2536c8,0x000000008e600000)
 Metaspace       used 25515K, capacity 25888K, committed 26368K, reserved 1073152K
  class space    used 2895K, capacity 2998K, committed 3072K, reserved 1048576K
Event: 30.580 GC heap after
Heap after GC invocations=11 (full 4):
 PSYoungGen      total 66560K, used 0K [0x00000000d8780000, 0x00000000e0500000, 0x0000000100000000)
  eden space 61440K, 0% used [0x00000000d8780000,0x00000000d8780000,0x00000000dc380000)
  from space 5120K, 0% used [0x00000000dc380000,0x00000000dc380000,0x00000000dc880000)
  to   space 5120K, 0% used [0x00000000e0000000,0x00000000e0000000,0x00000000e0500000)
 ParOldGen       total 81920K, used 17268K [0x0000000089600000, 0x000000008e600000, 0x00000000d8780000)
  object space 81920K, 21% used [0x0000000089600000,0x000000008a6dd1c0,0x000000008e600000)
 Metaspace       used 25515K, capacity 25888K, committed 26368K, reserved 1073152K
  class space    used 2895K, capacity 2998K, committed 3072K, reserved 1048576K
}
Event: 178.319 GC heap before
{Heap before GC invocations=12 (full 4):
 PSYoungGen      total 66560K, used 19281K [0x00000000d8780000, 0x00000000e0500000, 0x0000000100000000)
  eden space 61440K, 31% used [0x00000000d8780000,0x00000000d9a54478,0x00000000dc380000)
  from space 5120K, 0% used [0x00000000dc380000,0x00000000dc380000,0x00000000dc880000)
  to   space 5120K, 0% used [0x00000000e0000000,0x00000000e0000000,0x00000000e0500000)
 ParOldGen       total 81920K, used 17268K [0x0000000089600000, 0x000000008e600000, 0x00000000d8780000)
  object space 81920K, 21% used [0x0000000089600000,0x000000008a6dd1c0,0x000000008e600000)
 Metaspace       used 25686K, capacity 26048K, committed 26368K, reserved 1073152K
  class space    used 2900K, capacity 3030K, committed 3072K, reserved 1048576K
Event: 178.326 GC heap after
Heap after GC invocations=12 (full 4):
 PSYoungGen      total 65536K, used 3742K [0x00000000d8780000, 0x00000000e0400000, 0x0000000100000000)
  eden space 61440K, 0% used [0x00000000d8780000,0x00000000d8780000,0x00000000dc380000)
  from space 4096K, 91% used [0x00000000e0000000,0x00000000e03a79b0,0x00000000e0400000)
  to   space 5120K, 0% used [0x00000000dfa00000,0x00000000dfa00000,0x00000000dff00000)
 ParOldGen       total 81920K, used 17276K [0x0000000089600000, 0x000000008e600000, 0x00000000d8780000)
  object space 81920K, 21% used [0x0000000089600000,0x000000008a6df1c0,0x000000008e600000)
 Metaspace       used 25686K, capacity 26048K, committed 26368K, reserved 1073152K
  class space    used 2900K, capacity 3030K, committed 3072K, reserved 1048576K
}
Event: 178.326 GC heap before
{Heap before GC invocations=13 (full 5):
 PSYoungGen      total 65536K, used 3742K [0x00000000d8780000, 0x00000000e0400000, 0x0000000100000000)
  eden space 61440K, 0% used [0x00000000d8780000,0x00000000d8780000,0x00000000dc380000)
  from space 4096K, 91% used [0x00000000e0000000,0x00000000e03a79b0,0x00000000e0400000)
  to   space 5120K, 0% used [0x00000000dfa00000,0x00000000dfa00000,0x00000000dff00000)
 ParOldGen       total 81920K, used 17276K [0x0000000089600000, 0x000000008e600000, 0x00000000d8780000)
  object space 81920K, 21% used [0x0000000089600000,0x000000008a6df1c0,0x000000008e600000)
 Metaspace       used 25686K, capacity 26048K, committed 26368K, reserved 1073152K
  class space    used 2900K, capacity 3030K, committed 3072K, reserved 1048576K
Event: 178.520 GC heap after
Heap after GC invocations=13 (full 5):
 PSYoungGen      total 65536K, used 0K [0x00000000d8780000, 0x00000000e0400000, 0x0000000100000000)
  eden space 61440K, 0% used [0x00000000d8780000,0x00000000d8780000,0x00000000dc380000)
  from space 4096K, 0% used [0x00000000e0000000,0x00000000e0000000,0x00000000e0400000)
  to   space 5120K, 0% used [0x00000000dfa00000,0x00000000dfa00000,0x00000000dff00000)
 ParOldGen       total 81920K, used 20335K [0x0000000089600000, 0x000000008e600000, 0x00000000d8780000)
  object space 81920K, 24% used [0x0000000089600000,0x000000008a9dbd30,0x000000008e600000)
 Metaspace       used 25686K, capacity 26048K, committed 26368K, reserved 1073152K
  class space    used 2900K, capacity 3030K, committed 3072K, reserved 1048576K
}
Event: 178.538 GC heap before
{Heap before GC invocations=14 (full 5):
 PSYoungGen      total 65536K, used 3448K [0x00000000d8780000, 0x00000000e0400000, 0x0000000100000000)
  eden space 61440K, 5% used [0x00000000d8780000,0x00000000d8ade0e0,0x00000000dc380000)
  from space 4096K, 0% used [0x00000000e0000000,0x00000000e0000000,0x00000000e0400000)
  to   space 5120K, 0% used [0x00000000dfa00000,0x00000000dfa00000,0x00000000dff00000)
 ParOldGen       total 81920K, used 20335K [0x0000000089600000, 0x000000008e600000, 0x00000000d8780000)
  object space 81920K, 24% used [0x0000000089600000,0x000000008a9dbd30,0x000000008e600000)
 Metaspace       used 25688K, capacity 26048K, committed 26368K, reserved 1073152K
  class space    used 2900K, capacity 3030K, committed 3072K, reserved 1048576K
Event: 178.542 GC heap after
Heap after GC invocations=14 (full 5):
 PSYoungGen      total 61952K, used 224K [0x00000000d8780000, 0x00000000e0080000, 0x0000000100000000)
  eden space 61440K, 0% used [0x00000000d8780000,0x00000000d8780000,0x00000000dc380000)
  from space 512K, 43% used [0x00000000dfa00000,0x00000000dfa38000,0x00000000dfa80000)
  to   space 5120K, 0% used [0x00000000dfb80000,0x00000000dfb80000,0x00000000e0080000)
 ParOldGen       total 81920K, used 20335K [0x0000000089600000, 0x000000008e600000, 0x00000000d8780000)
  object space 81920K, 24% used [0x0000000089600000,0x000000008a9dbd30,0x000000008e600000)
 Metaspace       used 25688K, capacity 26048K, committed 26368K, reserved 1073152K
  class space    used 2900K, capacity 3030K, committed 3072K, reserved 1048576K
}
Event: 178.542 GC heap before
{Heap before GC invocations=15 (full 6):
 PSYoungGen      total 61952K, used 224K [0x00000000d8780000, 0x00000000e0080000, 0x0000000100000000)
  eden space 61440K, 0% used [0x00000000d8780000,0x00000000d8780000,0x00000000dc380000)
  from space 512K, 43% used [0x00000000dfa00000,0x00000000dfa38000,0x00000000dfa80000)
  to   space 5120K, 0% used [0x00000000dfb80000,0x00000000dfb80000,0x00000000e0080000)
 ParOldGen       total 81920K, used 20335K [0x0000000089600000, 0x000000008e600000, 0x00000000d8780000)
  object space 81920K, 24% used [0x0000000089600000,0x000000008a9dbd30,0x000000008e600000)
 Metaspace       used 25688K, capacity 26048K, committed 26368K, reserved 1073152K
  class space    used 2900K, capacity 3030K, committed 3072K, reserved 1048576K
Event: 178.682 GC heap after
Heap after GC invocations=15 (full 6):
 PSYoungGen      total 61952K, used 0K [0x00000000d8780000, 0x00000000e0080000, 0x0000000100000000)
  eden space 61440K, 0% used [0x00000000d8780000,0x00000000d8780000,0x00000000dc380000)
  from space 512K, 0% used [0x00000000dfa00000,0x00000000dfa00000,0x00000000dfa80000)
  to   space 5120K, 0% used [0x00000000dfb80000,0x00000000dfb80000,0x00000000e0080000)
 ParOldGen       total 81920K, used 20458K [0x0000000089600000, 0x000000008e600000, 0x00000000d8780000)
  object space 81920K, 24% used [0x0000000089600000,0x000000008a9fa990,0x000000008e600000)
 Metaspace       used 25688K, capacity 26048K, committed 26368K, reserved 1073152K
  class space    used 2900K, capacity 3030K, committed 3072K, reserved 1048576K
}
Event: 185.894 GC heap before
{Heap before GC invocations=16 (full 6):
 PSYoungGen      total 61952K, used 3767K [0x00000000d8780000, 0x00000000e0080000, 0x0000000100000000)
  eden space 61440K, 6% used [0x00000000d8780000,0x00000000d8b2dc40,0x00000000dc380000)
  from space 512K, 0% used [0x00000000dfa00000,0x00000000dfa00000,0x00000000dfa80000)
  to   space 5120K, 0% used [0x00000000dfb80000,0x00000000dfb80000,0x00000000e0080000)
 ParOldGen       total 81920K, used 20458K [0x0000000089600000, 0x000000008e600000, 0x00000000d8780000)
  object space 81920K, 24% used [0x0000000089600000,0x000000008a9fa990,0x000000008e600000)
 Metaspace       used 25844K, capacity 26182K, committed 26624K, reserved 1073152K
  class space    used 2915K, capacity 3031K, committed 3072K, reserved 1048576K
Event: 185.897 GC heap after
Heap after GC invocations=16 (full 6):
 PSYoungGen      total 61952K, used 384K [0x00000000d8780000, 0x00000000dfc00000, 0x0000000100000000)
  eden space 61440K, 0% used [0x00000000d8780000,0x00000000d8780000,0x00000000dc380000)
  from space 512K, 75% used [0x00000000dfb80000,0x00000000dfbe0000,0x00000000dfc00000)
  to   space 5120K, 0% used [0x00000000df200000,0x00000000df200000,0x00000000df700000)
 ParOldGen       total 81920K, used 20466K [0x0000000089600000, 0x000000008e600000, 0x00000000d8780000)
  object space 81920K, 24% used [0x0000000089600000,0x000000008a9fc990,0x000000008e600000)
 Metaspace       used 25844K, capacity 26182K, committed 26624K, reserved 1073152K
  class space    used 2915K, capacity 3031K, committed 3072K, reserved 1048576K
}
Event: 185.897 GC heap before
{Heap before GC invocations=17 (full 7):
 PSYoungGen      total 61952K, used 384K [0x00000000d8780000, 0x00000000dfc00000, 0x0000000100000000)
  eden space 61440K, 0% used [0x00000000d8780000,0x00000000d8780000,0x00000000dc380000)
  from space 512K, 75% used [0x00000000dfb80000,0x00000000dfbe0000,0x00000000dfc00000)
  to   space 5120K, 0% used [0x00000000df200000,0x00000000df200000,0x00000000df700000)
 ParOldGen       total 81920K, used 20466K [0x0000000089600000, 0x000000008e600000, 0x00000000d8780000)
  object space 81920K, 24% used [0x0000000089600000,0x000000008a9fc990,0x000000008e600000)
 Metaspace       used 25844K, capacity 26182K, committed 26624K, reserved 1073152K
  class space    used 2915K, capacity 3031K, committed 3072K, reserved 1048576K
Event: 186.083 GC heap after
Heap after GC invocations=17 (full 7):
 PSYoungGen      total 61952K, used 0K [0x00000000d8780000, 0x00000000dfc00000, 0x0000000100000000)
  eden space 61440K, 0% used [0x00000000d8780000,0x00000000d8780000,0x00000000dc380000)
  from space 512K, 0% used [0x00000000dfb80000,0x00000000dfb80000,0x00000000dfc00000)
  to   space 5120K, 0% used [0x00000000df200000,0x00000000df200000,0x00000000df700000)
 ParOldGen       total 81920K, used 20683K [0x0000000089600000, 0x000000008e600000, 0x00000000d8780000)
  object space 81920K, 25% used [0x0000000089600000,0x000000008aa32c58,0x000000008e600000)
 Metaspace       used 25844K, capacity 26182K, committed 26624K, reserved 1073152K
  class space    used 2915K, capacity 3031K, committed 3072K, reserved 1048576K
}

