# JRE version: OpenJDK Runtime Environment (8.0_232-b09) (build 1.8.0_232-b09)
# Java VM: OpenJDK 64-Bit Server VM (25.232-b09 mixed mode linux-amd64 compressed oops)
Heap:
 PSYoungGen      total 128000K, used 12875K [0x00000000d8780000, 0x00000000e0980000, 0x0000000100000000)
  eden space 122880K, 10% used [0x00000000d8780000,0x00000000d9412dd0,0x00000000dff80000)
  from space 5120K, 0% used [0x00000000dff80000,0x00000000dff80000,0x00000000e0480000)
  to   space 5120K, 0% used [0x00000000e0480000,0x00000000e0480000,0x00000000e0980000)
 ParOldGen       total 81920K, used 14534K [0x0000000089600000, 0x000000008e600000, 0x00000000d8780000)
  object space 81920K, 17% used [0x0000000089600000,0x000000008a431aa0,0x000000008e600000)
 Metaspace       used 25875K, capacity 26246K, committed 26624K, reserved 1073152K
  class space    used 2930K, capacity 3031K, committed 3072K, reserved 1048576K
GC Heap History (32 events):
Event: 1.049 GC heap before
{Heap before GC invocations=1 (full 0):
 PSYoungGen      total 35840K, used 26457K [0x00000000d8780000, 0x00000000daf80000, 0x0000000100000000)
  eden space 30720K, 86% used [0x00000000d8780000,0x00000000da1564a8,0x00000000da580000)
  from space 5120K, 0% used [0x00000000daa80000,0x00000000daa80000,0x00000000daf80000)
  to   space 5120K, 0% used [0x00000000da580000,0x00000000da580000,0x00000000daa80000)
 ParOldGen       total 81920K, used 0K [0x0000000089600000, 0x000000008e600000, 0x00000000d8780000)
  object space 81920K, 0% used [0x0000000089600000,0x0000000089600000,0x000000008e600000)
 Metaspace       used 19599K, capacity 19890K, committed 20352K, reserved 1067008K
  class space    used 2284K, capacity 2415K, committed 2432K, reserved 1048576K
Event: 1.063 GC heap after
Heap after GC invocations=1 (full 0):
 PSYoungGen      total 35840K, used 5113K [0x00000000d8780000, 0x00000000daf80000, 0x0000000100000000)
  eden space 30720K, 0% used [0x00000000d8780000,0x00000000d8780000,0x00000000da580000)
  from space 5120K, 99% used [0x00000000da580000,0x00000000daa7e5e0,0x00000000daa80000)
  to   space 5120K, 0% used [0x00000000daa80000,0x00000000daa80000,0x00000000daf80000)
 ParOldGen       total 81920K, used 896K [0x0000000089600000, 0x000000008e600000, 0x00000000d8780000)
  object space 81920K, 1% used [0x0000000089600000,0x00000000896e02f0,0x000000008e600000)
 Metaspace       used 19599K, capacity 19890K, committed 20352K, reserved 1067008K
  class space    used 2284K, capacity 2415K, committed 2432K, reserved 1048576K
}
Event: 1.063 GC heap before
{Heap before GC invocations=2 (full 1):
 PSYoungGen      total 35840K, used 5113K [0x00000000d8780000, 0x00000000daf80000, 0x0000000100000000)
  eden space 30720K, 0% used [0x00000000d8780000,0x00000000d8780000,0x00000000da580000)
  from space 5120K, 99% used [0x00000000da580000,0x00000000daa7e5e0,0x00000000daa80000)
  to   space 5120K, 0% used [0x00000000daa80000,0x00000000daa80000,0x00000000daf80000)
 ParOldGen       total 81920K, used 896K [0x0000000089600000, 0x000000008e600000, 0x00000000d8780000)
  object space 81920K, 1% used [0x0000000089600000,0x00000000896e02f0,0x000000008e600000)
 Metaspace       used 19599K, capacity 19890K, committed 20352K, reserved 1067008K
  class space    used 2284K, capacity 2415K, committed 2432K, reserved 1048576K
Event: 1.102 GC heap after
Heap after GC invocations=2 (full 1):
 PSYoungGen      total 35840K, used 0K [0x00000000d8780000, 0x00000000daf80000, 0x0000000100000000)
  eden space 30720K, 0% used [0x00000000d8780000,0x00000000d8780000,0x00000000da580000)
  from space 5120K, 0% used [0x00000000da580000,0x00000000da580000,0x00000000daa80000)
  to   space 5120K, 0% used [0x00000000daa80000,0x00000000daa80000,0x00000000daf80000)
 ParOldGen       total 81920K, used 5818K [0x0000000089600000, 0x000000008e600000, 0x00000000d8780000)
  object space 81920K, 7% used [0x0000000089600000,0x0000000089bae850,0x000000008e600000)
 Metaspace       used 19599K, capacity 19890K, committed 20352K, reserved 1067008K
  class space    used 2284K, capacity 2415K, committed 2432K, reserved 1048576K
}
Event: 1.172 GC heap before
{Heap before GC invocations=3 (full 1):
 PSYoungGen      total 35840K, used 5370K [0x00000000d8780000, 0x00000000daf80000, 0x0000000100000000)
  eden space 30720K, 17% used [0x00000000d8780000,0x00000000d8cbeba0,0x00000000da580000)
  from space 5120K, 0% used [0x00000000da580000,0x00000000da580000,0x00000000daa80000)
  to   space 5120K, 0% used [0x00000000daa80000,0x00000000daa80000,0x00000000daf80000)
 ParOldGen       total 81920K, used 5818K [0x0000000089600000, 0x000000008e600000, 0x00000000d8780000)
  object space 81920K, 7% used [0x0000000089600000,0x0000000089bae850,0x000000008e600000)
 Metaspace       used 20037K, capacity 20338K, committed 20736K, reserved 1067008K
  class space    used 2347K, capacity 2479K, committed 2560K, reserved 1048576K
Event: 1.174 GC heap after
Heap after GC invocations=3 (full 1):
 PSYoungGen      total 35840K, used 665K [0x00000000d8780000, 0x00000000daf80000, 0x0000000100000000)
  eden space 30720K, 0% used [0x00000000d8780000,0x00000000d8780000,0x00000000da580000)
  from space 5120K, 12% used [0x00000000daa80000,0x00000000dab26480,0x00000000daf80000)
  to   space 5120K, 0% used [0x00000000da580000,0x00000000da580000,0x00000000daa80000)
 ParOldGen       total 81920K, used 5826K [0x0000000089600000, 0x000000008e600000, 0x00000000d8780000)
  object space 81920K, 7% used [0x0000000089600000,0x0000000089bb0850,0x000000008e600000)
 Metaspace       used 20037K, capacity 20338K, committed 20736K, reserved 1067008K
  class space    used 2347K, capacity 2479K, committed 2560K, reserved 1048576K
}
Event: 1.174 GC heap before
{Heap before GC invocations=4 (full 2):
 PSYoungGen      total 35840K, used 665K [0x00000000d8780000, 0x00000000daf80000, 0x0000000100000000)
  eden space 30720K, 0% used [0x00000000d8780000,0x00000000d8780000,0x00000000da580000)
  from space 5120K, 12% used [0x00000000daa80000,0x00000000dab26480,0x00000000daf80000)
  to   space 5120K, 0% used [0x00000000da580000,0x00000000da580000,0x00000000daa80000)
 ParOldGen       total 81920K, used 5826K [0x0000000089600000, 0x000000008e600000, 0x00000000d8780000)
  object space 81920K, 7% used [0x0000000089600000,0x0000000089bb0850,0x000000008e600000)
 Metaspace       used 20037K, capacity 20338K, committed 20736K, reserved 1067008K
  class space    used 2347K, capacity 2479K, committed 2560K, reserved 1048576K
Event: 1.223 GC heap after
Heap after GC invocations=4 (full 2):
 PSYoungGen      total 35840K, used 0K [0x00000000d8780000, 0x00000000daf80000, 0x0000000100000000)
  eden space 30720K, 0% used [0x00000000d8780000,0x00000000d8780000,0x00000000da580000)
  from space 5120K, 0% used [0x00000000daa80000,0x00000000daa80000,0x00000000daf80000)
  to   space 5120K, 0% used [0x00000000da580000,0x00000000da580000,0x00000000daa80000)
 ParOldGen       total 81920K, used 4967K [0x0000000089600000, 0x000000008e600000, 0x00000000d8780000)
  object space 81920K, 6% used [0x0000000089600000,0x0000000089ad9c48,0x000000008e600000)
 Metaspace       used 20037K, capacity 20338K, committed 20736K, reserved 1067008K
  class space    used 2347K, capacity 2479K, committed 2560K, reserved 1048576K
}
Event: 1.568 GC heap before
{Heap before GC invocations=5 (full 2):
 PSYoungGen      total 35840K, used 30720K [0x00000000d8780000, 0x00000000daf80000, 0x0000000100000000)
  eden space 30720K, 100% used [0x00000000d8780000,0x00000000da580000,0x00000000da580000)
  from space 5120K, 0% used [0x00000000daa80000,0x00000000daa80000,0x00000000daf80000)
  to   space 5120K, 0% used [0x00000000da580000,0x00000000da580000,0x00000000daa80000)
 ParOldGen       total 81920K, used 4967K [0x0000000089600000, 0x000000008e600000, 0x00000000d8780000)
  object space 81920K, 6% used [0x0000000089600000,0x0000000089ad9c48,0x000000008e600000)
 Metaspace       used 21784K, capacity 22098K, committed 22400K, reserved 1069056K
  class space    used 2533K, capacity 2639K, committed 2688K, reserved 1048576K
Event: 1.574 GC heap after
Heap after GC invocations=5 (full 2):
 PSYoungGen      total 35840K, used 3456K [0x00000000d8780000, 0x00000000dcd80000, 0x0000000100000000)
  eden space 30720K, 0% used [0x00000000d8780000,0x00000000d8780000,0x00000000da580000)
  from space 5120K, 67% used [0x00000000da580000,0x00000000da8e0000,0x00000000daa80000)
  to   space 5120K, 0% used [0x00000000dc880000,0x00000000dc880000,0x00000000dcd80000)
 ParOldGen       total 81920K, used 4975K [0x0000000089600000, 0x000000008e600000, 0x00000000d8780000)
  object space 81920K, 6% used [0x0000000089600000,0x0000000089adbc48,0x000000008e600000)
 Metaspace       used 21784K, capacity 22098K, committed 22400K, reserved 1069056K
  class space    used 2533K, capacity 2639K, committed 2688K, reserved 1048576K
}
Event: 1.641 GC heap before
{Heap before GC invocations=6 (full 2):
 PSYoungGen      total 35840K, used 8283K [0x00000000d8780000, 0x00000000dcd80000, 0x0000000100000000)
  eden space 30720K, 15% used [0x00000000d8780000,0x00000000d8c36e50,0x00000000da580000)
  from space 5120K, 67% used [0x00000000da580000,0x00000000da8e0000,0x00000000daa80000)
  to   space 5120K, 0% used [0x00000000dc880000,0x00000000dc880000,0x00000000dcd80000)
 ParOldGen       total 81920K, used 4975K [0x0000000089600000, 0x000000008e600000, 0x00000000d8780000)
  object space 81920K, 6% used [0x0000000089600000,0x0000000089adbc48,0x000000008e600000)
 Metaspace       used 21973K, capacity 22258K, committed 22656K, reserved 1069056K
  class space    used 2549K, capacity 2671K, committed 2688K, reserved 1048576K
Event: 1.648 GC heap after
Heap after GC invocations=6 (full 2):
 PSYoungGen      total 66560K, used 3607K [0x00000000d8780000, 0x00000000dcd80000, 0x0000000100000000)
  eden space 61440K, 0% used [0x00000000d8780000,0x00000000d8780000,0x00000000dc380000)
  from space 5120K, 70% used [0x00000000dc880000,0x00000000dcc05d98,0x00000000dcd80000)
  to   space 5120K, 0% used [0x00000000dc380000,0x00000000dc380000,0x00000000dc880000)
 ParOldGen       total 81920K, used 4983K [0x0000000089600000, 0x000000008e600000, 0x00000000d8780000)
  object space 81920K, 6% used [0x0000000089600000,0x0000000089addc48,0x000000008e600000)
 Metaspace       used 21973K, capacity 22258K, committed 22656K, reserved 1069056K
  class space    used 2549K, capacity 2671K, committed 2688K, reserved 1048576K
}
Event: 1.648 GC heap before
{Heap before GC invocations=7 (full 3):
 PSYoungGen      total 66560K, used 3607K [0x00000000d8780000, 0x00000000dcd80000, 0x0000000100000000)
  eden space 61440K, 0% used [0x00000000d8780000,0x00000000d8780000,0x00000000dc380000)
  from space 5120K, 70% used [0x00000000dc880000,0x00000000dcc05d98,0x00000000dcd80000)
  to   space 5120K, 0% used [0x00000000dc380000,0x00000000dc380000,0x00000000dc880000)
 ParOldGen       total 81920K, used 4983K [0x0000000089600000, 0x000000008e600000, 0x00000000d8780000)
  object space 81920K, 6% used [0x0000000089600000,0x0000000089addc48,0x000000008e600000)
 Metaspace       used 21973K, capacity 22258K, committed 22656K, reserved 1069056K
  class space    used 2549K, capacity 2671K, committed 2688K, reserved 1048576K
Event: 1.776 GC heap after
Heap after GC invocations=7 (full 3):
 PSYoungGen      total 66560K, used 0K [0x00000000d8780000, 0x00000000dcd80000, 0x0000000100000000)
  eden space 61440K, 0% used [0x00000000d8780000,0x00000000d8780000,0x00000000dc380000)
  from space 5120K, 0% used [0x00000000dc880000,0x00000000dc880000,0x00000000dcd80000)
  to   space 5120K, 0% used [0x00000000dc380000,0x00000000dc380000,0x00000000dc880000)
 ParOldGen       total 81920K, used 8100K [0x0000000089600000, 0x000000008e600000, 0x00000000d8780000)
  object space 81920K, 9% used [0x0000000089600000,0x0000000089de9348,0x000000008e600000)
 Metaspace       used 21973K, capacity 22258K, committed 22656K, reserved 1069056K
  class space    used 2549K, capacity 2671K, committed 2688K, reserved 1048576K
}
Event: 2.757 GC heap before
{Heap before GC invocations=8 (full 3):
 PSYoungGen      total 66560K, used 61440K [0x00000000d8780000, 0x00000000dcd80000, 0x0000000100000000)
  eden space 61440K, 100% used [0x00000000d8780000,0x00000000dc380000,0x00000000dc380000)
  from space 5120K, 0% used [0x00000000dc880000,0x00000000dc880000,0x00000000dcd80000)
  to   space 5120K, 0% used [0x00000000dc380000,0x00000000dc380000,0x00000000dc880000)
 ParOldGen       total 81920K, used 8100K [0x0000000089600000, 0x000000008e600000, 0x00000000d8780000)
  object space 81920K, 9% used [0x0000000089600000,0x0000000089de9348,0x000000008e600000)
 Metaspace       used 23971K, capacity 24384K, committed 24960K, reserved 1071104K
  class space    used 2729K, capacity 2838K, committed 2944K, reserved 1048576K
Event: 2.771 GC heap after
Heap after GC invocations=8 (full 3):
 PSYoungGen      total 66560K, used 5104K [0x00000000d8780000, 0x00000000e0980000, 0x0000000100000000)
  eden space 61440K, 0% used [0x00000000d8780000,0x00000000d8780000,0x00000000dc380000)
  from space 5120K, 99% used [0x00000000dc380000,0x00000000dc87c138,0x00000000dc880000)
  to   space 5120K, 0% used [0x00000000e0480000,0x00000000e0480000,0x00000000e0980000)
 ParOldGen       total 81920K, used 8289K [0x0000000089600000, 0x000000008e600000, 0x00000000d8780000)
  object space 81920K, 10% used [0x0000000089600000,0x0000000089e18530,0x000000008e600000)
 Metaspace       used 23971K, capacity 24384K, committed 24960K, reserved 1071104K
  class space    used 2729K, capacity 2838K, committed 2944K, reserved 1048576K
}
Event: 9.481 GC heap before
{Heap before GC invocations=9 (full 3):
 PSYoungGen      total 66560K, used 23791K [0x00000000d8780000, 0x00000000e0980000, 0x0000000100000000)
  eden space 61440K, 30% used [0x00000000d8780000,0x00000000d99bfdd0,0x00000000dc380000)
  from space 5120K, 99% used [0x00000000dc380000,0x00000000dc87c138,0x00000000dc880000)
  to   space 5120K, 0% used [0x00000000e0480000,0x00000000e0480000,0x00000000e0980000)
 ParOldGen       total 81920K, used 8289K [0x0000000089600000, 0x000000008e600000, 0x00000000d8780000)
  object space 81920K, 10% used [0x0000000089600000,0x0000000089e18530,0x000000008e600000)
 Metaspace       used 24607K, capacity 24960K, committed 25472K, reserved 1071104K
  class space    used 2796K, capacity 2902K, committed 2944K, reserved 1048576K
Event: 9.491 GC heap after
Heap after GC invocations=9 (full 3):
 PSYoungGen      total 128000K, used 5102K [0x00000000d8780000, 0x00000000e0980000, 0x0000000100000000)
  eden space 122880K, 0% used [0x00000000d8780000,0x00000000d8780000,0x00000000dff80000)
  from space 5120K, 99% used [0x00000000e0480000,0x00000000e097b9c0,0x00000000e0980000)
  to   space 5120K, 0% used [0x00000000dff80000,0x00000000dff80000,0x00000000e0480000)
 ParOldGen       total 81920K, used 8713K [0x0000000089600000, 0x000000008e600000, 0x00000000d8780000)
  object space 81920K, 10% used [0x0000000089600000,0x0000000089e82550,0x000000008e600000)
 Metaspace       used 24607K, capacity 24960K, committed 25472K, reserved 1071104K
  class space    used 2796K, capacity 2902K, committed 2944K, reserved 1048576K
}
Event: 9.491 GC heap before
{Heap before GC invocations=10 (full 4):
 PSYoungGen      total 128000K, used 5102K [0x00000000d8780000, 0x00000000e0980000, 0x0000000100000000)
  eden space 122880K, 0% used [0x00000000d8780000,0x00000000d8780000,0x00000000dff80000)
  from space 5120K, 99% used [0x00000000e0480000,0x00000000e097b9c0,0x00000000e0980000)
  to   space 5120K, 0% used [0x00000000dff80000,0x00000000dff80000,0x00000000e0480000)
 ParOldGen       total 81920K, used 8713K [0x0000000089600000, 0x000000008e600000, 0x00000000d8780000)
  object space 81920K, 10% used [0x0000000089600000,0x0000000089e82550,0x000000008e600000)
 Metaspace       used 24607K, capacity 24960K, committed 25472K, reserved 1071104K
  class space    used 2796K, capacity 2902K, committed 2944K, reserved 1048576K
Event: 9.604 GC heap after
Heap after GC invocations=10 (full 4):
 PSYoungGen      total 128000K, used 0K [0x00000000d8780000, 0x00000000e0980000, 0x0000000100000000)
  eden space 122880K, 0% used [0x00000000d8780000,0x00000000d8780000,0x00000000dff80000)
  from space 5120K, 0% used [0x00000000e0480000,0x00000000e0480000,0x00000000e0980000)
  to   space 5120K, 0% used [0x00000000dff80000,0x00000000dff80000,0x00000000e0480000)
 ParOldGen       total 81920K, used 13345K [0x0000000089600000, 0x000000008e600000, 0x00000000d8780000)
  object space 81920K, 16% used [0x0000000089600000,0x000000008a3084b8,0x000000008e600000)
 Metaspace       used 24607K, capacity 24960K, committed 25472K, reserved 1071104K
  class space    used 2796K, capacity 2902K, committed 2944K, reserved 1048576K
}
Event: 9.623 GC heap before
{Heap before GC invocations=11 (full 4):
 PSYoungGen      total 128000K, used 4148K [0x00000000d8780000, 0x00000000e0980000, 0x0000000100000000)
  eden space 122880K, 3% used [0x00000000d8780000,0x00000000d8b8d3c8,0x00000000dff80000)
  from space 5120K, 0% used [0x00000000e0480000,0x00000000e0480000,0x00000000e0980000)
  to   space 5120K, 0% used [0x00000000dff80000,0x00000000dff80000,0x00000000e0480000)
 ParOldGen       total 81920K, used 13345K [0x0000000089600000, 0x000000008e600000, 0x00000000d8780000)
  object space 81920K, 16% used [0x0000000089600000,0x000000008a3084b8,0x000000008e600000)
 Metaspace       used 24608K, capacity 24960K, committed 25472K, reserved 1071104K
  class space    used 2796K, capacity 2902K, committed 2944K, reserved 1048576K
Event: 9.625 GC heap after
Heap after GC invocations=11 (full 4):
 PSYoungGen      total 128000K, used 256K [0x00000000d8780000, 0x00000000e0980000, 0x0000000100000000)
  eden space 122880K, 0% used [0x00000000d8780000,0x00000000d8780000,0x00000000dff80000)
  from space 5120K, 5% used [0x00000000dff80000,0x00000000dffc0000,0x00000000e0480000)
  to   space 5120K, 0% used [0x00000000e0480000,0x00000000e0480000,0x00000000e0980000)
 ParOldGen       total 81920K, used 13345K [0x0000000089600000, 0x000000008e600000, 0x00000000d8780000)
  object space 81920K, 16% used [0x0000000089600000,0x000000008a3084b8,0x000000008e600000)
 Metaspace       used 24608K, capacity 24960K, committed 25472K, reserved 1071104K
  class space    used 2796K, capacity 2902K, committed 2944K, reserved 1048576K
}
Event: 9.625 GC heap before
{Heap before GC invocations=12 (full 5):
 PSYoungGen      total 128000K, used 256K [0x00000000d8780000, 0x00000000e0980000, 0x0000000100000000)
  eden space 122880K, 0% used [0x00000000d8780000,0x00000000d8780000,0x00000000dff80000)
  from space 5120K, 5% used [0x00000000dff80000,0x00000000dffc0000,0x00000000e0480000)
  to   space 5120K, 0% used [0x00000000e0480000,0x00000000e0480000,0x00000000e0980000)
 ParOldGen       total 81920K, used 13345K [0x0000000089600000, 0x000000008e600000, 0x00000000d8780000)
  object space 81920K, 16% used [0x0000000089600000,0x000000008a3084b8,0x000000008e600000)
 Metaspace       used 24608K, capacity 24960K, committed 25472K, reserved 1071104K
  class space    used 2796K, capacity 2902K, committed 2944K, reserved 1048576K
Event: 9.749 GC heap after
Heap after GC invocations=12 (full 5):
 PSYoungGen      total 128000K, used 0K [0x00000000d8780000, 0x00000000e0980000, 0x0000000100000000)
  eden space 122880K, 0% used [0x00000000d8780000,0x00000000d8780000,0x00000000dff80000)
  from space 5120K, 0% used [0x00000000dff80000,0x00000000dff80000,0x00000000e0480000)
  to   space 5120K, 0% used [0x00000000e0480000,0x00000000e0480000,0x00000000e0980000)
 ParOldGen       total 81920K, used 13481K [0x0000000089600000, 0x000000008e600000, 0x00000000d8780000)
  object space 81920K, 16% used [0x0000000089600000,0x000000008a32a628,0x000000008e600000)
 Metaspace       used 24608K, capacity 24960K, committed 25472K, reserved 1071104K
  class space    used 2796K, capacity 2902K, committed 2944K, reserved 1048576K
}
Event: 34.255 GC heap before
{Heap before GC invocations=13 (full 5):
 PSYoungGen      total 128000K, used 21335K [0x00000000d8780000, 0x00000000e0980000, 0x0000000100000000)
  eden space 122880K, 17% used [0x00000000d8780000,0x00000000d9c55ca8,0x00000000dff80000)
  from space 5120K, 0% used [0x00000000dff80000,0x00000000dff80000,0x00000000e0480000)
  to   space 5120K, 0% used [0x00000000e0480000,0x00000000e0480000,0x00000000e0980000)
 ParOldGen       total 81920K, used 13481K [0x0000000089600000, 0x000000008e600000, 0x00000000d8780000)
  object space 81920K, 16% used [0x0000000089600000,0x000000008a32a628,0x000000008e600000)
 Metaspace       used 25522K, capacity 25920K, committed 26368K, reserved 1073152K
  class space    used 2910K, capacity 3030K, committed 3072K, reserved 1048576K
Event: 34.258 GC heap after
Heap after GC invocations=13 (full 5):
 PSYoungGen      total 128000K, used 741K [0x00000000d8780000, 0x00000000e0980000, 0x0000000100000000)
  eden space 122880K, 0% used [0x00000000d8780000,0x00000000d8780000,0x00000000dff80000)
  from space 5120K, 14% used [0x00000000e0480000,0x00000000e0539490,0x00000000e0980000)
  to   space 5120K, 0% used [0x00000000dff80000,0x00000000dff80000,0x00000000e0480000)
 ParOldGen       total 81920K, used 13489K [0x0000000089600000, 0x000000008e600000, 0x00000000d8780000)
  object space 81920K, 16% used [0x0000000089600000,0x000000008a32c628,0x000000008e600000)
 Metaspace       used 25522K, capacity 25920K, committed 26368K, reserved 1073152K
  class space    used 2910K, capacity 3030K, committed 3072K, reserved 1048576K
}
Event: 34.258 GC heap before
{Heap before GC invocations=14 (full 6):
 PSYoungGen      total 128000K, used 741K [0x00000000d8780000, 0x00000000e0980000, 0x0000000100000000)
  eden space 122880K, 0% used [0x00000000d8780000,0x00000000d8780000,0x00000000dff80000)
  from space 5120K, 14% used [0x00000000e0480000,0x00000000e0539490,0x00000000e0980000)
  to   space 5120K, 0% used [0x00000000dff80000,0x00000000dff80000,0x00000000e0480000)
 ParOldGen       total 81920K, used 13489K [0x0000000089600000, 0x000000008e600000, 0x00000000d8780000)
  object space 81920K, 16% used [0x0000000089600000,0x000000008a32c628,0x000000008e600000)
 Metaspace       used 25522K, capacity 25920K, committed 26368K, reserved 1073152K
  class space    used 2910K, capacity 3030K, committed 3072K, reserved 1048576K
Event: 34.417 GC heap after
Heap after GC invocations=14 (full 6):
 PSYoungGen      total 128000K, used 0K [0x00000000d8780000, 0x00000000e0980000, 0x0000000100000000)
  eden space 122880K, 0% used [0x00000000d8780000,0x00000000d8780000,0x00000000dff80000)
  from space 5120K, 0% used [0x00000000e0480000,0x00000000e0480000,0x00000000e0980000)
  to   space 5120K, 0% used [0x00000000dff80000,0x00000000dff80000,0x00000000e0480000)
 ParOldGen       total 81920K, used 14067K [0x0000000089600000, 0x000000008e600000, 0x00000000d8780000)
  object space 81920K, 17% used [0x0000000089600000,0x000000008a3bcf88,0x000000008e600000)
 Metaspace       used 25522K, capacity 25920K, committed 26368K, reserved 1073152K
  class space    used 2910K, capacity 3030K, committed 3072K, reserved 1048576K
}
Event: 54.700 GC heap before
{Heap before GC invocations=15 (full 6):
 PSYoungGen      total 128000K, used 16785K [0x00000000d8780000, 0x00000000e0980000, 0x0000000100000000)
  eden space 122880K, 13% used [0x00000000d8780000,0x00000000d97e4658,0x00000000dff80000)
  from space 5120K, 0% used [0x00000000e0480000,0x00000000e0480000,0x00000000e0980000)
  to   space 5120K, 0% used [0x00000000dff80000,0x00000000dff80000,0x00000000e0480000)
 ParOldGen       total 81920K, used 14067K [0x0000000089600000, 0x000000008e600000, 0x00000000d8780000)
  object space 81920K, 17% used [0x0000000089600000,0x000000008a3bcf88,0x000000008e600000)
 Metaspace       used 25770K, capacity 26182K, committed 26624K, reserved 1073152K
  class space    used 2930K, capacity 3031K, committed 3072K, reserved 1048576K
Event: 54.705 GC heap after
Heap after GC invocations=15 (full 6):
 PSYoungGen      total 128000K, used 882K [0x00000000d8780000, 0x00000000e0980000, 0x0000000100000000)
  eden space 122880K, 0% used [0x00000000d8780000,0x00000000d8780000,0x00000000dff80000)
  from space 5120K, 17% used [0x00000000dff80000,0x00000000e005cbb0,0x00000000e0480000)
  to   space 5120K, 0% used [0x00000000e0480000,0x00000000e0480000,0x00000000e0980000)
 ParOldGen       total 81920K, used 14075K [0x0000000089600000, 0x000000008e600000, 0x00000000d8780000)
  object space 81920K, 17% used [0x0000000089600000,0x000000008a3bef88,0x000000008e600000)
 Metaspace       used 25770K, capacity 26182K, committed 26624K, reserved 1073152K
  class space    used 2930K, capacity 3031K, committed 3072K, reserved 1048576K
}
Event: 54.705 GC heap before
{Heap before GC invocations=16 (full 7):
 PSYoungGen      total 128000K, used 882K [0x00000000d8780000, 0x00000000e0980000, 0x0000000100000000)
  eden space 122880K, 0% used [0x00000000d8780000,0x00000000d8780000,0x00000000dff80000)
  from space 5120K, 17% used [0x00000000dff80000,0x00000000e005cbb0,0x00000000e0480000)
  to   space 5120K, 0% used [0x00000000e0480000,0x00000000e0480000,0x00000000e0980000)
 ParOldGen       total 81920K, used 14075K [0x0000000089600000, 0x000000008e600000, 0x00000000d8780000)
  object space 81920K, 17% used [0x0000000089600000,0x000000008a3bef88,0x000000008e600000)
 Metaspace       used 25770K, capacity 26182K, committed 26624K, reserved 1073152K
  class space    used 2930K, capacity 3031K, committed 3072K, reserved 1048576K
Event: 54.825 GC heap after
Heap after GC invocations=16 (full 7):
 PSYoungGen      total 128000K, used 0K [0x00000000d8780000, 0x00000000e0980000, 0x0000000100000000)
  eden space 122880K, 0% used [0x00000000d8780000,0x00000000d8780000,0x00000000dff80000)
  from space 5120K, 0% used [0x00000000dff80000,0x00000000dff80000,0x00000000e0480000)
  to   space 5120K, 0% used [0x00000000e0480000,0x00000000e0480000,0x00000000e0980000)
 ParOldGen       total 81920K, used 14534K [0x0000000089600000, 0x000000008e600000, 0x00000000d8780000)
  object space 81920K, 17% used [0x0000000089600000,0x000000008a431aa0,0x000000008e600000)
 Metaspace       used 25770K, capacity 26182K, committed 26624K, reserved 1073152K
  class space    used 2930K, capacity 3031K, committed 3072K, reserved 1048576K
}

