# JRE version: OpenJDK Runtime Environment (8.0_232-b09) (build 1.8.0_232-b09)
# Java VM: OpenJDK 64-Bit Server VM (25.232-b09 mixed mode linux-amd64 compressed oops)
Heap:
 PSYoungGen      total 125952K, used 13286K [0x00000000d8780000, 0x00000000e4900000, 0x0000000100000000)
  eden space 125440K, 10% used [0x00000000d8780000,0x00000000d9403770,0x00000000e0200000)
  from space 512K, 92% used [0x00000000e4880000,0x00000000e48f62a8,0x00000000e4900000)
  to   space 2048K, 0% used [0x00000000e4500000,0x00000000e4500000,0x00000000e4700000)
 ParOldGen       total 81920K, used 37106K [0x0000000089600000, 0x000000008e600000, 0x00000000d8780000)
  object space 81920K, 45% used [0x0000000089600000,0x000000008ba3ca18,0x000000008e600000)
 Metaspace       used 29044K, capacity 29444K, committed 29696K, reserved 1075200K
  class space    used 3193K, capacity 3324K, committed 3328K, reserved 1048576K
GC Heap History (148 events):
Event: 1.010 GC heap before
{Heap before GC invocations=1 (full 0):
 PSYoungGen      total 35840K, used 25826K [0x00000000d8780000, 0x00000000daf80000, 0x0000000100000000)
  eden space 30720K, 84% used [0x00000000d8780000,0x00000000da0b8bd8,0x00000000da580000)
  from space 5120K, 0% used [0x00000000daa80000,0x00000000daa80000,0x00000000daf80000)
  to   space 5120K, 0% used [0x00000000da580000,0x00000000da580000,0x00000000daa80000)
 ParOldGen       total 81920K, used 0K [0x0000000089600000, 0x000000008e600000, 0x00000000d8780000)
  object space 81920K, 0% used [0x0000000089600000,0x0000000089600000,0x000000008e600000)
 Metaspace       used 19612K, capacity 19960K, committed 20352K, reserved 1067008K
  class space    used 2285K, capacity 2416K, committed 2432K, reserved 1048576K
Event: 1.020 GC heap after
Heap after GC invocations=1 (full 0):
 PSYoungGen      total 35840K, used 5101K [0x00000000d8780000, 0x00000000daf80000, 0x0000000100000000)
  eden space 30720K, 0% used [0x00000000d8780000,0x00000000d8780000,0x00000000da580000)
  from space 5120K, 99% used [0x00000000da580000,0x00000000daa7b610,0x00000000daa80000)
  to   space 5120K, 0% used [0x00000000daa80000,0x00000000daa80000,0x00000000daf80000)
 ParOldGen       total 81920K, used 900K [0x0000000089600000, 0x000000008e600000, 0x00000000d8780000)
  object space 81920K, 1% used [0x0000000089600000,0x00000000896e12f8,0x000000008e600000)
 Metaspace       used 19612K, capacity 19960K, committed 20352K, reserved 1067008K
  class space    used 2285K, capacity 2416K, committed 2432K, reserved 1048576K
}
Event: 1.020 GC heap before
{Heap before GC invocations=2 (full 1):
 PSYoungGen      total 35840K, used 5101K [0x00000000d8780000, 0x00000000daf80000, 0x0000000100000000)
  eden space 30720K, 0% used [0x00000000d8780000,0x00000000d8780000,0x00000000da580000)
  from space 5120K, 99% used [0x00000000da580000,0x00000000daa7b610,0x00000000daa80000)
  to   space 5120K, 0% used [0x00000000daa80000,0x00000000daa80000,0x00000000daf80000)
 ParOldGen       total 81920K, used 900K [0x0000000089600000, 0x000000008e600000, 0x00000000d8780000)
  object space 81920K, 1% used [0x0000000089600000,0x00000000896e12f8,0x000000008e600000)
 Metaspace       used 19612K, capacity 19960K, committed 20352K, reserved 1067008K
  class space    used 2285K, capacity 2416K, committed 2432K, reserved 1048576K
Event: 1.054 GC heap after
Heap after GC invocations=2 (full 1):
 PSYoungGen      total 35840K, used 0K [0x00000000d8780000, 0x00000000daf80000, 0x0000000100000000)
  eden space 30720K, 0% used [0x00000000d8780000,0x00000000d8780000,0x00000000da580000)
  from space 5120K, 0% used [0x00000000da580000,0x00000000da580000,0x00000000daa80000)
  to   space 5120K, 0% used [0x00000000daa80000,0x00000000daa80000,0x00000000daf80000)
 ParOldGen       total 81920K, used 5820K [0x0000000089600000, 0x000000008e600000, 0x00000000d8780000)
  object space 81920K, 7% used [0x0000000089600000,0x0000000089baf020,0x000000008e600000)
 Metaspace       used 19610K, capacity 19954K, committed 20352K, reserved 1067008K
  class space    used 2284K, capacity 2415K, committed 2432K, reserved 1048576K
}
Event: 1.091 GC heap before
{Heap before GC invocations=3 (full 1):
 PSYoungGen      total 35840K, used 4958K [0x00000000d8780000, 0x00000000daf80000, 0x0000000100000000)
  eden space 30720K, 16% used [0x00000000d8780000,0x00000000d8c57880,0x00000000da580000)
  from space 5120K, 0% used [0x00000000da580000,0x00000000da580000,0x00000000daa80000)
  to   space 5120K, 0% used [0x00000000daa80000,0x00000000daa80000,0x00000000daf80000)
 ParOldGen       total 81920K, used 5820K [0x0000000089600000, 0x000000008e600000, 0x00000000d8780000)
  object space 81920K, 7% used [0x0000000089600000,0x0000000089baf020,0x000000008e600000)
 Metaspace       used 19908K, capacity 20178K, committed 20480K, reserved 1067008K
  class space    used 2326K, capacity 2447K, committed 2560K, reserved 1048576K
Event: 1.093 GC heap after
Heap after GC invocations=3 (full 1):
 PSYoungGen      total 35840K, used 553K [0x00000000d8780000, 0x00000000daf80000, 0x0000000100000000)
  eden space 30720K, 0% used [0x00000000d8780000,0x00000000d8780000,0x00000000da580000)
  from space 5120K, 10% used [0x00000000daa80000,0x00000000dab0a490,0x00000000daf80000)
  to   space 5120K, 0% used [0x00000000da580000,0x00000000da580000,0x00000000daa80000)
 ParOldGen       total 81920K, used 5820K [0x0000000089600000, 0x000000008e600000, 0x00000000d8780000)
  object space 81920K, 7% used [0x0000000089600000,0x0000000089baf020,0x000000008e600000)
 Metaspace       used 19908K, capacity 20178K, committed 20480K, reserved 1067008K
  class space    used 2326K, capacity 2447K, committed 2560K, reserved 1048576K
}
Event: 1.093 GC heap before
{Heap before GC invocations=4 (full 2):
 PSYoungGen      total 35840K, used 553K [0x00000000d8780000, 0x00000000daf80000, 0x0000000100000000)
  eden space 30720K, 0% used [0x00000000d8780000,0x00000000d8780000,0x00000000da580000)
  from space 5120K, 10% used [0x00000000daa80000,0x00000000dab0a490,0x00000000daf80000)
  to   space 5120K, 0% used [0x00000000da580000,0x00000000da580000,0x00000000daa80000)
 ParOldGen       total 81920K, used 5820K [0x0000000089600000, 0x000000008e600000, 0x00000000d8780000)
  object space 81920K, 7% used [0x0000000089600000,0x0000000089baf020,0x000000008e600000)
 Metaspace       used 19908K, capacity 20178K, committed 20480K, reserved 1067008K
  class space    used 2326K, capacity 2447K, committed 2560K, reserved 1048576K
Event: 1.143 GC heap after
Heap after GC invocations=4 (full 2):
 PSYoungGen      total 35840K, used 0K [0x00000000d8780000, 0x00000000daf80000, 0x0000000100000000)
  eden space 30720K, 0% used [0x00000000d8780000,0x00000000d8780000,0x00000000da580000)
  from space 5120K, 0% used [0x00000000daa80000,0x00000000daa80000,0x00000000daf80000)
  to   space 5120K, 0% used [0x00000000da580000,0x00000000da580000,0x00000000daa80000)
 ParOldGen       total 81920K, used 4821K [0x0000000089600000, 0x000000008e600000, 0x00000000d8780000)
  object space 81920K, 5% used [0x0000000089600000,0x0000000089ab54e0,0x000000008e600000)
 Metaspace       used 19908K, capacity 20178K, committed 20480K, reserved 1067008K
  class space    used 2326K, capacity 2447K, committed 2560K, reserved 1048576K
}
Event: 1.444 GC heap before
{Heap before GC invocations=5 (full 2):
 PSYoungGen      total 35840K, used 30720K [0x00000000d8780000, 0x00000000daf80000, 0x0000000100000000)
  eden space 30720K, 100% used [0x00000000d8780000,0x00000000da580000,0x00000000da580000)
  from space 5120K, 0% used [0x00000000daa80000,0x00000000daa80000,0x00000000daf80000)
  to   space 5120K, 0% used [0x00000000da580000,0x00000000da580000,0x00000000daa80000)
 ParOldGen       total 81920K, used 4821K [0x0000000089600000, 0x000000008e600000, 0x00000000d8780000)
  object space 81920K, 5% used [0x0000000089600000,0x0000000089ab54e0,0x000000008e600000)
 Metaspace       used 21820K, capacity 22098K, committed 22400K, reserved 1069056K
  class space    used 2533K, capacity 2639K, committed 2688K, reserved 1048576K
Event: 1.452 GC heap after
Heap after GC invocations=5 (full 2):
 PSYoungGen      total 35840K, used 3554K [0x00000000d8780000, 0x00000000dcd80000, 0x0000000100000000)
  eden space 30720K, 0% used [0x00000000d8780000,0x00000000d8780000,0x00000000da580000)
  from space 5120K, 69% used [0x00000000da580000,0x00000000da8f8b00,0x00000000daa80000)
  to   space 5120K, 0% used [0x00000000dc880000,0x00000000dc880000,0x00000000dcd80000)
 ParOldGen       total 81920K, used 4829K [0x0000000089600000, 0x000000008e600000, 0x00000000d8780000)
  object space 81920K, 5% used [0x0000000089600000,0x0000000089ab74e0,0x000000008e600000)
 Metaspace       used 21820K, capacity 22098K, committed 22400K, reserved 1069056K
  class space    used 2533K, capacity 2639K, committed 2688K, reserved 1048576K
}
Event: 1.511 GC heap before
{Heap before GC invocations=6 (full 2):
 PSYoungGen      total 35840K, used 8421K [0x00000000d8780000, 0x00000000dcd80000, 0x0000000100000000)
  eden space 30720K, 15% used [0x00000000d8780000,0x00000000d8c40c60,0x00000000da580000)
  from space 5120K, 69% used [0x00000000da580000,0x00000000da8f8b00,0x00000000daa80000)
  to   space 5120K, 0% used [0x00000000dc880000,0x00000000dc880000,0x00000000dcd80000)
 ParOldGen       total 81920K, used 4829K [0x0000000089600000, 0x000000008e600000, 0x00000000d8780000)
  object space 81920K, 5% used [0x0000000089600000,0x0000000089ab74e0,0x000000008e600000)
 Metaspace       used 22000K, capacity 22322K, committed 22656K, reserved 1069056K
  class space    used 2549K, capacity 2671K, committed 2688K, reserved 1048576K
Event: 1.518 GC heap after
Heap after GC invocations=6 (full 2):
 PSYoungGen      total 66560K, used 3591K [0x00000000d8780000, 0x00000000dcd80000, 0x0000000100000000)
  eden space 61440K, 0% used [0x00000000d8780000,0x00000000d8780000,0x00000000dc380000)
  from space 5120K, 70% used [0x00000000dc880000,0x00000000dcc01d88,0x00000000dcd80000)
  to   space 5120K, 0% used [0x00000000dc380000,0x00000000dc380000,0x00000000dc880000)
 ParOldGen       total 81920K, used 4837K [0x0000000089600000, 0x000000008e600000, 0x00000000d8780000)
  object space 81920K, 5% used [0x0000000089600000,0x0000000089ab94e0,0x000000008e600000)
 Metaspace       used 22000K, capacity 22322K, committed 22656K, reserved 1069056K
  class space    used 2549K, capacity 2671K, committed 2688K, reserved 1048576K
}
Event: 1.518 GC heap before
{Heap before GC invocations=7 (full 3):
 PSYoungGen      total 66560K, used 3591K [0x00000000d8780000, 0x00000000dcd80000, 0x0000000100000000)
  eden space 61440K, 0% used [0x00000000d8780000,0x00000000d8780000,0x00000000dc380000)
  from space 5120K, 70% used [0x00000000dc880000,0x00000000dcc01d88,0x00000000dcd80000)
  to   space 5120K, 0% used [0x00000000dc380000,0x00000000dc380000,0x00000000dc880000)
 ParOldGen       total 81920K, used 4837K [0x0000000089600000, 0x000000008e600000, 0x00000000d8780000)
  object space 81920K, 5% used [0x0000000089600000,0x0000000089ab94e0,0x000000008e600000)
 Metaspace       used 22000K, capacity 22322K, committed 22656K, reserved 1069056K
  class space    used 2549K, capacity 2671K, committed 2688K, reserved 1048576K
Event: 1.599 GC heap after
Heap after GC invocations=7 (full 3):
 PSYoungGen      total 66560K, used 0K [0x00000000d8780000, 0x00000000dcd80000, 0x0000000100000000)
  eden space 61440K, 0% used [0x00000000d8780000,0x00000000d8780000,0x00000000dc380000)
  from space 5120K, 0% used [0x00000000dc880000,0x00000000dc880000,0x00000000dcd80000)
  to   space 5120K, 0% used [0x00000000dc380000,0x00000000dc380000,0x00000000dc880000)
 ParOldGen       total 81920K, used 8050K [0x0000000089600000, 0x000000008e600000, 0x00000000d8780000)
  object space 81920K, 9% used [0x0000000089600000,0x0000000089ddc9c8,0x000000008e600000)
 Metaspace       used 22000K, capacity 22322K, committed 22656K, reserved 1069056K
  class space    used 2549K, capacity 2671K, committed 2688K, reserved 1048576K
}
Event: 2.818 GC heap before
{Heap before GC invocations=8 (full 3):
 PSYoungGen      total 66560K, used 61440K [0x00000000d8780000, 0x00000000dcd80000, 0x0000000100000000)
  eden space 61440K, 100% used [0x00000000d8780000,0x00000000dc380000,0x00000000dc380000)
  from space 5120K, 0% used [0x00000000dc880000,0x00000000dc880000,0x00000000dcd80000)
  to   space 5120K, 0% used [0x00000000dc380000,0x00000000dc380000,0x00000000dc880000)
 ParOldGen       total 81920K, used 8050K [0x0000000089600000, 0x000000008e600000, 0x00000000d8780000)
  object space 81920K, 9% used [0x0000000089600000,0x0000000089ddc9c8,0x000000008e600000)
 Metaspace       used 24017K, capacity 24384K, committed 24704K, reserved 1071104K
  class space    used 2727K, capacity 2838K, committed 2944K, reserved 1048576K
Event: 2.840 GC heap after
Heap after GC invocations=8 (full 3):
 PSYoungGen      total 66560K, used 5120K [0x00000000d8780000, 0x00000000e0980000, 0x0000000100000000)
  eden space 61440K, 0% used [0x00000000d8780000,0x00000000d8780000,0x00000000dc380000)
  from space 5120K, 100% used [0x00000000dc380000,0x00000000dc880000,0x00000000dc880000)
  to   space 5120K, 0% used [0x00000000e0480000,0x00000000e0480000,0x00000000e0980000)
 ParOldGen       total 81920K, used 11811K [0x0000000089600000, 0x000000008e600000, 0x00000000d8780000)
  object space 81920K, 14% used [0x0000000089600000,0x000000008a188fd0,0x000000008e600000)
 Metaspace       used 24017K, capacity 24384K, committed 24704K, reserved 1071104K
  class space    used 2727K, capacity 2838K, committed 2944K, reserved 1048576K
}
Event: 28.805 GC heap before
{Heap before GC invocations=9 (full 3):
 PSYoungGen      total 66560K, used 55532K [0x00000000d8780000, 0x00000000e0980000, 0x0000000100000000)
  eden space 61440K, 82% used [0x00000000d8780000,0x00000000db8bb0b0,0x00000000dc380000)
  from space 5120K, 100% used [0x00000000dc380000,0x00000000dc880000,0x00000000dc880000)
  to   space 5120K, 0% used [0x00000000e0480000,0x00000000e0480000,0x00000000e0980000)
 ParOldGen       total 81920K, used 11811K [0x0000000089600000, 0x000000008e600000, 0x00000000d8780000)
  object space 81920K, 14% used [0x0000000089600000,0x000000008a188fd0,0x000000008e600000)
 Metaspace       used 25226K, capacity 25600K, committed 26112K, reserved 1073152K
  class space    used 2857K, capacity 2966K, committed 3072K, reserved 1048576K
Event: 28.818 GC heap after
Heap after GC invocations=9 (full 3):
 PSYoungGen      total 128000K, used 5120K [0x00000000d8780000, 0x00000000e0980000, 0x0000000100000000)
  eden space 122880K, 0% used [0x00000000d8780000,0x00000000d8780000,0x00000000dff80000)
  from space 5120K, 100% used [0x00000000e0480000,0x00000000e0980000,0x00000000e0980000)
  to   space 5120K, 0% used [0x00000000dff80000,0x00000000dff80000,0x00000000e0480000)
 ParOldGen       total 81920K, used 12252K [0x0000000089600000, 0x000000008e600000, 0x00000000d8780000)
  object space 81920K, 14% used [0x0000000089600000,0x000000008a1f72a8,0x000000008e600000)
 Metaspace       used 25226K, capacity 25600K, committed 26112K, reserved 1073152K
  class space    used 2857K, capacity 2966K, committed 3072K, reserved 1048576K
}
Event: 28.818 GC heap before
{Heap before GC invocations=10 (full 4):
 PSYoungGen      total 128000K, used 5120K [0x00000000d8780000, 0x00000000e0980000, 0x0000000100000000)
  eden space 122880K, 0% used [0x00000000d8780000,0x00000000d8780000,0x00000000dff80000)
  from space 5120K, 100% used [0x00000000e0480000,0x00000000e0980000,0x00000000e0980000)
  to   space 5120K, 0% used [0x00000000dff80000,0x00000000dff80000,0x00000000e0480000)
 ParOldGen       total 81920K, used 12252K [0x0000000089600000, 0x000000008e600000, 0x00000000d8780000)
  object space 81920K, 14% used [0x0000000089600000,0x000000008a1f72a8,0x000000008e600000)
 Metaspace       used 25226K, capacity 25600K, committed 26112K, reserved 1073152K
  class space    used 2857K, capacity 2966K, committed 3072K, reserved 1048576K
Event: 28.980 GC heap after
Heap after GC invocations=10 (full 4):
 PSYoungGen      total 128000K, used 0K [0x00000000d8780000, 0x00000000e0980000, 0x0000000100000000)
  eden space 122880K, 0% used [0x00000000d8780000,0x00000000d8780000,0x00000000dff80000)
  from space 5120K, 0% used [0x00000000e0480000,0x00000000e0480000,0x00000000e0980000)
  to   space 5120K, 0% used [0x00000000dff80000,0x00000000dff80000,0x00000000e0480000)
 ParOldGen       total 81920K, used 16999K [0x0000000089600000, 0x000000008e600000, 0x00000000d8780000)
  object space 81920K, 20% used [0x0000000089600000,0x000000008a699da8,0x000000008e600000)
 Metaspace       used 25226K, capacity 25600K, committed 26112K, reserved 1073152K
  class space    used 2857K, capacity 2966K, committed 3072K, reserved 1048576K
}
Event: 63.108 GC heap before
{Heap before GC invocations=11 (full 4):
 PSYoungGen      total 128000K, used 122880K [0x00000000d8780000, 0x00000000e0980000, 0x0000000100000000)
  eden space 122880K, 100% used [0x00000000d8780000,0x00000000dff80000,0x00000000dff80000)
  from space 5120K, 0% used [0x00000000e0480000,0x00000000e0480000,0x00000000e0980000)
  to   space 5120K, 0% used [0x00000000dff80000,0x00000000dff80000,0x00000000e0480000)
 ParOldGen       total 81920K, used 16999K [0x0000000089600000, 0x000000008e600000, 0x00000000d8780000)
  object space 81920K, 20% used [0x0000000089600000,0x000000008a699da8,0x000000008e600000)
 Metaspace       used 25687K, capacity 26112K, committed 26368K, reserved 1073152K
  class space    used 2881K, capacity 3030K, committed 3072K, reserved 1048576K
Event: 63.116 GC heap after
Heap after GC invocations=11 (full 4):
 PSYoungGen      total 128000K, used 5024K [0x00000000d8780000, 0x00000000e8180000, 0x0000000100000000)
  eden space 122880K, 0% used [0x00000000d8780000,0x00000000d8780000,0x00000000dff80000)
  from space 5120K, 98% used [0x00000000dff80000,0x00000000e0468000,0x00000000e0480000)
  to   space 5120K, 0% used [0x00000000e7c80000,0x00000000e7c80000,0x00000000e8180000)
 ParOldGen       total 81920K, used 17007K [0x0000000089600000, 0x000000008e600000, 0x00000000d8780000)
  object space 81920K, 20% used [0x0000000089600000,0x000000008a69bda8,0x000000008e600000)
 Metaspace       used 25687K, capacity 26112K, committed 26368K, reserved 1073152K
  class space    used 2881K, capacity 3030K, committed 3072K, reserved 1048576K
}
Event: 68.802 GC heap before
{Heap before GC invocations=12 (full 4):
 PSYoungGen      total 128000K, used 127904K [0x00000000d8780000, 0x00000000e8180000, 0x0000000100000000)
  eden space 122880K, 100% used [0x00000000d8780000,0x00000000dff80000,0x00000000dff80000)
  from space 5120K, 98% used [0x00000000dff80000,0x00000000e0468000,0x00000000e0480000)
  to   space 5120K, 0% used [0x00000000e7c80000,0x00000000e7c80000,0x00000000e8180000)
 ParOldGen       total 81920K, used 17007K [0x0000000089600000, 0x000000008e600000, 0x00000000d8780000)
  object space 81920K, 20% used [0x0000000089600000,0x000000008a69bda8,0x000000008e600000)
 Metaspace       used 25755K, capacity 26176K, committed 26624K, reserved 1073152K
  class space    used 2882K, capacity 3030K, committed 3072K, reserved 1048576K
Event: 68.813 GC heap after
Heap after GC invocations=12 (full 4):
 PSYoungGen      total 250880K, used 5056K [0x00000000d8780000, 0x00000000e8180000, 0x0000000100000000)
  eden space 245760K, 0% used [0x00000000d8780000,0x00000000d8780000,0x00000000e7780000)
  from space 5120K, 98% used [0x00000000e7c80000,0x00000000e8170000,0x00000000e8180000)
  to   space 5120K, 0% used [0x00000000e7780000,0x00000000e7780000,0x00000000e7c80000)
 ParOldGen       total 81920K, used 17015K [0x0000000089600000, 0x000000008e600000, 0x00000000d8780000)
  object space 81920K, 20% used [0x0000000089600000,0x000000008a69dda8,0x000000008e600000)
 Metaspace       used 25755K, capacity 26176K, committed 26624K, reserved 1073152K
  class space    used 2882K, capacity 3030K, committed 3072K, reserved 1048576K
}
Event: 4685.643 GC heap before
{Heap before GC invocations=13 (full 4):
 PSYoungGen      total 250880K, used 250816K [0x00000000d8780000, 0x00000000e8180000, 0x0000000100000000)
  eden space 245760K, 100% used [0x00000000d8780000,0x00000000e7780000,0x00000000e7780000)
  from space 5120K, 98% used [0x00000000e7c80000,0x00000000e8170000,0x00000000e8180000)
  to   space 5120K, 0% used [0x00000000e7780000,0x00000000e7780000,0x00000000e7c80000)
 ParOldGen       total 81920K, used 17015K [0x0000000089600000, 0x000000008e600000, 0x00000000d8780000)
  object space 81920K, 20% used [0x0000000089600000,0x000000008a69dda8,0x000000008e600000)
 Metaspace       used 26180K, capacity 26592K, committed 26880K, reserved 1073152K
  class space    used 2916K, capacity 3062K, committed 3072K, reserved 1048576K
Event: 4685.654 GC heap after
Heap after GC invocations=13 (full 4):
 PSYoungGen      total 240128K, used 5104K [0x00000000d8780000, 0x00000000e7d00000, 0x0000000100000000)
  eden space 235008K, 0% used [0x00000000d8780000,0x00000000d8780000,0x00000000e6d00000)
  from space 5120K, 99% used [0x00000000e7780000,0x00000000e7c7c010,0x00000000e7c80000)
  to   space 512K, 0% used [0x00000000e7c80000,0x00000000e7c80000,0x00000000e7d00000)
 ParOldGen       total 81920K, used 17525K [0x0000000089600000, 0x000000008e600000, 0x00000000d8780000)
  object space 81920K, 21% used [0x0000000089600000,0x000000008a71d7a8,0x000000008e600000)
 Metaspace       used 26180K, capacity 26592K, committed 26880K, reserved 1073152K
  class space    used 2916K, capacity 3062K, committed 3072K, reserved 1048576K
}
Event: 13703.771 GC heap before
{Heap before GC invocations=14 (full 4):
 PSYoungGen      total 240128K, used 240112K [0x00000000d8780000, 0x00000000e7d00000, 0x0000000100000000)
  eden space 235008K, 100% used [0x00000000d8780000,0x00000000e6d00000,0x00000000e6d00000)
  from space 5120K, 99% used [0x00000000e7780000,0x00000000e7c7c010,0x00000000e7c80000)
  to   space 512K, 0% used [0x00000000e7c80000,0x00000000e7c80000,0x00000000e7d00000)
 ParOldGen       total 81920K, used 17525K [0x0000000089600000, 0x000000008e600000, 0x00000000d8780000)
  object space 81920K, 21% used [0x0000000089600000,0x000000008a71d7a8,0x000000008e600000)
 Metaspace       used 26821K, capacity 27180K, committed 27392K, reserved 1073152K
  class space    used 2950K, capacity 3064K, committed 3072K, reserved 1048576K
Event: 13703.788 GC heap after
Heap after GC invocations=14 (full 4):
 PSYoungGen      total 225280K, used 486K [0x00000000d8780000, 0x00000000e7d00000, 0x0000000100000000)
  eden space 224768K, 0% used [0x00000000d8780000,0x00000000d8780000,0x00000000e6300000)
  from space 512K, 94% used [0x00000000e7c80000,0x00000000e7cf98c8,0x00000000e7d00000)
  to   space 9728K, 0% used [0x00000000e6a00000,0x00000000e6a00000,0x00000000e7380000)
 ParOldGen       total 81920K, used 27070K [0x0000000089600000, 0x000000008e600000, 0x00000000d8780000)
  object space 81920K, 33% used [0x0000000089600000,0x000000008b06f950,0x000000008e600000)
 Metaspace       used 26821K, capacity 27180K, committed 27392K, reserved 1073152K
  class space    used 2950K, capacity 3064K, committed 3072K, reserved 1048576K
}
Event: 13711.586 GC heap before
{Heap before GC invocations=15 (full 4):
 PSYoungGen      total 225280K, used 225254K [0x00000000d8780000, 0x00000000e7d00000, 0x0000000100000000)
  eden space 224768K, 100% used [0x00000000d8780000,0x00000000e6300000,0x00000000e6300000)
  from space 512K, 94% used [0x00000000e7c80000,0x00000000e7cf98c8,0x00000000e7d00000)
  to   space 9728K, 0% used [0x00000000e6a00000,0x00000000e6a00000,0x00000000e7380000)
 ParOldGen       total 81920K, used 27070K [0x0000000089600000, 0x000000008e600000, 0x00000000d8780000)
  object space 81920K, 33% used [0x0000000089600000,0x000000008b06f950,0x000000008e600000)
 Metaspace       used 26904K, capacity 27308K, committed 27648K, reserved 1073152K
  class space    used 2951K, capacity 3064K, committed 3072K, reserved 1048576K
Event: 13711.594 GC heap after
Heap after GC invocations=15 (full 4):
 PSYoungGen      total 216064K, used 710K [0x00000000d8780000, 0x00000000e7d00000, 0x0000000100000000)
  eden space 215040K, 0% used [0x00000000d8780000,0x00000000d8780000,0x00000000e5980000)
  from space 1024K, 69% used [0x00000000e6a00000,0x00000000e6ab18c8,0x00000000e6b00000)
  to   space 10240K, 0% used [0x00000000e7300000,0x00000000e7300000,0x00000000e7d00000)
 ParOldGen       total 81920K, used 27078K [0x0000000089600000, 0x000000008e600000, 0x00000000d8780000)
  object space 81920K, 33% used [0x0000000089600000,0x000000008b071950,0x000000008e600000)
 Metaspace       used 26904K, capacity 27308K, committed 27648K, reserved 1073152K
  class space    used 2951K, capacity 3064K, committed 3072K, reserved 1048576K
}
Event: 13718.952 GC heap before
{Heap before GC invocations=16 (full 4):
 PSYoungGen      total 216064K, used 215750K [0x00000000d8780000, 0x00000000e7d00000, 0x0000000100000000)
  eden space 215040K, 100% used [0x00000000d8780000,0x00000000e5980000,0x00000000e5980000)
  from space 1024K, 69% used [0x00000000e6a00000,0x00000000e6ab18c8,0x00000000e6b00000)
  to   space 10240K, 0% used [0x00000000e7300000,0x00000000e7300000,0x00000000e7d00000)
 ParOldGen       total 81920K, used 27078K [0x0000000089600000, 0x000000008e600000, 0x00000000d8780000)
  object space 81920K, 33% used [0x0000000089600000,0x000000008b071950,0x000000008e600000)
 Metaspace       used 26933K, capacity 27308K, committed 27648K, reserved 1073152K
  class space    used 2952K, capacity 3064K, committed 3072K, reserved 1048576K
Event: 13718.959 GC heap after
Heap after GC invocations=16 (full 4):
 PSYoungGen      total 206848K, used 806K [0x00000000d8780000, 0x00000000e7400000, 0x0000000100000000)
  eden space 205824K, 0% used [0x00000000d8780000,0x00000000d8780000,0x00000000e5080000)
  from space 1024K, 78% used [0x00000000e7300000,0x00000000e73c98c8,0x00000000e7400000)
  to   space 10752K, 0% used [0x00000000e5f00000,0x00000000e5f00000,0x00000000e6980000)
 ParOldGen       total 81920K, used 27203K [0x0000000089600000, 0x000000008e600000, 0x00000000d8780000)
  object space 81920K, 33% used [0x0000000089600000,0x000000008b090f58,0x000000008e600000)
 Metaspace       used 26933K, capacity 27308K, committed 27648K, reserved 1073152K
  class space    used 2952K, capacity 3064K, committed 3072K, reserved 1048576K
}
Event: 13719.418 GC heap before
{Heap before GC invocations=17 (full 4):
 PSYoungGen      total 206848K, used 206630K [0x00000000d8780000, 0x00000000e7400000, 0x0000000100000000)
  eden space 205824K, 100% used [0x00000000d8780000,0x00000000e5080000,0x00000000e5080000)
  from space 1024K, 78% used [0x00000000e7300000,0x00000000e73c98c8,0x00000000e7400000)
  to   space 10752K, 0% used [0x00000000e5f00000,0x00000000e5f00000,0x00000000e6980000)
 ParOldGen       total 81920K, used 27203K [0x0000000089600000, 0x000000008e600000, 0x00000000d8780000)
  object space 81920K, 33% used [0x0000000089600000,0x000000008b090f58,0x000000008e600000)
 Metaspace       used 26942K, capacity 27308K, committed 27648K, reserved 1073152K
  class space    used 2952K, capacity 3064K, committed 3072K, reserved 1048576K
Event: 13719.424 GC heap after
Heap after GC invocations=17 (full 4):
 PSYoungGen      total 197632K, used 416K [0x00000000d8780000, 0x00000000e7380000, 0x0000000100000000)
  eden space 197120K, 0% used [0x00000000d8780000,0x00000000d8780000,0x00000000e4800000)
  from space 512K, 81% used [0x00000000e5f00000,0x00000000e5f68000,0x00000000e5f80000)
  to   space 10752K, 0% used [0x00000000e6900000,0x00000000e6900000,0x00000000e7380000)
 ParOldGen       total 81920K, used 27594K [0x0000000089600000, 0x000000008e600000, 0x00000000d8780000)
  object space 81920K, 33% used [0x0000000089600000,0x000000008b0f2820,0x000000008e600000)
 Metaspace       used 26942K, capacity 27308K, committed 27648K, reserved 1073152K
  class space    used 2952K, capacity 3064K, committed 3072K, reserved 1048576K
}
Event: 13720.844 GC heap before
{Heap before GC invocations=18 (full 4):
 PSYoungGen      total 197632K, used 197536K [0x00000000d8780000, 0x00000000e7380000, 0x0000000100000000)
  eden space 197120K, 100% used [0x00000000d8780000,0x00000000e4800000,0x00000000e4800000)
  from space 512K, 81% used [0x00000000e5f00000,0x00000000e5f68000,0x00000000e5f80000)
  to   space 10752K, 0% used [0x00000000e6900000,0x00000000e6900000,0x00000000e7380000)
 ParOldGen       total 81920K, used 27594K [0x0000000089600000, 0x000000008e600000, 0x00000000d8780000)
  object space 81920K, 33% used [0x0000000089600000,0x000000008b0f2820,0x000000008e600000)
 Metaspace       used 26944K, capacity 27308K, committed 27648K, reserved 1073152K
  class space    used 2952K, capacity 3064K, committed 3072K, reserved 1048576K
Event: 13720.849 GC heap after
Heap after GC invocations=18 (full 4):
 PSYoungGen      total 189440K, used 96K [0x00000000d8780000, 0x00000000e6980000, 0x0000000100000000)
  eden space 188928K, 0% used [0x00000000d8780000,0x00000000d8780000,0x00000000e4000000)
  from space 512K, 18% used [0x00000000e6900000,0x00000000e6918000,0x00000000e6980000)
  to   space 10752K, 0% used [0x00000000e5480000,0x00000000e5480000,0x00000000e5f00000)
 ParOldGen       total 81920K, used 27917K [0x0000000089600000, 0x000000008e600000, 0x00000000d8780000)
  object space 81920K, 34% used [0x0000000089600000,0x000000008b143720,0x000000008e600000)
 Metaspace       used 26944K, capacity 27308K, committed 27648K, reserved 1073152K
  class space    used 2952K, capacity 3064K, committed 3072K, reserved 1048576K
}
Event: 13723.524 GC heap before
{Heap before GC invocations=19 (full 4):
 PSYoungGen      total 189440K, used 189024K [0x00000000d8780000, 0x00000000e6980000, 0x0000000100000000)
  eden space 188928K, 100% used [0x00000000d8780000,0x00000000e4000000,0x00000000e4000000)
  from space 512K, 18% used [0x00000000e6900000,0x00000000e6918000,0x00000000e6980000)
  to   space 10752K, 0% used [0x00000000e5480000,0x00000000e5480000,0x00000000e5f00000)
 ParOldGen       total 81920K, used 27917K [0x0000000089600000, 0x000000008e600000, 0x00000000d8780000)
  object space 81920K, 34% used [0x0000000089600000,0x000000008b143720,0x000000008e600000)
 Metaspace       used 26954K, capacity 27308K, committed 27648K, reserved 1073152K
  class space    used 2952K, capacity 3064K, committed 3072K, reserved 1048576K
Event: 13723.528 GC heap after
Heap after GC invocations=19 (full 4):
 PSYoungGen      total 192000K, used 128K [0x00000000d8780000, 0x00000000e6980000, 0x0000000100000000)
  eden space 181248K, 0% used [0x00000000d8780000,0x00000000d8780000,0x00000000e3880000)
  from space 10752K, 1% used [0x00000000e5480000,0x00000000e54a0000,0x00000000e5f00000)
  to   space 10752K, 0% used [0x00000000e5f00000,0x00000000e5f00000,0x00000000e6980000)
 ParOldGen       total 81920K, used 27933K [0x0000000089600000, 0x000000008e600000, 0x00000000d8780000)
  object space 81920K, 34% used [0x0000000089600000,0x000000008b147720,0x000000008e600000)
 Metaspace       used 26954K, capacity 27308K, committed 27648K, reserved 1073152K
  class space    used 2952K, capacity 3064K, committed 3072K, reserved 1048576K
}
Event: 13724.069 GC heap before
{Heap before GC invocations=20 (full 4):
 PSYoungGen      total 192000K, used 181376K [0x00000000d8780000, 0x00000000e6980000, 0x0000000100000000)
  eden space 181248K, 100% used [0x00000000d8780000,0x00000000e3880000,0x00000000e3880000)
  from space 10752K, 1% used [0x00000000e5480000,0x00000000e54a0000,0x00000000e5f00000)
  to   space 10752K, 0% used [0x00000000e5f00000,0x00000000e5f00000,0x00000000e6980000)
 ParOldGen       total 81920K, used 27933K [0x0000000089600000, 0x000000008e600000, 0x00000000d8780000)
  object space 81920K, 34% used [0x0000000089600000,0x000000008b147720,0x000000008e600000)
 Metaspace       used 26954K, capacity 27308K, committed 27648K, reserved 1073152K
  class space    used 2952K, capacity 3064K, committed 3072K, reserved 1048576K
Event: 13724.075 GC heap after
Heap after GC invocations=20 (full 4):
 PSYoungGen      total 174080K, used 96K [0x00000000d8780000, 0x00000000e5f80000, 0x0000000100000000)
  eden space 173568K, 0% used [0x00000000d8780000,0x00000000d8780000,0x00000000e3100000)
  from space 512K, 18% used [0x00000000e5f00000,0x00000000e5f18000,0x00000000e5f80000)
  to   space 10240K, 0% used [0x00000000e4b80000,0x00000000e4b80000,0x00000000e5580000)
 ParOldGen       total 81920K, used 27965K [0x0000000089600000, 0x000000008e600000, 0x00000000d8780000)
  object space 81920K, 34% used [0x0000000089600000,0x000000008b14f720,0x000000008e600000)
 Metaspace       used 26954K, capacity 27308K, committed 27648K, reserved 1073152K
  class space    used 2952K, capacity 3064K, committed 3072K, reserved 1048576K
}
Event: 13724.687 GC heap before
{Heap before GC invocations=21 (full 4):
 PSYoungGen      total 174080K, used 173664K [0x00000000d8780000, 0x00000000e5f80000, 0x0000000100000000)
  eden space 173568K, 100% used [0x00000000d8780000,0x00000000e3100000,0x00000000e3100000)
  from space 512K, 18% used [0x00000000e5f00000,0x00000000e5f18000,0x00000000e5f80000)
  to   space 10240K, 0% used [0x00000000e4b80000,0x00000000e4b80000,0x00000000e5580000)
 ParOldGen       total 81920K, used 27965K [0x0000000089600000, 0x000000008e600000, 0x00000000d8780000)
  object space 81920K, 34% used [0x0000000089600000,0x000000008b14f720,0x000000008e600000)
 Metaspace       used 26955K, capacity 27308K, committed 27648K, reserved 1073152K
  class space    used 2952K, capacity 3064K, committed 3072K, reserved 1048576K
Event: 13724.692 GC heap after
Heap after GC invocations=21 (full 4):
 PSYoungGen      total 176640K, used 96K [0x00000000d8780000, 0x00000000e5f80000, 0x0000000100000000)
  eden space 166400K, 0% used [0x00000000d8780000,0x00000000d8780000,0x00000000e2a00000)
  from space 10240K, 0% used [0x00000000e4b80000,0x00000000e4b98000,0x00000000e5580000)
  to   space 10240K, 0% used [0x00000000e5580000,0x00000000e5580000,0x00000000e5f80000)
 ParOldGen       total 81920K, used 27973K [0x0000000089600000, 0x000000008e600000, 0x00000000d8780000)
  object space 81920K, 34% used [0x0000000089600000,0x000000008b151720,0x000000008e600000)
 Metaspace       used 26955K, capacity 27308K, committed 27648K, reserved 1073152K
  class space    used 2952K, capacity 3064K, committed 3072K, reserved 1048576K
}
Event: 13738.777 GC heap before
{Heap before GC invocations=22 (full 4):
 PSYoungGen      total 176640K, used 166496K [0x00000000d8780000, 0x00000000e5f80000, 0x0000000100000000)
  eden space 166400K, 100% used [0x00000000d8780000,0x00000000e2a00000,0x00000000e2a00000)
  from space 10240K, 0% used [0x00000000e4b80000,0x00000000e4b98000,0x00000000e5580000)
  to   space 10240K, 0% used [0x00000000e5580000,0x00000000e5580000,0x00000000e5f80000)
 ParOldGen       total 81920K, used 27973K [0x0000000089600000, 0x000000008e600000, 0x00000000d8780000)
  object space 81920K, 34% used [0x0000000089600000,0x000000008b151720,0x000000008e600000)
 Metaspace       used 26961K, capacity 27308K, committed 27648K, reserved 1073152K
  class space    used 2952K, capacity 3064K, committed 3072K, reserved 1048576K
Event: 13738.783 GC heap after
Heap after GC invocations=22 (full 4):
 PSYoungGen      total 160256K, used 192K [0x00000000d8780000, 0x00000000e5600000, 0x0000000100000000)
  eden space 159744K, 0% used [0x00000000d8780000,0x00000000d8780000,0x00000000e2380000)
  from space 512K, 37% used [0x00000000e5580000,0x00000000e55b0000,0x00000000e5600000)
  to   space 9728K, 0% used [0x00000000e4300000,0x00000000e4300000,0x00000000e4c80000)
 ParOldGen       total 81920K, used 27981K [0x0000000089600000, 0x000000008e600000, 0x00000000d8780000)
  object space 81920K, 34% used [0x0000000089600000,0x000000008b153720,0x000000008e600000)
 Metaspace       used 26961K, capacity 27308K, committed 27648K, reserved 1073152K
  class space    used 2952K, capacity 3064K, committed 3072K, reserved 1048576K
}
Event: 13740.259 GC heap before
{Heap before GC invocations=23 (full 4):
 PSYoungGen      total 160256K, used 159936K [0x00000000d8780000, 0x00000000e5600000, 0x0000000100000000)
  eden space 159744K, 100% used [0x00000000d8780000,0x00000000e2380000,0x00000000e2380000)
  from space 512K, 37% used [0x00000000e5580000,0x00000000e55b0000,0x00000000e5600000)
  to   space 9728K, 0% used [0x00000000e4300000,0x00000000e4300000,0x00000000e4c80000)
 ParOldGen       total 81920K, used 27981K [0x0000000089600000, 0x000000008e600000, 0x00000000d8780000)
  object space 81920K, 34% used [0x0000000089600000,0x000000008b153720,0x000000008e600000)
 Metaspace       used 26997K, capacity 27308K, committed 27648K, reserved 1073152K
  class space    used 2960K, capacity 3064K, committed 3072K, reserved 1048576K
Event: 13740.263 GC heap after
Heap after GC invocations=23 (full 4):
 PSYoungGen      total 162816K, used 192K [0x00000000d8780000, 0x00000000e5600000, 0x0000000100000000)
  eden space 153088K, 0% used [0x00000000d8780000,0x00000000d8780000,0x00000000e1d00000)
  from space 9728K, 1% used [0x00000000e4300000,0x00000000e4330000,0x00000000e4c80000)
  to   space 9728K, 0% used [0x00000000e4c80000,0x00000000e4c80000,0x00000000e5600000)
 ParOldGen       total 81920K, used 28101K [0x0000000089600000, 0x000000008e600000, 0x00000000d8780000)
  object space 81920K, 34% used [0x0000000089600000,0x000000008b171720,0x000000008e600000)
 Metaspace       used 26997K, capacity 27308K, committed 27648K, reserved 1073152K
  class space    used 2960K, capacity 3064K, committed 3072K, reserved 1048576K
}
Event: 13740.777 GC heap before
{Heap before GC invocations=24 (full 4):
 PSYoungGen      total 162816K, used 153280K [0x00000000d8780000, 0x00000000e5600000, 0x0000000100000000)
  eden space 153088K, 100% used [0x00000000d8780000,0x00000000e1d00000,0x00000000e1d00000)
  from space 9728K, 1% used [0x00000000e4300000,0x00000000e4330000,0x00000000e4c80000)
  to   space 9728K, 0% used [0x00000000e4c80000,0x00000000e4c80000,0x00000000e5600000)
 ParOldGen       total 81920K, used 28101K [0x0000000089600000, 0x000000008e600000, 0x00000000d8780000)
  object space 81920K, 34% used [0x0000000089600000,0x000000008b171720,0x000000008e600000)
 Metaspace       used 26998K, capacity 27308K, committed 27648K, reserved 1073152K
  class space    used 2960K, capacity 3064K, committed 3072K, reserved 1048576K
Event: 13740.782 GC heap after
Heap after GC invocations=24 (full 4):
 PSYoungGen      total 147456K, used 96K [0x00000000d8780000, 0x00000000e4d00000, 0x0000000100000000)
  eden space 146944K, 0% used [0x00000000d8780000,0x00000000d8780000,0x00000000e1700000)
  from space 512K, 18% used [0x00000000e4c80000,0x00000000e4c98000,0x00000000e4d00000)
  to   space 9216K, 0% used [0x00000000e3b00000,0x00000000e3b00000,0x00000000e4400000)
 ParOldGen       total 81920K, used 28187K [0x0000000089600000, 0x000000008e600000, 0x00000000d8780000)
  object space 81920K, 34% used [0x0000000089600000,0x000000008b186d28,0x000000008e600000)
 Metaspace       used 26998K, capacity 27308K, committed 27648K, reserved 1073152K
  class space    used 2960K, capacity 3064K, committed 3072K, reserved 1048576K
}
Event: 13741.310 GC heap before
{Heap before GC invocations=25 (full 4):
 PSYoungGen      total 147456K, used 147040K [0x00000000d8780000, 0x00000000e4d00000, 0x0000000100000000)
  eden space 146944K, 100% used [0x00000000d8780000,0x00000000e1700000,0x00000000e1700000)
  from space 512K, 18% used [0x00000000e4c80000,0x00000000e4c98000,0x00000000e4d00000)
  to   space 9216K, 0% used [0x00000000e3b00000,0x00000000e3b00000,0x00000000e4400000)
 ParOldGen       total 81920K, used 28187K [0x0000000089600000, 0x000000008e600000, 0x00000000d8780000)
  object space 81920K, 34% used [0x0000000089600000,0x000000008b186d28,0x000000008e600000)
 Metaspace       used 26998K, capacity 27308K, committed 27648K, reserved 1073152K
  class space    used 2960K, capacity 3064K, committed 3072K, reserved 1048576K
Event: 13741.314 GC heap after
Heap after GC invocations=25 (full 4):
 PSYoungGen      total 150528K, used 64K [0x00000000d8780000, 0x00000000e4d00000, 0x0000000100000000)
  eden space 141312K, 0% used [0x00000000d8780000,0x00000000d8780000,0x00000000e1180000)
  from space 9216K, 0% used [0x00000000e3b00000,0x00000000e3b10000,0x00000000e4400000)
  to   space 8704K, 0% used [0x00000000e4480000,0x00000000e4480000,0x00000000e4d00000)
 ParOldGen       total 81920K, used 28187K [0x0000000089600000, 0x000000008e600000, 0x00000000d8780000)
  object space 81920K, 34% used [0x0000000089600000,0x000000008b186d28,0x000000008e600000)
 Metaspace       used 26998K, capacity 27308K, committed 27648K, reserved 1073152K
  class space    used 2960K, capacity 3064K, committed 3072K, reserved 1048576K
}
Event: 13751.570 GC heap before
{Heap before GC invocations=26 (full 4):
 PSYoungGen      total 150528K, used 141376K [0x00000000d8780000, 0x00000000e4d00000, 0x0000000100000000)
  eden space 141312K, 100% used [0x00000000d8780000,0x00000000e1180000,0x00000000e1180000)
  from space 9216K, 0% used [0x00000000e3b00000,0x00000000e3b10000,0x00000000e4400000)
  to   space 8704K, 0% used [0x00000000e4480000,0x00000000e4480000,0x00000000e4d00000)
 ParOldGen       total 81920K, used 28187K [0x0000000089600000, 0x000000008e600000, 0x00000000d8780000)
  object space 81920K, 34% used [0x0000000089600000,0x000000008b186d28,0x000000008e600000)
 Metaspace       used 27017K, capacity 27308K, committed 27648K, reserved 1073152K
  class space    used 2960K, capacity 3064K, committed 3072K, reserved 1048576K
Event: 13751.575 GC heap after
Heap after GC invocations=26 (full 4):
 PSYoungGen      total 136192K, used 320K [0x00000000d8780000, 0x00000000e4500000, 0x0000000100000000)
  eden space 135680K, 0% used [0x00000000d8780000,0x00000000d8780000,0x00000000e0c00000)
  from space 512K, 62% used [0x00000000e4480000,0x00000000e44d0000,0x00000000e4500000)
  to   space 8704K, 0% used [0x00000000e3400000,0x00000000e3400000,0x00000000e3c80000)
 ParOldGen       total 81920K, used 28203K [0x0000000089600000, 0x000000008e600000, 0x00000000d8780000)
  object space 81920K, 34% used [0x0000000089600000,0x000000008b18ad28,0x000000008e600000)
 Metaspace       used 27017K, capacity 27308K, committed 27648K, reserved 1073152K
  class space    used 2960K, capacity 3064K, committed 3072K, reserved 1048576K
}
Event: 13759.998 GC heap before
{Heap before GC invocations=27 (full 4):
 PSYoungGen      total 136192K, used 136000K [0x00000000d8780000, 0x00000000e4500000, 0x0000000100000000)
  eden space 135680K, 100% used [0x00000000d8780000,0x00000000e0c00000,0x00000000e0c00000)
  from space 512K, 62% used [0x00000000e4480000,0x00000000e44d0000,0x00000000e4500000)
  to   space 8704K, 0% used [0x00000000e3400000,0x00000000e3400000,0x00000000e3c80000)
 ParOldGen       total 81920K, used 28203K [0x0000000089600000, 0x000000008e600000, 0x00000000d8780000)
  object space 81920K, 34% used [0x0000000089600000,0x000000008b18ad28,0x000000008e600000)
 Metaspace       used 27020K, capacity 27308K, committed 27648K, reserved 1073152K
  class space    used 2960K, capacity 3064K, committed 3072K, reserved 1048576K
Event: 13760.003 GC heap after
Heap after GC invocations=27 (full 4):
 PSYoungGen      total 139264K, used 160K [0x00000000d8780000, 0x00000000e4500000, 0x0000000100000000)
  eden space 130560K, 0% used [0x00000000d8780000,0x00000000d8780000,0x00000000e0700000)
  from space 8704K, 1% used [0x00000000e3400000,0x00000000e3428000,0x00000000e3c80000)
  to   space 8192K, 0% used [0x00000000e3d00000,0x00000000e3d00000,0x00000000e4500000)
 ParOldGen       total 81920K, used 28395K [0x0000000089600000, 0x000000008e600000, 0x00000000d8780000)
  object space 81920K, 34% used [0x0000000089600000,0x000000008b1bad28,0x000000008e600000)
 Metaspace       used 27020K, capacity 27308K, committed 27648K, reserved 1073152K
  class space    used 2960K, capacity 3064K, committed 3072K, reserved 1048576K
}
Event: 13760.979 GC heap before
{Heap before GC invocations=28 (full 4):
 PSYoungGen      total 139264K, used 130720K [0x00000000d8780000, 0x00000000e4500000, 0x0000000100000000)
  eden space 130560K, 100% used [0x00000000d8780000,0x00000000e0700000,0x00000000e0700000)
  from space 8704K, 1% used [0x00000000e3400000,0x00000000e3428000,0x00000000e3c80000)
  to   space 8192K, 0% used [0x00000000e3d00000,0x00000000e3d00000,0x00000000e4500000)
 ParOldGen       total 81920K, used 28395K [0x0000000089600000, 0x000000008e600000, 0x00000000d8780000)
  object space 81920K, 34% used [0x0000000089600000,0x000000008b1bad28,0x000000008e600000)
 Metaspace       used 27025K, capacity 27308K, committed 27648K, reserved 1073152K
  class space    used 2960K, capacity 3064K, committed 3072K, reserved 1048576K
Event: 13760.984 GC heap after
Heap after GC invocations=28 (full 4):
 PSYoungGen      total 125952K, used 96K [0x00000000d8780000, 0x00000000e3d80000, 0x0000000100000000)
  eden space 125440K, 0% used [0x00000000d8780000,0x00000000d8780000,0x00000000e0200000)
  from space 512K, 18% used [0x00000000e3d00000,0x00000000e3d18000,0x00000000e3d80000)
  to   space 7680K, 0% used [0x00000000e2e80000,0x00000000e2e80000,0x00000000e3600000)
 ParOldGen       total 81920K, used 28467K [0x0000000089600000, 0x000000008e600000, 0x00000000d8780000)
  object space 81920K, 34% used [0x0000000089600000,0x000000008b1ccd28,0x000000008e600000)
 Metaspace       used 27025K, capacity 27308K, committed 27648K, reserved 1073152K
  class space    used 2960K, capacity 3064K, committed 3072K, reserved 1048576K
}
Event: 13761.342 GC heap before
{Heap before GC invocations=29 (full 4):
 PSYoungGen      total 125952K, used 125536K [0x00000000d8780000, 0x00000000e3d80000, 0x0000000100000000)
  eden space 125440K, 100% used [0x00000000d8780000,0x00000000e0200000,0x00000000e0200000)
  from space 512K, 18% used [0x00000000e3d00000,0x00000000e3d18000,0x00000000e3d80000)
  to   space 7680K, 0% used [0x00000000e2e80000,0x00000000e2e80000,0x00000000e3600000)
 ParOldGen       total 81920K, used 28467K [0x0000000089600000, 0x000000008e600000, 0x00000000d8780000)
  object space 81920K, 34% used [0x0000000089600000,0x000000008b1ccd28,0x000000008e600000)
 Metaspace       used 27025K, capacity 27308K, committed 27648K, reserved 1073152K
  class space    used 2960K, capacity 3064K, committed 3072K, reserved 1048576K
Event: 13761.346 GC heap after
Heap after GC invocations=29 (full 4):
 PSYoungGen      total 128512K, used 96K [0x00000000d8780000, 0x00000000e3d80000, 0x0000000100000000)
  eden space 120832K, 0% used [0x00000000d8780000,0x00000000d8780000,0x00000000dfd80000)
  from space 7680K, 1% used [0x00000000e2e80000,0x00000000e2e98000,0x00000000e3600000)
  to   space 7168K, 0% used [0x00000000e3680000,0x00000000e3680000,0x00000000e3d80000)
 ParOldGen       total 81920K, used 28499K [0x0000000089600000, 0x000000008e600000, 0x00000000d8780000)
  object space 81920K, 34% used [0x0000000089600000,0x000000008b1d4d28,0x000000008e600000)
 Metaspace       used 27025K, capacity 27308K, committed 27648K, reserved 1073152K
  class space    used 2960K, capacity 3064K, committed 3072K, reserved 1048576K
}
Event: 13761.837 GC heap before
{Heap before GC invocations=30 (full 4):
 PSYoungGen      total 128512K, used 120928K [0x00000000d8780000, 0x00000000e3d80000, 0x0000000100000000)
  eden space 120832K, 100% used [0x00000000d8780000,0x00000000dfd80000,0x00000000dfd80000)
  from space 7680K, 1% used [0x00000000e2e80000,0x00000000e2e98000,0x00000000e3600000)
  to   space 7168K, 0% used [0x00000000e3680000,0x00000000e3680000,0x00000000e3d80000)
 ParOldGen       total 81920K, used 28499K [0x0000000089600000, 0x000000008e600000, 0x00000000d8780000)
  object space 81920K, 34% used [0x0000000089600000,0x000000008b1d4d28,0x000000008e600000)
 Metaspace       used 27025K, capacity 27308K, committed 27648K, reserved 1073152K
  class space    used 2960K, capacity 3064K, committed 3072K, reserved 1048576K
Event: 13761.842 GC heap after
Heap after GC invocations=30 (full 4):
 PSYoungGen      total 116736K, used 64K [0x00000000d8780000, 0x00000000e3700000, 0x0000000100000000)
  eden space 116224K, 0% used [0x00000000d8780000,0x00000000d8780000,0x00000000df900000)
  from space 512K, 12% used [0x00000000e3680000,0x00000000e3690000,0x00000000e3700000)
  to   space 7168K, 0% used [0x00000000e2900000,0x00000000e2900000,0x00000000e3000000)
 ParOldGen       total 81920K, used 28499K [0x0000000089600000, 0x000000008e600000, 0x00000000d8780000)
  object space 81920K, 34% used [0x0000000089600000,0x000000008b1d4d28,0x000000008e600000)
 Metaspace       used 27025K, capacity 27308K, committed 27648K, reserved 1073152K
  class space    used 2960K, capacity 3064K, committed 3072K, reserved 1048576K
}
Event: 13764.083 GC heap before
{Heap before GC invocations=31 (full 4):
 PSYoungGen      total 116736K, used 116288K [0x00000000d8780000, 0x00000000e3700000, 0x0000000100000000)
  eden space 116224K, 100% used [0x00000000d8780000,0x00000000df900000,0x00000000df900000)
  from space 512K, 12% used [0x00000000e3680000,0x00000000e3690000,0x00000000e3700000)
  to   space 7168K, 0% used [0x00000000e2900000,0x00000000e2900000,0x00000000e3000000)
 ParOldGen       total 81920K, used 28499K [0x0000000089600000, 0x000000008e600000, 0x00000000d8780000)
  object space 81920K, 34% used [0x0000000089600000,0x000000008b1d4d28,0x000000008e600000)
 Metaspace       used 27029K, capacity 27372K, committed 27648K, reserved 1073152K
  class space    used 2961K, capacity 3064K, committed 3072K, reserved 1048576K
Event: 13764.086 GC heap after
Heap after GC invocations=31 (full 4):
 PSYoungGen      total 119296K, used 128K [0x00000000d8780000, 0x00000000e3700000, 0x0000000100000000)
  eden space 112128K, 0% used [0x00000000d8780000,0x00000000d8780000,0x00000000df500000)
  from space 7168K, 1% used [0x00000000e2900000,0x00000000e2920000,0x00000000e3000000)
  to   space 6656K, 0% used [0x00000000e3080000,0x00000000e3080000,0x00000000e3700000)
 ParOldGen       total 81920K, used 28499K [0x0000000089600000, 0x000000008e600000, 0x00000000d8780000)
  object space 81920K, 34% used [0x0000000089600000,0x000000008b1d4d28,0x000000008e600000)
 Metaspace       used 27029K, capacity 27372K, committed 27648K, reserved 1073152K
  class space    used 2961K, capacity 3064K, committed 3072K, reserved 1048576K
}
Event: 13765.018 GC heap before
{Heap before GC invocations=32 (full 4):
 PSYoungGen      total 119296K, used 112256K [0x00000000d8780000, 0x00000000e3700000, 0x0000000100000000)
  eden space 112128K, 100% used [0x00000000d8780000,0x00000000df500000,0x00000000df500000)
  from space 7168K, 1% used [0x00000000e2900000,0x00000000e2920000,0x00000000e3000000)
  to   space 6656K, 0% used [0x00000000e3080000,0x00000000e3080000,0x00000000e3700000)
 ParOldGen       total 81920K, used 28499K [0x0000000089600000, 0x000000008e600000, 0x00000000d8780000)
  object space 81920K, 34% used [0x0000000089600000,0x000000008b1d4d28,0x000000008e600000)
 Metaspace       used 27038K, capacity 27436K, committed 27648K, reserved 1073152K
  class space    used 2961K, capacity 3064K, committed 3072K, reserved 1048576K
Event: 13765.022 GC heap after
Heap after GC invocations=32 (full 4):
 PSYoungGen      total 108544K, used 96K [0x00000000d8780000, 0x00000000e3100000, 0x0000000100000000)
  eden space 108032K, 0% used [0x00000000d8780000,0x00000000d8780000,0x00000000df100000)
  from space 512K, 18% used [0x00000000e3080000,0x00000000e3098000,0x00000000e3100000)
  to   space 6144K, 0% used [0x00000000e2500000,0x00000000e2500000,0x00000000e2b00000)
 ParOldGen       total 81920K, used 28555K [0x0000000089600000, 0x000000008e600000, 0x00000000d8780000)
  object space 81920K, 34% used [0x0000000089600000,0x000000008b1e2d28,0x000000008e600000)
 Metaspace       used 27038K, capacity 27436K, committed 27648K, reserved 1073152K
  class space    used 2961K, capacity 3064K, committed 3072K, reserved 1048576K
}
Event: 13772.412 GC heap before
{Heap before GC invocations=33 (full 4):
 PSYoungGen      total 108544K, used 108128K [0x00000000d8780000, 0x00000000e3100000, 0x0000000100000000)
  eden space 108032K, 100% used [0x00000000d8780000,0x00000000df100000,0x00000000df100000)
  from space 512K, 18% used [0x00000000e3080000,0x00000000e3098000,0x00000000e3100000)
  to   space 6144K, 0% used [0x00000000e2500000,0x00000000e2500000,0x00000000e2b00000)
 ParOldGen       total 81920K, used 28555K [0x0000000089600000, 0x000000008e600000, 0x00000000d8780000)
  object space 81920K, 34% used [0x0000000089600000,0x000000008b1e2d28,0x000000008e600000)
 Metaspace       used 27040K, capacity 27436K, committed 27648K, reserved 1073152K
  class space    used 2961K, capacity 3064K, committed 3072K, reserved 1048576K
Event: 13772.417 GC heap after
Heap after GC invocations=33 (full 4):
 PSYoungGen      total 110080K, used 160K [0x00000000d8780000, 0x00000000e3100000, 0x0000000100000000)
  eden space 103936K, 0% used [0x00000000d8780000,0x00000000d8780000,0x00000000ded00000)
  from space 6144K, 2% used [0x00000000e2500000,0x00000000e2528000,0x00000000e2b00000)
  to   space 5632K, 0% used [0x00000000e2b80000,0x00000000e2b80000,0x00000000e3100000)
 ParOldGen       total 81920K, used 28555K [0x0000000089600000, 0x000000008e600000, 0x00000000d8780000)
  object space 81920K, 34% used [0x0000000089600000,0x000000008b1e2d28,0x000000008e600000)
 Metaspace       used 27040K, capacity 27436K, committed 27648K, reserved 1073152K
  class space    used 2961K, capacity 3064K, committed 3072K, reserved 1048576K
}
Event: 13874.323 GC heap before
{Heap before GC invocations=34 (full 4):
 PSYoungGen      total 110080K, used 104096K [0x00000000d8780000, 0x00000000e3100000, 0x0000000100000000)
  eden space 103936K, 100% used [0x00000000d8780000,0x00000000ded00000,0x00000000ded00000)
  from space 6144K, 2% used [0x00000000e2500000,0x00000000e2528000,0x00000000e2b00000)
  to   space 5632K, 0% used [0x00000000e2b80000,0x00000000e2b80000,0x00000000e3100000)
 ParOldGen       total 81920K, used 28555K [0x0000000089600000, 0x000000008e600000, 0x00000000d8780000)
  object space 81920K, 34% used [0x0000000089600000,0x000000008b1e2d28,0x000000008e600000)
 Metaspace       used 27210K, capacity 27596K, committed 28032K, reserved 1075200K
  class space    used 2968K, capacity 3096K, committed 3200K, reserved 1048576K
Event: 13874.330 GC heap after
Heap after GC invocations=34 (full 4):
 PSYoungGen      total 101376K, used 660K [0x00000000d8780000, 0x00000000e2c80000, 0x0000000100000000)
  eden space 100352K, 0% used [0x00000000d8780000,0x00000000d8780000,0x00000000de980000)
  from space 1024K, 64% used [0x00000000e2b80000,0x00000000e2c25160,0x00000000e2c80000)
  to   space 5632K, 0% used [0x00000000e2180000,0x00000000e2180000,0x00000000e2700000)
 ParOldGen       total 81920K, used 28643K [0x0000000089600000, 0x000000008e600000, 0x00000000d8780000)
  object space 81920K, 34% used [0x0000000089600000,0x000000008b1f8d28,0x000000008e600000)
 Metaspace       used 27210K, capacity 27596K, committed 28032K, reserved 1075200K
  class space    used 2968K, capacity 3096K, committed 3200K, reserved 1048576K
}
Event: 13908.810 GC heap before
{Heap before GC invocations=35 (full 4):
 PSYoungGen      total 101376K, used 101012K [0x00000000d8780000, 0x00000000e2c80000, 0x0000000100000000)
  eden space 100352K, 100% used [0x00000000d8780000,0x00000000de980000,0x00000000de980000)
  from space 1024K, 64% used [0x00000000e2b80000,0x00000000e2c25160,0x00000000e2c80000)
  to   space 5632K, 0% used [0x00000000e2180000,0x00000000e2180000,0x00000000e2700000)
 ParOldGen       total 81920K, used 28643K [0x0000000089600000, 0x000000008e600000, 0x00000000d8780000)
  object space 81920K, 34% used [0x0000000089600000,0x000000008b1f8d28,0x000000008e600000)
 Metaspace       used 27262K, capacity 27660K, committed 28032K, reserved 1075200K
  class space    used 2968K, capacity 3096K, committed 3200K, reserved 1048576K
Event: 13908.817 GC heap after
Heap after GC invocations=35 (full 4):
 PSYoungGen      total 102400K, used 273K [0x00000000d8780000, 0x00000000e2c00000, 0x0000000100000000)
  eden space 96768K, 0% used [0x00000000d8780000,0x00000000d8780000,0x00000000de600000)
  from space 5632K, 4% used [0x00000000e2180000,0x00000000e21c46f0,0x00000000e2700000)
  to   space 5120K, 0% used [0x00000000e2700000,0x00000000e2700000,0x00000000e2c00000)
 ParOldGen       total 81920K, used 29108K [0x0000000089600000, 0x000000008e600000, 0x00000000d8780000)
  object space 81920K, 35% used [0x0000000089600000,0x000000008b26d0a0,0x000000008e600000)
 Metaspace       used 27262K, capacity 27660K, committed 28032K, reserved 1075200K
  class space    used 2968K, capacity 3096K, committed 3200K, reserved 1048576K
}
Event: 14153.039 GC heap before
{Heap before GC invocations=36 (full 4):
 PSYoungGen      total 102400K, used 97041K [0x00000000d8780000, 0x00000000e2c00000, 0x0000000100000000)
  eden space 96768K, 100% used [0x00000000d8780000,0x00000000de600000,0x00000000de600000)
  from space 5632K, 4% used [0x00000000e2180000,0x00000000e21c46f0,0x00000000e2700000)
  to   space 5120K, 0% used [0x00000000e2700000,0x00000000e2700000,0x00000000e2c00000)
 ParOldGen       total 81920K, used 29108K [0x0000000089600000, 0x000000008e600000, 0x00000000d8780000)
  object space 81920K, 35% used [0x0000000089600000,0x000000008b26d0a0,0x000000008e600000)
 Metaspace       used 27620K, capacity 27980K, committed 28288K, reserved 1075200K
  class space    used 2996K, capacity 3096K, committed 3200K, reserved 1048576K
Event: 14153.045 GC heap after
Heap after GC invocations=36 (full 4):
 PSYoungGen      total 93696K, used 320K [0x00000000d8780000, 0x00000000e2780000, 0x0000000100000000)
  eden space 93184K, 0% used [0x00000000d8780000,0x00000000d8780000,0x00000000de280000)
  from space 512K, 62% used [0x00000000e2700000,0x00000000e2750000,0x00000000e2780000)
  to   space 4608K, 0% used [0x00000000e1e80000,0x00000000e1e80000,0x00000000e2300000)
 ParOldGen       total 81920K, used 29212K [0x0000000089600000, 0x000000008e600000, 0x00000000d8780000)
  object space 81920K, 35% used [0x0000000089600000,0x000000008b2870a0,0x000000008e600000)
 Metaspace       used 27620K, capacity 27980K, committed 28288K, reserved 1075200K
  class space    used 2996K, capacity 3096K, committed 3200K, reserved 1048576K
}
Event: 14170.136 GC heap before
{Heap before GC invocations=37 (full 4):
 PSYoungGen      total 93696K, used 93504K [0x00000000d8780000, 0x00000000e2780000, 0x0000000100000000)
  eden space 93184K, 100% used [0x00000000d8780000,0x00000000de280000,0x00000000de280000)
  from space 512K, 62% used [0x00000000e2700000,0x00000000e2750000,0x00000000e2780000)
  to   space 4608K, 0% used [0x00000000e1e80000,0x00000000e1e80000,0x00000000e2300000)
 ParOldGen       total 81920K, used 29212K [0x0000000089600000, 0x000000008e600000, 0x00000000d8780000)
  object space 81920K, 35% used [0x0000000089600000,0x000000008b2870a0,0x000000008e600000)
 Metaspace       used 27627K, capacity 27980K, committed 28288K, reserved 1075200K
  class space    used 2996K, capacity 3096K, committed 3200K, reserved 1048576K
Event: 14170.141 GC heap after
Heap after GC invocations=37 (full 4):
 PSYoungGen      total 94720K, used 240K [0x00000000d8780000, 0x00000000e2780000, 0x0000000100000000)
  eden space 90112K, 0% used [0x00000000d8780000,0x00000000d8780000,0x00000000ddf80000)
  from space 4608K, 5% used [0x00000000e1e80000,0x00000000e1ebc010,0x00000000e2300000)
  to   space 4608K, 0% used [0x00000000e2300000,0x00000000e2300000,0x00000000e2780000)
 ParOldGen       total 81920K, used 29376K [0x0000000089600000, 0x000000008e600000, 0x00000000d8780000)
  object space 81920K, 35% used [0x0000000089600000,0x000000008b2b02b0,0x000000008e600000)
 Metaspace       used 27627K, capacity 27980K, committed 28288K, reserved 1075200K
  class space    used 2996K, capacity 3096K, committed 3200K, reserved 1048576K
}
Event: 14177.271 GC heap before
{Heap before GC invocations=38 (full 4):
 PSYoungGen      total 94720K, used 90352K [0x00000000d8780000, 0x00000000e2780000, 0x0000000100000000)
  eden space 90112K, 100% used [0x00000000d8780000,0x00000000ddf80000,0x00000000ddf80000)
  from space 4608K, 5% used [0x00000000e1e80000,0x00000000e1ebc010,0x00000000e2300000)
  to   space 4608K, 0% used [0x00000000e2300000,0x00000000e2300000,0x00000000e2780000)
 ParOldGen       total 81920K, used 29376K [0x0000000089600000, 0x000000008e600000, 0x00000000d8780000)
  object space 81920K, 35% used [0x0000000089600000,0x000000008b2b02b0,0x000000008e600000)
 Metaspace       used 27630K, capacity 27980K, committed 28288K, reserved 1075200K
  class space    used 2996K, capacity 3096K, committed 3200K, reserved 1048576K
Event: 14177.277 GC heap after
Heap after GC invocations=38 (full 4):
 PSYoungGen      total 87552K, used 192K [0x00000000d8780000, 0x00000000e2380000, 0x0000000100000000)
  eden space 87040K, 0% used [0x00000000d8780000,0x00000000d8780000,0x00000000ddc80000)
  from space 512K, 37% used [0x00000000e2300000,0x00000000e2330000,0x00000000e2380000)
  to   space 4096K, 0% used [0x00000000e1b80000,0x00000000e1b80000,0x00000000e1f80000)
 ParOldGen       total 81920K, used 29488K [0x0000000089600000, 0x000000008e600000, 0x00000000d8780000)
  object space 81920K, 35% used [0x0000000089600000,0x000000008b2cc2e0,0x000000008e600000)
 Metaspace       used 27630K, capacity 27980K, committed 28288K, reserved 1075200K
  class space    used 2996K, capacity 3096K, committed 3200K, reserved 1048576K
}
Event: 14177.723 GC heap before
{Heap before GC invocations=39 (full 4):
 PSYoungGen      total 87552K, used 87232K [0x00000000d8780000, 0x00000000e2380000, 0x0000000100000000)
  eden space 87040K, 100% used [0x00000000d8780000,0x00000000ddc80000,0x00000000ddc80000)
  from space 512K, 37% used [0x00000000e2300000,0x00000000e2330000,0x00000000e2380000)
  to   space 4096K, 0% used [0x00000000e1b80000,0x00000000e1b80000,0x00000000e1f80000)
 ParOldGen       total 81920K, used 29488K [0x0000000089600000, 0x000000008e600000, 0x00000000d8780000)
  object space 81920K, 35% used [0x0000000089600000,0x000000008b2cc2e0,0x000000008e600000)
 Metaspace       used 27631K, capacity 27980K, committed 28288K, reserved 1075200K
  class space    used 2996K, capacity 3096K, committed 3200K, reserved 1048576K
Event: 14177.730 GC heap after
Heap after GC invocations=39 (full 4):
 PSYoungGen      total 88064K, used 128K [0x00000000d8780000, 0x00000000e2380000, 0x0000000100000000)
  eden space 83968K, 0% used [0x00000000d8780000,0x00000000d8780000,0x00000000dd980000)
  from space 4096K, 3% used [0x00000000e1b80000,0x00000000e1ba0000,0x00000000e1f80000)
  to   space 4096K, 0% used [0x00000000e1f80000,0x00000000e1f80000,0x00000000e2380000)
 ParOldGen       total 81920K, used 29616K [0x0000000089600000, 0x000000008e600000, 0x00000000d8780000)
  object space 81920K, 36% used [0x0000000089600000,0x000000008b2ec2e0,0x000000008e600000)
 Metaspace       used 27631K, capacity 27980K, committed 28288K, reserved 1075200K
  class space    used 2996K, capacity 3096K, committed 3200K, reserved 1048576K
}
Event: 14178.273 GC heap before
{Heap before GC invocations=40 (full 4):
 PSYoungGen      total 88064K, used 84096K [0x00000000d8780000, 0x00000000e2380000, 0x0000000100000000)
  eden space 83968K, 100% used [0x00000000d8780000,0x00000000dd980000,0x00000000dd980000)
  from space 4096K, 3% used [0x00000000e1b80000,0x00000000e1ba0000,0x00000000e1f80000)
  to   space 4096K, 0% used [0x00000000e1f80000,0x00000000e1f80000,0x00000000e2380000)
 ParOldGen       total 81920K, used 29616K [0x0000000089600000, 0x000000008e600000, 0x00000000d8780000)
  object space 81920K, 36% used [0x0000000089600000,0x000000008b2ec2e0,0x000000008e600000)
 Metaspace       used 27633K, capacity 27980K, committed 28288K, reserved 1075200K
  class space    used 2996K, capacity 3096K, committed 3200K, reserved 1048576K
Event: 14178.279 GC heap after
Heap after GC invocations=40 (full 4):
 PSYoungGen      total 81408K, used 32K [0x00000000d8780000, 0x00000000e2000000, 0x0000000100000000)
  eden space 80896K, 0% used [0x00000000d8780000,0x00000000d8780000,0x00000000dd680000)
  from space 512K, 6% used [0x00000000e1f80000,0x00000000e1f88000,0x00000000e2000000)
  to   space 3584K, 0% used [0x00000000e1900000,0x00000000e1900000,0x00000000e1c80000)
 ParOldGen       total 81920K, used 29616K [0x0000000089600000, 0x000000008e600000, 0x00000000d8780000)
  object space 81920K, 36% used [0x0000000089600000,0x000000008b2ec2e0,0x000000008e600000)
 Metaspace       used 27633K, capacity 27980K, committed 28288K, reserved 1075200K
  class space    used 2996K, capacity 3096K, committed 3200K, reserved 1048576K
}
Event: 14184.074 GC heap before
{Heap before GC invocations=41 (full 4):
 PSYoungGen      total 81408K, used 80928K [0x00000000d8780000, 0x00000000e2000000, 0x0000000100000000)
  eden space 80896K, 100% used [0x00000000d8780000,0x00000000dd680000,0x00000000dd680000)
  from space 512K, 6% used [0x00000000e1f80000,0x00000000e1f88000,0x00000000e2000000)
  to   space 3584K, 0% used [0x00000000e1900000,0x00000000e1900000,0x00000000e1c80000)
 ParOldGen       total 81920K, used 29616K [0x0000000089600000, 0x000000008e600000, 0x00000000d8780000)
  object space 81920K, 36% used [0x0000000089600000,0x000000008b2ec2e0,0x000000008e600000)
 Metaspace       used 27660K, capacity 28044K, committed 28544K, reserved 1075200K
  class space    used 2996K, capacity 3096K, committed 3200K, reserved 1048576K
Event: 14184.079 GC heap after
Heap after GC invocations=41 (full 4):
 PSYoungGen      total 81920K, used 160K [0x00000000d8780000, 0x00000000e2000000, 0x0000000100000000)
  eden space 78336K, 0% used [0x00000000d8780000,0x00000000d8780000,0x00000000dd400000)
  from space 3584K, 4% used [0x00000000e1900000,0x00000000e1928000,0x00000000e1c80000)
  to   space 3584K, 0% used [0x00000000e1c80000,0x00000000e1c80000,0x00000000e2000000)
 ParOldGen       total 81920K, used 29616K [0x0000000089600000, 0x000000008e600000, 0x00000000d8780000)
  object space 81920K, 36% used [0x0000000089600000,0x000000008b2ec2e0,0x000000008e600000)
 Metaspace       used 27660K, capacity 28044K, committed 28544K, reserved 1075200K
  class space    used 2996K, capacity 3096K, committed 3200K, reserved 1048576K
}
Event: 14188.493 GC heap before
{Heap before GC invocations=42 (full 4):
 PSYoungGen      total 81920K, used 78496K [0x00000000d8780000, 0x00000000e2000000, 0x0000000100000000)
  eden space 78336K, 100% used [0x00000000d8780000,0x00000000dd400000,0x00000000dd400000)
  from space 3584K, 4% used [0x00000000e1900000,0x00000000e1928000,0x00000000e1c80000)
  to   space 3584K, 0% used [0x00000000e1c80000,0x00000000e1c80000,0x00000000e2000000)
 ParOldGen       total 81920K, used 29616K [0x0000000089600000, 0x000000008e600000, 0x00000000d8780000)
  object space 81920K, 36% used [0x0000000089600000,0x000000008b2ec2e0,0x000000008e600000)
 Metaspace       used 27660K, capacity 28044K, committed 28544K, reserved 1075200K
  class space    used 2996K, capacity 3096K, committed 3200K, reserved 1048576K
Event: 14188.499 GC heap after
Heap after GC invocations=42 (full 4):
 PSYoungGen      total 76288K, used 160K [0x00000000d8780000, 0x00000000e1d00000, 0x0000000100000000)
  eden space 75776K, 0% used [0x00000000d8780000,0x00000000d8780000,0x00000000dd180000)
  from space 512K, 31% used [0x00000000e1c80000,0x00000000e1ca8000,0x00000000e1d00000)
  to   space 3072K, 0% used [0x00000000e1700000,0x00000000e1700000,0x00000000e1a00000)
 ParOldGen       total 81920K, used 29688K [0x0000000089600000, 0x000000008e600000, 0x00000000d8780000)
  object space 81920K, 36% used [0x0000000089600000,0x000000008b2fe2e0,0x000000008e600000)
 Metaspace       used 27660K, capacity 28044K, committed 28544K, reserved 1075200K
  class space    used 2996K, capacity 3096K, committed 3200K, reserved 1048576K
}
Event: 14193.179 GC heap before
{Heap before GC invocations=43 (full 4):
 PSYoungGen      total 76288K, used 75936K [0x00000000d8780000, 0x00000000e1d00000, 0x0000000100000000)
  eden space 75776K, 100% used [0x00000000d8780000,0x00000000dd180000,0x00000000dd180000)
  from space 512K, 31% used [0x00000000e1c80000,0x00000000e1ca8000,0x00000000e1d00000)
  to   space 3072K, 0% used [0x00000000e1700000,0x00000000e1700000,0x00000000e1a00000)
 ParOldGen       total 81920K, used 29688K [0x0000000089600000, 0x000000008e600000, 0x00000000d8780000)
  object space 81920K, 36% used [0x0000000089600000,0x000000008b2fe2e0,0x000000008e600000)
 Metaspace       used 27661K, capacity 28044K, committed 28544K, reserved 1075200K
  class space    used 2996K, capacity 3096K, committed 3200K, reserved 1048576K
Event: 14193.186 GC heap after
Heap after GC invocations=43 (full 4):
 PSYoungGen      total 76288K, used 160K [0x00000000d8780000, 0x00000000e1d00000, 0x0000000100000000)
  eden space 73216K, 0% used [0x00000000d8780000,0x00000000d8780000,0x00000000dcf00000)
  from space 3072K, 5% used [0x00000000e1700000,0x00000000e1728000,0x00000000e1a00000)
  to   space 3072K, 0% used [0x00000000e1a00000,0x00000000e1a00000,0x00000000e1d00000)
 ParOldGen       total 81920K, used 29752K [0x0000000089600000, 0x000000008e600000, 0x00000000d8780000)
  object space 81920K, 36% used [0x0000000089600000,0x000000008b30e2e0,0x000000008e600000)
 Metaspace       used 27661K, capacity 28044K, committed 28544K, reserved 1075200K
  class space    used 2996K, capacity 3096K, committed 3200K, reserved 1048576K
}
Event: 14196.563 GC heap before
{Heap before GC invocations=44 (full 4):
 PSYoungGen      total 76288K, used 73376K [0x00000000d8780000, 0x00000000e1d00000, 0x0000000100000000)
  eden space 73216K, 100% used [0x00000000d8780000,0x00000000dcf00000,0x00000000dcf00000)
  from space 3072K, 5% used [0x00000000e1700000,0x00000000e1728000,0x00000000e1a00000)
  to   space 3072K, 0% used [0x00000000e1a00000,0x00000000e1a00000,0x00000000e1d00000)
 ParOldGen       total 81920K, used 29752K [0x0000000089600000, 0x000000008e600000, 0x00000000d8780000)
  object space 81920K, 36% used [0x0000000089600000,0x000000008b30e2e0,0x000000008e600000)
 Metaspace       used 27662K, capacity 28044K, committed 28544K, reserved 1075200K
  class space    used 2996K, capacity 3096K, committed 3200K, reserved 1048576K
Event: 14196.569 GC heap after
Heap after GC invocations=44 (full 4):
 PSYoungGen      total 71168K, used 192K [0x00000000d8780000, 0x00000000e1a80000, 0x0000000100000000)
  eden space 70656K, 0% used [0x00000000d8780000,0x00000000d8780000,0x00000000dcc80000)
  from space 512K, 37% used [0x00000000e1a00000,0x00000000e1a30000,0x00000000e1a80000)
  to   space 3072K, 0% used [0x00000000e1480000,0x00000000e1480000,0x00000000e1780000)
 ParOldGen       total 81920K, used 29816K [0x0000000089600000, 0x000000008e600000, 0x00000000d8780000)
  object space 81920K, 36% used [0x0000000089600000,0x000000008b31e2e0,0x000000008e600000)
 Metaspace       used 27662K, capacity 28044K, committed 28544K, reserved 1075200K
  class space    used 2996K, capacity 3096K, committed 3200K, reserved 1048576K
}
Event: 14199.442 GC heap before
{Heap before GC invocations=45 (full 4):
 PSYoungGen      total 71168K, used 70848K [0x00000000d8780000, 0x00000000e1a80000, 0x0000000100000000)
  eden space 70656K, 100% used [0x00000000d8780000,0x00000000dcc80000,0x00000000dcc80000)
  from space 512K, 37% used [0x00000000e1a00000,0x00000000e1a30000,0x00000000e1a80000)
  to   space 3072K, 0% used [0x00000000e1480000,0x00000000e1480000,0x00000000e1780000)
 ParOldGen       total 81920K, used 29816K [0x0000000089600000, 0x000000008e600000, 0x00000000d8780000)
  object space 81920K, 36% used [0x0000000089600000,0x000000008b31e2e0,0x000000008e600000)
 Metaspace       used 27662K, capacity 28044K, committed 28544K, reserved 1075200K
  class space    used 2996K, capacity 3096K, committed 3200K, reserved 1048576K
Event: 14199.448 GC heap after
Heap after GC invocations=45 (full 4):
 PSYoungGen      total 71680K, used 192K [0x00000000d8780000, 0x00000000e1a80000, 0x0000000100000000)
  eden space 68608K, 0% used [0x00000000d8780000,0x00000000d8780000,0x00000000dca80000)
  from space 3072K, 6% used [0x00000000e1480000,0x00000000e14b0000,0x00000000e1780000)
  to   space 2560K, 0% used [0x00000000e1800000,0x00000000e1800000,0x00000000e1a80000)
 ParOldGen       total 81920K, used 29888K [0x0000000089600000, 0x000000008e600000, 0x00000000d8780000)
  object space 81920K, 36% used [0x0000000089600000,0x000000008b3302e0,0x000000008e600000)
 Metaspace       used 27662K, capacity 28044K, committed 28544K, reserved 1075200K
  class space    used 2996K, capacity 3096K, committed 3200K, reserved 1048576K
}
Event: 14200.003 GC heap before
{Heap before GC invocations=46 (full 4):
 PSYoungGen      total 71680K, used 68800K [0x00000000d8780000, 0x00000000e1a80000, 0x0000000100000000)
  eden space 68608K, 100% used [0x00000000d8780000,0x00000000dca80000,0x00000000dca80000)
  from space 3072K, 6% used [0x00000000e1480000,0x00000000e14b0000,0x00000000e1780000)
  to   space 2560K, 0% used [0x00000000e1800000,0x00000000e1800000,0x00000000e1a80000)
 ParOldGen       total 81920K, used 29888K [0x0000000089600000, 0x000000008e600000, 0x00000000d8780000)
  object space 81920K, 36% used [0x0000000089600000,0x000000008b3302e0,0x000000008e600000)
 Metaspace       used 27666K, capacity 28044K, committed 28544K, reserved 1075200K
  class space    used 2996K, capacity 3096K, committed 3200K, reserved 1048576K
Event: 14200.011 GC heap after
Heap after GC invocations=46 (full 4):
 PSYoungGen      total 67072K, used 96K [0x00000000d8780000, 0x00000000e1880000, 0x0000000100000000)
  eden space 66560K, 0% used [0x00000000d8780000,0x00000000d8780000,0x00000000dc880000)
  from space 512K, 18% used [0x00000000e1800000,0x00000000e1818000,0x00000000e1880000)
  to   space 2560K, 0% used [0x00000000e1380000,0x00000000e1380000,0x00000000e1600000)
 ParOldGen       total 81920K, used 29976K [0x0000000089600000, 0x000000008e600000, 0x00000000d8780000)
  object space 81920K, 36% used [0x0000000089600000,0x000000008b3462e0,0x000000008e600000)
 Metaspace       used 27666K, capacity 28044K, committed 28544K, reserved 1075200K
  class space    used 2996K, capacity 3096K, committed 3200K, reserved 1048576K
}
Event: 14200.253 GC heap before
{Heap before GC invocations=47 (full 4):
 PSYoungGen      total 67072K, used 66656K [0x00000000d8780000, 0x00000000e1880000, 0x0000000100000000)
  eden space 66560K, 100% used [0x00000000d8780000,0x00000000dc880000,0x00000000dc880000)
  from space 512K, 18% used [0x00000000e1800000,0x00000000e1818000,0x00000000e1880000)
  to   space 2560K, 0% used [0x00000000e1380000,0x00000000e1380000,0x00000000e1600000)
 ParOldGen       total 81920K, used 29976K [0x0000000089600000, 0x000000008e600000, 0x00000000d8780000)
  object space 81920K, 36% used [0x0000000089600000,0x000000008b3462e0,0x000000008e600000)
 Metaspace       used 27669K, capacity 28044K, committed 28544K, reserved 1075200K
  class space    used 2996K, capacity 3096K, committed 3200K, reserved 1048576K
Event: 14200.258 GC heap after
Heap after GC invocations=47 (full 4):
 PSYoungGen      total 67072K, used 32K [0x00000000d8780000, 0x00000000e1880000, 0x0000000100000000)
  eden space 64512K, 0% used [0x00000000d8780000,0x00000000d8780000,0x00000000dc680000)
  from space 2560K, 1% used [0x00000000e1380000,0x00000000e1388000,0x00000000e1600000)
  to   space 2560K, 0% used [0x00000000e1600000,0x00000000e1600000,0x00000000e1880000)
 ParOldGen       total 81920K, used 29984K [0x0000000089600000, 0x000000008e600000, 0x00000000d8780000)
  object space 81920K, 36% used [0x0000000089600000,0x000000008b3482e0,0x000000008e600000)
 Metaspace       used 27669K, capacity 28044K, committed 28544K, reserved 1075200K
  class space    used 2996K, capacity 3096K, committed 3200K, reserved 1048576K
}
Event: 14200.623 GC heap before
{Heap before GC invocations=48 (full 4):
 PSYoungGen      total 67072K, used 64544K [0x00000000d8780000, 0x00000000e1880000, 0x0000000100000000)
  eden space 64512K, 100% used [0x00000000d8780000,0x00000000dc680000,0x00000000dc680000)
  from space 2560K, 1% used [0x00000000e1380000,0x00000000e1388000,0x00000000e1600000)
  to   space 2560K, 0% used [0x00000000e1600000,0x00000000e1600000,0x00000000e1880000)
 ParOldGen       total 81920K, used 29984K [0x0000000089600000, 0x000000008e600000, 0x00000000d8780000)
  object space 81920K, 36% used [0x0000000089600000,0x000000008b3482e0,0x000000008e600000)
 Metaspace       used 27669K, capacity 28044K, committed 28544K, reserved 1075200K
  class space    used 2996K, capacity 3096K, committed 3200K, reserved 1048576K
Event: 14200.627 GC heap after
Heap after GC invocations=48 (full 4):
 PSYoungGen      total 62976K, used 64K [0x00000000d8780000, 0x00000000e1680000, 0x0000000100000000)
  eden space 62464K, 0% used [0x00000000d8780000,0x00000000d8780000,0x00000000dc480000)
  from space 512K, 12% used [0x00000000e1600000,0x00000000e1610000,0x00000000e1680000)
  to   space 2048K, 0% used [0x00000000e1280000,0x00000000e1280000,0x00000000e1480000)
 ParOldGen       total 81920K, used 29984K [0x0000000089600000, 0x000000008e600000, 0x00000000d8780000)
  object space 81920K, 36% used [0x0000000089600000,0x000000008b3482e0,0x000000008e600000)
 Metaspace       used 27669K, capacity 28044K, committed 28544K, reserved 1075200K
  class space    used 2996K, capacity 3096K, committed 3200K, reserved 1048576K
}
Event: 14200.786 GC heap before
{Heap before GC invocations=49 (full 4):
 PSYoungGen      total 62976K, used 62528K [0x00000000d8780000, 0x00000000e1680000, 0x0000000100000000)
  eden space 62464K, 100% used [0x00000000d8780000,0x00000000dc480000,0x00000000dc480000)
  from space 512K, 12% used [0x00000000e1600000,0x00000000e1610000,0x00000000e1680000)
  to   space 2048K, 0% used [0x00000000e1280000,0x00000000e1280000,0x00000000e1480000)
 ParOldGen       total 81920K, used 29984K [0x0000000089600000, 0x000000008e600000, 0x00000000d8780000)
  object space 81920K, 36% used [0x0000000089600000,0x000000008b3482e0,0x000000008e600000)
 Metaspace       used 27670K, capacity 28044K, committed 28544K, reserved 1075200K
  class space    used 2996K, capacity 3096K, committed 3200K, reserved 1048576K
Event: 14200.791 GC heap after
Heap after GC invocations=49 (full 4):
 PSYoungGen      total 78336K, used 32K [0x00000000d8780000, 0x00000000e1680000, 0x0000000100000000)
  eden space 76288K, 0% used [0x00000000d8780000,0x00000000d8780000,0x00000000dd200000)
  from space 2048K, 1% used [0x00000000e1280000,0x00000000e1288000,0x00000000e1480000)
  to   space 2048K, 0% used [0x00000000e1480000,0x00000000e1480000,0x00000000e1680000)
 ParOldGen       total 81920K, used 29984K [0x0000000089600000, 0x000000008e600000, 0x00000000d8780000)
  object space 81920K, 36% used [0x0000000089600000,0x000000008b3482e0,0x000000008e600000)
 Metaspace       used 27670K, capacity 28044K, committed 28544K, reserved 1075200K
  class space    used 2996K, capacity 3096K, committed 3200K, reserved 1048576K
}
Event: 14200.979 GC heap before
{Heap before GC invocations=50 (full 4):
 PSYoungGen      total 78336K, used 76320K [0x00000000d8780000, 0x00000000e1680000, 0x0000000100000000)
  eden space 76288K, 100% used [0x00000000d8780000,0x00000000dd200000,0x00000000dd200000)
  from space 2048K, 1% used [0x00000000e1280000,0x00000000e1288000,0x00000000e1480000)
  to   space 2048K, 0% used [0x00000000e1480000,0x00000000e1480000,0x00000000e1680000)
 ParOldGen       total 81920K, used 29984K [0x0000000089600000, 0x000000008e600000, 0x00000000d8780000)
  object space 81920K, 36% used [0x0000000089600000,0x000000008b3482e0,0x000000008e600000)
 Metaspace       used 27670K, capacity 28044K, committed 28544K, reserved 1075200K
  class space    used 2996K, capacity 3096K, committed 3200K, reserved 1048576K
Event: 14200.983 GC heap after
Heap after GC invocations=50 (full 4):
 PSYoungGen      total 93696K, used 64K [0x00000000d8780000, 0x00000000e1500000, 0x0000000100000000)
  eden space 93184K, 0% used [0x00000000d8780000,0x00000000d8780000,0x00000000de280000)
  from space 512K, 12% used [0x00000000e1480000,0x00000000e1490000,0x00000000e1500000)
  to   space 2048K, 0% used [0x00000000e1100000,0x00000000e1100000,0x00000000e1300000)
 ParOldGen       total 81920K, used 29984K [0x0000000089600000, 0x000000008e600000, 0x00000000d8780000)
  object space 81920K, 36% used [0x0000000089600000,0x000000008b3482e0,0x000000008e600000)
 Metaspace       used 27670K, capacity 28044K, committed 28544K, reserved 1075200K
  class space    used 2996K, capacity 3096K, committed 3200K, reserved 1048576K
}
Event: 14201.466 GC heap before
{Heap before GC invocations=51 (full 4):
 PSYoungGen      total 93696K, used 93248K [0x00000000d8780000, 0x00000000e1500000, 0x0000000100000000)
  eden space 93184K, 100% used [0x00000000d8780000,0x00000000de280000,0x00000000de280000)
  from space 512K, 12% used [0x00000000e1480000,0x00000000e1490000,0x00000000e1500000)
  to   space 2048K, 0% used [0x00000000e1100000,0x00000000e1100000,0x00000000e1300000)
 ParOldGen       total 81920K, used 29984K [0x0000000089600000, 0x000000008e600000, 0x00000000d8780000)
  object space 81920K, 36% used [0x0000000089600000,0x000000008b3482e0,0x000000008e600000)
 Metaspace       used 27670K, capacity 28044K, committed 28544K, reserved 1075200K
  class space    used 2996K, capacity 3096K, committed 3200K, reserved 1048576K
Event: 14201.472 GC heap after
Heap after GC invocations=51 (full 4):
 PSYoungGen      total 116224K, used 32K [0x00000000d8780000, 0x00000000e1500000, 0x0000000100000000)
  eden space 114176K, 0% used [0x00000000d8780000,0x00000000d8780000,0x00000000df700000)
  from space 2048K, 1% used [0x00000000e1100000,0x00000000e1108000,0x00000000e1300000)
  to   space 2048K, 0% used [0x00000000e1300000,0x00000000e1300000,0x00000000e1500000)
 ParOldGen       total 81920K, used 29992K [0x0000000089600000, 0x000000008e600000, 0x00000000d8780000)
  object space 81920K, 36% used [0x0000000089600000,0x000000008b34a2e0,0x000000008e600000)
 Metaspace       used 27670K, capacity 28044K, committed 28544K, reserved 1075200K
  class space    used 2996K, capacity 3096K, committed 3200K, reserved 1048576K
}
Event: 14205.300 GC heap before
{Heap before GC invocations=52 (full 4):
 PSYoungGen      total 116224K, used 114208K [0x00000000d8780000, 0x00000000e1500000, 0x0000000100000000)
  eden space 114176K, 100% used [0x00000000d8780000,0x00000000df700000,0x00000000df700000)
  from space 2048K, 1% used [0x00000000e1100000,0x00000000e1108000,0x00000000e1300000)
  to   space 2048K, 0% used [0x00000000e1300000,0x00000000e1300000,0x00000000e1500000)
 ParOldGen       total 81920K, used 29992K [0x0000000089600000, 0x000000008e600000, 0x00000000d8780000)
  object space 81920K, 36% used [0x0000000089600000,0x000000008b34a2e0,0x000000008e600000)
 Metaspace       used 27670K, capacity 28044K, committed 28544K, reserved 1075200K
  class space    used 2996K, capacity 3096K, committed 3200K, reserved 1048576K
Event: 14205.307 GC heap after
Heap after GC invocations=52 (full 4):
 PSYoungGen      total 140288K, used 192K [0x00000000d8780000, 0x00000000e1380000, 0x0000000100000000)
  eden space 139776K, 0% used [0x00000000d8780000,0x00000000d8780000,0x00000000e1000000)
  from space 512K, 37% used [0x00000000e1300000,0x00000000e1330000,0x00000000e1380000)
  to   space 1536K, 0% used [0x00000000e1080000,0x00000000e1080000,0x00000000e1200000)
 ParOldGen       total 81920K, used 29992K [0x0000000089600000, 0x000000008e600000, 0x00000000d8780000)
  object space 81920K, 36% used [0x0000000089600000,0x000000008b34a2e0,0x000000008e600000)
 Metaspace       used 27670K, capacity 28044K, committed 28544K, reserved 1075200K
  class space    used 2996K, capacity 3096K, committed 3200K, reserved 1048576K
}
Event: 14205.685 GC heap before
{Heap before GC invocations=53 (full 4):
 PSYoungGen      total 140288K, used 139968K [0x00000000d8780000, 0x00000000e1380000, 0x0000000100000000)
  eden space 139776K, 100% used [0x00000000d8780000,0x00000000e1000000,0x00000000e1000000)
  from space 512K, 37% used [0x00000000e1300000,0x00000000e1330000,0x00000000e1380000)
  to   space 1536K, 0% used [0x00000000e1080000,0x00000000e1080000,0x00000000e1200000)
 ParOldGen       total 81920K, used 29992K [0x0000000089600000, 0x000000008e600000, 0x00000000d8780000)
  object space 81920K, 36% used [0x0000000089600000,0x000000008b34a2e0,0x000000008e600000)
 Metaspace       used 27671K, capacity 28044K, committed 28544K, reserved 1075200K
  class space    used 2996K, capacity 3096K, committed 3200K, reserved 1048576K
Event: 14205.691 GC heap after
Heap after GC invocations=53 (full 4):
 PSYoungGen      total 141824K, used 128K [0x00000000d8780000, 0x00000000e3180000, 0x0000000100000000)
  eden space 140288K, 0% used [0x00000000d8780000,0x00000000d8780000,0x00000000e1080000)
  from space 1536K, 8% used [0x00000000e1080000,0x00000000e10a0000,0x00000000e1200000)
  to   space 1536K, 0% used [0x00000000e3000000,0x00000000e3000000,0x00000000e3180000)
 ParOldGen       total 81920K, used 30102K [0x0000000089600000, 0x000000008e600000, 0x00000000d8780000)
  object space 81920K, 36% used [0x0000000089600000,0x000000008b3658e8,0x000000008e600000)
 Metaspace       used 27671K, capacity 28044K, committed 28544K, reserved 1075200K
  class space    used 2996K, capacity 3096K, committed 3200K, reserved 1048576K
}
Event: 14206.170 GC heap before
{Heap before GC invocations=54 (full 4):
 PSYoungGen      total 141824K, used 140416K [0x00000000d8780000, 0x00000000e3180000, 0x0000000100000000)
  eden space 140288K, 100% used [0x00000000d8780000,0x00000000e1080000,0x00000000e1080000)
  from space 1536K, 8% used [0x00000000e1080000,0x00000000e10a0000,0x00000000e1200000)
  to   space 1536K, 0% used [0x00000000e3000000,0x00000000e3000000,0x00000000e3180000)
 ParOldGen       total 81920K, used 30102K [0x0000000089600000, 0x000000008e600000, 0x00000000d8780000)
  object space 81920K, 36% used [0x0000000089600000,0x000000008b3658e8,0x000000008e600000)
 Metaspace       used 27671K, capacity 28044K, committed 28544K, reserved 1075200K
  class space    used 2996K, capacity 3096K, committed 3200K, reserved 1048576K
Event: 14206.175 GC heap after
Heap after GC invocations=54 (full 4):
 PSYoungGen      total 172544K, used 128K [0x00000000d8780000, 0x00000000e3200000, 0x0000000100000000)
  eden space 171008K, 0% used [0x00000000d8780000,0x00000000d8780000,0x00000000e2e80000)
  from space 1536K, 8% used [0x00000000e3000000,0x00000000e3020000,0x00000000e3180000)
  to   space 1536K, 0% used [0x00000000e2e80000,0x00000000e2e80000,0x00000000e3000000)
 ParOldGen       total 81920K, used 30166K [0x0000000089600000, 0x000000008e600000, 0x00000000d8780000)
  object space 81920K, 36% used [0x0000000089600000,0x000000008b3758f8,0x000000008e600000)
 Metaspace       used 27671K, capacity 28044K, committed 28544K, reserved 1075200K
  class space    used 2996K, capacity 3096K, committed 3200K, reserved 1048576K
}
Event: 14206.592 GC heap before
{Heap before GC invocations=55 (full 4):
 PSYoungGen      total 172544K, used 171136K [0x00000000d8780000, 0x00000000e3200000, 0x0000000100000000)
  eden space 171008K, 100% used [0x00000000d8780000,0x00000000e2e80000,0x00000000e2e80000)
  from space 1536K, 8% used [0x00000000e3000000,0x00000000e3020000,0x00000000e3180000)
  to   space 1536K, 0% used [0x00000000e2e80000,0x00000000e2e80000,0x00000000e3000000)
 ParOldGen       total 81920K, used 30166K [0x0000000089600000, 0x000000008e600000, 0x00000000d8780000)
  object space 81920K, 36% used [0x0000000089600000,0x000000008b3758f8,0x000000008e600000)
 Metaspace       used 27671K, capacity 28044K, committed 28544K, reserved 1075200K
  class space    used 2996K, capacity 3096K, committed 3200K, reserved 1048576K
Event: 14206.597 GC heap after
Heap after GC invocations=55 (full 4):
 PSYoungGen      total 172544K, used 32K [0x00000000d8780000, 0x00000000e5680000, 0x0000000100000000)
  eden space 171008K, 0% used [0x00000000d8780000,0x00000000d8780000,0x00000000e2e80000)
  from space 1536K, 2% used [0x00000000e2e80000,0x00000000e2e88000,0x00000000e3000000)
  to   space 1536K, 0% used [0x00000000e5500000,0x00000000e5500000,0x00000000e5680000)
 ParOldGen       total 81920K, used 30174K [0x0000000089600000, 0x000000008e600000, 0x00000000d8780000)
  object space 81920K, 36% used [0x0000000089600000,0x000000008b3778f8,0x000000008e600000)
 Metaspace       used 27671K, capacity 28044K, committed 28544K, reserved 1075200K
  class space    used 2996K, capacity 3096K, committed 3200K, reserved 1048576K
}
Event: 14209.685 GC heap before
{Heap before GC invocations=56 (full 4):
 PSYoungGen      total 172544K, used 171040K [0x00000000d8780000, 0x00000000e5680000, 0x0000000100000000)
  eden space 171008K, 100% used [0x00000000d8780000,0x00000000e2e80000,0x00000000e2e80000)
  from space 1536K, 2% used [0x00000000e2e80000,0x00000000e2e88000,0x00000000e3000000)
  to   space 1536K, 0% used [0x00000000e5500000,0x00000000e5500000,0x00000000e5680000)
 ParOldGen       total 81920K, used 30174K [0x0000000089600000, 0x000000008e600000, 0x00000000d8780000)
  object space 81920K, 36% used [0x0000000089600000,0x000000008b3778f8,0x000000008e600000)
 Metaspace       used 27695K, capacity 28044K, committed 28544K, reserved 1075200K
  class space    used 2996K, capacity 3096K, committed 3200K, reserved 1048576K
Event: 14209.691 GC heap after
Heap after GC invocations=56 (full 4):
 PSYoungGen      total 164352K, used 192K [0x00000000d8780000, 0x00000000e5580000, 0x0000000100000000)
  eden space 163840K, 0% used [0x00000000d8780000,0x00000000d8780000,0x00000000e2780000)
  from space 512K, 37% used [0x00000000e5500000,0x00000000e5530000,0x00000000e5580000)
  to   space 1536K, 0% used [0x00000000e5280000,0x00000000e5280000,0x00000000e5400000)
 ParOldGen       total 81920K, used 30174K [0x0000000089600000, 0x000000008e600000, 0x00000000d8780000)
  object space 81920K, 36% used [0x0000000089600000,0x000000008b3778f8,0x000000008e600000)
 Metaspace       used 27695K, capacity 28044K, committed 28544K, reserved 1075200K
  class space    used 2996K, capacity 3096K, committed 3200K, reserved 1048576K
}
Event: 14216.140 GC heap before
{Heap before GC invocations=57 (full 4):
 PSYoungGen      total 164352K, used 164032K [0x00000000d8780000, 0x00000000e5580000, 0x0000000100000000)
  eden space 163840K, 100% used [0x00000000d8780000,0x00000000e2780000,0x00000000e2780000)
  from space 512K, 37% used [0x00000000e5500000,0x00000000e5530000,0x00000000e5580000)
  to   space 1536K, 0% used [0x00000000e5280000,0x00000000e5280000,0x00000000e5400000)
 ParOldGen       total 81920K, used 30174K [0x0000000089600000, 0x000000008e600000, 0x00000000d8780000)
  object space 81920K, 36% used [0x0000000089600000,0x000000008b3778f8,0x000000008e600000)
 Metaspace       used 27705K, capacity 28044K, committed 28544K, reserved 1075200K
  class space    used 2996K, capacity 3096K, committed 3200K, reserved 1048576K
Event: 14216.147 GC heap after
Heap after GC invocations=57 (full 4):
 PSYoungGen      total 158720K, used 256K [0x00000000d8780000, 0x00000000e5580000, 0x0000000100000000)
  eden space 157184K, 0% used [0x00000000d8780000,0x00000000d8780000,0x00000000e2100000)
  from space 1536K, 16% used [0x00000000e5280000,0x00000000e52c0000,0x00000000e5400000)
  to   space 1536K, 0% used [0x00000000e5400000,0x00000000e5400000,0x00000000e5580000)
 ParOldGen       total 81920K, used 30259K [0x0000000089600000, 0x000000008e600000, 0x00000000d8780000)
  object space 81920K, 36% used [0x0000000089600000,0x000000008b38cf00,0x000000008e600000)
 Metaspace       used 27705K, capacity 28044K, committed 28544K, reserved 1075200K
  class space    used 2996K, capacity 3096K, committed 3200K, reserved 1048576K
}
Event: 14216.674 GC heap before
{Heap before GC invocations=58 (full 4):
 PSYoungGen      total 158720K, used 157440K [0x00000000d8780000, 0x00000000e5580000, 0x0000000100000000)
  eden space 157184K, 100% used [0x00000000d8780000,0x00000000e2100000,0x00000000e2100000)
  from space 1536K, 16% used [0x00000000e5280000,0x00000000e52c0000,0x00000000e5400000)
  to   space 1536K, 0% used [0x00000000e5400000,0x00000000e5400000,0x00000000e5580000)
 ParOldGen       total 81920K, used 30259K [0x0000000089600000, 0x000000008e600000, 0x00000000d8780000)
  object space 81920K, 36% used [0x0000000089600000,0x000000008b38cf00,0x000000008e600000)
 Metaspace       used 27705K, capacity 28044K, committed 28544K, reserved 1075200K
  class space    used 2996K, capacity 3096K, committed 3200K, reserved 1048576K
Event: 14216.680 GC heap after
Heap after GC invocations=58 (full 4):
 PSYoungGen      total 151552K, used 64K [0x00000000d8780000, 0x00000000e5480000, 0x0000000100000000)
  eden space 151040K, 0% used [0x00000000d8780000,0x00000000d8780000,0x00000000e1b00000)
  from space 512K, 12% used [0x00000000e5400000,0x00000000e5410000,0x00000000e5480000)
  to   space 1024K, 0% used [0x00000000e5280000,0x00000000e5280000,0x00000000e5380000)
 ParOldGen       total 81920K, used 30427K [0x0000000089600000, 0x000000008e600000, 0x00000000d8780000)
  object space 81920K, 37% used [0x0000000089600000,0x000000008b3b6f00,0x000000008e600000)
 Metaspace       used 27705K, capacity 28044K, committed 28544K, reserved 1075200K
  class space    used 2996K, capacity 3096K, committed 3200K, reserved 1048576K
}
Event: 14221.124 GC heap before
{Heap before GC invocations=59 (full 4):
 PSYoungGen      total 151552K, used 151104K [0x00000000d8780000, 0x00000000e5480000, 0x0000000100000000)
  eden space 151040K, 100% used [0x00000000d8780000,0x00000000e1b00000,0x00000000e1b00000)
  from space 512K, 12% used [0x00000000e5400000,0x00000000e5410000,0x00000000e5480000)
  to   space 1024K, 0% used [0x00000000e5280000,0x00000000e5280000,0x00000000e5380000)
 ParOldGen       total 81920K, used 30427K [0x0000000089600000, 0x000000008e600000, 0x00000000d8780000)
  object space 81920K, 37% used [0x0000000089600000,0x000000008b3b6f00,0x000000008e600000)
 Metaspace       used 27706K, capacity 28044K, committed 28544K, reserved 1075200K
  class space    used 2996K, capacity 3096K, committed 3200K, reserved 1048576K
Event: 14221.130 GC heap after
Heap after GC invocations=59 (full 4):
 PSYoungGen      total 145920K, used 160K [0x00000000d8780000, 0x00000000e5480000, 0x0000000100000000)
  eden space 144896K, 0% used [0x00000000d8780000,0x00000000d8780000,0x00000000e1500000)
  from space 1024K, 15% used [0x00000000e5280000,0x00000000e52a8000,0x00000000e5380000)
  to   space 1024K, 0% used [0x00000000e5380000,0x00000000e5380000,0x00000000e5480000)
 ParOldGen       total 81920K, used 30435K [0x0000000089600000, 0x000000008e600000, 0x00000000d8780000)
  object space 81920K, 37% used [0x0000000089600000,0x000000008b3b8f00,0x000000008e600000)
 Metaspace       used 27706K, capacity 28044K, committed 28544K, reserved 1075200K
  class space    used 2996K, capacity 3096K, committed 3200K, reserved 1048576K
}
Event: 14225.289 GC heap before
{Heap before GC invocations=60 (full 4):
 PSYoungGen      total 145920K, used 145056K [0x00000000d8780000, 0x00000000e5480000, 0x0000000100000000)
  eden space 144896K, 100% used [0x00000000d8780000,0x00000000e1500000,0x00000000e1500000)
  from space 1024K, 15% used [0x00000000e5280000,0x00000000e52a8000,0x00000000e5380000)
  to   space 1024K, 0% used [0x00000000e5380000,0x00000000e5380000,0x00000000e5480000)
 ParOldGen       total 81920K, used 30435K [0x0000000089600000, 0x000000008e600000, 0x00000000d8780000)
  object space 81920K, 37% used [0x0000000089600000,0x000000008b3b8f00,0x000000008e600000)
 Metaspace       used 27706K, capacity 28044K, committed 28544K, reserved 1075200K
  class space    used 2996K, capacity 3096K, committed 3200K, reserved 1048576K
Event: 14225.297 GC heap after
Heap after GC invocations=60 (full 4):
 PSYoungGen      total 139776K, used 160K [0x00000000d8780000, 0x00000000e5400000, 0x0000000100000000)
  eden space 139264K, 0% used [0x00000000d8780000,0x00000000d8780000,0x00000000e0f80000)
  from space 512K, 31% used [0x00000000e5380000,0x00000000e53a8000,0x00000000e5400000)
  to   space 1024K, 0% used [0x00000000e5200000,0x00000000e5200000,0x00000000e5300000)
 ParOldGen       total 81920K, used 30499K [0x0000000089600000, 0x000000008e600000, 0x00000000d8780000)
  object space 81920K, 37% used [0x0000000089600000,0x000000008b3c8f00,0x000000008e600000)
 Metaspace       used 27706K, capacity 28044K, committed 28544K, reserved 1075200K
  class space    used 2996K, capacity 3096K, committed 3200K, reserved 1048576K
}
Event: 14225.928 GC heap before
{Heap before GC invocations=61 (full 4):
 PSYoungGen      total 139776K, used 139424K [0x00000000d8780000, 0x00000000e5400000, 0x0000000100000000)
  eden space 139264K, 100% used [0x00000000d8780000,0x00000000e0f80000,0x00000000e0f80000)
  from space 512K, 31% used [0x00000000e5380000,0x00000000e53a8000,0x00000000e5400000)
  to   space 1024K, 0% used [0x00000000e5200000,0x00000000e5200000,0x00000000e5300000)
 ParOldGen       total 81920K, used 30499K [0x0000000089600000, 0x000000008e600000, 0x00000000d8780000)
  object space 81920K, 37% used [0x0000000089600000,0x000000008b3c8f00,0x000000008e600000)
 Metaspace       used 27706K, capacity 28044K, committed 28544K, reserved 1075200K
  class space    used 2996K, capacity 3096K, committed 3200K, reserved 1048576K
Event: 14225.934 GC heap after
Heap after GC invocations=61 (full 4):
 PSYoungGen      total 134656K, used 96K [0x00000000d8780000, 0x00000000e5400000, 0x0000000100000000)
  eden space 133632K, 0% used [0x00000000d8780000,0x00000000d8780000,0x00000000e0a00000)
  from space 1024K, 9% used [0x00000000e5200000,0x00000000e5218000,0x00000000e5300000)
  to   space 1024K, 0% used [0x00000000e5300000,0x00000000e5300000,0x00000000e5400000)
 ParOldGen       total 81920K, used 30571K [0x0000000089600000, 0x000000008e600000, 0x00000000d8780000)
  object space 81920K, 37% used [0x0000000089600000,0x000000008b3daf00,0x000000008e600000)
 Metaspace       used 27706K, capacity 28044K, committed 28544K, reserved 1075200K
  class space    used 2996K, capacity 3096K, committed 3200K, reserved 1048576K
}
Event: 14439.636 GC heap before
{Heap before GC invocations=62 (full 4):
 PSYoungGen      total 134656K, used 133728K [0x00000000d8780000, 0x00000000e5400000, 0x0000000100000000)
  eden space 133632K, 100% used [0x00000000d8780000,0x00000000e0a00000,0x00000000e0a00000)
  from space 1024K, 9% used [0x00000000e5200000,0x00000000e5218000,0x00000000e5300000)
  to   space 1024K, 0% used [0x00000000e5300000,0x00000000e5300000,0x00000000e5400000)
 ParOldGen       total 81920K, used 30571K [0x0000000089600000, 0x000000008e600000, 0x00000000d8780000)
  object space 81920K, 37% used [0x0000000089600000,0x000000008b3daf00,0x000000008e600000)
 Metaspace       used 27811K, capacity 28114K, committed 28544K, reserved 1075200K
  class space    used 2998K, capacity 3097K, committed 3200K, reserved 1048576K
Event: 14439.645 GC heap after
Heap after GC invocations=62 (full 4):
 PSYoungGen      total 129536K, used 998K [0x00000000d8780000, 0x00000000e5400000, 0x0000000100000000)
  eden space 128512K, 0% used [0x00000000d8780000,0x00000000d8780000,0x00000000e0500000)
  from space 1024K, 97% used [0x00000000e5300000,0x00000000e53f98c8,0x00000000e5400000)
  to   space 2048K, 0% used [0x00000000e5000000,0x00000000e5000000,0x00000000e5200000)
 ParOldGen       total 81920K, used 33113K [0x0000000089600000, 0x000000008e600000, 0x00000000d8780000)
  object space 81920K, 40% used [0x0000000089600000,0x000000008b656500,0x000000008e600000)
 Metaspace       used 27811K, capacity 28114K, committed 28544K, reserved 1075200K
  class space    used 2998K, capacity 3097K, committed 3200K, reserved 1048576K
}
Event: 14442.400 GC heap before
{Heap before GC invocations=63 (full 4):
 PSYoungGen      total 129536K, used 129510K [0x00000000d8780000, 0x00000000e5400000, 0x0000000100000000)
  eden space 128512K, 100% used [0x00000000d8780000,0x00000000e0500000,0x00000000e0500000)
  from space 1024K, 97% used [0x00000000e5300000,0x00000000e53f98c8,0x00000000e5400000)
  to   space 2048K, 0% used [0x00000000e5000000,0x00000000e5000000,0x00000000e5200000)
 ParOldGen       total 81920K, used 33113K [0x0000000089600000, 0x000000008e600000, 0x00000000d8780000)
  object space 81920K, 40% used [0x0000000089600000,0x000000008b656500,0x000000008e600000)
 Metaspace       used 27830K, capacity 28114K, committed 28544K, reserved 1075200K
  class space    used 2998K, capacity 3097K, committed 3200K, reserved 1048576K
Event: 14442.409 GC heap after
Heap after GC invocations=63 (full 4):
 PSYoungGen      total 125440K, used 2048K [0x00000000d8780000, 0x00000000e5380000, 0x0000000100000000)
  eden space 123392K, 0% used [0x00000000d8780000,0x00000000d8780000,0x00000000e0000000)
  from space 2048K, 100% used [0x00000000e5000000,0x00000000e5200000,0x00000000e5200000)
  to   space 1536K, 0% used [0x00000000e5200000,0x00000000e5200000,0x00000000e5380000)
 ParOldGen       total 81920K, used 34311K [0x0000000089600000, 0x000000008e600000, 0x00000000d8780000)
  object space 81920K, 41% used [0x0000000089600000,0x000000008b781dc8,0x000000008e600000)
 Metaspace       used 27830K, capacity 28114K, committed 28544K, reserved 1075200K
  class space    used 2998K, capacity 3097K, committed 3200K, reserved 1048576K
}
Event: 14449.375 GC heap before
{Heap before GC invocations=64 (full 4):
 PSYoungGen      total 125440K, used 125440K [0x00000000d8780000, 0x00000000e5380000, 0x0000000100000000)
  eden space 123392K, 100% used [0x00000000d8780000,0x00000000e0000000,0x00000000e0000000)
  from space 2048K, 100% used [0x00000000e5000000,0x00000000e5200000,0x00000000e5200000)
  to   space 1536K, 0% used [0x00000000e5200000,0x00000000e5200000,0x00000000e5380000)
 ParOldGen       total 81920K, used 34311K [0x0000000089600000, 0x000000008e600000, 0x00000000d8780000)
  object space 81920K, 41% used [0x0000000089600000,0x000000008b781dc8,0x000000008e600000)
 Metaspace       used 27830K, capacity 28114K, committed 28544K, reserved 1075200K
  class space    used 2998K, capacity 3097K, committed 3200K, reserved 1048576K
Event: 14449.384 GC heap after
Heap after GC invocations=64 (full 4):
 PSYoungGen      total 119296K, used 128K [0x00000000d8780000, 0x00000000e5280000, 0x0000000100000000)
  eden space 118784K, 0% used [0x00000000d8780000,0x00000000d8780000,0x00000000dfb80000)
  from space 512K, 25% used [0x00000000e5200000,0x00000000e5220000,0x00000000e5280000)
  to   space 3072K, 0% used [0x00000000e4c80000,0x00000000e4c80000,0x00000000e4f80000)
 ParOldGen       total 81920K, used 36375K [0x0000000089600000, 0x000000008e600000, 0x00000000d8780000)
  object space 81920K, 44% used [0x0000000089600000,0x000000008b985dd8,0x000000008e600000)
 Metaspace       used 27830K, capacity 28114K, committed 28544K, reserved 1075200K
  class space    used 2998K, capacity 3097K, committed 3200K, reserved 1048576K
}
Event: 14453.291 GC heap before
{Heap before GC invocations=65 (full 4):
 PSYoungGen      total 119296K, used 118912K [0x00000000d8780000, 0x00000000e5280000, 0x0000000100000000)
  eden space 118784K, 100% used [0x00000000d8780000,0x00000000dfb80000,0x00000000dfb80000)
  from space 512K, 25% used [0x00000000e5200000,0x00000000e5220000,0x00000000e5280000)
  to   space 3072K, 0% used [0x00000000e4c80000,0x00000000e4c80000,0x00000000e4f80000)
 ParOldGen       total 81920K, used 36375K [0x0000000089600000, 0x000000008e600000, 0x00000000d8780000)
  object space 81920K, 44% used [0x0000000089600000,0x000000008b985dd8,0x000000008e600000)
 Metaspace       used 27840K, capacity 28178K, committed 28544K, reserved 1075200K
  class space    used 2998K, capacity 3097K, committed 3200K, reserved 1048576K
Event: 14453.298 GC heap after
Heap after GC invocations=65 (full 4):
 PSYoungGen      total 117248K, used 224K [0x00000000d8780000, 0x00000000e5280000, 0x0000000100000000)
  eden space 114176K, 0% used [0x00000000d8780000,0x00000000d8780000,0x00000000df700000)
  from space 3072K, 7% used [0x00000000e4c80000,0x00000000e4cb8000,0x00000000e4f80000)
  to   space 3072K, 0% used [0x00000000e4f80000,0x00000000e4f80000,0x00000000e5280000)
 ParOldGen       total 81920K, used 36407K [0x0000000089600000, 0x000000008e600000, 0x00000000d8780000)
  object space 81920K, 44% used [0x0000000089600000,0x000000008b98ddd8,0x000000008e600000)
 Metaspace       used 27840K, capacity 28178K, committed 28544K, reserved 1075200K
  class space    used 2998K, capacity 3097K, committed 3200K, reserved 1048576K
}
Event: 14455.756 GC heap before
{Heap before GC invocations=66 (full 4):
 PSYoungGen      total 117248K, used 114400K [0x00000000d8780000, 0x00000000e5280000, 0x0000000100000000)
  eden space 114176K, 100% used [0x00000000d8780000,0x00000000df700000,0x00000000df700000)
  from space 3072K, 7% used [0x00000000e4c80000,0x00000000e4cb8000,0x00000000e4f80000)
  to   space 3072K, 0% used [0x00000000e4f80000,0x00000000e4f80000,0x00000000e5280000)
 ParOldGen       total 81920K, used 36407K [0x0000000089600000, 0x000000008e600000, 0x00000000d8780000)
  object space 81920K, 44% used [0x0000000089600000,0x000000008b98ddd8,0x000000008e600000)
 Metaspace       used 27840K, capacity 28178K, committed 28544K, reserved 1075200K
  class space    used 2998K, capacity 3097K, committed 3200K, reserved 1048576K
Event: 14455.765 GC heap after
Heap after GC invocations=66 (full 4):
 PSYoungGen      total 110592K, used 64K [0x00000000d8780000, 0x00000000e5000000, 0x0000000100000000)
  eden space 110080K, 0% used [0x00000000d8780000,0x00000000d8780000,0x00000000df300000)
  from space 512K, 12% used [0x00000000e4f80000,0x00000000e4f90000,0x00000000e5000000)
  to   space 2560K, 0% used [0x00000000e4b00000,0x00000000e4b00000,0x00000000e4d80000)
 ParOldGen       total 81920K, used 36527K [0x0000000089600000, 0x000000008e600000, 0x00000000d8780000)
  object space 81920K, 44% used [0x0000000089600000,0x000000008b9abdd8,0x000000008e600000)
 Metaspace       used 27840K, capacity 28178K, committed 28544K, reserved 1075200K
  class space    used 2998K, capacity 3097K, committed 3200K, reserved 1048576K
}
Event: 14460.007 GC heap before
{Heap before GC invocations=67 (full 4):
 PSYoungGen      total 110592K, used 110144K [0x00000000d8780000, 0x00000000e5000000, 0x0000000100000000)
  eden space 110080K, 100% used [0x00000000d8780000,0x00000000df300000,0x00000000df300000)
  from space 512K, 12% used [0x00000000e4f80000,0x00000000e4f90000,0x00000000e5000000)
  to   space 2560K, 0% used [0x00000000e4b00000,0x00000000e4b00000,0x00000000e4d80000)
 ParOldGen       total 81920K, used 36527K [0x0000000089600000, 0x000000008e600000, 0x00000000d8780000)
  object space 81920K, 44% used [0x0000000089600000,0x000000008b9abdd8,0x000000008e600000)
 Metaspace       used 27840K, capacity 28178K, committed 28544K, reserved 1075200K
  class space    used 2998K, capacity 3097K, committed 3200K, reserved 1048576K
Event: 14460.013 GC heap after
Heap after GC invocations=67 (full 4):
 PSYoungGen      total 108544K, used 160K [0x00000000d8780000, 0x00000000e5000000, 0x0000000100000000)
  eden space 105984K, 0% used [0x00000000d8780000,0x00000000d8780000,0x00000000def00000)
  from space 2560K, 6% used [0x00000000e4b00000,0x00000000e4b28000,0x00000000e4d80000)
  to   space 2560K, 0% used [0x00000000e4d80000,0x00000000e4d80000,0x00000000e5000000)
 ParOldGen       total 81920K, used 36559K [0x0000000089600000, 0x000000008e600000, 0x00000000d8780000)
  object space 81920K, 44% used [0x0000000089600000,0x000000008b9b3dd8,0x000000008e600000)
 Metaspace       used 27840K, capacity 28178K, committed 28544K, reserved 1075200K
  class space    used 2998K, capacity 3097K, committed 3200K, reserved 1048576K
}
Event: 14460.266 GC heap before
{Heap before GC invocations=68 (full 4):
 PSYoungGen      total 108544K, used 106144K [0x00000000d8780000, 0x00000000e5000000, 0x0000000100000000)
  eden space 105984K, 100% used [0x00000000d8780000,0x00000000def00000,0x00000000def00000)
  from space 2560K, 6% used [0x00000000e4b00000,0x00000000e4b28000,0x00000000e4d80000)
  to   space 2560K, 0% used [0x00000000e4d80000,0x00000000e4d80000,0x00000000e5000000)
 ParOldGen       total 81920K, used 36559K [0x0000000089600000, 0x000000008e600000, 0x00000000d8780000)
  object space 81920K, 44% used [0x0000000089600000,0x000000008b9b3dd8,0x000000008e600000)
 Metaspace       used 27841K, capacity 28178K, committed 28544K, reserved 1075200K
  class space    used 2998K, capacity 3097K, committed 3200K, reserved 1048576K
Event: 14460.273 GC heap after
Heap after GC invocations=68 (full 4):
 PSYoungGen      total 102400K, used 128K [0x00000000d8780000, 0x00000000e4e00000, 0x0000000100000000)
  eden space 101888K, 0% used [0x00000000d8780000,0x00000000d8780000,0x00000000deb00000)
  from space 512K, 25% used [0x00000000e4d80000,0x00000000e4da0000,0x00000000e4e00000)
  to   space 2560K, 0% used [0x00000000e4900000,0x00000000e4900000,0x00000000e4b80000)
 ParOldGen       total 81920K, used 36647K [0x0000000089600000, 0x000000008e600000, 0x00000000d8780000)
  object space 81920K, 44% used [0x0000000089600000,0x000000008b9c9dd8,0x000000008e600000)
 Metaspace       used 27841K, capacity 28178K, committed 28544K, reserved 1075200K
  class space    used 2998K, capacity 3097K, committed 3200K, reserved 1048576K
}
Event: 14460.628 GC heap before
{Heap before GC invocations=69 (full 4):
 PSYoungGen      total 102400K, used 102016K [0x00000000d8780000, 0x00000000e4e00000, 0x0000000100000000)
  eden space 101888K, 100% used [0x00000000d8780000,0x00000000deb00000,0x00000000deb00000)
  from space 512K, 25% used [0x00000000e4d80000,0x00000000e4da0000,0x00000000e4e00000)
  to   space 2560K, 0% used [0x00000000e4900000,0x00000000e4900000,0x00000000e4b80000)
 ParOldGen       total 81920K, used 36647K [0x0000000089600000, 0x000000008e600000, 0x00000000d8780000)
  object space 81920K, 44% used [0x0000000089600000,0x000000008b9c9dd8,0x000000008e600000)
 Metaspace       used 27841K, capacity 28178K, committed 28544K, reserved 1075200K
  class space    used 2998K, capacity 3097K, committed 3200K, reserved 1048576K
Event: 14460.633 GC heap after
Heap after GC invocations=69 (full 4):
 PSYoungGen      total 124928K, used 64K [0x00000000d8780000, 0x00000000e4e00000, 0x0000000100000000)
  eden space 122368K, 0% used [0x00000000d8780000,0x00000000d8780000,0x00000000dff00000)
  from space 2560K, 2% used [0x00000000e4900000,0x00000000e4910000,0x00000000e4b80000)
  to   space 2560K, 0% used [0x00000000e4b80000,0x00000000e4b80000,0x00000000e4e00000)
 ParOldGen       total 81920K, used 36655K [0x0000000089600000, 0x000000008e600000, 0x00000000d8780000)
  object space 81920K, 44% used [0x0000000089600000,0x000000008b9cbdd8,0x000000008e600000)
 Metaspace       used 27841K, capacity 28178K, committed 28544K, reserved 1075200K
  class space    used 2998K, capacity 3097K, committed 3200K, reserved 1048576K
}
Event: 14460.990 GC heap before
{Heap before GC invocations=70 (full 4):
 PSYoungGen      total 124928K, used 122432K [0x00000000d8780000, 0x00000000e4e00000, 0x0000000100000000)
  eden space 122368K, 100% used [0x00000000d8780000,0x00000000dff00000,0x00000000dff00000)
  from space 2560K, 2% used [0x00000000e4900000,0x00000000e4910000,0x00000000e4b80000)
  to   space 2560K, 0% used [0x00000000e4b80000,0x00000000e4b80000,0x00000000e4e00000)
 ParOldGen       total 81920K, used 36655K [0x0000000089600000, 0x000000008e600000, 0x00000000d8780000)
  object space 81920K, 44% used [0x0000000089600000,0x000000008b9cbdd8,0x000000008e600000)
 Metaspace       used 27841K, capacity 28178K, committed 28544K, reserved 1075200K
  class space    used 2998K, capacity 3097K, committed 3200K, reserved 1048576K
Event: 14460.997 GC heap after
Heap after GC invocations=70 (full 4):
 PSYoungGen      total 147456K, used 64K [0x00000000d8780000, 0x00000000e4c00000, 0x0000000100000000)
  eden space 146944K, 0% used [0x00000000d8780000,0x00000000d8780000,0x00000000e1700000)
  from space 512K, 12% used [0x00000000e4b80000,0x00000000e4b90000,0x00000000e4c00000)
  to   space 2560K, 0% used [0x00000000e4700000,0x00000000e4700000,0x00000000e4980000)
 ParOldGen       total 81920K, used 36655K [0x0000000089600000, 0x000000008e600000, 0x00000000d8780000)
  object space 81920K, 44% used [0x0000000089600000,0x000000008b9cbdd8,0x000000008e600000)
 Metaspace       used 27841K, capacity 28178K, committed 28544K, reserved 1075200K
  class space    used 2998K, capacity 3097K, committed 3200K, reserved 1048576K
}
Event: 14466.703 GC heap before
{Heap before GC invocations=71 (full 4):
 PSYoungGen      total 147456K, used 147008K [0x00000000d8780000, 0x00000000e4c00000, 0x0000000100000000)
  eden space 146944K, 100% used [0x00000000d8780000,0x00000000e1700000,0x00000000e1700000)
  from space 512K, 12% used [0x00000000e4b80000,0x00000000e4b90000,0x00000000e4c00000)
  to   space 2560K, 0% used [0x00000000e4700000,0x00000000e4700000,0x00000000e4980000)
 ParOldGen       total 81920K, used 36655K [0x0000000089600000, 0x000000008e600000, 0x00000000d8780000)
  object space 81920K, 44% used [0x0000000089600000,0x000000008b9cbdd8,0x000000008e600000)
 Metaspace       used 27843K, capacity 28242K, committed 28800K, reserved 1075200K
  class space    used 2998K, capacity 3097K, committed 3200K, reserved 1048576K
Event: 14466.708 GC heap after
Heap after GC invocations=71 (full 4):
 PSYoungGen      total 143872K, used 256K [0x00000000d8780000, 0x00000000e4c00000, 0x0000000100000000)
  eden space 141312K, 0% used [0x00000000d8780000,0x00000000d8780000,0x00000000e1180000)
  from space 2560K, 10% used [0x00000000e4700000,0x00000000e4740000,0x00000000e4980000)
  to   space 2048K, 0% used [0x00000000e4a00000,0x00000000e4a00000,0x00000000e4c00000)
 ParOldGen       total 81920K, used 36655K [0x0000000089600000, 0x000000008e600000, 0x00000000d8780000)
  object space 81920K, 44% used [0x0000000089600000,0x000000008b9cbdd8,0x000000008e600000)
 Metaspace       used 27843K, capacity 28242K, committed 28800K, reserved 1075200K
  class space    used 2998K, capacity 3097K, committed 3200K, reserved 1048576K
}
Event: 14515.865 GC heap before
{Heap before GC invocations=72 (full 4):
 PSYoungGen      total 143872K, used 141568K [0x00000000d8780000, 0x00000000e4c00000, 0x0000000100000000)
  eden space 141312K, 100% used [0x00000000d8780000,0x00000000e1180000,0x00000000e1180000)
  from space 2560K, 10% used [0x00000000e4700000,0x00000000e4740000,0x00000000e4980000)
  to   space 2048K, 0% used [0x00000000e4a00000,0x00000000e4a00000,0x00000000e4c00000)
 ParOldGen       total 81920K, used 36655K [0x0000000089600000, 0x000000008e600000, 0x00000000d8780000)
  object space 81920K, 44% used [0x0000000089600000,0x000000008b9cbdd8,0x000000008e600000)
 Metaspace       used 28006K, capacity 28434K, committed 28800K, reserved 1075200K
  class space    used 3024K, capacity 3161K, committed 3200K, reserved 1048576K
Event: 14515.873 GC heap after
Heap after GC invocations=72 (full 4):
 PSYoungGen      total 136192K, used 384K [0x00000000d8780000, 0x00000000e4a80000, 0x0000000100000000)
  eden space 135680K, 0% used [0x00000000d8780000,0x00000000d8780000,0x00000000e0c00000)
  from space 512K, 75% used [0x00000000e4a00000,0x00000000e4a60000,0x00000000e4a80000)
  to   space 2048K, 0% used [0x00000000e4680000,0x00000000e4680000,0x00000000e4880000)
 ParOldGen       total 81920K, used 36783K [0x0000000089600000, 0x000000008e600000, 0x00000000d8780000)
  object space 81920K, 44% used [0x0000000089600000,0x000000008b9ebdd8,0x000000008e600000)
 Metaspace       used 28006K, capacity 28434K, committed 28800K, reserved 1075200K
  class space    used 3024K, capacity 3161K, committed 3200K, reserved 1048576K
}
Event: 14518.846 GC heap before
{Heap before GC invocations=73 (full 4):
 PSYoungGen      total 136192K, used 136064K [0x00000000d8780000, 0x00000000e4a80000, 0x0000000100000000)
  eden space 135680K, 100% used [0x00000000d8780000,0x00000000e0c00000,0x00000000e0c00000)
  from space 512K, 75% used [0x00000000e4a00000,0x00000000e4a60000,0x00000000e4a80000)
  to   space 2048K, 0% used [0x00000000e4680000,0x00000000e4680000,0x00000000e4880000)
 ParOldGen       total 81920K, used 36783K [0x0000000089600000, 0x000000008e600000, 0x00000000d8780000)
  object space 81920K, 44% used [0x0000000089600000,0x000000008b9ebdd8,0x000000008e600000)
 Metaspace       used 28063K, capacity 28434K, committed 28800K, reserved 1075200K
  class space    used 3026K, capacity 3161K, committed 3200K, reserved 1048576K
Event: 14518.853 GC heap after
Heap after GC invocations=73 (full 4):
 PSYoungGen      total 132608K, used 192K [0x00000000d8780000, 0x00000000e4a80000, 0x0000000100000000)
  eden space 130560K, 0% used [0x00000000d8780000,0x00000000d8780000,0x00000000e0700000)
  from space 2048K, 9% used [0x00000000e4680000,0x00000000e46b0000,0x00000000e4880000)
  to   space 2048K, 0% used [0x00000000e4880000,0x00000000e4880000,0x00000000e4a80000)
 ParOldGen       total 81920K, used 37010K [0x0000000089600000, 0x000000008e600000, 0x00000000d8780000)
  object space 81920K, 45% used [0x0000000089600000,0x000000008ba249e8,0x000000008e600000)
 Metaspace       used 28063K, capacity 28434K, committed 28800K, reserved 1075200K
  class space    used 3026K, capacity 3161K, committed 3200K, reserved 1048576K
}
Event: 14529.556 GC heap before
{Heap before GC invocations=74 (full 4):
 PSYoungGen      total 132608K, used 130752K [0x00000000d8780000, 0x00000000e4a80000, 0x0000000100000000)
  eden space 130560K, 100% used [0x00000000d8780000,0x00000000e0700000,0x00000000e0700000)
  from space 2048K, 9% used [0x00000000e4680000,0x00000000e46b0000,0x00000000e4880000)
  to   space 2048K, 0% used [0x00000000e4880000,0x00000000e4880000,0x00000000e4a80000)
 ParOldGen       total 81920K, used 37010K [0x0000000089600000, 0x000000008e600000, 0x00000000d8780000)
  object space 81920K, 45% used [0x0000000089600000,0x000000008ba249e8,0x000000008e600000)
 Metaspace       used 28476K, capacity 28850K, committed 29312K, reserved 1075200K
  class space    used 3068K, capacity 3193K, committed 3200K, reserved 1048576K
Event: 14529.563 GC heap after
Heap after GC invocations=74 (full 4):
 PSYoungGen      total 125952K, used 472K [0x00000000d8780000, 0x00000000e4900000, 0x0000000100000000)
  eden space 125440K, 0% used [0x00000000d8780000,0x00000000d8780000,0x00000000e0200000)
  from space 512K, 92% used [0x00000000e4880000,0x00000000e48f62a8,0x00000000e4900000)
  to   space 2048K, 0% used [0x00000000e4500000,0x00000000e4500000,0x00000000e4700000)
 ParOldGen       total 81920K, used 37106K [0x0000000089600000, 0x000000008e600000, 0x00000000d8780000)
  object space 81920K, 45% used [0x0000000089600000,0x000000008ba3ca18,0x000000008e600000)
 Metaspace       used 28476K, capacity 28850K, committed 29312K, reserved 1075200K
  class space    used 3068K, capacity 3193K, committed 3200K, reserved 1048576K
}

