# JRE version: OpenJDK Runtime Environment (8.0_232-b09) (build 1.8.0_232-b09)
# Java VM: OpenJDK 64-Bit Server VM (25.232-b09 mixed mode linux-amd64 compressed oops)
Heap:
 PSYoungGen      total 91648K, used 13875K [0x00000000d8780000, 0x00000000e0900000, 0x0000000100000000)
  eden space 84992K, 16% used [0x00000000d8780000,0x00000000d94ecc30,0x00000000dda80000)
  from space 6656K, 1% used [0x00000000dda80000,0x00000000ddaa0000,0x00000000de100000)
  to   space 6656K, 0% used [0x00000000e0280000,0x00000000e0280000,0x00000000e0900000)
 ParOldGen       total 81920K, used 20817K [0x0000000089600000, 0x000000008e600000, 0x00000000d8780000)
  object space 81920K, 25% used [0x0000000089600000,0x000000008aa547d8,0x000000008e600000)
 Metaspace       used 26960K, capacity 27296K, committed 27648K, reserved 1073152K
  class space    used 2949K, capacity 3062K, committed 3072K, reserved 1048576K
GC Heap History (54 events):
Event: 0.995 GC heap before
{Heap before GC invocations=1 (full 0):
 PSYoungGen      total 35840K, used 25820K [0x00000000d8780000, 0x00000000daf80000, 0x0000000100000000)
  eden space 30720K, 84% used [0x00000000d8780000,0x00000000da0b7308,0x00000000da580000)
  from space 5120K, 0% used [0x00000000daa80000,0x00000000daa80000,0x00000000daf80000)
  to   space 5120K, 0% used [0x00000000da580000,0x00000000da580000,0x00000000daa80000)
 ParOldGen       total 81920K, used 0K [0x0000000089600000, 0x000000008e600000, 0x00000000d8780000)
  object space 81920K, 0% used [0x0000000089600000,0x0000000089600000,0x000000008e600000)
 Metaspace       used 19611K, capacity 19954K, committed 20352K, reserved 1067008K
  class space    used 2281K, capacity 2415K, committed 2432K, reserved 1048576K
Event: 1.008 GC heap after
Heap after GC invocations=1 (full 0):
 PSYoungGen      total 35840K, used 5089K [0x00000000d8780000, 0x00000000daf80000, 0x0000000100000000)
  eden space 30720K, 0% used [0x00000000d8780000,0x00000000d8780000,0x00000000da580000)
  from space 5120K, 99% used [0x00000000da580000,0x00000000daa785a8,0x00000000daa80000)
  to   space 5120K, 0% used [0x00000000daa80000,0x00000000daa80000,0x00000000daf80000)
 ParOldGen       total 81920K, used 1085K [0x0000000089600000, 0x000000008e600000, 0x00000000d8780000)
  object space 81920K, 1% used [0x0000000089600000,0x000000008970f7c0,0x000000008e600000)
 Metaspace       used 19611K, capacity 19954K, committed 20352K, reserved 1067008K
  class space    used 2281K, capacity 2415K, committed 2432K, reserved 1048576K
}
Event: 1.008 GC heap before
{Heap before GC invocations=2 (full 1):
 PSYoungGen      total 35840K, used 5089K [0x00000000d8780000, 0x00000000daf80000, 0x0000000100000000)
  eden space 30720K, 0% used [0x00000000d8780000,0x00000000d8780000,0x00000000da580000)
  from space 5120K, 99% used [0x00000000da580000,0x00000000daa785a8,0x00000000daa80000)
  to   space 5120K, 0% used [0x00000000daa80000,0x00000000daa80000,0x00000000daf80000)
 ParOldGen       total 81920K, used 1085K [0x0000000089600000, 0x000000008e600000, 0x00000000d8780000)
  object space 81920K, 1% used [0x0000000089600000,0x000000008970f7c0,0x000000008e600000)
 Metaspace       used 19611K, capacity 19954K, committed 20352K, reserved 1067008K
  class space    used 2281K, capacity 2415K, committed 2432K, reserved 1048576K
Event: 1.047 GC heap after
Heap after GC invocations=2 (full 1):
 PSYoungGen      total 35840K, used 0K [0x00000000d8780000, 0x00000000daf80000, 0x0000000100000000)
  eden space 30720K, 0% used [0x00000000d8780000,0x00000000d8780000,0x00000000da580000)
  from space 5120K, 0% used [0x00000000da580000,0x00000000da580000,0x00000000daa80000)
  to   space 5120K, 0% used [0x00000000daa80000,0x00000000daa80000,0x00000000daf80000)
 ParOldGen       total 81920K, used 5986K [0x0000000089600000, 0x000000008e600000, 0x00000000d8780000)
  object space 81920K, 7% used [0x0000000089600000,0x0000000089bd8bf0,0x000000008e600000)
 Metaspace       used 19611K, capacity 19954K, committed 20352K, reserved 1067008K
  class space    used 2281K, capacity 2415K, committed 2432K, reserved 1048576K
}
Event: 1.307 GC heap before
{Heap before GC invocations=3 (full 1):
 PSYoungGen      total 35840K, used 30720K [0x00000000d8780000, 0x00000000daf80000, 0x0000000100000000)
  eden space 30720K, 100% used [0x00000000d8780000,0x00000000da580000,0x00000000da580000)
  from space 5120K, 0% used [0x00000000da580000,0x00000000da580000,0x00000000daa80000)
  to   space 5120K, 0% used [0x00000000daa80000,0x00000000daa80000,0x00000000daf80000)
 ParOldGen       total 81920K, used 5986K [0x0000000089600000, 0x000000008e600000, 0x00000000d8780000)
  object space 81920K, 7% used [0x0000000089600000,0x0000000089bd8bf0,0x000000008e600000)
 Metaspace       used 21714K, capacity 22034K, committed 22400K, reserved 1069056K
  class space    used 2528K, capacity 2639K, committed 2688K, reserved 1048576K
Event: 1.315 GC heap after
Heap after GC invocations=3 (full 1):
 PSYoungGen      total 35840K, used 3513K [0x00000000d8780000, 0x00000000dcd80000, 0x0000000100000000)
  eden space 30720K, 0% used [0x00000000d8780000,0x00000000d8780000,0x00000000da580000)
  from space 5120K, 68% used [0x00000000daa80000,0x00000000dadee5b8,0x00000000daf80000)
  to   space 5120K, 0% used [0x00000000da580000,0x00000000da580000,0x00000000daa80000)
 ParOldGen       total 81920K, used 5994K [0x0000000089600000, 0x000000008e600000, 0x00000000d8780000)
  object space 81920K, 7% used [0x0000000089600000,0x0000000089bdabf0,0x000000008e600000)
 Metaspace       used 21714K, capacity 22034K, committed 22400K, reserved 1069056K
  class space    used 2528K, capacity 2639K, committed 2688K, reserved 1048576K
}
Event: 1.393 GC heap before
{Heap before GC invocations=4 (full 1):
 PSYoungGen      total 35840K, used 10700K [0x00000000d8780000, 0x00000000dcd80000, 0x0000000100000000)
  eden space 30720K, 23% used [0x00000000d8780000,0x00000000d8e84a58,0x00000000da580000)
  from space 5120K, 68% used [0x00000000daa80000,0x00000000dadee5b8,0x00000000daf80000)
  to   space 5120K, 0% used [0x00000000da580000,0x00000000da580000,0x00000000daa80000)
 ParOldGen       total 81920K, used 5994K [0x0000000089600000, 0x000000008e600000, 0x00000000d8780000)
  object space 81920K, 7% used [0x0000000089600000,0x0000000089bdabf0,0x000000008e600000)
 Metaspace       used 21951K, capacity 22258K, committed 22656K, reserved 1069056K
  class space    used 2547K, capacity 2671K, committed 2688K, reserved 1048576K
Event: 1.398 GC heap after
Heap after GC invocations=4 (full 1):
 PSYoungGen      total 35840K, used 3479K [0x00000000d8780000, 0x00000000dcd80000, 0x0000000100000000)
  eden space 30720K, 0% used [0x00000000d8780000,0x00000000d8780000,0x00000000da580000)
  from space 5120K, 67% used [0x00000000da580000,0x00000000da8e5d98,0x00000000daa80000)
  to   space 5120K, 0% used [0x00000000dc880000,0x00000000dc880000,0x00000000dcd80000)
 ParOldGen       total 81920K, used 6002K [0x0000000089600000, 0x000000008e600000, 0x00000000d8780000)
  object space 81920K, 7% used [0x0000000089600000,0x0000000089bdcbf0,0x000000008e600000)
 Metaspace       used 21951K, capacity 22258K, committed 22656K, reserved 1069056K
  class space    used 2547K, capacity 2671K, committed 2688K, reserved 1048576K
}
Event: 1.398 GC heap before
{Heap before GC invocations=5 (full 2):
 PSYoungGen      total 35840K, used 3479K [0x00000000d8780000, 0x00000000dcd80000, 0x0000000100000000)
  eden space 30720K, 0% used [0x00000000d8780000,0x00000000d8780000,0x00000000da580000)
  from space 5120K, 67% used [0x00000000da580000,0x00000000da8e5d98,0x00000000daa80000)
  to   space 5120K, 0% used [0x00000000dc880000,0x00000000dc880000,0x00000000dcd80000)
 ParOldGen       total 81920K, used 6002K [0x0000000089600000, 0x000000008e600000, 0x00000000d8780000)
  object space 81920K, 7% used [0x0000000089600000,0x0000000089bdcbf0,0x000000008e600000)
 Metaspace       used 21951K, capacity 22258K, committed 22656K, reserved 1069056K
  class space    used 2547K, capacity 2671K, committed 2688K, reserved 1048576K
Event: 1.476 GC heap after
Heap after GC invocations=5 (full 2):
 PSYoungGen      total 35840K, used 0K [0x00000000d8780000, 0x00000000dcd80000, 0x0000000100000000)
  eden space 30720K, 0% used [0x00000000d8780000,0x00000000d8780000,0x00000000da580000)
  from space 5120K, 0% used [0x00000000da580000,0x00000000da580000,0x00000000daa80000)
  to   space 5120K, 0% used [0x00000000dc880000,0x00000000dc880000,0x00000000dcd80000)
 ParOldGen       total 81920K, used 7959K [0x0000000089600000, 0x000000008e600000, 0x00000000d8780000)
  object space 81920K, 9% used [0x0000000089600000,0x0000000089dc5dd8,0x000000008e600000)
 Metaspace       used 21951K, capacity 22258K, committed 22656K, reserved 1069056K
  class space    used 2547K, capacity 2671K, committed 2688K, reserved 1048576K
}
Event: 2.526 GC heap before
{Heap before GC invocations=6 (full 2):
 PSYoungGen      total 35840K, used 30720K [0x00000000d8780000, 0x00000000dcd80000, 0x0000000100000000)
  eden space 30720K, 100% used [0x00000000d8780000,0x00000000da580000,0x00000000da580000)
  from space 5120K, 0% used [0x00000000da580000,0x00000000da580000,0x00000000daa80000)
  to   space 5120K, 0% used [0x00000000dc880000,0x00000000dc880000,0x00000000dcd80000)
 ParOldGen       total 81920K, used 7959K [0x0000000089600000, 0x000000008e600000, 0x00000000d8780000)
  object space 81920K, 9% used [0x0000000089600000,0x0000000089dc5dd8,0x000000008e600000)
 Metaspace       used 24120K, capacity 24480K, committed 24960K, reserved 1071104K
  class space    used 2763K, capacity 2870K, committed 2944K, reserved 1048576K
Event: 2.538 GC heap after
Heap after GC invocations=6 (full 2):
 PSYoungGen      total 66560K, used 5120K [0x00000000d8780000, 0x00000000dcd80000, 0x0000000100000000)
  eden space 61440K, 0% used [0x00000000d8780000,0x00000000d8780000,0x00000000dc380000)
  from space 5120K, 100% used [0x00000000dc880000,0x00000000dcd80000,0x00000000dcd80000)
  to   space 5120K, 0% used [0x00000000dc380000,0x00000000dc380000,0x00000000dc880000)
 ParOldGen       total 81920K, used 9904K [0x0000000089600000, 0x000000008e600000, 0x00000000d8780000)
  object space 81920K, 12% used [0x0000000089600000,0x0000000089fac080,0x000000008e600000)
 Metaspace       used 24120K, capacity 24480K, committed 24960K, reserved 1071104K
  class space    used 2763K, capacity 2870K, committed 2944K, reserved 1048576K
}
Event: 22.801 GC heap before
{Heap before GC invocations=7 (full 2):
 PSYoungGen      total 66560K, used 66560K [0x00000000d8780000, 0x00000000dcd80000, 0x0000000100000000)
  eden space 61440K, 100% used [0x00000000d8780000,0x00000000dc380000,0x00000000dc380000)
  from space 5120K, 100% used [0x00000000dc880000,0x00000000dcd80000,0x00000000dcd80000)
  to   space 5120K, 0% used [0x00000000dc380000,0x00000000dc380000,0x00000000dc880000)
 ParOldGen       total 81920K, used 9904K [0x0000000089600000, 0x000000008e600000, 0x00000000d8780000)
  object space 81920K, 12% used [0x0000000089600000,0x0000000089fac080,0x000000008e600000)
 Metaspace       used 25732K, capacity 26080K, committed 26624K, reserved 1073152K
  class space    used 2878K, capacity 2998K, committed 3072K, reserved 1048576K
Event: 22.813 GC heap after
Heap after GC invocations=7 (full 2):
 PSYoungGen      total 66560K, used 5103K [0x00000000d8780000, 0x00000000e0980000, 0x0000000100000000)
  eden space 61440K, 0% used [0x00000000d8780000,0x00000000d8780000,0x00000000dc380000)
  from space 5120K, 99% used [0x00000000dc380000,0x00000000dc87bf30,0x00000000dc880000)
  to   space 5120K, 0% used [0x00000000e0480000,0x00000000e0480000,0x00000000e0980000)
 ParOldGen       total 81920K, used 10769K [0x0000000089600000, 0x000000008e600000, 0x00000000d8780000)
  object space 81920K, 13% used [0x0000000089600000,0x000000008a084468,0x000000008e600000)
 Metaspace       used 25732K, capacity 26080K, committed 26624K, reserved 1073152K
  class space    used 2878K, capacity 2998K, committed 3072K, reserved 1048576K
}
Event: 51.741 GC heap before
{Heap before GC invocations=8 (full 2):
 PSYoungGen      total 66560K, used 66543K [0x00000000d8780000, 0x00000000e0980000, 0x0000000100000000)
  eden space 61440K, 100% used [0x00000000d8780000,0x00000000dc380000,0x00000000dc380000)
  from space 5120K, 99% used [0x00000000dc380000,0x00000000dc87bf30,0x00000000dc880000)
  to   space 5120K, 0% used [0x00000000e0480000,0x00000000e0480000,0x00000000e0980000)
 ParOldGen       total 81920K, used 10769K [0x0000000089600000, 0x000000008e600000, 0x00000000d8780000)
  object space 81920K, 13% used [0x0000000089600000,0x000000008a084468,0x000000008e600000)
 Metaspace       used 25991K, capacity 26336K, committed 26880K, reserved 1073152K
  class space    used 2894K, capacity 2998K, committed 3072K, reserved 1048576K
Event: 51.757 GC heap after
Heap after GC invocations=8 (full 2):
 PSYoungGen      total 66560K, used 5091K [0x00000000d8780000, 0x00000000e0980000, 0x0000000100000000)
  eden space 61440K, 0% used [0x00000000d8780000,0x00000000d8780000,0x00000000dc380000)
  from space 5120K, 99% used [0x00000000e0480000,0x00000000e0978de8,0x00000000e0980000)
  to   space 5120K, 0% used [0x00000000dc380000,0x00000000dc380000,0x00000000dc880000)
 ParOldGen       total 81920K, used 10987K [0x0000000089600000, 0x000000008e600000, 0x00000000d8780000)
  object space 81920K, 13% used [0x0000000089600000,0x000000008a0bafb8,0x000000008e600000)
 Metaspace       used 25991K, capacity 26336K, committed 26880K, reserved 1073152K
  class space    used 2894K, capacity 2998K, committed 3072K, reserved 1048576K
}
Event: 245.507 GC heap before
{Heap before GC invocations=9 (full 2):
 PSYoungGen      total 66560K, used 66531K [0x00000000d8780000, 0x00000000e0980000, 0x0000000100000000)
  eden space 61440K, 100% used [0x00000000d8780000,0x00000000dc380000,0x00000000dc380000)
  from space 5120K, 99% used [0x00000000e0480000,0x00000000e0978de8,0x00000000e0980000)
  to   space 5120K, 0% used [0x00000000dc380000,0x00000000dc380000,0x00000000dc880000)
 ParOldGen       total 81920K, used 10987K [0x0000000089600000, 0x000000008e600000, 0x00000000d8780000)
  object space 81920K, 13% used [0x0000000089600000,0x000000008a0bafb8,0x000000008e600000)
 Metaspace       used 26154K, capacity 26496K, committed 26880K, reserved 1073152K
  class space    used 2898K, capacity 3030K, committed 3072K, reserved 1048576K
Event: 245.514 GC heap after
Heap after GC invocations=9 (full 2):
 PSYoungGen      total 65024K, used 5104K [0x00000000d8780000, 0x00000000e0500000, 0x0000000100000000)
  eden space 59904K, 0% used [0x00000000d8780000,0x00000000d8780000,0x00000000dc200000)
  from space 5120K, 99% used [0x00000000dc380000,0x00000000dc87c010,0x00000000dc880000)
  to   space 7680K, 0% used [0x00000000dfd80000,0x00000000dfd80000,0x00000000e0500000)
 ParOldGen       total 81920K, used 11085K [0x0000000089600000, 0x000000008e600000, 0x00000000d8780000)
  object space 81920K, 13% used [0x0000000089600000,0x000000008a0d37c8,0x000000008e600000)
 Metaspace       used 26154K, capacity 26496K, committed 26880K, reserved 1073152K
  class space    used 2898K, capacity 3030K, committed 3072K, reserved 1048576K
}
Event: 601.779 GC heap before
{Heap before GC invocations=10 (full 2):
 PSYoungGen      total 65024K, used 65008K [0x00000000d8780000, 0x00000000e0500000, 0x0000000100000000)
  eden space 59904K, 100% used [0x00000000d8780000,0x00000000dc200000,0x00000000dc200000)
  from space 5120K, 99% used [0x00000000dc380000,0x00000000dc87c010,0x00000000dc880000)
  to   space 7680K, 0% used [0x00000000dfd80000,0x00000000dfd80000,0x00000000e0500000)
 ParOldGen       total 81920K, used 11085K [0x0000000089600000, 0x000000008e600000, 0x00000000d8780000)
  object space 81920K, 13% used [0x0000000089600000,0x000000008a0d37c8,0x000000008e600000)
 Metaspace       used 26283K, capacity 26624K, committed 27136K, reserved 1073152K
  class space    used 2898K, capacity 3030K, committed 3072K, reserved 1048576K
Event: 601.794 GC heap after
Heap after GC invocations=10 (full 2):
 PSYoungGen      total 64000K, used 5296K [0x00000000d8780000, 0x00000000e0300000, 0x0000000100000000)
  eden space 58368K, 0% used [0x00000000d8780000,0x00000000d8780000,0x00000000dc080000)
  from space 5632K, 94% used [0x00000000dfd80000,0x00000000e02ac010,0x00000000e0300000)
  to   space 7680K, 0% used [0x00000000df400000,0x00000000df400000,0x00000000dfb80000)
 ParOldGen       total 81920K, used 11093K [0x0000000089600000, 0x000000008e600000, 0x00000000d8780000)
  object space 81920K, 13% used [0x0000000089600000,0x000000008a0d57c8,0x000000008e600000)
 Metaspace       used 26283K, capacity 26624K, committed 27136K, reserved 1073152K
  class space    used 2898K, capacity 3030K, committed 3072K, reserved 1048576K
}
Event: 606.831 GC heap before
{Heap before GC invocations=11 (full 2):
 PSYoungGen      total 64000K, used 63664K [0x00000000d8780000, 0x00000000e0300000, 0x0000000100000000)
  eden space 58368K, 100% used [0x00000000d8780000,0x00000000dc080000,0x00000000dc080000)
  from space 5632K, 94% used [0x00000000dfd80000,0x00000000e02ac010,0x00000000e0300000)
  to   space 7680K, 0% used [0x00000000df400000,0x00000000df400000,0x00000000dfb80000)
 ParOldGen       total 81920K, used 11093K [0x0000000089600000, 0x000000008e600000, 0x00000000d8780000)
  object space 81920K, 13% used [0x0000000089600000,0x000000008a0d57c8,0x000000008e600000)
 Metaspace       used 26350K, capacity 26752K, committed 27136K, reserved 1073152K
  class space    used 2899K, capacity 3030K, committed 3072K, reserved 1048576K
Event: 606.840 GC heap after
Heap after GC invocations=11 (full 2):
 PSYoungGen      total 57856K, used 864K [0x00000000d8780000, 0x00000000dfe00000, 0x0000000100000000)
  eden space 56832K, 0% used [0x00000000d8780000,0x00000000d8780000,0x00000000dbf00000)
  from space 1024K, 84% used [0x00000000df400000,0x00000000df4d8000,0x00000000df500000)
  to   space 8192K, 0% used [0x00000000df600000,0x00000000df600000,0x00000000dfe00000)
 ParOldGen       total 81920K, used 15525K [0x0000000089600000, 0x000000008e600000, 0x00000000d8780000)
  object space 81920K, 18% used [0x0000000089600000,0x000000008a529400,0x000000008e600000)
 Metaspace       used 26350K, capacity 26752K, committed 27136K, reserved 1073152K
  class space    used 2899K, capacity 3030K, committed 3072K, reserved 1048576K
}
Event: 630.708 GC heap before
{Heap before GC invocations=12 (full 2):
 PSYoungGen      total 57856K, used 57696K [0x00000000d8780000, 0x00000000dfe00000, 0x0000000100000000)
  eden space 56832K, 100% used [0x00000000d8780000,0x00000000dbf00000,0x00000000dbf00000)
  from space 1024K, 84% used [0x00000000df400000,0x00000000df4d8000,0x00000000df500000)
  to   space 8192K, 0% used [0x00000000df600000,0x00000000df600000,0x00000000dfe00000)
 ParOldGen       total 81920K, used 15525K [0x0000000089600000, 0x000000008e600000, 0x00000000d8780000)
  object space 81920K, 18% used [0x0000000089600000,0x000000008a529400,0x000000008e600000)
 Metaspace       used 26384K, capacity 26752K, committed 27136K, reserved 1073152K
  class space    used 2899K, capacity 3030K, committed 3072K, reserved 1048576K
Event: 630.713 GC heap after
Heap after GC invocations=12 (full 2):
 PSYoungGen      total 55808K, used 400K [0x00000000d8780000, 0x00000000df680000, 0x0000000100000000)
  eden space 55296K, 0% used [0x00000000d8780000,0x00000000d8780000,0x00000000dbd80000)
  from space 512K, 78% used [0x00000000df600000,0x00000000df664010,0x00000000df680000)
  to   space 8704K, 0% used [0x00000000de580000,0x00000000de580000,0x00000000dee00000)
 ParOldGen       total 81920K, used 16035K [0x0000000089600000, 0x000000008e600000, 0x00000000d8780000)
  object space 81920K, 19% used [0x0000000089600000,0x000000008a5a8c60,0x000000008e600000)
 Metaspace       used 26384K, capacity 26752K, committed 27136K, reserved 1073152K
  class space    used 2899K, capacity 3030K, committed 3072K, reserved 1048576K
}
Event: 657.434 GC heap before
{Heap before GC invocations=13 (full 2):
 PSYoungGen      total 55808K, used 55696K [0x00000000d8780000, 0x00000000df680000, 0x0000000100000000)
  eden space 55296K, 100% used [0x00000000d8780000,0x00000000dbd80000,0x00000000dbd80000)
  from space 512K, 78% used [0x00000000df600000,0x00000000df664010,0x00000000df680000)
  to   space 8704K, 0% used [0x00000000de580000,0x00000000de580000,0x00000000dee00000)
 ParOldGen       total 81920K, used 16035K [0x0000000089600000, 0x000000008e600000, 0x00000000d8780000)
  object space 81920K, 19% used [0x0000000089600000,0x000000008a5a8c60,0x000000008e600000)
 Metaspace       used 26806K, capacity 27168K, committed 27648K, reserved 1073152K
  class space    used 2939K, capacity 3062K, committed 3072K, reserved 1048576K
Event: 657.451 GC heap after
Heap after GC invocations=13 (full 2):
 PSYoungGen      total 62464K, used 4454K [0x00000000d8780000, 0x00000000df680000, 0x0000000100000000)
  eden space 53760K, 0% used [0x00000000d8780000,0x00000000d8780000,0x00000000dbc00000)
  from space 8704K, 51% used [0x00000000de580000,0x00000000de9d98c8,0x00000000dee00000)
  to   space 8192K, 0% used [0x00000000dee80000,0x00000000dee80000,0x00000000df680000)
 ParOldGen       total 81920K, used 16247K [0x0000000089600000, 0x000000008e600000, 0x00000000d8780000)
  object space 81920K, 19% used [0x0000000089600000,0x000000008a5dde80,0x000000008e600000)
 Metaspace       used 26806K, capacity 27168K, committed 27648K, reserved 1073152K
  class space    used 2939K, capacity 3062K, committed 3072K, reserved 1048576K
}
Event: 662.556 GC heap before
{Heap before GC invocations=14 (full 2):
 PSYoungGen      total 62464K, used 58214K [0x00000000d8780000, 0x00000000df680000, 0x0000000100000000)
  eden space 53760K, 100% used [0x00000000d8780000,0x00000000dbc00000,0x00000000dbc00000)
  from space 8704K, 51% used [0x00000000de580000,0x00000000de9d98c8,0x00000000dee00000)
  to   space 8192K, 0% used [0x00000000dee80000,0x00000000dee80000,0x00000000df680000)
 ParOldGen       total 81920K, used 16247K [0x0000000089600000, 0x000000008e600000, 0x00000000d8780000)
  object space 81920K, 19% used [0x0000000089600000,0x000000008a5dde80,0x000000008e600000)
 Metaspace       used 26886K, capacity 27232K, committed 27648K, reserved 1073152K
  class space    used 2946K, capacity 3062K, committed 3072K, reserved 1048576K
Event: 662.567 GC heap after
Heap after GC invocations=14 (full 2):
 PSYoungGen      total 56832K, used 4523K [0x00000000d8780000, 0x00000000df300000, 0x0000000100000000)
  eden space 52224K, 0% used [0x00000000d8780000,0x00000000d8780000,0x00000000dba80000)
  from space 4608K, 98% used [0x00000000dee80000,0x00000000df2eacb0,0x00000000df300000)
  to   space 7680K, 0% used [0x00000000de400000,0x00000000de400000,0x00000000deb80000)
 ParOldGen       total 81920K, used 16303K [0x0000000089600000, 0x000000008e600000, 0x00000000d8780000)
  object space 81920K, 19% used [0x0000000089600000,0x000000008a5ebe80,0x000000008e600000)
 Metaspace       used 26886K, capacity 27232K, committed 27648K, reserved 1073152K
  class space    used 2946K, capacity 3062K, committed 3072K, reserved 1048576K
}
Event: 663.054 GC heap before
{Heap before GC invocations=15 (full 2):
 PSYoungGen      total 56832K, used 56747K [0x00000000d8780000, 0x00000000df300000, 0x0000000100000000)
  eden space 52224K, 100% used [0x00000000d8780000,0x00000000dba80000,0x00000000dba80000)
  from space 4608K, 98% used [0x00000000dee80000,0x00000000df2eacb0,0x00000000df300000)
  to   space 7680K, 0% used [0x00000000de400000,0x00000000de400000,0x00000000deb80000)
 ParOldGen       total 81920K, used 16303K [0x0000000089600000, 0x000000008e600000, 0x00000000d8780000)
  object space 81920K, 19% used [0x0000000089600000,0x000000008a5ebe80,0x000000008e600000)
 Metaspace       used 26905K, capacity 27296K, committed 27648K, reserved 1073152K
  class space    used 2948K, capacity 3062K, committed 3072K, reserved 1048576K
Event: 663.066 GC heap after
Heap after GC invocations=15 (full 2):
 PSYoungGen      total 51200K, used 128K [0x00000000d8780000, 0x00000000def00000, 0x0000000100000000)
  eden space 50688K, 0% used [0x00000000d8780000,0x00000000d8780000,0x00000000db900000)
  from space 512K, 25% used [0x00000000de400000,0x00000000de420000,0x00000000de480000)
  to   space 8192K, 0% used [0x00000000de700000,0x00000000de700000,0x00000000def00000)
 ParOldGen       total 81920K, used 20689K [0x0000000089600000, 0x000000008e600000, 0x00000000d8780000)
  object space 81920K, 25% used [0x0000000089600000,0x000000008aa347d8,0x000000008e600000)
 Metaspace       used 26905K, capacity 27296K, committed 27648K, reserved 1073152K
  class space    used 2948K, capacity 3062K, committed 3072K, reserved 1048576K
}
Event: 663.517 GC heap before
{Heap before GC invocations=16 (full 2):
 PSYoungGen      total 51200K, used 50816K [0x00000000d8780000, 0x00000000def00000, 0x0000000100000000)
  eden space 50688K, 100% used [0x00000000d8780000,0x00000000db900000,0x00000000db900000)
  from space 512K, 25% used [0x00000000de400000,0x00000000de420000,0x00000000de480000)
  to   space 8192K, 0% used [0x00000000de700000,0x00000000de700000,0x00000000def00000)
 ParOldGen       total 81920K, used 20689K [0x0000000089600000, 0x000000008e600000, 0x00000000d8780000)
  object space 81920K, 25% used [0x0000000089600000,0x000000008aa347d8,0x000000008e600000)
 Metaspace       used 26909K, capacity 27296K, committed 27648K, reserved 1073152K
  class space    used 2948K, capacity 3062K, committed 3072K, reserved 1048576K
Event: 663.520 GC heap after
Heap after GC invocations=16 (full 2):
 PSYoungGen      total 49664K, used 32K [0x00000000d8780000, 0x00000000de780000, 0x0000000100000000)
  eden space 49152K, 0% used [0x00000000d8780000,0x00000000d8780000,0x00000000db780000)
  from space 512K, 6% used [0x00000000de700000,0x00000000de708000,0x00000000de780000)
  to   space 8704K, 0% used [0x00000000dd680000,0x00000000dd680000,0x00000000ddf00000)
 ParOldGen       total 81920K, used 20697K [0x0000000089600000, 0x000000008e600000, 0x00000000d8780000)
  object space 81920K, 25% used [0x0000000089600000,0x000000008aa367d8,0x000000008e600000)
 Metaspace       used 26909K, capacity 27296K, committed 27648K, reserved 1073152K
  class space    used 2948K, capacity 3062K, committed 3072K, reserved 1048576K
}
Event: 663.855 GC heap before
{Heap before GC invocations=17 (full 2):
 PSYoungGen      total 49664K, used 49184K [0x00000000d8780000, 0x00000000de780000, 0x0000000100000000)
  eden space 49152K, 100% used [0x00000000d8780000,0x00000000db780000,0x00000000db780000)
  from space 512K, 6% used [0x00000000de700000,0x00000000de708000,0x00000000de780000)
  to   space 8704K, 0% used [0x00000000dd680000,0x00000000dd680000,0x00000000ddf00000)
 ParOldGen       total 81920K, used 20697K [0x0000000089600000, 0x000000008e600000, 0x00000000d8780000)
  object space 81920K, 25% used [0x0000000089600000,0x000000008aa367d8,0x000000008e600000)
 Metaspace       used 26913K, capacity 27296K, committed 27648K, reserved 1073152K
  class space    used 2948K, capacity 3062K, committed 3072K, reserved 1048576K
Event: 663.858 GC heap after
Heap after GC invocations=17 (full 2):
 PSYoungGen      total 56832K, used 32K [0x00000000d8780000, 0x00000000de780000, 0x0000000100000000)
  eden space 48128K, 0% used [0x00000000d8780000,0x00000000d8780000,0x00000000db680000)
  from space 8704K, 0% used [0x00000000dd680000,0x00000000dd688000,0x00000000ddf00000)
  to   space 8704K, 0% used [0x00000000ddf00000,0x00000000ddf00000,0x00000000de780000)
 ParOldGen       total 81920K, used 20721K [0x0000000089600000, 0x000000008e600000, 0x00000000d8780000)
  object space 81920K, 25% used [0x0000000089600000,0x000000008aa3c7d8,0x000000008e600000)
 Metaspace       used 26913K, capacity 27296K, committed 27648K, reserved 1073152K
  class space    used 2948K, capacity 3062K, committed 3072K, reserved 1048576K
}
Event: 667.789 GC heap before
{Heap before GC invocations=18 (full 2):
 PSYoungGen      total 56832K, used 48160K [0x00000000d8780000, 0x00000000de780000, 0x0000000100000000)
  eden space 48128K, 100% used [0x00000000d8780000,0x00000000db680000,0x00000000db680000)
  from space 8704K, 0% used [0x00000000dd680000,0x00000000dd688000,0x00000000ddf00000)
  to   space 8704K, 0% used [0x00000000ddf00000,0x00000000ddf00000,0x00000000de780000)
 ParOldGen       total 81920K, used 20721K [0x0000000089600000, 0x000000008e600000, 0x00000000d8780000)
  object space 81920K, 25% used [0x0000000089600000,0x000000008aa3c7d8,0x000000008e600000)
 Metaspace       used 26928K, capacity 27296K, committed 27648K, reserved 1073152K
  class space    used 2949K, capacity 3062K, committed 3072K, reserved 1048576K
Event: 667.792 GC heap after
Heap after GC invocations=18 (full 2):
 PSYoungGen      total 47616K, used 160K [0x00000000d8780000, 0x00000000ddf80000, 0x0000000100000000)
  eden space 47104K, 0% used [0x00000000d8780000,0x00000000d8780000,0x00000000db580000)
  from space 512K, 31% used [0x00000000ddf00000,0x00000000ddf28000,0x00000000ddf80000)
  to   space 8704K, 0% used [0x00000000dce80000,0x00000000dce80000,0x00000000dd700000)
 ParOldGen       total 81920K, used 20729K [0x0000000089600000, 0x000000008e600000, 0x00000000d8780000)
  object space 81920K, 25% used [0x0000000089600000,0x000000008aa3e7d8,0x000000008e600000)
 Metaspace       used 26928K, capacity 27296K, committed 27648K, reserved 1073152K
  class space    used 2949K, capacity 3062K, committed 3072K, reserved 1048576K
}
Event: 669.324 GC heap before
{Heap before GC invocations=19 (full 2):
 PSYoungGen      total 47616K, used 47264K [0x00000000d8780000, 0x00000000ddf80000, 0x0000000100000000)
  eden space 47104K, 100% used [0x00000000d8780000,0x00000000db580000,0x00000000db580000)
  from space 512K, 31% used [0x00000000ddf00000,0x00000000ddf28000,0x00000000ddf80000)
  to   space 8704K, 0% used [0x00000000dce80000,0x00000000dce80000,0x00000000dd700000)
 ParOldGen       total 81920K, used 20729K [0x0000000089600000, 0x000000008e600000, 0x00000000d8780000)
  object space 81920K, 25% used [0x0000000089600000,0x000000008aa3e7d8,0x000000008e600000)
 Metaspace       used 26931K, capacity 27296K, committed 27648K, reserved 1073152K
  class space    used 2949K, capacity 3062K, committed 3072K, reserved 1048576K
Event: 669.328 GC heap after
Heap after GC invocations=19 (full 2):
 PSYoungGen      total 54784K, used 128K [0x00000000d8780000, 0x00000000ddf80000, 0x0000000100000000)
  eden space 46080K, 0% used [0x00000000d8780000,0x00000000d8780000,0x00000000db480000)
  from space 8704K, 1% used [0x00000000dce80000,0x00000000dcea0000,0x00000000dd700000)
  to   space 8704K, 0% used [0x00000000dd700000,0x00000000dd700000,0x00000000ddf80000)
 ParOldGen       total 81920K, used 20777K [0x0000000089600000, 0x000000008e600000, 0x00000000d8780000)
  object space 81920K, 25% used [0x0000000089600000,0x000000008aa4a7d8,0x000000008e600000)
 Metaspace       used 26931K, capacity 27296K, committed 27648K, reserved 1073152K
  class space    used 2949K, capacity 3062K, committed 3072K, reserved 1048576K
}
Event: 669.591 GC heap before
{Heap before GC invocations=20 (full 2):
 PSYoungGen      total 54784K, used 46208K [0x00000000d8780000, 0x00000000ddf80000, 0x0000000100000000)
  eden space 46080K, 100% used [0x00000000d8780000,0x00000000db480000,0x00000000db480000)
  from space 8704K, 1% used [0x00000000dce80000,0x00000000dcea0000,0x00000000dd700000)
  to   space 8704K, 0% used [0x00000000dd700000,0x00000000dd700000,0x00000000ddf80000)
 ParOldGen       total 81920K, used 20777K [0x0000000089600000, 0x000000008e600000, 0x00000000d8780000)
  object space 81920K, 25% used [0x0000000089600000,0x000000008aa4a7d8,0x000000008e600000)
 Metaspace       used 26935K, capacity 27296K, committed 27648K, reserved 1073152K
  class space    used 2949K, capacity 3062K, committed 3072K, reserved 1048576K
Event: 669.594 GC heap after
Heap after GC invocations=20 (full 2):
 PSYoungGen      total 45568K, used 96K [0x00000000d8780000, 0x00000000dd780000, 0x0000000100000000)
  eden space 45056K, 0% used [0x00000000d8780000,0x00000000d8780000,0x00000000db380000)
  from space 512K, 18% used [0x00000000dd700000,0x00000000dd718000,0x00000000dd780000)
  to   space 8192K, 0% used [0x00000000dc780000,0x00000000dc780000,0x00000000dcf80000)
 ParOldGen       total 81920K, used 20809K [0x0000000089600000, 0x000000008e600000, 0x00000000d8780000)
  object space 81920K, 25% used [0x0000000089600000,0x000000008aa527d8,0x000000008e600000)
 Metaspace       used 26935K, capacity 27296K, committed 27648K, reserved 1073152K
  class space    used 2949K, capacity 3062K, committed 3072K, reserved 1048576K
}
Event: 669.979 GC heap before
{Heap before GC invocations=21 (full 2):
 PSYoungGen      total 45568K, used 45152K [0x00000000d8780000, 0x00000000dd780000, 0x0000000100000000)
  eden space 45056K, 100% used [0x00000000d8780000,0x00000000db380000,0x00000000db380000)
  from space 512K, 18% used [0x00000000dd700000,0x00000000dd718000,0x00000000dd780000)
  to   space 8192K, 0% used [0x00000000dc780000,0x00000000dc780000,0x00000000dcf80000)
 ParOldGen       total 81920K, used 20809K [0x0000000089600000, 0x000000008e600000, 0x00000000d8780000)
  object space 81920K, 25% used [0x0000000089600000,0x000000008aa527d8,0x000000008e600000)
 Metaspace       used 26935K, capacity 27296K, committed 27648K, reserved 1073152K
  class space    used 2949K, capacity 3062K, committed 3072K, reserved 1048576K
Event: 669.981 GC heap after
Heap after GC invocations=21 (full 2):
 PSYoungGen      total 52224K, used 64K [0x00000000d8780000, 0x00000000dd780000, 0x0000000100000000)
  eden space 44032K, 0% used [0x00000000d8780000,0x00000000d8780000,0x00000000db280000)
  from space 8192K, 0% used [0x00000000dc780000,0x00000000dc790000,0x00000000dcf80000)
  to   space 8192K, 0% used [0x00000000dcf80000,0x00000000dcf80000,0x00000000dd780000)
 ParOldGen       total 81920K, used 20809K [0x0000000089600000, 0x000000008e600000, 0x00000000d8780000)
  object space 81920K, 25% used [0x0000000089600000,0x000000008aa527d8,0x000000008e600000)
 Metaspace       used 26935K, capacity 27296K, committed 27648K, reserved 1073152K
  class space    used 2949K, capacity 3062K, committed 3072K, reserved 1048576K
}
Event: 670.140 GC heap before
{Heap before GC invocations=22 (full 2):
 PSYoungGen      total 52224K, used 44096K [0x00000000d8780000, 0x00000000dd780000, 0x0000000100000000)
  eden space 44032K, 100% used [0x00000000d8780000,0x00000000db280000,0x00000000db280000)
  from space 8192K, 0% used [0x00000000dc780000,0x00000000dc790000,0x00000000dcf80000)
  to   space 8192K, 0% used [0x00000000dcf80000,0x00000000dcf80000,0x00000000dd780000)
 ParOldGen       total 81920K, used 20809K [0x0000000089600000, 0x000000008e600000, 0x00000000d8780000)
  object space 81920K, 25% used [0x0000000089600000,0x000000008aa527d8,0x000000008e600000)
 Metaspace       used 26945K, capacity 27296K, committed 27648K, reserved 1073152K
  class space    used 2949K, capacity 3062K, committed 3072K, reserved 1048576K
Event: 670.142 GC heap after
Heap after GC invocations=22 (full 2):
 PSYoungGen      total 43520K, used 32K [0x00000000d8780000, 0x00000000dd000000, 0x0000000100000000)
  eden space 43008K, 0% used [0x00000000d8780000,0x00000000d8780000,0x00000000db180000)
  from space 512K, 6% used [0x00000000dcf80000,0x00000000dcf88000,0x00000000dd000000)
  to   space 8192K, 0% used [0x00000000dc000000,0x00000000dc000000,0x00000000dc800000)
 ParOldGen       total 81920K, used 20817K [0x0000000089600000, 0x000000008e600000, 0x00000000d8780000)
  object space 81920K, 25% used [0x0000000089600000,0x000000008aa547d8,0x000000008e600000)
 Metaspace       used 26945K, capacity 27296K, committed 27648K, reserved 1073152K
  class space    used 2949K, capacity 3062K, committed 3072K, reserved 1048576K
}
Event: 670.276 GC heap before
{Heap before GC invocations=23 (full 2):
 PSYoungGen      total 43520K, used 43040K [0x00000000d8780000, 0x00000000dd000000, 0x0000000100000000)
  eden space 43008K, 100% used [0x00000000d8780000,0x00000000db180000,0x00000000db180000)
  from space 512K, 6% used [0x00000000dcf80000,0x00000000dcf88000,0x00000000dd000000)
  to   space 8192K, 0% used [0x00000000dc000000,0x00000000dc000000,0x00000000dc800000)
 ParOldGen       total 81920K, used 20817K [0x0000000089600000, 0x000000008e600000, 0x00000000d8780000)
  object space 81920K, 25% used [0x0000000089600000,0x000000008aa547d8,0x000000008e600000)
 Metaspace       used 26945K, capacity 27296K, committed 27648K, reserved 1073152K
  class space    used 2949K, capacity 3062K, committed 3072K, reserved 1048576K
Event: 670.280 GC heap after
Heap after GC invocations=23 (full 2):
 PSYoungGen      total 66048K, used 96K [0x00000000d8780000, 0x00000000dd180000, 0x0000000100000000)
  eden space 57856K, 0% used [0x00000000d8780000,0x00000000d8780000,0x00000000dc000000)
  from space 8192K, 1% used [0x00000000dc000000,0x00000000dc018000,0x00000000dc800000)
  to   space 7680K, 0% used [0x00000000dca00000,0x00000000dca00000,0x00000000dd180000)
 ParOldGen       total 81920K, used 20817K [0x0000000089600000, 0x000000008e600000, 0x00000000d8780000)
  object space 81920K, 25% used [0x0000000089600000,0x000000008aa547d8,0x000000008e600000)
 Metaspace       used 26945K, capacity 27296K, committed 27648K, reserved 1073152K
  class space    used 2949K, capacity 3062K, committed 3072K, reserved 1048576K
}
Event: 670.445 GC heap before
{Heap before GC invocations=24 (full 2):
 PSYoungGen      total 66048K, used 57952K [0x00000000d8780000, 0x00000000dd180000, 0x0000000100000000)
  eden space 57856K, 100% used [0x00000000d8780000,0x00000000dc000000,0x00000000dc000000)
  from space 8192K, 1% used [0x00000000dc000000,0x00000000dc018000,0x00000000dc800000)
  to   space 7680K, 0% used [0x00000000dca00000,0x00000000dca00000,0x00000000dd180000)
 ParOldGen       total 81920K, used 20817K [0x0000000089600000, 0x000000008e600000, 0x00000000d8780000)
  object space 81920K, 25% used [0x0000000089600000,0x000000008aa547d8,0x000000008e600000)
 Metaspace       used 26946K, capacity 27296K, committed 27648K, reserved 1073152K
  class space    used 2949K, capacity 3062K, committed 3072K, reserved 1048576K
Event: 670.448 GC heap after
Heap after GC invocations=24 (full 2):
 PSYoungGen      total 68096K, used 64K [0x00000000d8780000, 0x00000000de600000, 0x0000000100000000)
  eden space 60416K, 0% used [0x00000000d8780000,0x00000000d8780000,0x00000000dc280000)
  from space 7680K, 0% used [0x00000000dca00000,0x00000000dca10000,0x00000000dd180000)
  to   space 7680K, 0% used [0x00000000dc280000,0x00000000dc280000,0x00000000dca00000)
 ParOldGen       total 81920K, used 20817K [0x0000000089600000, 0x000000008e600000, 0x00000000d8780000)
  object space 81920K, 25% used [0x0000000089600000,0x000000008aa547d8,0x000000008e600000)
 Metaspace       used 26946K, capacity 27296K, committed 27648K, reserved 1073152K
  class space    used 2949K, capacity 3062K, committed 3072K, reserved 1048576K
}
Event: 670.629 GC heap before
{Heap before GC invocations=25 (full 2):
 PSYoungGen      total 68096K, used 60480K [0x00000000d8780000, 0x00000000de600000, 0x0000000100000000)
  eden space 60416K, 100% used [0x00000000d8780000,0x00000000dc280000,0x00000000dc280000)
  from space 7680K, 0% used [0x00000000dca00000,0x00000000dca10000,0x00000000dd180000)
  to   space 7680K, 0% used [0x00000000dc280000,0x00000000dc280000,0x00000000dca00000)
 ParOldGen       total 81920K, used 20817K [0x0000000089600000, 0x000000008e600000, 0x00000000d8780000)
  object space 81920K, 25% used [0x0000000089600000,0x000000008aa547d8,0x000000008e600000)
 Metaspace       used 26948K, capacity 27296K, committed 27648K, reserved 1073152K
  class space    used 2949K, capacity 3062K, committed 3072K, reserved 1048576K
Event: 670.632 GC heap after
Heap after GC invocations=25 (full 2):
 PSYoungGen      total 68096K, used 64K [0x00000000d8780000, 0x00000000de880000, 0x0000000100000000)
  eden space 60416K, 0% used [0x00000000d8780000,0x00000000d8780000,0x00000000dc280000)
  from space 7680K, 0% used [0x00000000dc280000,0x00000000dc290000,0x00000000dca00000)
  to   space 7168K, 0% used [0x00000000de180000,0x00000000de180000,0x00000000de880000)
 ParOldGen       total 81920K, used 20817K [0x0000000089600000, 0x000000008e600000, 0x00000000d8780000)
  object space 81920K, 25% used [0x0000000089600000,0x000000008aa547d8,0x000000008e600000)
 Metaspace       used 26948K, capacity 27296K, committed 27648K, reserved 1073152K
  class space    used 2949K, capacity 3062K, committed 3072K, reserved 1048576K
}
Event: 670.860 GC heap before
{Heap before GC invocations=26 (full 2):
 PSYoungGen      total 68096K, used 60480K [0x00000000d8780000, 0x00000000de880000, 0x0000000100000000)
  eden space 60416K, 100% used [0x00000000d8780000,0x00000000dc280000,0x00000000dc280000)
  from space 7680K, 0% used [0x00000000dc280000,0x00000000dc290000,0x00000000dca00000)
  to   space 7168K, 0% used [0x00000000de180000,0x00000000de180000,0x00000000de880000)
 ParOldGen       total 81920K, used 20817K [0x0000000089600000, 0x000000008e600000, 0x00000000d8780000)
  object space 81920K, 25% used [0x0000000089600000,0x000000008aa547d8,0x000000008e600000)
 Metaspace       used 26948K, capacity 27296K, committed 27648K, reserved 1073152K
  class space    used 2949K, capacity 3062K, committed 3072K, reserved 1048576K
Event: 670.863 GC heap after
Heap after GC invocations=26 (full 2):
 PSYoungGen      total 91136K, used 32K [0x00000000d8780000, 0x00000000de780000, 0x0000000100000000)
  eden space 84992K, 0% used [0x00000000d8780000,0x00000000d8780000,0x00000000dda80000)
  from space 6144K, 0% used [0x00000000de180000,0x00000000de188000,0x00000000de780000)
  to   space 6656K, 0% used [0x00000000dda80000,0x00000000dda80000,0x00000000de100000)
 ParOldGen       total 81920K, used 20817K [0x0000000089600000, 0x000000008e600000, 0x00000000d8780000)
  object space 81920K, 25% used [0x0000000089600000,0x000000008aa547d8,0x000000008e600000)
 Metaspace       used 26948K, capacity 27296K, committed 27648K, reserved 1073152K
  class space    used 2949K, capacity 3062K, committed 3072K, reserved 1048576K
}
Event: 672.111 GC heap before
{Heap before GC invocations=27 (full 2):
 PSYoungGen      total 91136K, used 85024K [0x00000000d8780000, 0x00000000de780000, 0x0000000100000000)
  eden space 84992K, 100% used [0x00000000d8780000,0x00000000dda80000,0x00000000dda80000)
  from space 6144K, 0% used [0x00000000de180000,0x00000000de188000,0x00000000de780000)
  to   space 6656K, 0% used [0x00000000dda80000,0x00000000dda80000,0x00000000de100000)
 ParOldGen       total 81920K, used 20817K [0x0000000089600000, 0x000000008e600000, 0x00000000d8780000)
  object space 81920K, 25% used [0x0000000089600000,0x000000008aa547d8,0x000000008e600000)
 Metaspace       used 26953K, capacity 27296K, committed 27648K, reserved 1073152K
  class space    used 2949K, capacity 3062K, committed 3072K, reserved 1048576K
Event: 672.115 GC heap after
Heap after GC invocations=27 (full 2):
 PSYoungGen      total 91648K, used 128K [0x00000000d8780000, 0x00000000e0900000, 0x0000000100000000)
  eden space 84992K, 0% used [0x00000000d8780000,0x00000000d8780000,0x00000000dda80000)
  from space 6656K, 1% used [0x00000000dda80000,0x00000000ddaa0000,0x00000000de100000)
  to   space 6656K, 0% used [0x00000000e0280000,0x00000000e0280000,0x00000000e0900000)
 ParOldGen       total 81920K, used 20817K [0x0000000089600000, 0x000000008e600000, 0x00000000d8780000)
  object space 81920K, 25% used [0x0000000089600000,0x000000008aa547d8,0x000000008e600000)
 Metaspace       used 26953K, capacity 27296K, committed 27648K, reserved 1073152K
  class space    used 2949K, capacity 3062K, committed 3072K, reserved 1048576K
}

